[0.502s] Invoking command in '/home/tianshu/ROS2Introduction/bot_description/src/bot00_description': PYTHONPATH=/home/tianshu/ROS2Introduction/bot_description/build/bot00_description/prefix_override:/home/tianshu/ROS2Introduction/bot_description/install/bot00_description/lib/python3.10/site-packages:${PYTHONPATH} /usr/bin/python3 setup.py egg_info --egg-base ../../build/bot00_description build --build-base /home/tianshu/ROS2Introduction/bot_description/build/bot00_description/build install --record /home/tianshu/ROS2Introduction/bot_description/build/bot00_description/install.log --single-version-externally-managed
[0.662s] running egg_info
[0.662s] writing ../../build/bot00_description/bot00_description.egg-info/PKG-INFO
[0.663s] writing dependency_links to ../../build/bot00_description/bot00_description.egg-info/dependency_links.txt
[0.663s] writing entry points to ../../build/bot00_description/bot00_description.egg-info/entry_points.txt
[0.663s] writing requirements to ../../build/bot00_description/bot00_description.egg-info/requires.txt
[0.663s] writing top-level names to ../../build/bot00_description/bot00_description.egg-info/top_level.txt
[0.665s] reading manifest file '../../build/bot00_description/bot00_description.egg-info/SOURCES.txt'
[0.665s] writing manifest file '../../build/bot00_description/bot00_description.egg-info/SOURCES.txt'
[0.665s] running build
[0.665s] running build_py
[0.666s] running install
[0.666s] running install_lib
[0.666s] running install_data
[0.667s] copying launch/gazebo.launch.py -> /home/tianshu/ROS2Introduction/bot_description/install/bot00_description/share/bot00_description/launch
[0.667s] creating /home/tianshu/ROS2Introduction/bot_description/install/bot00_description/share/bot00_description/world
[0.667s] copying world/bot_intro.world -> /home/tianshu/ROS2Introduction/bot_description/install/bot00_description/share/bot00_description/world
[0.667s] running install_egg_info
[0.668s] removing '/home/tianshu/ROS2Introduction/bot_description/install/bot00_description/lib/python3.10/site-packages/bot00_description-0.0.0-py3.10.egg-info' (and everything under it)
[0.669s] Copying ../../build/bot00_description/bot00_description.egg-info to /home/tianshu/ROS2Introduction/bot_description/install/bot00_description/lib/python3.10/site-packages/bot00_description-0.0.0-py3.10.egg-info
[0.669s] running install_scripts
[0.683s] Installing rotate_wheel script to /home/tianshu/ROS2Introduction/bot_description/install/bot00_description/lib/bot00_description
[0.684s] writing list of installed files to '/home/tianshu/ROS2Introduction/bot_description/build/bot00_description/install.log'
[0.700s] Invoked command in '/home/tianshu/ROS2Introduction/bot_description/src/bot00_description' returned '0': PYTHONPATH=/home/tianshu/ROS2Introduction/bot_description/build/bot00_description/prefix_override:/home/tianshu/ROS2Introduction/bot_description/install/bot00_description/lib/python3.10/site-packages:${PYTHONPATH} /usr/bin/python3 setup.py egg_info --egg-base ../../build/bot00_description build --build-base /home/tianshu/ROS2Introduction/bot_description/build/bot00_description/build install --record /home/tianshu/ROS2Introduction/bot_description/build/bot00_description/install.log --single-version-externally-managed
