[35m[1mConsolidate compiler generated dependencies of target action_control_01[0m
[35m[1mConsolidate compiler generated dependencies of target action_robot_01[0m
[ 20%] [32mBuilding CXX object CMakeFiles/action_robot_01.dir/src/action_robot_01.cpp.o[0m
[ 40%] [32mBuilding CXX object CMakeFiles/action_control_01.dir/src/action_control_01.cpp.o[0m
[ 60%] [32m[1mLinking CXX executable action_robot_01[0m
[ 80%] Built target action_robot_01
[100%] [32m[1mLinking CXX executable action_control_01[0m
[100%] Built target action_control_01
-- Install configuration: ""
-- Installing: /home/tianshu/ROS2Introduction/action_intro_ws/install/example_action_rclcpp/lib/example_action_rclcpp/action_robot_01
-- Set runtime path of "/home/tianshu/ROS2Introduction/action_intro_ws/install/example_action_rclcpp/lib/example_action_rclcpp/action_robot_01" to ""
-- Installing: /home/tianshu/ROS2Introduction/action_intro_ws/install/example_action_rclcpp/share/ament_index/resource_index/package_run_dependencies/example_action_rclcpp
-- Installing: /home/tianshu/ROS2Introduction/action_intro_ws/install/example_action_rclcpp/share/ament_index/resource_index/parent_prefix_path/example_action_rclcpp
-- Installing: /home/tianshu/ROS2Introduction/action_intro_ws/install/example_action_rclcpp/share/example_action_rclcpp/environment/ament_prefix_path.sh
-- Installing: /home/tianshu/ROS2Introduction/action_intro_ws/install/example_action_rclcpp/share/example_action_rclcpp/environment/ament_prefix_path.dsv
-- Installing: /home/tianshu/ROS2Introduction/action_intro_ws/install/example_action_rclcpp/share/example_action_rclcpp/environment/path.sh
-- Installing: /home/tianshu/ROS2Introduction/action_intro_ws/install/example_action_rclcpp/share/example_action_rclcpp/environment/path.dsv
-- Installing: /home/tianshu/ROS2Introduction/action_intro_ws/install/example_action_rclcpp/share/example_action_rclcpp/local_setup.bash
-- Installing: /home/tianshu/ROS2Introduction/action_intro_ws/install/example_action_rclcpp/share/example_action_rclcpp/local_setup.sh
-- Installing: /home/tianshu/ROS2Introduction/action_intro_ws/install/example_action_rclcpp/share/example_action_rclcpp/local_setup.zsh
-- Installing: /home/tianshu/ROS2Introduction/action_intro_ws/install/example_action_rclcpp/share/example_action_rclcpp/local_setup.dsv
-- Installing: /home/tianshu/ROS2Introduction/action_intro_ws/install/example_action_rclcpp/share/example_action_rclcpp/package.dsv
-- Installing: /home/tianshu/ROS2Introduction/action_intro_ws/install/example_action_rclcpp/share/ament_index/resource_index/packages/example_action_rclcpp
-- Installing: /home/tianshu/ROS2Introduction/action_intro_ws/install/example_action_rclcpp/share/example_action_rclcpp/cmake/example_action_rclcppConfig.cmake
-- Installing: /home/tianshu/ROS2Introduction/action_intro_ws/install/example_action_rclcpp/share/example_action_rclcpp/cmake/example_action_rclcppConfig-version.cmake
-- Installing: /home/tianshu/ROS2Introduction/action_intro_ws/install/example_action_rclcpp/share/example_action_rclcpp/package.xml
