-- Install configuration: ""
-- Up-to-date: /home/tianshu/ROS2Introduction/bot_description/install/bot_navigation2/share/ament_index/resource_index/package_run_dependencies/bot_navigation2
-- Up-to-date: /home/tianshu/ROS2Introduction/bot_description/install/bot_navigation2/share/ament_index/resource_index/parent_prefix_path/bot_navigation2
-- Up-to-date: /home/tianshu/ROS2Introduction/bot_description/install/bot_navigation2/share/bot_navigation2/environment/ament_prefix_path.sh
-- Up-to-date: /home/tianshu/ROS2Introduction/bot_description/install/bot_navigation2/share/bot_navigation2/environment/ament_prefix_path.dsv
-- Up-to-date: /home/tianshu/ROS2Introduction/bot_description/install/bot_navigation2/share/bot_navigation2/environment/path.sh
-- Up-to-date: /home/tianshu/ROS2Introduction/bot_description/install/bot_navigation2/share/bot_navigation2/environment/path.dsv
-- Up-to-date: /home/tianshu/ROS2Introduction/bot_description/install/bot_navigation2/share/bot_navigation2/local_setup.bash
-- Up-to-date: /home/tianshu/ROS2Introduction/bot_description/install/bot_navigation2/share/bot_navigation2/local_setup.sh
-- Up-to-date: /home/tianshu/ROS2Introduction/bot_description/install/bot_navigation2/share/bot_navigation2/local_setup.zsh
-- Up-to-date: /home/tianshu/ROS2Introduction/bot_description/install/bot_navigation2/share/bot_navigation2/local_setup.dsv
-- Up-to-date: /home/tianshu/ROS2Introduction/bot_description/install/bot_navigation2/share/bot_navigation2/package.dsv
-- Up-to-date: /home/tianshu/ROS2Introduction/bot_description/install/bot_navigation2/share/ament_index/resource_index/packages/bot_navigation2
-- Up-to-date: /home/tianshu/ROS2Introduction/bot_description/install/bot_navigation2/share/bot_navigation2/cmake/bot_navigation2Config.cmake
-- Up-to-date: /home/tianshu/ROS2Introduction/bot_description/install/bot_navigation2/share/bot_navigation2/cmake/bot_navigation2Config-version.cmake
-- Up-to-date: /home/tianshu/ROS2Introduction/bot_description/install/bot_navigation2/share/bot_navigation2/package.xml
-- Up-to-date: /home/tianshu/ROS2Introduction/bot_description/install/bot_navigation2/share/bot_navigation2/launch
-- Up-to-date: /home/tianshu/ROS2Introduction/bot_description/install/bot_navigation2/share/bot_navigation2/launch/nav2.launch.py
-- Up-to-date: /home/tianshu/ROS2Introduction/bot_description/install/bot_navigation2/share/bot_navigation2/param
-- Up-to-date: /home/tianshu/ROS2Introduction/bot_description/install/bot_navigation2/share/bot_navigation2/param/bot_nav2.yaml
-- Up-to-date: /home/tianshu/ROS2Introduction/bot_description/install/bot_navigation2/share/bot_navigation2/maps
-- Up-to-date: /home/tianshu/ROS2Introduction/bot_description/install/bot_navigation2/share/bot_navigation2/maps/bot_map.yaml
-- Up-to-date: /home/tianshu/ROS2Introduction/bot_description/install/bot_navigation2/share/bot_navigation2/maps/bot_map.pgm
