[0.059s] Invoking command in '/home/tianshu/ROS2Introduction/action_intro_ws/build/example_action_rclcpp': AMENT_PREFIX_PATH=/home/tianshu/ROS2Introduction/action_intro_ws/install/robot_control_interface:${AMENT_PREFIX_PATH} CMAKE_PREFIX_PATH=/home/tianshu/ROS2Introduction/action_intro_ws/install/robot_control_interface:/opt/ros/humble CONDA_PROMPT_MODIFIER=(base) LD_LIBRARY_PATH=/home/tianshu/ROS2Introduction/action_intro_ws/install/robot_control_interface/lib:/usr/lib/wsl/lib:/opt/ros/humble/opt/rviz_ogre_vendor/lib:/opt/ros/humble/lib/x86_64-linux-gnu:/opt/ros/humble/lib:/usr/lib/wsl/lib PYTHONPATH=/home/tianshu/ROS2Introduction/action_intro_ws/install/robot_control_interface/local/lib/python3.10/dist-packages:${PYTHONPATH} WSLENV=ELECTRON_RUN_AS_NODE/w:WT_SESSION::WT_PROFILE_ID /usr/bin/cmake --build /home/tianshu/ROS2Introduction/action_intro_ws/build/example_action_rclcpp -- -j20 -l20
[0.153s] [ 20%] [32mBuilding CXX object CMakeFiles/action_control_01.dir/src/action_control_01.cpp.o[0m
[0.153s] [ 40%] [32mBuilding CXX object CMakeFiles/action_robot_01.dir/src/action_robot_01.cpp.o[0m
[3.646s] [ 60%] [32m[1mLinking CXX executable action_robot_01[0m
[3.868s] [ 80%] Built target action_robot_01
[3.891s] [100%] [32m[1mLinking CXX executable action_control_01[0m
[4.063s] [100%] Built target action_control_01
[4.075s] Invoked command in '/home/tianshu/ROS2Introduction/action_intro_ws/build/example_action_rclcpp' returned '0': AMENT_PREFIX_PATH=/home/tianshu/ROS2Introduction/action_intro_ws/install/robot_control_interface:${AMENT_PREFIX_PATH} CMAKE_PREFIX_PATH=/home/tianshu/ROS2Introduction/action_intro_ws/install/robot_control_interface:/opt/ros/humble CONDA_PROMPT_MODIFIER=(base) LD_LIBRARY_PATH=/home/tianshu/ROS2Introduction/action_intro_ws/install/robot_control_interface/lib:/usr/lib/wsl/lib:/opt/ros/humble/opt/rviz_ogre_vendor/lib:/opt/ros/humble/lib/x86_64-linux-gnu:/opt/ros/humble/lib:/usr/lib/wsl/lib PYTHONPATH=/home/tianshu/ROS2Introduction/action_intro_ws/install/robot_control_interface/local/lib/python3.10/dist-packages:${PYTHONPATH} WSLENV=ELECTRON_RUN_AS_NODE/w:WT_SESSION::WT_PROFILE_ID /usr/bin/cmake --build /home/tianshu/ROS2Introduction/action_intro_ws/build/example_action_rclcpp -- -j20 -l20
[4.145s] Invoking command in '/home/tianshu/ROS2Introduction/action_intro_ws/build/example_action_rclcpp': AMENT_PREFIX_PATH=/home/tianshu/ROS2Introduction/action_intro_ws/install/robot_control_interface:${AMENT_PREFIX_PATH} CMAKE_PREFIX_PATH=/home/tianshu/ROS2Introduction/action_intro_ws/install/robot_control_interface:/opt/ros/humble CONDA_PROMPT_MODIFIER=(base) LD_LIBRARY_PATH=/home/tianshu/ROS2Introduction/action_intro_ws/install/robot_control_interface/lib:/usr/lib/wsl/lib:/opt/ros/humble/opt/rviz_ogre_vendor/lib:/opt/ros/humble/lib/x86_64-linux-gnu:/opt/ros/humble/lib:/usr/lib/wsl/lib PYTHONPATH=/home/tianshu/ROS2Introduction/action_intro_ws/install/robot_control_interface/local/lib/python3.10/dist-packages:${PYTHONPATH} WSLENV=ELECTRON_RUN_AS_NODE/w:WT_SESSION::WT_PROFILE_ID /usr/bin/cmake --install /home/tianshu/ROS2Introduction/action_intro_ws/build/example_action_rclcpp
[4.156s] -- Install configuration: ""
[4.156s] -- Installing: /home/tianshu/ROS2Introduction/action_intro_ws/install/example_action_rclcpp/lib/example_action_rclcpp/action_robot_01
[4.157s] -- Set runtime path of "/home/tianshu/ROS2Introduction/action_intro_ws/install/example_action_rclcpp/lib/example_action_rclcpp/action_robot_01" to ""
[4.158s] -- Installing: /home/tianshu/ROS2Introduction/action_intro_ws/install/example_action_rclcpp/lib/example_action_rclcpp/action_control_01
[4.159s] -- Set runtime path of "/home/tianshu/ROS2Introduction/action_intro_ws/install/example_action_rclcpp/lib/example_action_rclcpp/action_control_01" to ""
[4.159s] -- Up-to-date: /home/tianshu/ROS2Introduction/action_intro_ws/install/example_action_rclcpp/share/ament_index/resource_index/package_run_dependencies/example_action_rclcpp
[4.159s] -- Up-to-date: /home/tianshu/ROS2Introduction/action_intro_ws/install/example_action_rclcpp/share/ament_index/resource_index/parent_prefix_path/example_action_rclcpp
[4.159s] -- Up-to-date: /home/tianshu/ROS2Introduction/action_intro_ws/install/example_action_rclcpp/share/example_action_rclcpp/environment/ament_prefix_path.sh
[4.159s] -- Up-to-date: /home/tianshu/ROS2Introduction/action_intro_ws/install/example_action_rclcpp/share/example_action_rclcpp/environment/ament_prefix_path.dsv
[4.159s] -- Up-to-date: /home/tianshu/ROS2Introduction/action_intro_ws/install/example_action_rclcpp/share/example_action_rclcpp/environment/path.sh
[4.159s] -- Up-to-date: /home/tianshu/ROS2Introduction/action_intro_ws/install/example_action_rclcpp/share/example_action_rclcpp/environment/path.dsv
[4.159s] -- Up-to-date: /home/tianshu/ROS2Introduction/action_intro_ws/install/example_action_rclcpp/share/example_action_rclcpp/local_setup.bash
[4.159s] -- Up-to-date: /home/tianshu/ROS2Introduction/action_intro_ws/install/example_action_rclcpp/share/example_action_rclcpp/local_setup.sh
[4.160s] -- Up-to-date: /home/tianshu/ROS2Introduction/action_intro_ws/install/example_action_rclcpp/share/example_action_rclcpp/local_setup.zsh
[4.160s] -- Up-to-date: /home/tianshu/ROS2Introduction/action_intro_ws/install/example_action_rclcpp/share/example_action_rclcpp/local_setup.dsv
[4.160s] -- Up-to-date: /home/tianshu/ROS2Introduction/action_intro_ws/install/example_action_rclcpp/share/example_action_rclcpp/package.dsv
[4.160s] -- Up-to-date: /home/tianshu/ROS2Introduction/action_intro_ws/install/example_action_rclcpp/share/ament_index/resource_index/packages/example_action_rclcpp
[4.160s] -- Up-to-date: /home/tianshu/ROS2Introduction/action_intro_ws/install/example_action_rclcpp/share/example_action_rclcpp/cmake/example_action_rclcppConfig.cmake
[4.160s] -- Up-to-date: /home/tianshu/ROS2Introduction/action_intro_ws/install/example_action_rclcpp/share/example_action_rclcpp/cmake/example_action_rclcppConfig-version.cmake
[4.160s] -- Up-to-date: /home/tianshu/ROS2Introduction/action_intro_ws/install/example_action_rclcpp/share/example_action_rclcpp/package.xml
[4.162s] Invoked command in '/home/tianshu/ROS2Introduction/action_intro_ws/build/example_action_rclcpp' returned '0': AMENT_PREFIX_PATH=/home/tianshu/ROS2Introduction/action_intro_ws/install/robot_control_interface:${AMENT_PREFIX_PATH} CMAKE_PREFIX_PATH=/home/tianshu/ROS2Introduction/action_intro_ws/install/robot_control_interface:/opt/ros/humble CONDA_PROMPT_MODIFIER=(base) LD_LIBRARY_PATH=/home/tianshu/ROS2Introduction/action_intro_ws/install/robot_control_interface/lib:/usr/lib/wsl/lib:/opt/ros/humble/opt/rviz_ogre_vendor/lib:/opt/ros/humble/lib/x86_64-linux-gnu:/opt/ros/humble/lib:/usr/lib/wsl/lib PYTHONPATH=/home/tianshu/ROS2Introduction/action_intro_ws/install/robot_control_interface/local/lib/python3.10/dist-packages:${PYTHONPATH} WSLENV=ELECTRON_RUN_AS_NODE/w:WT_SESSION::WT_PROFILE_ID /usr/bin/cmake --install /home/tianshu/ROS2Introduction/action_intro_ws/build/example_action_rclcpp
