[0.017s] Invoking command in '/home/tianshu/ROS2Introduction/interface_intro_ws/build/example_ros2_interfaces': CMAKE_PREFIX_PATH=/opt/ros/humble CONDA_PROMPT_MODIFIER=(base) WSLENV=ELECTRON_RUN_AS_NODE/w:WT_SESSION::WT_PROFILE_ID /usr/bin/cmake /home/tianshu/ROS2Introduction/interface_intro_ws/src/example_ros2_interfaces -DCMAKE_INSTALL_PREFIX=/home/tianshu/ROS2Introduction/interface_intro_ws/install/example_ros2_interfaces
[0.099s] -- The C compiler identification is GNU 11.3.0
[0.306s] -- The CXX compiler identification is GNU 11.3.0
[0.672s] -- Detecting C compiler ABI info
[0.793s] -- Detecting C compiler ABI info - done
[0.797s] -- Check for working C compiler: /usr/bin/cc - skipped
[0.797s] -- Detecting C compile features
[0.798s] -- Detecting C compile features - done
[0.799s] -- Detecting CXX compiler ABI info
[0.932s] -- Detecting CXX compiler ABI info - done
[0.936s] -- Check for working CXX compiler: /usr/bin/c++ - skipped
[0.936s] -- Detecting CXX compile features
[0.936s] -- Detecting CXX compile features - done
[0.937s] -- Found ament_cmake: 1.3.4 (/opt/ros/humble/share/ament_cmake/cmake)
[1.076s] -- Found Python3: /usr/bin/python3.10 (found version "3.10.6") found components: Interpreter 
[1.136s] -- Found rosidl_default_generators: 1.2.0 (/opt/ros/humble/share/rosidl_default_generators/cmake)
[1.138s] -- Using all available rosidl_typesupport_c: rosidl_typesupport_fastrtps_c;rosidl_typesupport_introspection_c
[1.141s] -- Found rosidl_adapter: 3.1.4 (/opt/ros/humble/share/rosidl_adapter/cmake)
[1.226s] -- Using all available rosidl_typesupport_cpp: rosidl_typesupport_fastrtps_cpp;rosidl_typesupport_introspection_cpp
[1.247s] -- Found geometry_msgs: 4.2.3 (/opt/ros/humble/share/geometry_msgs/cmake)
[1.551s] -- Found ament_cmake_ros: 0.10.0 (/opt/ros/humble/share/ament_cmake_ros/cmake)
[1.730s] -- Using all available rosidl_typesupport_c: rosidl_typesupport_fastrtps_c;rosidl_typesupport_introspection_c
[1.949s] -- Using all available rosidl_typesupport_cpp: rosidl_typesupport_fastrtps_cpp;rosidl_typesupport_introspection_cpp
[2.007s] -- Found PythonInterp: /home/tianshu/miniconda3/bin/python3 (found suitable version "3.9.12", minimum required is "3.6") 
[2.007s] -- Found python_cmake_module: 0.10.0 (/opt/ros/humble/share/python_cmake_module/cmake)
[2.020s] -- Found PythonLibs: /home/tianshu/miniconda3/lib/libpython3.9.so (found suitable version "3.9.12", minimum required is "3.5") 
[2.020s] -- Using PYTHON_EXECUTABLE: /home/tianshu/miniconda3/bin/python3
[2.020s] -- Using PYTHON_INCLUDE_DIRS: /home/tianshu/miniconda3/include/python3.9
[2.020s] -- Using PYTHON_LIBRARIES: /home/tianshu/miniconda3/lib/libpython3.9.so
[2.031s] -- Found PythonExtra: .so  
[2.172s] -- Using numpy include directory: /home/tianshu/miniconda3/lib/python3.9/site-packages/numpy/core/include
[2.178s] -- Found ament_lint_auto: 0.12.6 (/opt/ros/humble/share/ament_lint_auto/cmake)
[2.186s] -- Added test 'lint_cmake' to check CMake code style
[2.187s] -- Added test 'xmllint' to check XML markup files
[2.188s] -- Configuring done
[2.213s] -- Generating done
[2.215s] -- Build files have been written to: /home/tianshu/ROS2Introduction/interface_intro_ws/build/example_ros2_interfaces
[2.223s] Invoked command in '/home/tianshu/ROS2Introduction/interface_intro_ws/build/example_ros2_interfaces' returned '0': CMAKE_PREFIX_PATH=/opt/ros/humble CONDA_PROMPT_MODIFIER=(base) WSLENV=ELECTRON_RUN_AS_NODE/w:WT_SESSION::WT_PROFILE_ID /usr/bin/cmake /home/tianshu/ROS2Introduction/interface_intro_ws/src/example_ros2_interfaces -DCMAKE_INSTALL_PREFIX=/home/tianshu/ROS2Introduction/interface_intro_ws/install/example_ros2_interfaces
[2.224s] Invoking command in '/home/tianshu/ROS2Introduction/interface_intro_ws/build/example_ros2_interfaces': CMAKE_PREFIX_PATH=/opt/ros/humble CONDA_PROMPT_MODIFIER=(base) WSLENV=ELECTRON_RUN_AS_NODE/w:WT_SESSION::WT_PROFILE_ID /usr/bin/cmake --build /home/tianshu/ROS2Introduction/interface_intro_ws/build/example_ros2_interfaces -- -j20 -l20
[2.272s] [  2%] [34m[1mGenerating C code for ROS interfaces[0m
[2.285s] [  4%] [34m[1mGenerating C++ code for ROS interfaces[0m
[2.296s] [  4%] Built target ament_cmake_python_copy_example_ros2_interfaces
[2.447s] running egg_info
[2.447s] creating example_ros2_interfaces.egg-info
[2.448s] writing example_ros2_interfaces.egg-info/PKG-INFO
[2.448s] writing dependency_links to example_ros2_interfaces.egg-info/dependency_links.txt
[2.448s] writing top-level names to example_ros2_interfaces.egg-info/top_level.txt
[2.448s] writing manifest file 'example_ros2_interfaces.egg-info/SOURCES.txt'
[2.449s] reading manifest file 'example_ros2_interfaces.egg-info/SOURCES.txt'
[2.450s] writing manifest file 'example_ros2_interfaces.egg-info/SOURCES.txt'
[2.481s] [  4%] Built target ament_cmake_python_build_example_ros2_interfaces_egg
[2.526s] [  4%] Built target example_ros2_interfaces__cpp
[2.534s] [  6%] [32mBuilding C object CMakeFiles/example_ros2_interfaces__rosidl_generator_c.dir/rosidl_generator_c/example_ros2_interfaces/msg/detail/robot_pose__functions.c.o[0m
[2.535s] [  8%] [32mBuilding C object CMakeFiles/example_ros2_interfaces__rosidl_generator_c.dir/rosidl_generator_c/example_ros2_interfaces/msg/detail/robot_status__functions.c.o[0m
[2.537s] [ 10%] [32mBuilding C object CMakeFiles/example_ros2_interfaces__rosidl_generator_c.dir/rosidl_generator_c/example_ros2_interfaces/srv/detail/move_robot__functions.c.o[0m
[2.545s] [ 12%] [34m[1mGenerating C++ introspection for ROS interfaces[0m
[2.545s] [ 14%] [34m[1mGenerating C++ type support dispatch for ROS interfaces[0m
[2.545s] [ 17%] [34m[1mGenerating C++ type support for eProsima Fast-RTPS[0m
[2.589s] [ 19%] [32m[1mLinking C shared library libexample_ros2_interfaces__rosidl_generator_c.so[0m
[2.683s] [ 19%] Built target example_ros2_interfaces__rosidl_generator_c
[2.703s] [ 21%] [34m[1mGenerating C type support for eProsima Fast-RTPS[0m
[2.705s] [ 23%] [34m[1mGenerating C introspection for ROS interfaces[0m
[2.708s] [ 25%] [34m[1mGenerating C type support dispatch for ROS interfaces[0m
[2.773s] [ 27%] [32mBuilding CXX object CMakeFiles/example_ros2_interfaces__rosidl_typesupport_cpp.dir/rosidl_typesupport_cpp/example_ros2_interfaces/srv/move_robot__type_support.cpp.o[0m
[2.775s] [ 29%] [32mBuilding CXX object CMakeFiles/example_ros2_interfaces__rosidl_typesupport_cpp.dir/rosidl_typesupport_cpp/example_ros2_interfaces/msg/robot_pose__type_support.cpp.o[0m
[2.775s] [ 31%] [32mBuilding CXX object CMakeFiles/example_ros2_interfaces__rosidl_typesupport_cpp.dir/rosidl_typesupport_cpp/example_ros2_interfaces/msg/robot_status__type_support.cpp.o[0m
[2.797s] [ 34%] [32mBuilding CXX object CMakeFiles/example_ros2_interfaces__rosidl_typesupport_introspection_cpp.dir/rosidl_typesupport_introspection_cpp/example_ros2_interfaces/srv/detail/move_robot__type_support.cpp.o[0m
[2.798s] [ 36%] [32mBuilding CXX object CMakeFiles/example_ros2_interfaces__rosidl_typesupport_introspection_cpp.dir/rosidl_typesupport_introspection_cpp/example_ros2_interfaces/msg/detail/robot_status__type_support.cpp.o[0m
[2.799s] [ 38%] [32mBuilding CXX object CMakeFiles/example_ros2_interfaces__rosidl_typesupport_introspection_cpp.dir/rosidl_typesupport_introspection_cpp/example_ros2_interfaces/msg/detail/robot_pose__type_support.cpp.o[0m
[2.809s] [ 42%] [32mBuilding CXX object CMakeFiles/example_ros2_interfaces__rosidl_typesupport_fastrtps_cpp.dir/rosidl_typesupport_fastrtps_cpp/example_ros2_interfaces/msg/detail/dds_fastrtps/robot_pose__type_support.cpp.o[0m
[2.809s] [ 42%] [32mBuilding CXX object CMakeFiles/example_ros2_interfaces__rosidl_typesupport_fastrtps_cpp.dir/rosidl_typesupport_fastrtps_cpp/example_ros2_interfaces/srv/detail/dds_fastrtps/move_robot__type_support.cpp.o[0m
[2.811s] [ 44%] [32mBuilding CXX object CMakeFiles/example_ros2_interfaces__rosidl_typesupport_fastrtps_cpp.dir/rosidl_typesupport_fastrtps_cpp/example_ros2_interfaces/msg/detail/dds_fastrtps/robot_status__type_support.cpp.o[0m
[3.029s] [ 46%] [32mBuilding CXX object CMakeFiles/example_ros2_interfaces__rosidl_typesupport_c.dir/rosidl_typesupport_c/example_ros2_interfaces/msg/robot_status__type_support.cpp.o[0m
[3.030s] [ 48%] [32mBuilding CXX object CMakeFiles/example_ros2_interfaces__rosidl_typesupport_c.dir/rosidl_typesupport_c/example_ros2_interfaces/msg/robot_pose__type_support.cpp.o[0m
[3.031s] [ 51%] [32mBuilding CXX object CMakeFiles/example_ros2_interfaces__rosidl_typesupport_c.dir/rosidl_typesupport_c/example_ros2_interfaces/srv/move_robot__type_support.cpp.o[0m
[3.055s] [ 53%] [32mBuilding CXX object CMakeFiles/example_ros2_interfaces__rosidl_typesupport_fastrtps_c.dir/rosidl_typesupport_fastrtps_c/example_ros2_interfaces/srv/detail/move_robot__type_support_c.cpp.o[0m
[3.056s] [ 55%] [32mBuilding CXX object CMakeFiles/example_ros2_interfaces__rosidl_typesupport_fastrtps_c.dir/rosidl_typesupport_fastrtps_c/example_ros2_interfaces/msg/detail/robot_status__type_support_c.cpp.o[0m
[3.057s] [ 57%] [32mBuilding CXX object CMakeFiles/example_ros2_interfaces__rosidl_typesupport_fastrtps_c.dir/rosidl_typesupport_fastrtps_c/example_ros2_interfaces/msg/detail/robot_pose__type_support_c.cpp.o[0m
[3.058s] [ 59%] [32mBuilding C object CMakeFiles/example_ros2_interfaces__rosidl_typesupport_introspection_c.dir/rosidl_typesupport_introspection_c/example_ros2_interfaces/msg/detail/robot_pose__type_support.c.o[0m
[3.058s] [ 61%] [32mBuilding C object CMakeFiles/example_ros2_interfaces__rosidl_typesupport_introspection_c.dir/rosidl_typesupport_introspection_c/example_ros2_interfaces/srv/detail/move_robot__type_support.c.o[0m
[3.061s] [ 63%] [32mBuilding C object CMakeFiles/example_ros2_interfaces__rosidl_typesupport_introspection_c.dir/rosidl_typesupport_introspection_c/example_ros2_interfaces/msg/detail/robot_status__type_support.c.o[0m
[3.073s] [ 65%] [32m[1mLinking CXX shared library libexample_ros2_interfaces__rosidl_typesupport_cpp.so[0m
[3.085s] [ 68%] [32m[1mLinking CXX shared library libexample_ros2_interfaces__rosidl_typesupport_c.so[0m
[3.119s] [ 70%] [32m[1mLinking C shared library libexample_ros2_interfaces__rosidl_typesupport_introspection_c.so[0m
[3.167s] [ 72%] [32m[1mLinking CXX shared library libexample_ros2_interfaces__rosidl_typesupport_introspection_cpp.so[0m
[3.189s] [ 74%] [32m[1mLinking CXX shared library libexample_ros2_interfaces__rosidl_typesupport_fastrtps_cpp.so[0m
[3.198s] [ 74%] Built target example_ros2_interfaces__rosidl_typesupport_cpp
[3.208s] [ 74%] Built target example_ros2_interfaces__rosidl_typesupport_c
[3.211s] [ 74%] Built target example_ros2_interfaces__rosidl_typesupport_introspection_c
[3.269s] [ 74%] Built target example_ros2_interfaces__rosidl_typesupport_introspection_cpp
[3.295s] [ 74%] Built target example_ros2_interfaces__rosidl_typesupport_fastrtps_cpp
[3.302s] [ 76%] [32m[1mLinking CXX shared library libexample_ros2_interfaces__rosidl_typesupport_fastrtps_c.so[0m
[3.380s] [ 76%] Built target example_ros2_interfaces__rosidl_typesupport_fastrtps_c
[3.403s] [ 76%] Built target example_ros2_interfaces
[3.429s] [ 78%] [34m[1mGenerating Python code for ROS interfaces[0m
[3.736s] [ 78%] Built target example_ros2_interfaces__py
[3.762s] [ 80%] [32mBuilding C object CMakeFiles/example_ros2_interfaces__rosidl_generator_py.dir/rosidl_generator_py/example_ros2_interfaces/msg/_robot_pose_s.c.o[0m
[3.763s] [ 82%] [32mBuilding C object CMakeFiles/example_ros2_interfaces__rosidl_generator_py.dir/rosidl_generator_py/example_ros2_interfaces/msg/_robot_status_s.c.o[0m
[3.763s] [ 85%] [32mBuilding C object CMakeFiles/example_ros2_interfaces__rosidl_generator_py.dir/rosidl_generator_py/example_ros2_interfaces/srv/_move_robot_s.c.o[0m
[3.859s] [ 87%] [32m[1mLinking C shared library rosidl_generator_py/example_ros2_interfaces/libexample_ros2_interfaces__rosidl_generator_py.so[0m
[3.924s] [ 87%] Built target example_ros2_interfaces__rosidl_generator_py
[3.967s] [ 89%] [32mBuilding C object CMakeFiles/example_ros2_interfaces__rosidl_typesupport_c__pyext.dir/rosidl_generator_py/example_ros2_interfaces/_example_ros2_interfaces_s.ep.rosidl_typesupport_c.c.o[0m
[3.968s] [ 91%] [32mBuilding C object CMakeFiles/example_ros2_interfaces__rosidl_typesupport_fastrtps_c__pyext.dir/rosidl_generator_py/example_ros2_interfaces/_example_ros2_interfaces_s.ep.rosidl_typesupport_fastrtps_c.c.o[0m
[3.968s] [ 93%] [32mBuilding C object CMakeFiles/example_ros2_interfaces__rosidl_typesupport_introspection_c__pyext.dir/rosidl_generator_py/example_ros2_interfaces/_example_ros2_interfaces_s.ep.rosidl_typesupport_introspection_c.c.o[0m
[4.038s] [ 95%] [32m[1mLinking C shared library rosidl_generator_py/example_ros2_interfaces/example_ros2_interfaces_s__rosidl_typesupport_c.cpython-39-x86_64-linux-gnu.so[0m
[4.038s] [ 97%] [32m[1mLinking C shared library rosidl_generator_py/example_ros2_interfaces/example_ros2_interfaces_s__rosidl_typesupport_introspection_c.cpython-39-x86_64-linux-gnu.so[0m
[4.039s] [100%] [32m[1mLinking C shared library rosidl_generator_py/example_ros2_interfaces/example_ros2_interfaces_s__rosidl_typesupport_fastrtps_c.cpython-39-x86_64-linux-gnu.so[0m
[4.117s] [100%] Built target example_ros2_interfaces__rosidl_typesupport_c__pyext
[4.118s] [100%] Built target example_ros2_interfaces__rosidl_typesupport_introspection_c__pyext
[4.131s] [100%] Built target example_ros2_interfaces__rosidl_typesupport_fastrtps_c__pyext
[4.145s] Invoked command in '/home/tianshu/ROS2Introduction/interface_intro_ws/build/example_ros2_interfaces' returned '0': CMAKE_PREFIX_PATH=/opt/ros/humble CONDA_PROMPT_MODIFIER=(base) WSLENV=ELECTRON_RUN_AS_NODE/w:WT_SESSION::WT_PROFILE_ID /usr/bin/cmake --build /home/tianshu/ROS2Introduction/interface_intro_ws/build/example_ros2_interfaces -- -j20 -l20
[4.384s] Invoking command in '/home/tianshu/ROS2Introduction/interface_intro_ws/build/example_ros2_interfaces': CMAKE_PREFIX_PATH=/opt/ros/humble CONDA_PROMPT_MODIFIER=(base) WSLENV=ELECTRON_RUN_AS_NODE/w:WT_SESSION::WT_PROFILE_ID /usr/bin/cmake --install /home/tianshu/ROS2Introduction/interface_intro_ws/build/example_ros2_interfaces
[4.392s] -- Install configuration: ""
[4.392s] -- Installing: /home/tianshu/ROS2Introduction/interface_intro_ws/install/example_ros2_interfaces/share/ament_index/resource_index/rosidl_interfaces/example_ros2_interfaces
[4.392s] -- Installing: /home/tianshu/ROS2Introduction/interface_intro_ws/install/example_ros2_interfaces/include/example_ros2_interfaces/example_ros2_interfaces
[4.392s] -- Installing: /home/tianshu/ROS2Introduction/interface_intro_ws/install/example_ros2_interfaces/include/example_ros2_interfaces/example_ros2_interfaces/srv
[4.392s] -- Installing: /home/tianshu/ROS2Introduction/interface_intro_ws/install/example_ros2_interfaces/include/example_ros2_interfaces/example_ros2_interfaces/srv/move_robot.h
[4.393s] -- Installing: /home/tianshu/ROS2Introduction/interface_intro_ws/install/example_ros2_interfaces/include/example_ros2_interfaces/example_ros2_interfaces/srv/detail
[4.393s] -- Installing: /home/tianshu/ROS2Introduction/interface_intro_ws/install/example_ros2_interfaces/include/example_ros2_interfaces/example_ros2_interfaces/srv/detail/move_robot__type_support.h
[4.393s] -- Installing: /home/tianshu/ROS2Introduction/interface_intro_ws/install/example_ros2_interfaces/include/example_ros2_interfaces/example_ros2_interfaces/srv/detail/move_robot__functions.c
[4.393s] -- Installing: /home/tianshu/ROS2Introduction/interface_intro_ws/install/example_ros2_interfaces/include/example_ros2_interfaces/example_ros2_interfaces/srv/detail/move_robot__struct.h
[4.393s] -- Installing: /home/tianshu/ROS2Introduction/interface_intro_ws/install/example_ros2_interfaces/include/example_ros2_interfaces/example_ros2_interfaces/srv/detail/move_robot__functions.h
[4.393s] -- Installing: /home/tianshu/ROS2Introduction/interface_intro_ws/install/example_ros2_interfaces/include/example_ros2_interfaces/example_ros2_interfaces/msg
[4.393s] -- Installing: /home/tianshu/ROS2Introduction/interface_intro_ws/install/example_ros2_interfaces/include/example_ros2_interfaces/example_ros2_interfaces/msg/robot_status.h
[4.393s] -- Installing: /home/tianshu/ROS2Introduction/interface_intro_ws/install/example_ros2_interfaces/include/example_ros2_interfaces/example_ros2_interfaces/msg/rosidl_generator_c__visibility_control.h
[4.393s] -- Installing: /home/tianshu/ROS2Introduction/interface_intro_ws/install/example_ros2_interfaces/include/example_ros2_interfaces/example_ros2_interfaces/msg/detail
[4.393s] -- Installing: /home/tianshu/ROS2Introduction/interface_intro_ws/install/example_ros2_interfaces/include/example_ros2_interfaces/example_ros2_interfaces/msg/detail/robot_pose__struct.h
[4.393s] -- Installing: /home/tianshu/ROS2Introduction/interface_intro_ws/install/example_ros2_interfaces/include/example_ros2_interfaces/example_ros2_interfaces/msg/detail/robot_status__functions.c
[4.394s] -- Installing: /home/tianshu/ROS2Introduction/interface_intro_ws/install/example_ros2_interfaces/include/example_ros2_interfaces/example_ros2_interfaces/msg/detail/robot_pose__functions.h
[4.394s] -- Installing: /home/tianshu/ROS2Introduction/interface_intro_ws/install/example_ros2_interfaces/include/example_ros2_interfaces/example_ros2_interfaces/msg/detail/robot_pose__functions.c
[4.394s] -- Installing: /home/tianshu/ROS2Introduction/interface_intro_ws/install/example_ros2_interfaces/include/example_ros2_interfaces/example_ros2_interfaces/msg/detail/robot_status__type_support.h
[4.394s] -- Installing: /home/tianshu/ROS2Introduction/interface_intro_ws/install/example_ros2_interfaces/include/example_ros2_interfaces/example_ros2_interfaces/msg/detail/robot_pose__type_support.h
[4.394s] -- Installing: /home/tianshu/ROS2Introduction/interface_intro_ws/install/example_ros2_interfaces/include/example_ros2_interfaces/example_ros2_interfaces/msg/detail/robot_status__struct.h
[4.394s] -- Installing: /home/tianshu/ROS2Introduction/interface_intro_ws/install/example_ros2_interfaces/include/example_ros2_interfaces/example_ros2_interfaces/msg/detail/robot_status__functions.h
[4.394s] -- Installing: /home/tianshu/ROS2Introduction/interface_intro_ws/install/example_ros2_interfaces/include/example_ros2_interfaces/example_ros2_interfaces/msg/robot_pose.h
[4.394s] -- Installing: /home/tianshu/ROS2Introduction/interface_intro_ws/install/example_ros2_interfaces/share/example_ros2_interfaces/environment/library_path.sh
[4.394s] -- Installing: /home/tianshu/ROS2Introduction/interface_intro_ws/install/example_ros2_interfaces/share/example_ros2_interfaces/environment/library_path.dsv
[4.394s] -- Installing: /home/tianshu/ROS2Introduction/interface_intro_ws/install/example_ros2_interfaces/lib/libexample_ros2_interfaces__rosidl_generator_c.so
[4.394s] -- Set runtime path of "/home/tianshu/ROS2Introduction/interface_intro_ws/install/example_ros2_interfaces/lib/libexample_ros2_interfaces__rosidl_generator_c.so" to ""
[4.394s] -- Up-to-date: /home/tianshu/ROS2Introduction/interface_intro_ws/install/example_ros2_interfaces/include/example_ros2_interfaces/example_ros2_interfaces
[4.394s] -- Up-to-date: /home/tianshu/ROS2Introduction/interface_intro_ws/install/example_ros2_interfaces/include/example_ros2_interfaces/example_ros2_interfaces/srv
[4.394s] -- Up-to-date: /home/tianshu/ROS2Introduction/interface_intro_ws/install/example_ros2_interfaces/include/example_ros2_interfaces/example_ros2_interfaces/srv/detail
[4.394s] -- Installing: /home/tianshu/ROS2Introduction/interface_intro_ws/install/example_ros2_interfaces/include/example_ros2_interfaces/example_ros2_interfaces/srv/detail/move_robot__rosidl_typesupport_fastrtps_c.h
[4.394s] -- Up-to-date: /home/tianshu/ROS2Introduction/interface_intro_ws/install/example_ros2_interfaces/include/example_ros2_interfaces/example_ros2_interfaces/msg
[4.394s] -- Installing: /home/tianshu/ROS2Introduction/interface_intro_ws/install/example_ros2_interfaces/include/example_ros2_interfaces/example_ros2_interfaces/msg/rosidl_typesupport_fastrtps_c__visibility_control.h
[4.394s] -- Up-to-date: /home/tianshu/ROS2Introduction/interface_intro_ws/install/example_ros2_interfaces/include/example_ros2_interfaces/example_ros2_interfaces/msg/detail
[4.394s] -- Installing: /home/tianshu/ROS2Introduction/interface_intro_ws/install/example_ros2_interfaces/include/example_ros2_interfaces/example_ros2_interfaces/msg/detail/robot_pose__rosidl_typesupport_fastrtps_c.h
[4.394s] -- Installing: /home/tianshu/ROS2Introduction/interface_intro_ws/install/example_ros2_interfaces/include/example_ros2_interfaces/example_ros2_interfaces/msg/detail/robot_status__rosidl_typesupport_fastrtps_c.h
[4.394s] -- Installing: /home/tianshu/ROS2Introduction/interface_intro_ws/install/example_ros2_interfaces/lib/libexample_ros2_interfaces__rosidl_typesupport_fastrtps_c.so
[4.395s] -- Set runtime path of "/home/tianshu/ROS2Introduction/interface_intro_ws/install/example_ros2_interfaces/lib/libexample_ros2_interfaces__rosidl_typesupport_fastrtps_c.so" to ""
[4.395s] -- Up-to-date: /home/tianshu/ROS2Introduction/interface_intro_ws/install/example_ros2_interfaces/include/example_ros2_interfaces/example_ros2_interfaces
[4.395s] -- Up-to-date: /home/tianshu/ROS2Introduction/interface_intro_ws/install/example_ros2_interfaces/include/example_ros2_interfaces/example_ros2_interfaces/srv
[4.395s] -- Up-to-date: /home/tianshu/ROS2Introduction/interface_intro_ws/install/example_ros2_interfaces/include/example_ros2_interfaces/example_ros2_interfaces/srv/detail
[4.395s] -- Installing: /home/tianshu/ROS2Introduction/interface_intro_ws/install/example_ros2_interfaces/include/example_ros2_interfaces/example_ros2_interfaces/srv/detail/move_robot__rosidl_typesupport_introspection_c.h
[4.395s] -- Installing: /home/tianshu/ROS2Introduction/interface_intro_ws/install/example_ros2_interfaces/include/example_ros2_interfaces/example_ros2_interfaces/srv/detail/move_robot__type_support.c
[4.395s] -- Up-to-date: /home/tianshu/ROS2Introduction/interface_intro_ws/install/example_ros2_interfaces/include/example_ros2_interfaces/example_ros2_interfaces/msg
[4.395s] -- Installing: /home/tianshu/ROS2Introduction/interface_intro_ws/install/example_ros2_interfaces/include/example_ros2_interfaces/example_ros2_interfaces/msg/rosidl_typesupport_introspection_c__visibility_control.h
[4.395s] -- Up-to-date: /home/tianshu/ROS2Introduction/interface_intro_ws/install/example_ros2_interfaces/include/example_ros2_interfaces/example_ros2_interfaces/msg/detail
[4.395s] -- Installing: /home/tianshu/ROS2Introduction/interface_intro_ws/install/example_ros2_interfaces/include/example_ros2_interfaces/example_ros2_interfaces/msg/detail/robot_pose__rosidl_typesupport_introspection_c.h
[4.395s] -- Installing: /home/tianshu/ROS2Introduction/interface_intro_ws/install/example_ros2_interfaces/include/example_ros2_interfaces/example_ros2_interfaces/msg/detail/robot_pose__type_support.c
[4.395s] -- Installing: /home/tianshu/ROS2Introduction/interface_intro_ws/install/example_ros2_interfaces/include/example_ros2_interfaces/example_ros2_interfaces/msg/detail/robot_status__rosidl_typesupport_introspection_c.h
[4.395s] -- Installing: /home/tianshu/ROS2Introduction/interface_intro_ws/install/example_ros2_interfaces/include/example_ros2_interfaces/example_ros2_interfaces/msg/detail/robot_status__type_support.c
[4.395s] -- Installing: /home/tianshu/ROS2Introduction/interface_intro_ws/install/example_ros2_interfaces/lib/libexample_ros2_interfaces__rosidl_typesupport_introspection_c.so
[4.395s] -- Set runtime path of "/home/tianshu/ROS2Introduction/interface_intro_ws/install/example_ros2_interfaces/lib/libexample_ros2_interfaces__rosidl_typesupport_introspection_c.so" to ""
[4.395s] -- Installing: /home/tianshu/ROS2Introduction/interface_intro_ws/install/example_ros2_interfaces/lib/libexample_ros2_interfaces__rosidl_typesupport_c.so
[4.395s] -- Set runtime path of "/home/tianshu/ROS2Introduction/interface_intro_ws/install/example_ros2_interfaces/lib/libexample_ros2_interfaces__rosidl_typesupport_c.so" to ""
[4.395s] -- Up-to-date: /home/tianshu/ROS2Introduction/interface_intro_ws/install/example_ros2_interfaces/include/example_ros2_interfaces/example_ros2_interfaces
[4.395s] -- Up-to-date: /home/tianshu/ROS2Introduction/interface_intro_ws/install/example_ros2_interfaces/include/example_ros2_interfaces/example_ros2_interfaces/srv
[4.395s] -- Up-to-date: /home/tianshu/ROS2Introduction/interface_intro_ws/install/example_ros2_interfaces/include/example_ros2_interfaces/example_ros2_interfaces/srv/detail
[4.395s] -- Installing: /home/tianshu/ROS2Introduction/interface_intro_ws/install/example_ros2_interfaces/include/example_ros2_interfaces/example_ros2_interfaces/srv/detail/move_robot__struct.hpp
[4.395s] -- Installing: /home/tianshu/ROS2Introduction/interface_intro_ws/install/example_ros2_interfaces/include/example_ros2_interfaces/example_ros2_interfaces/srv/detail/move_robot__builder.hpp
[4.395s] -- Installing: /home/tianshu/ROS2Introduction/interface_intro_ws/install/example_ros2_interfaces/include/example_ros2_interfaces/example_ros2_interfaces/srv/detail/move_robot__traits.hpp
[4.395s] -- Installing: /home/tianshu/ROS2Introduction/interface_intro_ws/install/example_ros2_interfaces/include/example_ros2_interfaces/example_ros2_interfaces/srv/move_robot.hpp
[4.395s] -- Up-to-date: /home/tianshu/ROS2Introduction/interface_intro_ws/install/example_ros2_interfaces/include/example_ros2_interfaces/example_ros2_interfaces/msg
[4.396s] -- Installing: /home/tianshu/ROS2Introduction/interface_intro_ws/install/example_ros2_interfaces/include/example_ros2_interfaces/example_ros2_interfaces/msg/robot_pose.hpp
[4.396s] -- Installing: /home/tianshu/ROS2Introduction/interface_intro_ws/install/example_ros2_interfaces/include/example_ros2_interfaces/example_ros2_interfaces/msg/robot_status.hpp
[4.396s] -- Up-to-date: /home/tianshu/ROS2Introduction/interface_intro_ws/install/example_ros2_interfaces/include/example_ros2_interfaces/example_ros2_interfaces/msg/detail
[4.396s] -- Installing: /home/tianshu/ROS2Introduction/interface_intro_ws/install/example_ros2_interfaces/include/example_ros2_interfaces/example_ros2_interfaces/msg/detail/robot_pose__struct.hpp
[4.396s] -- Installing: /home/tianshu/ROS2Introduction/interface_intro_ws/install/example_ros2_interfaces/include/example_ros2_interfaces/example_ros2_interfaces/msg/detail/robot_status__struct.hpp
[4.396s] -- Installing: /home/tianshu/ROS2Introduction/interface_intro_ws/install/example_ros2_interfaces/include/example_ros2_interfaces/example_ros2_interfaces/msg/detail/robot_pose__builder.hpp
[4.396s] -- Installing: /home/tianshu/ROS2Introduction/interface_intro_ws/install/example_ros2_interfaces/include/example_ros2_interfaces/example_ros2_interfaces/msg/detail/robot_status__traits.hpp
[4.396s] -- Installing: /home/tianshu/ROS2Introduction/interface_intro_ws/install/example_ros2_interfaces/include/example_ros2_interfaces/example_ros2_interfaces/msg/detail/robot_status__builder.hpp
[4.396s] -- Installing: /home/tianshu/ROS2Introduction/interface_intro_ws/install/example_ros2_interfaces/include/example_ros2_interfaces/example_ros2_interfaces/msg/detail/robot_pose__traits.hpp
[4.396s] -- Up-to-date: /home/tianshu/ROS2Introduction/interface_intro_ws/install/example_ros2_interfaces/include/example_ros2_interfaces/example_ros2_interfaces
[4.396s] -- Up-to-date: /home/tianshu/ROS2Introduction/interface_intro_ws/install/example_ros2_interfaces/include/example_ros2_interfaces/example_ros2_interfaces/srv
[4.396s] -- Up-to-date: /home/tianshu/ROS2Introduction/interface_intro_ws/install/example_ros2_interfaces/include/example_ros2_interfaces/example_ros2_interfaces/srv/detail
[4.396s] -- Installing: /home/tianshu/ROS2Introduction/interface_intro_ws/install/example_ros2_interfaces/include/example_ros2_interfaces/example_ros2_interfaces/srv/detail/dds_fastrtps
[4.396s] -- Installing: /home/tianshu/ROS2Introduction/interface_intro_ws/install/example_ros2_interfaces/include/example_ros2_interfaces/example_ros2_interfaces/srv/detail/move_robot__rosidl_typesupport_fastrtps_cpp.hpp
[4.396s] -- Up-to-date: /home/tianshu/ROS2Introduction/interface_intro_ws/install/example_ros2_interfaces/include/example_ros2_interfaces/example_ros2_interfaces/msg
[4.396s] -- Installing: /home/tianshu/ROS2Introduction/interface_intro_ws/install/example_ros2_interfaces/include/example_ros2_interfaces/example_ros2_interfaces/msg/rosidl_typesupport_fastrtps_cpp__visibility_control.h
[4.396s] -- Up-to-date: /home/tianshu/ROS2Introduction/interface_intro_ws/install/example_ros2_interfaces/include/example_ros2_interfaces/example_ros2_interfaces/msg/detail
[4.396s] -- Installing: /home/tianshu/ROS2Introduction/interface_intro_ws/install/example_ros2_interfaces/include/example_ros2_interfaces/example_ros2_interfaces/msg/detail/robot_pose__rosidl_typesupport_fastrtps_cpp.hpp
[4.396s] -- Installing: /home/tianshu/ROS2Introduction/interface_intro_ws/install/example_ros2_interfaces/include/example_ros2_interfaces/example_ros2_interfaces/msg/detail/robot_status__rosidl_typesupport_fastrtps_cpp.hpp
[4.396s] -- Installing: /home/tianshu/ROS2Introduction/interface_intro_ws/install/example_ros2_interfaces/include/example_ros2_interfaces/example_ros2_interfaces/msg/detail/dds_fastrtps
[4.396s] -- Installing: /home/tianshu/ROS2Introduction/interface_intro_ws/install/example_ros2_interfaces/lib/libexample_ros2_interfaces__rosidl_typesupport_fastrtps_cpp.so
[4.396s] -- Set runtime path of "/home/tianshu/ROS2Introduction/interface_intro_ws/install/example_ros2_interfaces/lib/libexample_ros2_interfaces__rosidl_typesupport_fastrtps_cpp.so" to ""
[4.396s] -- Up-to-date: /home/tianshu/ROS2Introduction/interface_intro_ws/install/example_ros2_interfaces/include/example_ros2_interfaces/example_ros2_interfaces
[4.397s] -- Up-to-date: /home/tianshu/ROS2Introduction/interface_intro_ws/install/example_ros2_interfaces/include/example_ros2_interfaces/example_ros2_interfaces/srv
[4.397s] -- Up-to-date: /home/tianshu/ROS2Introduction/interface_intro_ws/install/example_ros2_interfaces/include/example_ros2_interfaces/example_ros2_interfaces/srv/detail
[4.397s] -- Installing: /home/tianshu/ROS2Introduction/interface_intro_ws/install/example_ros2_interfaces/include/example_ros2_interfaces/example_ros2_interfaces/srv/detail/move_robot__rosidl_typesupport_introspection_cpp.hpp
[4.397s] -- Installing: /home/tianshu/ROS2Introduction/interface_intro_ws/install/example_ros2_interfaces/include/example_ros2_interfaces/example_ros2_interfaces/srv/detail/move_robot__type_support.cpp
[4.397s] -- Up-to-date: /home/tianshu/ROS2Introduction/interface_intro_ws/install/example_ros2_interfaces/include/example_ros2_interfaces/example_ros2_interfaces/msg
[4.397s] -- Up-to-date: /home/tianshu/ROS2Introduction/interface_intro_ws/install/example_ros2_interfaces/include/example_ros2_interfaces/example_ros2_interfaces/msg/detail
[4.397s] -- Installing: /home/tianshu/ROS2Introduction/interface_intro_ws/install/example_ros2_interfaces/include/example_ros2_interfaces/example_ros2_interfaces/msg/detail/robot_status__rosidl_typesupport_introspection_cpp.hpp
[4.397s] -- Installing: /home/tianshu/ROS2Introduction/interface_intro_ws/install/example_ros2_interfaces/include/example_ros2_interfaces/example_ros2_interfaces/msg/detail/robot_status__type_support.cpp
[4.397s] -- Installing: /home/tianshu/ROS2Introduction/interface_intro_ws/install/example_ros2_interfaces/include/example_ros2_interfaces/example_ros2_interfaces/msg/detail/robot_pose__type_support.cpp
[4.397s] -- Installing: /home/tianshu/ROS2Introduction/interface_intro_ws/install/example_ros2_interfaces/include/example_ros2_interfaces/example_ros2_interfaces/msg/detail/robot_pose__rosidl_typesupport_introspection_cpp.hpp
[4.397s] -- Installing: /home/tianshu/ROS2Introduction/interface_intro_ws/install/example_ros2_interfaces/lib/libexample_ros2_interfaces__rosidl_typesupport_introspection_cpp.so
[4.397s] -- Set runtime path of "/home/tianshu/ROS2Introduction/interface_intro_ws/install/example_ros2_interfaces/lib/libexample_ros2_interfaces__rosidl_typesupport_introspection_cpp.so" to ""
[4.397s] -- Installing: /home/tianshu/ROS2Introduction/interface_intro_ws/install/example_ros2_interfaces/lib/libexample_ros2_interfaces__rosidl_typesupport_cpp.so
[4.397s] -- Set runtime path of "/home/tianshu/ROS2Introduction/interface_intro_ws/install/example_ros2_interfaces/lib/libexample_ros2_interfaces__rosidl_typesupport_cpp.so" to ""
[4.397s] -- Installing: /home/tianshu/ROS2Introduction/interface_intro_ws/install/example_ros2_interfaces/share/example_ros2_interfaces/environment/pythonpath.sh
[4.397s] -- Installing: /home/tianshu/ROS2Introduction/interface_intro_ws/install/example_ros2_interfaces/share/example_ros2_interfaces/environment/pythonpath.dsv
[4.397s] -- Installing: /home/tianshu/ROS2Introduction/interface_intro_ws/install/example_ros2_interfaces/local/lib/python3.10/dist-packages/example_ros2_interfaces-0.0.0-py3.10.egg-info
[4.397s] -- Installing: /home/tianshu/ROS2Introduction/interface_intro_ws/install/example_ros2_interfaces/local/lib/python3.10/dist-packages/example_ros2_interfaces-0.0.0-py3.10.egg-info/top_level.txt
[4.397s] -- Installing: /home/tianshu/ROS2Introduction/interface_intro_ws/install/example_ros2_interfaces/local/lib/python3.10/dist-packages/example_ros2_interfaces-0.0.0-py3.10.egg-info/dependency_links.txt
[4.397s] -- Installing: /home/tianshu/ROS2Introduction/interface_intro_ws/install/example_ros2_interfaces/local/lib/python3.10/dist-packages/example_ros2_interfaces-0.0.0-py3.10.egg-info/SOURCES.txt
[4.397s] -- Installing: /home/tianshu/ROS2Introduction/interface_intro_ws/install/example_ros2_interfaces/local/lib/python3.10/dist-packages/example_ros2_interfaces-0.0.0-py3.10.egg-info/PKG-INFO
[4.398s] -- Installing: /home/tianshu/ROS2Introduction/interface_intro_ws/install/example_ros2_interfaces/local/lib/python3.10/dist-packages/example_ros2_interfaces
[4.398s] -- Installing: /home/tianshu/ROS2Introduction/interface_intro_ws/install/example_ros2_interfaces/local/lib/python3.10/dist-packages/example_ros2_interfaces/srv
[4.398s] -- Installing: /home/tianshu/ROS2Introduction/interface_intro_ws/install/example_ros2_interfaces/local/lib/python3.10/dist-packages/example_ros2_interfaces/srv/_move_robot.py
[4.398s] -- Installing: /home/tianshu/ROS2Introduction/interface_intro_ws/install/example_ros2_interfaces/local/lib/python3.10/dist-packages/example_ros2_interfaces/srv/_move_robot_s.c
[4.398s] -- Installing: /home/tianshu/ROS2Introduction/interface_intro_ws/install/example_ros2_interfaces/local/lib/python3.10/dist-packages/example_ros2_interfaces/srv/__init__.py
[4.398s] -- Installing: /home/tianshu/ROS2Introduction/interface_intro_ws/install/example_ros2_interfaces/local/lib/python3.10/dist-packages/example_ros2_interfaces/libexample_ros2_interfaces__rosidl_generator_py.so
[4.398s] -- Installing: /home/tianshu/ROS2Introduction/interface_intro_ws/install/example_ros2_interfaces/local/lib/python3.10/dist-packages/example_ros2_interfaces/example_ros2_interfaces_s__rosidl_typesupport_c.cpython-39-x86_64-linux-gnu.so
[4.398s] -- Installing: /home/tianshu/ROS2Introduction/interface_intro_ws/install/example_ros2_interfaces/local/lib/python3.10/dist-packages/example_ros2_interfaces/_example_ros2_interfaces_s.ep.rosidl_typesupport_c.c
[4.398s] -- Installing: /home/tianshu/ROS2Introduction/interface_intro_ws/install/example_ros2_interfaces/local/lib/python3.10/dist-packages/example_ros2_interfaces/_example_ros2_interfaces_s.ep.rosidl_typesupport_introspection_c.c
[4.398s] -- Installing: /home/tianshu/ROS2Introduction/interface_intro_ws/install/example_ros2_interfaces/local/lib/python3.10/dist-packages/example_ros2_interfaces/_example_ros2_interfaces_s.ep.rosidl_typesupport_fastrtps_c.c
[4.398s] -- Installing: /home/tianshu/ROS2Introduction/interface_intro_ws/install/example_ros2_interfaces/local/lib/python3.10/dist-packages/example_ros2_interfaces/msg
[4.398s] -- Installing: /home/tianshu/ROS2Introduction/interface_intro_ws/install/example_ros2_interfaces/local/lib/python3.10/dist-packages/example_ros2_interfaces/msg/_robot_status_s.c
[4.398s] -- Installing: /home/tianshu/ROS2Introduction/interface_intro_ws/install/example_ros2_interfaces/local/lib/python3.10/dist-packages/example_ros2_interfaces/msg/_robot_status.py
[4.399s] -- Installing: /home/tianshu/ROS2Introduction/interface_intro_ws/install/example_ros2_interfaces/local/lib/python3.10/dist-packages/example_ros2_interfaces/msg/__init__.py
[4.399s] -- Installing: /home/tianshu/ROS2Introduction/interface_intro_ws/install/example_ros2_interfaces/local/lib/python3.10/dist-packages/example_ros2_interfaces/msg/_robot_pose.py
[4.399s] -- Installing: /home/tianshu/ROS2Introduction/interface_intro_ws/install/example_ros2_interfaces/local/lib/python3.10/dist-packages/example_ros2_interfaces/msg/_robot_pose_s.c
[4.399s] -- Installing: /home/tianshu/ROS2Introduction/interface_intro_ws/install/example_ros2_interfaces/local/lib/python3.10/dist-packages/example_ros2_interfaces/example_ros2_interfaces_s__rosidl_typesupport_introspection_c.cpython-39-x86_64-linux-gnu.so
[4.399s] -- Installing: /home/tianshu/ROS2Introduction/interface_intro_ws/install/example_ros2_interfaces/local/lib/python3.10/dist-packages/example_ros2_interfaces/example_ros2_interfaces_s__rosidl_typesupport_fastrtps_c.cpython-39-x86_64-linux-gnu.so
[4.399s] -- Installing: /home/tianshu/ROS2Introduction/interface_intro_ws/install/example_ros2_interfaces/local/lib/python3.10/dist-packages/example_ros2_interfaces/__init__.py
[4.420s] Listing '/home/tianshu/ROS2Introduction/interface_intro_ws/install/example_ros2_interfaces/local/lib/python3.10/dist-packages/example_ros2_interfaces'...
[4.420s] Compiling '/home/tianshu/ROS2Introduction/interface_intro_ws/install/example_ros2_interfaces/local/lib/python3.10/dist-packages/example_ros2_interfaces/__init__.py'...
[4.420s] Listing '/home/tianshu/ROS2Introduction/interface_intro_ws/install/example_ros2_interfaces/local/lib/python3.10/dist-packages/example_ros2_interfaces/msg'...
[4.420s] Compiling '/home/tianshu/ROS2Introduction/interface_intro_ws/install/example_ros2_interfaces/local/lib/python3.10/dist-packages/example_ros2_interfaces/msg/__init__.py'...
[4.420s] Compiling '/home/tianshu/ROS2Introduction/interface_intro_ws/install/example_ros2_interfaces/local/lib/python3.10/dist-packages/example_ros2_interfaces/msg/_robot_pose.py'...
[4.420s] Compiling '/home/tianshu/ROS2Introduction/interface_intro_ws/install/example_ros2_interfaces/local/lib/python3.10/dist-packages/example_ros2_interfaces/msg/_robot_status.py'...
[4.420s] Listing '/home/tianshu/ROS2Introduction/interface_intro_ws/install/example_ros2_interfaces/local/lib/python3.10/dist-packages/example_ros2_interfaces/srv'...
[4.420s] Compiling '/home/tianshu/ROS2Introduction/interface_intro_ws/install/example_ros2_interfaces/local/lib/python3.10/dist-packages/example_ros2_interfaces/srv/__init__.py'...
[4.420s] Compiling '/home/tianshu/ROS2Introduction/interface_intro_ws/install/example_ros2_interfaces/local/lib/python3.10/dist-packages/example_ros2_interfaces/srv/_move_robot.py'...
[4.422s] -- Installing: /home/tianshu/ROS2Introduction/interface_intro_ws/install/example_ros2_interfaces/local/lib/python3.10/dist-packages/example_ros2_interfaces/example_ros2_interfaces_s__rosidl_typesupport_fastrtps_c.cpython-39-x86_64-linux-gnu.so
[4.422s] -- Set runtime path of "/home/tianshu/ROS2Introduction/interface_intro_ws/install/example_ros2_interfaces/local/lib/python3.10/dist-packages/example_ros2_interfaces/example_ros2_interfaces_s__rosidl_typesupport_fastrtps_c.cpython-39-x86_64-linux-gnu.so" to ""
[4.422s] -- Installing: /home/tianshu/ROS2Introduction/interface_intro_ws/install/example_ros2_interfaces/local/lib/python3.10/dist-packages/example_ros2_interfaces/example_ros2_interfaces_s__rosidl_typesupport_introspection_c.cpython-39-x86_64-linux-gnu.so
[4.423s] -- Set runtime path of "/home/tianshu/ROS2Introduction/interface_intro_ws/install/example_ros2_interfaces/local/lib/python3.10/dist-packages/example_ros2_interfaces/example_ros2_interfaces_s__rosidl_typesupport_introspection_c.cpython-39-x86_64-linux-gnu.so" to ""
[4.423s] -- Installing: /home/tianshu/ROS2Introduction/interface_intro_ws/install/example_ros2_interfaces/local/lib/python3.10/dist-packages/example_ros2_interfaces/example_ros2_interfaces_s__rosidl_typesupport_c.cpython-39-x86_64-linux-gnu.so
[4.423s] -- Set runtime path of "/home/tianshu/ROS2Introduction/interface_intro_ws/install/example_ros2_interfaces/local/lib/python3.10/dist-packages/example_ros2_interfaces/example_ros2_interfaces_s__rosidl_typesupport_c.cpython-39-x86_64-linux-gnu.so" to ""
[4.423s] -- Installing: /home/tianshu/ROS2Introduction/interface_intro_ws/install/example_ros2_interfaces/lib/libexample_ros2_interfaces__rosidl_generator_py.so
[4.423s] -- Set runtime path of "/home/tianshu/ROS2Introduction/interface_intro_ws/install/example_ros2_interfaces/lib/libexample_ros2_interfaces__rosidl_generator_py.so" to ""
[4.423s] -- Installing: /home/tianshu/ROS2Introduction/interface_intro_ws/install/example_ros2_interfaces/share/example_ros2_interfaces/msg/RobotPose.idl
[4.423s] -- Installing: /home/tianshu/ROS2Introduction/interface_intro_ws/install/example_ros2_interfaces/share/example_ros2_interfaces/msg/RobotStatus.idl
[4.423s] -- Installing: /home/tianshu/ROS2Introduction/interface_intro_ws/install/example_ros2_interfaces/share/example_ros2_interfaces/srv/MoveRobot.idl
[4.423s] -- Installing: /home/tianshu/ROS2Introduction/interface_intro_ws/install/example_ros2_interfaces/share/example_ros2_interfaces/msg/RobotPose.msg
[4.423s] -- Installing: /home/tianshu/ROS2Introduction/interface_intro_ws/install/example_ros2_interfaces/share/example_ros2_interfaces/msg/RobotStatus.msg
[4.423s] -- Installing: /home/tianshu/ROS2Introduction/interface_intro_ws/install/example_ros2_interfaces/share/example_ros2_interfaces/srv/MoveRobot.srv
[4.424s] -- Installing: /home/tianshu/ROS2Introduction/interface_intro_ws/install/example_ros2_interfaces/share/example_ros2_interfaces/srv/MoveRobot_Request.msg
[4.424s] -- Installing: /home/tianshu/ROS2Introduction/interface_intro_ws/install/example_ros2_interfaces/share/example_ros2_interfaces/srv/MoveRobot_Response.msg
[4.424s] -- Installing: /home/tianshu/ROS2Introduction/interface_intro_ws/install/example_ros2_interfaces/share/ament_index/resource_index/package_run_dependencies/example_ros2_interfaces
[4.424s] -- Installing: /home/tianshu/ROS2Introduction/interface_intro_ws/install/example_ros2_interfaces/share/ament_index/resource_index/parent_prefix_path/example_ros2_interfaces
[4.424s] -- Installing: /home/tianshu/ROS2Introduction/interface_intro_ws/install/example_ros2_interfaces/share/example_ros2_interfaces/environment/ament_prefix_path.sh
[4.424s] -- Installing: /home/tianshu/ROS2Introduction/interface_intro_ws/install/example_ros2_interfaces/share/example_ros2_interfaces/environment/ament_prefix_path.dsv
[4.424s] -- Installing: /home/tianshu/ROS2Introduction/interface_intro_ws/install/example_ros2_interfaces/share/example_ros2_interfaces/environment/path.sh
[4.424s] -- Installing: /home/tianshu/ROS2Introduction/interface_intro_ws/install/example_ros2_interfaces/share/example_ros2_interfaces/environment/path.dsv
[4.424s] -- Installing: /home/tianshu/ROS2Introduction/interface_intro_ws/install/example_ros2_interfaces/share/example_ros2_interfaces/local_setup.bash
[4.424s] -- Installing: /home/tianshu/ROS2Introduction/interface_intro_ws/install/example_ros2_interfaces/share/example_ros2_interfaces/local_setup.sh
[4.425s] -- Installing: /home/tianshu/ROS2Introduction/interface_intro_ws/install/example_ros2_interfaces/share/example_ros2_interfaces/local_setup.zsh
[4.425s] -- Installing: /home/tianshu/ROS2Introduction/interface_intro_ws/install/example_ros2_interfaces/share/example_ros2_interfaces/local_setup.dsv
[4.425s] -- Installing: /home/tianshu/ROS2Introduction/interface_intro_ws/install/example_ros2_interfaces/share/example_ros2_interfaces/package.dsv
[4.425s] -- Installing: /home/tianshu/ROS2Introduction/interface_intro_ws/install/example_ros2_interfaces/share/ament_index/resource_index/packages/example_ros2_interfaces
[4.425s] -- Installing: /home/tianshu/ROS2Introduction/interface_intro_ws/install/example_ros2_interfaces/share/example_ros2_interfaces/cmake/export_example_ros2_interfaces__rosidl_generator_cExport.cmake
[4.425s] -- Installing: /home/tianshu/ROS2Introduction/interface_intro_ws/install/example_ros2_interfaces/share/example_ros2_interfaces/cmake/export_example_ros2_interfaces__rosidl_generator_cExport-noconfig.cmake
[4.425s] -- Installing: /home/tianshu/ROS2Introduction/interface_intro_ws/install/example_ros2_interfaces/share/example_ros2_interfaces/cmake/export_example_ros2_interfaces__rosidl_typesupport_fastrtps_cExport.cmake
[4.425s] -- Installing: /home/tianshu/ROS2Introduction/interface_intro_ws/install/example_ros2_interfaces/share/example_ros2_interfaces/cmake/export_example_ros2_interfaces__rosidl_typesupport_fastrtps_cExport-noconfig.cmake
[4.425s] -- Installing: /home/tianshu/ROS2Introduction/interface_intro_ws/install/example_ros2_interfaces/share/example_ros2_interfaces/cmake/example_ros2_interfaces__rosidl_typesupport_introspection_cExport.cmake
[4.425s] -- Installing: /home/tianshu/ROS2Introduction/interface_intro_ws/install/example_ros2_interfaces/share/example_ros2_interfaces/cmake/example_ros2_interfaces__rosidl_typesupport_introspection_cExport-noconfig.cmake
[4.425s] -- Installing: /home/tianshu/ROS2Introduction/interface_intro_ws/install/example_ros2_interfaces/share/example_ros2_interfaces/cmake/example_ros2_interfaces__rosidl_typesupport_cExport.cmake
[4.425s] -- Installing: /home/tianshu/ROS2Introduction/interface_intro_ws/install/example_ros2_interfaces/share/example_ros2_interfaces/cmake/example_ros2_interfaces__rosidl_typesupport_cExport-noconfig.cmake
[4.426s] -- Installing: /home/tianshu/ROS2Introduction/interface_intro_ws/install/example_ros2_interfaces/share/example_ros2_interfaces/cmake/export_example_ros2_interfaces__rosidl_generator_cppExport.cmake
[4.426s] -- Installing: /home/tianshu/ROS2Introduction/interface_intro_ws/install/example_ros2_interfaces/share/example_ros2_interfaces/cmake/export_example_ros2_interfaces__rosidl_typesupport_fastrtps_cppExport.cmake
[4.426s] -- Installing: /home/tianshu/ROS2Introduction/interface_intro_ws/install/example_ros2_interfaces/share/example_ros2_interfaces/cmake/export_example_ros2_interfaces__rosidl_typesupport_fastrtps_cppExport-noconfig.cmake
[4.426s] -- Installing: /home/tianshu/ROS2Introduction/interface_intro_ws/install/example_ros2_interfaces/share/example_ros2_interfaces/cmake/example_ros2_interfaces__rosidl_typesupport_introspection_cppExport.cmake
[4.426s] -- Installing: /home/tianshu/ROS2Introduction/interface_intro_ws/install/example_ros2_interfaces/share/example_ros2_interfaces/cmake/example_ros2_interfaces__rosidl_typesupport_introspection_cppExport-noconfig.cmake
[4.426s] -- Installing: /home/tianshu/ROS2Introduction/interface_intro_ws/install/example_ros2_interfaces/share/example_ros2_interfaces/cmake/example_ros2_interfaces__rosidl_typesupport_cppExport.cmake
[4.426s] -- Installing: /home/tianshu/ROS2Introduction/interface_intro_ws/install/example_ros2_interfaces/share/example_ros2_interfaces/cmake/example_ros2_interfaces__rosidl_typesupport_cppExport-noconfig.cmake
[4.426s] -- Installing: /home/tianshu/ROS2Introduction/interface_intro_ws/install/example_ros2_interfaces/share/example_ros2_interfaces/cmake/export_example_ros2_interfaces__rosidl_generator_pyExport.cmake
[4.426s] -- Installing: /home/tianshu/ROS2Introduction/interface_intro_ws/install/example_ros2_interfaces/share/example_ros2_interfaces/cmake/export_example_ros2_interfaces__rosidl_generator_pyExport-noconfig.cmake
[4.426s] -- Installing: /home/tianshu/ROS2Introduction/interface_intro_ws/install/example_ros2_interfaces/share/example_ros2_interfaces/cmake/rosidl_cmake-extras.cmake
[4.426s] -- Installing: /home/tianshu/ROS2Introduction/interface_intro_ws/install/example_ros2_interfaces/share/example_ros2_interfaces/cmake/ament_cmake_export_dependencies-extras.cmake
[4.426s] -- Installing: /home/tianshu/ROS2Introduction/interface_intro_ws/install/example_ros2_interfaces/share/example_ros2_interfaces/cmake/ament_cmake_export_include_directories-extras.cmake
[4.426s] -- Installing: /home/tianshu/ROS2Introduction/interface_intro_ws/install/example_ros2_interfaces/share/example_ros2_interfaces/cmake/ament_cmake_export_libraries-extras.cmake
[4.426s] -- Installing: /home/tianshu/ROS2Introduction/interface_intro_ws/install/example_ros2_interfaces/share/example_ros2_interfaces/cmake/ament_cmake_export_targets-extras.cmake
[4.426s] -- Installing: /home/tianshu/ROS2Introduction/interface_intro_ws/install/example_ros2_interfaces/share/example_ros2_interfaces/cmake/rosidl_cmake_export_typesupport_targets-extras.cmake
[4.426s] -- Installing: /home/tianshu/ROS2Introduction/interface_intro_ws/install/example_ros2_interfaces/share/example_ros2_interfaces/cmake/rosidl_cmake_export_typesupport_libraries-extras.cmake
[4.426s] -- Installing: /home/tianshu/ROS2Introduction/interface_intro_ws/install/example_ros2_interfaces/share/example_ros2_interfaces/cmake/example_ros2_interfacesConfig.cmake
[4.426s] -- Installing: /home/tianshu/ROS2Introduction/interface_intro_ws/install/example_ros2_interfaces/share/example_ros2_interfaces/cmake/example_ros2_interfacesConfig-version.cmake
[4.426s] -- Installing: /home/tianshu/ROS2Introduction/interface_intro_ws/install/example_ros2_interfaces/share/example_ros2_interfaces/package.xml
[4.428s] Invoked command in '/home/tianshu/ROS2Introduction/interface_intro_ws/build/example_ros2_interfaces' returned '0': CMAKE_PREFIX_PATH=/opt/ros/humble CONDA_PROMPT_MODIFIER=(base) WSLENV=ELECTRON_RUN_AS_NODE/w:WT_SESSION::WT_PROFILE_ID /usr/bin/cmake --install /home/tianshu/ROS2Introduction/interface_intro_ws/build/example_ros2_interfaces
