[0.025s] Invoking command in '/home/tianshu/ROS2Introduction/topic_intro_ws/build/example_topic_rclcpp': CMAKE_PREFIX_PATH=${CMAKE_PREFIX_PATH}:/opt/ros/humble CONDA_PROMPT_MODIFIER=(base) WSLENV=ELECTRON_RUN_AS_NODE/w:WT_SESSION::WT_PROFILE_ID /usr/bin/cmake --build /home/tianshu/ROS2Introduction/topic_intro_ws/build/example_topic_rclcpp -- -j20 -l20
[0.108s] -- Found ament_cmake: 1.3.4 (/opt/ros/humble/share/ament_cmake/cmake)
[0.249s] -- Found rclcpp: 16.0.4 (/opt/ros/humble/share/rclcpp/cmake)
[0.348s] -- Found rosidl_generator_c: 3.1.4 (/opt/ros/humble/share/rosidl_generator_c/cmake)
[0.350s] -- Found rosidl_adapter: 3.1.4 (/opt/ros/humble/share/rosidl_adapter/cmake)
[0.353s] -- Found rosidl_generator_cpp: 3.1.4 (/opt/ros/humble/share/rosidl_generator_cpp/cmake)
[0.361s] -- Using all available rosidl_typesupport_c: rosidl_typesupport_fastrtps_c;rosidl_typesupport_introspection_c
[0.372s] -- Using all available rosidl_typesupport_cpp: rosidl_typesupport_fastrtps_cpp;rosidl_typesupport_introspection_cpp
[0.414s] -- Found rmw_implementation_cmake: 6.1.1 (/opt/ros/humble/share/rmw_implementation_cmake/cmake)
[0.415s] -- Found rmw_fastrtps_cpp: 6.2.2 (/opt/ros/humble/share/rmw_fastrtps_cpp/cmake)
[3.176s] -- Using RMW implementation 'rmw_fastrtps_cpp' as default
[3.288s] -- Found ament_lint_auto: 0.12.6 (/opt/ros/humble/share/ament_lint_auto/cmake)
[3.343s] -- Added test 'cppcheck' to perform static code analysis on C / C++ code
[3.343s] -- Configured cppcheck include dirs: 
[3.343s] -- Configured cppcheck exclude dirs and/or files: 
[3.344s] -- Added test 'lint_cmake' to check CMake code style
[3.344s] -- Added test 'uncrustify' to check C / C++ code style
[3.344s] -- Configured uncrustify additional arguments: 
[3.344s] -- Added test 'xmllint' to check XML markup files
[3.345s] -- Configuring done
[3.353s] -- Generating done
[3.355s] -- Build files have been written to: /home/tianshu/ROS2Introduction/topic_intro_ws/build/example_topic_rclcpp
[3.396s] [35m[1mConsolidate compiler generated dependencies of target topic_publisher_01[0m
[3.397s] [35m[1mConsolidate compiler generated dependencies of target topic_subscribe_01[0m
[3.421s] [ 25%] [32mBuilding CXX object CMakeFiles/topic_publisher_01.dir/src/topic_publisher_01.cpp.o[0m
[3.422s] [ 50%] [32mBuilding CXX object CMakeFiles/topic_subscribe_01.dir/src/topic_subscribe_01.cpp.o[0m
[5.620s] [ 75%] [32m[1mLinking CXX executable topic_subscribe_01[0m
[5.779s] [ 75%] Built target topic_subscribe_01
[6.712s] [100%] [32m[1mLinking CXX executable topic_publisher_01[0m
[6.909s] [100%] Built target topic_publisher_01
[6.922s] Invoked command in '/home/tianshu/ROS2Introduction/topic_intro_ws/build/example_topic_rclcpp' returned '0': CMAKE_PREFIX_PATH=${CMAKE_PREFIX_PATH}:/opt/ros/humble CONDA_PROMPT_MODIFIER=(base) WSLENV=ELECTRON_RUN_AS_NODE/w:WT_SESSION::WT_PROFILE_ID /usr/bin/cmake --build /home/tianshu/ROS2Introduction/topic_intro_ws/build/example_topic_rclcpp -- -j20 -l20
[7.063s] Invoking command in '/home/tianshu/ROS2Introduction/topic_intro_ws/build/example_topic_rclcpp': CMAKE_PREFIX_PATH=${CMAKE_PREFIX_PATH}:/opt/ros/humble CONDA_PROMPT_MODIFIER=(base) WSLENV=ELECTRON_RUN_AS_NODE/w:WT_SESSION::WT_PROFILE_ID /usr/bin/cmake --install /home/tianshu/ROS2Introduction/topic_intro_ws/build/example_topic_rclcpp
[7.074s] -- Install configuration: ""
[7.074s] -- Up-to-date: /home/tianshu/ROS2Introduction/topic_intro_ws/install/example_topic_rclcpp/share/ament_index/resource_index/package_run_dependencies/example_topic_rclcpp
[7.074s] -- Up-to-date: /home/tianshu/ROS2Introduction/topic_intro_ws/install/example_topic_rclcpp/share/ament_index/resource_index/parent_prefix_path/example_topic_rclcpp
[7.074s] -- Up-to-date: /home/tianshu/ROS2Introduction/topic_intro_ws/install/example_topic_rclcpp/share/example_topic_rclcpp/environment/ament_prefix_path.sh
[7.074s] -- Installing: /home/tianshu/ROS2Introduction/topic_intro_ws/install/example_topic_rclcpp/share/example_topic_rclcpp/environment/ament_prefix_path.dsv
[7.074s] -- Up-to-date: /home/tianshu/ROS2Introduction/topic_intro_ws/install/example_topic_rclcpp/share/example_topic_rclcpp/environment/path.sh
[7.074s] -- Installing: /home/tianshu/ROS2Introduction/topic_intro_ws/install/example_topic_rclcpp/share/example_topic_rclcpp/environment/path.dsv
[7.074s] -- Up-to-date: /home/tianshu/ROS2Introduction/topic_intro_ws/install/example_topic_rclcpp/share/example_topic_rclcpp/local_setup.bash
[7.074s] -- Up-to-date: /home/tianshu/ROS2Introduction/topic_intro_ws/install/example_topic_rclcpp/share/example_topic_rclcpp/local_setup.sh
[7.074s] -- Up-to-date: /home/tianshu/ROS2Introduction/topic_intro_ws/install/example_topic_rclcpp/share/example_topic_rclcpp/local_setup.zsh
[7.074s] -- Installing: /home/tianshu/ROS2Introduction/topic_intro_ws/install/example_topic_rclcpp/share/example_topic_rclcpp/local_setup.dsv
[7.074s] -- Installing: /home/tianshu/ROS2Introduction/topic_intro_ws/install/example_topic_rclcpp/share/example_topic_rclcpp/package.dsv
[7.075s] -- Up-to-date: /home/tianshu/ROS2Introduction/topic_intro_ws/install/example_topic_rclcpp/share/ament_index/resource_index/packages/example_topic_rclcpp
[7.075s] -- Up-to-date: /home/tianshu/ROS2Introduction/topic_intro_ws/install/example_topic_rclcpp/share/example_topic_rclcpp/cmake/example_topic_rclcppConfig.cmake
[7.075s] -- Up-to-date: /home/tianshu/ROS2Introduction/topic_intro_ws/install/example_topic_rclcpp/share/example_topic_rclcpp/cmake/example_topic_rclcppConfig-version.cmake
[7.075s] -- Up-to-date: /home/tianshu/ROS2Introduction/topic_intro_ws/install/example_topic_rclcpp/share/example_topic_rclcpp/package.xml
[7.075s] -- Installing: /home/tianshu/ROS2Introduction/topic_intro_ws/install/example_topic_rclcpp/lib/example_topic_rclcpp/topic_publisher_01
[7.076s] -- Set runtime path of "/home/tianshu/ROS2Introduction/topic_intro_ws/install/example_topic_rclcpp/lib/example_topic_rclcpp/topic_publisher_01" to ""
[7.076s] -- Installing: /home/tianshu/ROS2Introduction/topic_intro_ws/install/example_topic_rclcpp/lib/example_topic_rclcpp/topic_subscribe_01
[7.077s] -- Set runtime path of "/home/tianshu/ROS2Introduction/topic_intro_ws/install/example_topic_rclcpp/lib/example_topic_rclcpp/topic_subscribe_01" to ""
[7.079s] Invoked command in '/home/tianshu/ROS2Introduction/topic_intro_ws/build/example_topic_rclcpp' returned '0': CMAKE_PREFIX_PATH=${CMAKE_PREFIX_PATH}:/opt/ros/humble CONDA_PROMPT_MODIFIER=(base) WSLENV=ELECTRON_RUN_AS_NODE/w:WT_SESSION::WT_PROFILE_ID /usr/bin/cmake --install /home/tianshu/ROS2Introduction/topic_intro_ws/build/example_topic_rclcpp
