[35m[1mConsolidate compiler generated dependencies of target example_interfaces_control_01[0m
[35m[1mConsolidate compiler generated dependencies of target example_interfaces_robot_01[0m
[ 50%] Built target example_interfaces_robot_01
[ 75%] [32mBuilding CXX object CMakeFiles/example_interfaces_control_01.dir/src/example_interfaces_control_01.cpp.o[0m
In file included from [01m[K/opt/ros/humble/include/rclcpp/rclcpp/callback_group.hpp:24[m[K,
                 from [01m[K/opt/ros/humble/include/rclcpp/rclcpp/any_executable.hpp:20[m[K,
                 from [01m[K/opt/ros/humble/include/rclcpp/rclcpp/memory_strategy.hpp:25[m[K,
                 from [01m[K/opt/ros/humble/include/rclcpp/rclcpp/memory_strategies.hpp:18[m[K,
                 from [01m[K/opt/ros/humble/include/rclcpp/rclcpp/executor_options.hpp:20[m[K,
                 from [01m[K/opt/ros/humble/include/rclcpp/rclcpp/executor.hpp:37[m[K,
                 from [01m[K/opt/ros/humble/include/rclcpp/rclcpp/executors/multi_threaded_executor.hpp:25[m[K,
                 from [01m[K/opt/ros/humble/include/rclcpp/rclcpp/executors.hpp:21[m[K,
                 from [01m[K/opt/ros/humble/include/rclcpp/rclcpp/rclcpp.hpp:155[m[K,
                 from [01m[K/home/tianshu/ROS2Introduction/interface_intro_ws/src/example_interfaces_rclcpp/src/example_interfaces_control_01.cpp:1[m[K:
/opt/ros/humble/include/rclcpp/rclcpp/client.hpp: In instantiation of ‘[01m[Kclass rclcpp::Client<example_ros2_interfaces::msg::RobotStatus_<std::allocator<void> > >[m[K’:
[01m[K/home/tianshu/ROS2Introduction/interface_intro_ws/src/example_interfaces_rclcpp/src/example_interfaces_control_01.cpp:18:106:[m[K   required from here
[01m[K/opt/ros/humble/include/rclcpp/rclcpp/client.hpp:374:9:[m[K [01;31m[Kerror: [m[Kno type named ‘[01m[KRequest[m[K’ in ‘[01m[Kstruct example_ros2_interfaces::msg::RobotStatus_<std::allocator<void> >[m[K’
  374 |   using [01;31m[KRequest[m[K = typename ServiceT::Request;
      |         [01;31m[K^~~~~~~[m[K
[01m[K/opt/ros/humble/include/rclcpp/rclcpp/client.hpp:375:9:[m[K [01;31m[Kerror: [m[Kno type named ‘[01m[KResponse[m[K’ in ‘[01m[Kstruct example_ros2_interfaces::msg::RobotStatus_<std::allocator<void> >[m[K’
  375 |   using [01;31m[KResponse[m[K = typename ServiceT::Response;
      |         [01;31m[K^~~~~~~~[m[K
[01m[K/opt/ros/humble/include/rclcpp/rclcpp/client.hpp:377:9:[m[K [01;31m[Kerror: [m[Kno type named ‘[01m[KRequest[m[K’ in ‘[01m[Kstruct example_ros2_interfaces::msg::RobotStatus_<std::allocator<void> >[m[K’
  377 |   using [01;31m[KSharedRequest[m[K = typename ServiceT::Request::SharedPtr;
      |         [01;31m[K^~~~~~~~~~~~~[m[K
[01m[K/opt/ros/humble/include/rclcpp/rclcpp/client.hpp:378:9:[m[K [01;31m[Kerror: [m[Kno type named ‘[01m[KResponse[m[K’ in ‘[01m[Kstruct example_ros2_interfaces::msg::RobotStatus_<std::allocator<void> >[m[K’
  378 |   using [01;31m[KSharedResponse[m[K = typename ServiceT::Response::SharedPtr;
      |         [01;31m[K^~~~~~~~~~~~~~[m[K
[01m[K/opt/ros/humble/include/rclcpp/rclcpp/client.hpp:380:9:[m[K [01;31m[Kerror: [m[Kno type named ‘[01m[KResponse[m[K’ in ‘[01m[Kstruct example_ros2_interfaces::msg::RobotStatus_<std::allocator<void> >[m[K’
  380 |   using [01;31m[KPromise[m[K = std::promise<SharedResponse>;
      |         [01;31m[K^~~~~~~[m[K
[01m[K/opt/ros/humble/include/rclcpp/rclcpp/client.hpp:381:9:[m[K [01;31m[Kerror: [m[Kno type named ‘[01m[KRequest[m[K’ in ‘[01m[Kstruct example_ros2_interfaces::msg::RobotStatus_<std::allocator<void> >[m[K’
  381 |   using [01;31m[KPromiseWithRequest[m[K = std::promise<std::pair<SharedRequest, SharedResponse>>;
      |         [01;31m[K^~~~~~~~~~~~~~~~~~[m[K
[01m[K/opt/ros/humble/include/rclcpp/rclcpp/client.hpp:383:9:[m[K [01;31m[Kerror: [m[Kno type named ‘[01m[KResponse[m[K’ in ‘[01m[Kstruct example_ros2_interfaces::msg::RobotStatus_<std::allocator<void> >[m[K’
  383 |   using [01;31m[KSharedPromise[m[K = std::shared_ptr<Promise>;
      |         [01;31m[K^~~~~~~~~~~~~[m[K
[01m[K/opt/ros/humble/include/rclcpp/rclcpp/client.hpp:384:9:[m[K [01;31m[Kerror: [m[Kno type named ‘[01m[KRequest[m[K’ in ‘[01m[Kstruct example_ros2_interfaces::msg::RobotStatus_<std::allocator<void> >[m[K’
  384 |   using [01;31m[KSharedPromiseWithRequest[m[K = std::shared_ptr<PromiseWithRequest>;
      |         [01;31m[K^~~~~~~~~~~~~~~~~~~~~~~~[m[K
[01m[K/opt/ros/humble/include/rclcpp/rclcpp/client.hpp:386:9:[m[K [01;31m[Kerror: [m[Kno type named ‘[01m[KResponse[m[K’ in ‘[01m[Kstruct example_ros2_interfaces::msg::RobotStatus_<std::allocator<void> >[m[K’
  386 |   using [01;31m[KFuture[m[K = std::future<SharedResponse>;
      |         [01;31m[K^~~~~~[m[K
[01m[K/opt/ros/humble/include/rclcpp/rclcpp/client.hpp:387:9:[m[K [01;31m[Kerror: [m[Kno type named ‘[01m[KResponse[m[K’ in ‘[01m[Kstruct example_ros2_interfaces::msg::RobotStatus_<std::allocator<void> >[m[K’
  387 |   using [01;31m[KSharedFuture[m[K = std::shared_future<SharedResponse>;
      |         [01;31m[K^~~~~~~~~~~~[m[K
[01m[K/opt/ros/humble/include/rclcpp/rclcpp/client.hpp:388:9:[m[K [01;31m[Kerror: [m[Kno type named ‘[01m[KRequest[m[K’ in ‘[01m[Kstruct example_ros2_interfaces::msg::RobotStatus_<std::allocator<void> >[m[K’
  388 |   using [01;31m[KSharedFutureWithRequest[m[K = std::shared_future<std::pair<SharedRequest, SharedResponse>>;
      |         [01;31m[K^~~~~~~~~~~~~~~~~~~~~~~[m[K
[01m[K/opt/ros/humble/include/rclcpp/rclcpp/client.hpp:390:9:[m[K [01;31m[Kerror: [m[Kno type named ‘[01m[KResponse[m[K’ in ‘[01m[Kstruct example_ros2_interfaces::msg::RobotStatus_<std::allocator<void> >[m[K’
  390 |   using [01;31m[KCallbackType[m[K = std::function<void (SharedFuture)>;
      |         [01;31m[K^~~~~~~~~~~~[m[K
[01m[K/opt/ros/humble/include/rclcpp/rclcpp/client.hpp:391:9:[m[K [01;31m[Kerror: [m[Kno type named ‘[01m[KRequest[m[K’ in ‘[01m[Kstruct example_ros2_interfaces::msg::RobotStatus_<std::allocator<void> >[m[K’
  391 |   using [01;31m[KCallbackWithRequestType[m[K = std::function<void (SharedFutureWithRequest)>;
      |         [01;31m[K^~~~~~~~~~~~~~~~~~~~~~~[m[K
[01m[K/opt/ros/humble/include/rclcpp/rclcpp/client.hpp:513:3:[m[K [01;31m[Kerror: [m[Kno type named ‘[01m[KResponse[m[K’ in ‘[01m[Kstruct example_ros2_interfaces::msg::RobotStatus_<std::allocator<void> >[m[K’
  513 |   [01;31m[Ktake_response[m[K(typename ServiceT::Response & response_out, rmw_request_id_t & request_header_out)
      |   [01;31m[K^~~~~~~~~~~~~[m[K
[01m[K/opt/ros/humble/include/rclcpp/rclcpp/client.hpp:643:3:[m[K [01;31m[Kerror: [m[Kno type named ‘[01m[KResponse[m[K’ in ‘[01m[Kstruct example_ros2_interfaces::msg::RobotStatus_<std::allocator<void> >[m[K’
  643 |   [01;31m[Kasync_send_request[m[K(SharedRequest request, CallbackT && cb)
      |   [01;31m[K^~~~~~~~~~~~~~~~~~[m[K
[01m[K/opt/ros/humble/include/rclcpp/rclcpp/client.hpp:674:3:[m[K [01;31m[Kerror: [m[Kno type named ‘[01m[KRequest[m[K’ in ‘[01m[Kstruct example_ros2_interfaces::msg::RobotStatus_<std::allocator<void> >[m[K’
  674 |   [01;31m[Kasync_send_request[m[K(SharedRequest request, CallbackT && cb)
      |   [01;31m[K^~~~~~~~~~~~~~~~~~[m[K
[01m[K/opt/ros/humble/include/rclcpp/rclcpp/client.hpp:784:9:[m[K [01;31m[Kerror: [m[Kno type named ‘[01m[KResponse[m[K’ in ‘[01m[Kstruct example_ros2_interfaces::msg::RobotStatus_<std::allocator<void> >[m[K’
  784 |   using [01;31m[KCallbackTypeValueVariant[m[K = std::tuple<CallbackType, SharedFuture, Promise>;
      |         [01;31m[K^~~~~~~~~~~~~~~~~~~~~~~~[m[K
[01m[K/opt/ros/humble/include/rclcpp/rclcpp/client.hpp:785:9:[m[K [01;31m[Kerror: [m[Kno type named ‘[01m[KRequest[m[K’ in ‘[01m[Kstruct example_ros2_interfaces::msg::RobotStatus_<std::allocator<void> >[m[K’
  785 |   using [01;31m[KCallbackWithRequestTypeValueVariant[m[K = std::tuple<
      |         [01;31m[K^~~~~~~~~~~~~~~~~~~~~~~~~~~~~~~~~~~[m[K
[01m[K/opt/ros/humble/include/rclcpp/rclcpp/client.hpp:788:9:[m[K [01;31m[Kerror: [m[Kno type named ‘[01m[KResponse[m[K’ in ‘[01m[Kstruct example_ros2_interfaces::msg::RobotStatus_<std::allocator<void> >[m[K’
  788 |   using [01;31m[KCallbackInfoVariant[m[K = std::variant<
      |         [01;31m[K^~~~~~~~~~~~~~~~~~~[m[K
[01m[K/opt/ros/humble/include/rclcpp/rclcpp/client.hpp:809:3:[m[K [01;31m[Kerror: [m[Kno type named ‘[01m[KResponse[m[K’ in ‘[01m[Kstruct example_ros2_interfaces::msg::RobotStatus_<std::allocator<void> >[m[K’
  809 |   [01;31m[Kget_and_erase_pending_request[m[K(int64_t request_number)
      |   [01;31m[K^~~~~~~~~~~~~~~~~~~~~~~~~~~~~[m[K
[01m[K/opt/ros/humble/include/rclcpp/rclcpp/client.hpp:831:3:[m[K [01;31m[Kerror: [m[Kno type named ‘[01m[KResponse[m[K’ in ‘[01m[Kstruct example_ros2_interfaces::msg::RobotStatus_<std::allocator<void> >[m[K’
  831 |   [01;31m[Kpending_requests_[m[K;
      |   [01;31m[K^~~~~~~~~~~~~~~~~[m[K
[01m[K/home/tianshu/ROS2Introduction/interface_intro_ws/src/example_interfaces_rclcpp/src/example_interfaces_control_01.cpp:18:6:[m[K [01;31m[Kerror: [m[Kno declaration matches ‘[01m[Kvoid ExampleInterfacesControl::result_callback_(...)[m[K’
   18 | void [01;31m[KExampleInterfacesControl[m[K::result_callback_(rclcpp::Client<example_ros2_interfaces::msg::RobotStatus>::SharedFuture result_future)
      |      [01;31m[K^~~~~~~~~~~~~~~~~~~~~~~~[m[K
[01m[K/home/tianshu/ROS2Introduction/interface_intro_ws/src/example_interfaces_rclcpp/src/example_interfaces_control_01.cpp:11:10:[m[K [01;36m[Knote: [m[Kcandidate is: ‘[01m[Kvoid ExampleInterfacesControl::result_callback_(rclcpp::Client<example_ros2_interfaces::srv::MoveRobot>::SharedFuture)[m[K’
   11 |     void [01;36m[Kresult_callback_[m[K(rclcpp::Client<example_ros2_interfaces::srv::MoveRobot>::SharedFuture result_future);
      |          [01;36m[K^~~~~~~~~~~~~~~~[m[K
[01m[K/home/tianshu/ROS2Introduction/interface_intro_ws/src/example_interfaces_rclcpp/src/example_interfaces_control_01.cpp:6:7:[m[K [01;36m[Knote: [m[K‘[01m[Kclass ExampleInterfacesControl[m[K’ defined here
    6 | class [01;36m[KExampleInterfacesControl[m[K : public rclcpp::Node
      |       [01;36m[K^~~~~~~~~~~~~~~~~~~~~~~~[m[K
gmake[2]: *** [CMakeFiles/example_interfaces_control_01.dir/build.make:76: CMakeFiles/example_interfaces_control_01.dir/src/example_interfaces_control_01.cpp.o] Error 1
gmake[1]: *** [CMakeFiles/Makefile2:165: CMakeFiles/example_interfaces_control_01.dir/all] Error 2
gmake: *** [Makefile:146: all] Error 2
