[0.210s] DEBUG:colcon:Command line arguments: ['/usr/bin/colcon', 'build', '--packages-up-to', 'example_action_rclcpp']
[0.210s] DEBUG:colcon:Parsed command line arguments: Namespace(log_base=None, log_level=None, verb_name='build', build_base='build', install_base='install', merge_install=False, symlink_install=False, test_result_base=None, continue_on_error=False, executor='parallel', parallel_workers=20, event_handlers=None, ignore_user_meta=False, metas=['./colcon.meta'], base_paths=['.'], packages_ignore=None, packages_ignore_regex=None, paths=None, packages_up_to=['example_action_rclcpp'], packages_up_to_regex=None, packages_above=None, packages_above_and_dependencies=None, packages_above_depth=None, packages_select_by_dep=None, packages_skip_by_dep=None, packages_skip_up_to=None, packages_select_build_failed=False, packages_skip_build_finished=False, packages_select_test_failures=False, packages_skip_test_passed=False, packages_select=None, packages_skip=None, packages_select_regex=None, packages_skip_regex=None, packages_start=None, packages_end=None, allow_overriding=[], cmake_args=None, cmake_target=None, cmake_target_skip_unavailable=False, cmake_clean_cache=False, cmake_clean_first=False, cmake_force_configure=False, ament_cmake_args=None, catkin_cmake_args=None, catkin_skip_building_tests=False, verb_parser=<colcon_defaults.argument_parser.defaults.DefaultArgumentsDecorator object at 0x7f5d71831720>, verb_extension=<colcon_core.verb.build.BuildVerb object at 0x7f5d718311b0>, main=<bound method BuildVerb.main of <colcon_core.verb.build.BuildVerb object at 0x7f5d718311b0>>)
[0.225s] Level 1:colcon.colcon_core.package_discovery:discover_packages(colcon_meta) check parameters
[0.225s] Level 1:colcon.colcon_core.package_discovery:discover_packages(recursive) check parameters
[0.225s] Level 1:colcon.colcon_core.package_discovery:discover_packages(ignore) check parameters
[0.225s] Level 1:colcon.colcon_core.package_discovery:discover_packages(path) check parameters
[0.225s] Level 1:colcon.colcon_core.package_discovery:discover_packages(colcon_meta) discover
[0.225s] Level 1:colcon.colcon_core.package_discovery:discover_packages(recursive) discover
[0.225s] INFO:colcon.colcon_core.package_discovery:Crawling recursively for packages in '/home/tianshu/ROS2Introduction/action_intro_ws'
[0.225s] Level 1:colcon.colcon_core.package_identification:_identify(.) by extensions ['ignore', 'ignore_ament_install']
[0.225s] Level 1:colcon.colcon_core.package_identification:_identify(.) by extension 'ignore'
[0.225s] Level 1:colcon.colcon_core.package_identification:_identify(.) by extension 'ignore_ament_install'
[0.225s] Level 1:colcon.colcon_core.package_identification:_identify(.) by extensions ['colcon_pkg']
[0.225s] Level 1:colcon.colcon_core.package_identification:_identify(.) by extension 'colcon_pkg'
[0.225s] Level 1:colcon.colcon_core.package_identification:_identify(.) by extensions ['colcon_meta']
[0.225s] Level 1:colcon.colcon_core.package_identification:_identify(.) by extension 'colcon_meta'
[0.225s] Level 1:colcon.colcon_core.package_identification:_identify(.) by extensions ['ros']
[0.225s] Level 1:colcon.colcon_core.package_identification:_identify(.) by extension 'ros'
[0.231s] Level 1:colcon.colcon_core.package_identification:_identify(.) by extensions ['cmake', 'python']
[0.231s] Level 1:colcon.colcon_core.package_identification:_identify(.) by extension 'cmake'
[0.231s] Level 1:colcon.colcon_core.package_identification:_identify(.) by extension 'python'
[0.231s] Level 1:colcon.colcon_core.package_identification:_identify(.) by extensions ['python_setup_py']
[0.231s] Level 1:colcon.colcon_core.package_identification:_identify(.) by extension 'python_setup_py'
[0.231s] Level 1:colcon.colcon_core.package_identification:_identify(build) by extensions ['ignore', 'ignore_ament_install']
[0.232s] Level 1:colcon.colcon_core.package_identification:_identify(build) by extension 'ignore'
[0.232s] Level 1:colcon.colcon_core.package_identification:_identify(build) ignored
[0.232s] Level 1:colcon.colcon_core.package_identification:_identify(install) by extensions ['ignore', 'ignore_ament_install']
[0.232s] Level 1:colcon.colcon_core.package_identification:_identify(install) by extension 'ignore'
[0.232s] Level 1:colcon.colcon_core.package_identification:_identify(install) ignored
[0.232s] Level 1:colcon.colcon_core.package_identification:_identify(log) by extensions ['ignore', 'ignore_ament_install']
[0.232s] Level 1:colcon.colcon_core.package_identification:_identify(log) by extension 'ignore'
[0.232s] Level 1:colcon.colcon_core.package_identification:_identify(log) ignored
[0.232s] Level 1:colcon.colcon_core.package_identification:_identify(src) by extensions ['ignore', 'ignore_ament_install']
[0.232s] Level 1:colcon.colcon_core.package_identification:_identify(src) by extension 'ignore'
[0.232s] Level 1:colcon.colcon_core.package_identification:_identify(src) by extension 'ignore_ament_install'
[0.232s] Level 1:colcon.colcon_core.package_identification:_identify(src) by extensions ['colcon_pkg']
[0.232s] Level 1:colcon.colcon_core.package_identification:_identify(src) by extension 'colcon_pkg'
[0.232s] Level 1:colcon.colcon_core.package_identification:_identify(src) by extensions ['colcon_meta']
[0.232s] Level 1:colcon.colcon_core.package_identification:_identify(src) by extension 'colcon_meta'
[0.232s] Level 1:colcon.colcon_core.package_identification:_identify(src) by extensions ['ros']
[0.232s] Level 1:colcon.colcon_core.package_identification:_identify(src) by extension 'ros'
[0.232s] Level 1:colcon.colcon_core.package_identification:_identify(src) by extensions ['cmake', 'python']
[0.232s] Level 1:colcon.colcon_core.package_identification:_identify(src) by extension 'cmake'
[0.232s] Level 1:colcon.colcon_core.package_identification:_identify(src) by extension 'python'
[0.232s] Level 1:colcon.colcon_core.package_identification:_identify(src) by extensions ['python_setup_py']
[0.232s] Level 1:colcon.colcon_core.package_identification:_identify(src) by extension 'python_setup_py'
[0.232s] Level 1:colcon.colcon_core.package_identification:_identify(src/example_action_rclcpp) by extensions ['ignore', 'ignore_ament_install']
[0.232s] Level 1:colcon.colcon_core.package_identification:_identify(src/example_action_rclcpp) by extension 'ignore'
[0.232s] Level 1:colcon.colcon_core.package_identification:_identify(src/example_action_rclcpp) by extension 'ignore_ament_install'
[0.232s] Level 1:colcon.colcon_core.package_identification:_identify(src/example_action_rclcpp) by extensions ['colcon_pkg']
[0.232s] Level 1:colcon.colcon_core.package_identification:_identify(src/example_action_rclcpp) by extension 'colcon_pkg'
[0.232s] Level 1:colcon.colcon_core.package_identification:_identify(src/example_action_rclcpp) by extensions ['colcon_meta']
[0.232s] Level 1:colcon.colcon_core.package_identification:_identify(src/example_action_rclcpp) by extension 'colcon_meta'
[0.232s] Level 1:colcon.colcon_core.package_identification:_identify(src/example_action_rclcpp) by extensions ['ros']
[0.232s] Level 1:colcon.colcon_core.package_identification:_identify(src/example_action_rclcpp) by extension 'ros'
[0.234s] DEBUG:colcon.colcon_core.package_identification:Package 'src/example_action_rclcpp' with type 'ros.ament_cmake' and name 'example_action_rclcpp'
[0.234s] Level 1:colcon.colcon_core.package_identification:_identify(src/robot_control_interface) by extensions ['ignore', 'ignore_ament_install']
[0.234s] Level 1:colcon.colcon_core.package_identification:_identify(src/robot_control_interface) by extension 'ignore'
[0.234s] Level 1:colcon.colcon_core.package_identification:_identify(src/robot_control_interface) by extension 'ignore_ament_install'
[0.234s] Level 1:colcon.colcon_core.package_identification:_identify(src/robot_control_interface) by extensions ['colcon_pkg']
[0.234s] Level 1:colcon.colcon_core.package_identification:_identify(src/robot_control_interface) by extension 'colcon_pkg'
[0.234s] Level 1:colcon.colcon_core.package_identification:_identify(src/robot_control_interface) by extensions ['colcon_meta']
[0.234s] Level 1:colcon.colcon_core.package_identification:_identify(src/robot_control_interface) by extension 'colcon_meta'
[0.234s] Level 1:colcon.colcon_core.package_identification:_identify(src/robot_control_interface) by extensions ['ros']
[0.234s] Level 1:colcon.colcon_core.package_identification:_identify(src/robot_control_interface) by extension 'ros'
[0.235s] DEBUG:colcon.colcon_core.package_identification:Package 'src/robot_control_interface' with type 'ros.ament_cmake' and name 'robot_control_interface'
[0.235s] Level 1:colcon.colcon_core.package_discovery:discover_packages(recursive) using defaults
[0.235s] Level 1:colcon.colcon_core.package_discovery:discover_packages(ignore) discover
[0.235s] Level 1:colcon.colcon_core.package_discovery:discover_packages(ignore) using defaults
[0.235s] Level 1:colcon.colcon_core.package_discovery:discover_packages(path) discover
[0.235s] Level 1:colcon.colcon_core.package_discovery:discover_packages(path) using defaults
[0.248s] Level 1:colcon.colcon_core.package_discovery:discover_packages(prefix_path) check parameters
[0.248s] Level 1:colcon.colcon_core.package_discovery:discover_packages(prefix_path) discover
[0.250s] DEBUG:colcon.colcon_installed_package_information.package_discovery:Found 284 installed packages in /opt/ros/humble
[0.251s] Level 1:colcon.colcon_core.package_discovery:discover_packages(prefix_path) using defaults
[0.281s] Level 5:colcon.colcon_core.verb:set package 'robot_control_interface' build argument 'cmake_args' from command line to 'None'
[0.281s] Level 5:colcon.colcon_core.verb:set package 'robot_control_interface' build argument 'cmake_target' from command line to 'None'
[0.281s] Level 5:colcon.colcon_core.verb:set package 'robot_control_interface' build argument 'cmake_target_skip_unavailable' from command line to 'False'
[0.281s] Level 5:colcon.colcon_core.verb:set package 'robot_control_interface' build argument 'cmake_clean_cache' from command line to 'False'
[0.281s] Level 5:colcon.colcon_core.verb:set package 'robot_control_interface' build argument 'cmake_clean_first' from command line to 'False'
[0.281s] Level 5:colcon.colcon_core.verb:set package 'robot_control_interface' build argument 'cmake_force_configure' from command line to 'False'
[0.281s] Level 5:colcon.colcon_core.verb:set package 'robot_control_interface' build argument 'ament_cmake_args' from command line to 'None'
[0.281s] Level 5:colcon.colcon_core.verb:set package 'robot_control_interface' build argument 'catkin_cmake_args' from command line to 'None'
[0.281s] Level 5:colcon.colcon_core.verb:set package 'robot_control_interface' build argument 'catkin_skip_building_tests' from command line to 'False'
[0.281s] DEBUG:colcon.colcon_core.verb:Building package 'robot_control_interface' with the following arguments: {'ament_cmake_args': None, 'build_base': '/home/tianshu/ROS2Introduction/action_intro_ws/build/robot_control_interface', 'catkin_cmake_args': None, 'catkin_skip_building_tests': False, 'cmake_args': None, 'cmake_clean_cache': False, 'cmake_clean_first': False, 'cmake_force_configure': False, 'cmake_target': None, 'cmake_target_skip_unavailable': False, 'install_base': '/home/tianshu/ROS2Introduction/action_intro_ws/install/robot_control_interface', 'merge_install': False, 'path': '/home/tianshu/ROS2Introduction/action_intro_ws/src/robot_control_interface', 'symlink_install': False, 'test_result_base': None}
[0.282s] Level 5:colcon.colcon_core.verb:set package 'example_action_rclcpp' build argument 'cmake_args' from command line to 'None'
[0.282s] Level 5:colcon.colcon_core.verb:set package 'example_action_rclcpp' build argument 'cmake_target' from command line to 'None'
[0.282s] Level 5:colcon.colcon_core.verb:set package 'example_action_rclcpp' build argument 'cmake_target_skip_unavailable' from command line to 'False'
[0.282s] Level 5:colcon.colcon_core.verb:set package 'example_action_rclcpp' build argument 'cmake_clean_cache' from command line to 'False'
[0.282s] Level 5:colcon.colcon_core.verb:set package 'example_action_rclcpp' build argument 'cmake_clean_first' from command line to 'False'
[0.282s] Level 5:colcon.colcon_core.verb:set package 'example_action_rclcpp' build argument 'cmake_force_configure' from command line to 'False'
[0.282s] Level 5:colcon.colcon_core.verb:set package 'example_action_rclcpp' build argument 'ament_cmake_args' from command line to 'None'
[0.282s] Level 5:colcon.colcon_core.verb:set package 'example_action_rclcpp' build argument 'catkin_cmake_args' from command line to 'None'
[0.282s] Level 5:colcon.colcon_core.verb:set package 'example_action_rclcpp' build argument 'catkin_skip_building_tests' from command line to 'False'
[0.282s] DEBUG:colcon.colcon_core.verb:Building package 'example_action_rclcpp' with the following arguments: {'ament_cmake_args': None, 'build_base': '/home/tianshu/ROS2Introduction/action_intro_ws/build/example_action_rclcpp', 'catkin_cmake_args': None, 'catkin_skip_building_tests': False, 'cmake_args': None, 'cmake_clean_cache': False, 'cmake_clean_first': False, 'cmake_force_configure': False, 'cmake_target': None, 'cmake_target_skip_unavailable': False, 'install_base': '/home/tianshu/ROS2Introduction/action_intro_ws/install/example_action_rclcpp', 'merge_install': False, 'path': '/home/tianshu/ROS2Introduction/action_intro_ws/src/example_action_rclcpp', 'symlink_install': False, 'test_result_base': None}
[0.282s] INFO:colcon.colcon_core.executor:Executing jobs using 'parallel' executor
[0.284s] DEBUG:colcon.colcon_parallel_executor.executor.parallel:run_until_complete
[0.284s] INFO:colcon.colcon_ros.task.ament_cmake.build:Building ROS package in '/home/tianshu/ROS2Introduction/action_intro_ws/src/robot_control_interface' with build type 'ament_cmake'
[0.284s] INFO:colcon.colcon_cmake.task.cmake.build:Building CMake package in '/home/tianshu/ROS2Introduction/action_intro_ws/src/robot_control_interface'
[0.287s] INFO:colcon.colcon_core.plugin_system:Skipping extension 'colcon_core.shell.bat': Not used on non-Windows systems
[0.288s] INFO:colcon.colcon_core.shell:Skip shell extension 'powershell' for command environment: Not usable outside of PowerShell
[0.288s] DEBUG:colcon.colcon_core.shell:Skip shell extension 'dsv' for command environment
[0.307s] DEBUG:colcon.colcon_core.event_handler.log_command:Invoking command in '/home/tianshu/ROS2Introduction/action_intro_ws/build/robot_control_interface': CMAKE_PREFIX_PATH=/opt/ros/humble CONDA_PROMPT_MODIFIER=(base) WSLENV=ELECTRON_RUN_AS_NODE/w:WT_SESSION::WT_PROFILE_ID /usr/bin/cmake --build /home/tianshu/ROS2Introduction/action_intro_ws/build/robot_control_interface -- -j20 -l20
[0.607s] DEBUG:colcon.colcon_core.event_handler.log_command:Invoked command in '/home/tianshu/ROS2Introduction/action_intro_ws/build/robot_control_interface' returned '0': CMAKE_PREFIX_PATH=/opt/ros/humble CONDA_PROMPT_MODIFIER=(base) WSLENV=ELECTRON_RUN_AS_NODE/w:WT_SESSION::WT_PROFILE_ID /usr/bin/cmake --build /home/tianshu/ROS2Introduction/action_intro_ws/build/robot_control_interface -- -j20 -l20
[0.743s] DEBUG:colcon.colcon_core.event_handler.log_command:Invoking command in '/home/tianshu/ROS2Introduction/action_intro_ws/build/robot_control_interface': CMAKE_PREFIX_PATH=/opt/ros/humble CONDA_PROMPT_MODIFIER=(base) WSLENV=ELECTRON_RUN_AS_NODE/w:WT_SESSION::WT_PROFILE_ID /usr/bin/cmake --install /home/tianshu/ROS2Introduction/action_intro_ws/build/robot_control_interface
[0.787s] Level 1:colcon.colcon_core.environment:create_environment_scripts_only(robot_control_interface)
[0.787s] DEBUG:colcon.colcon_core.event_handler.log_command:Invoked command in '/home/tianshu/ROS2Introduction/action_intro_ws/build/robot_control_interface' returned '0': CMAKE_PREFIX_PATH=/opt/ros/humble CONDA_PROMPT_MODIFIER=(base) WSLENV=ELECTRON_RUN_AS_NODE/w:WT_SESSION::WT_PROFILE_ID /usr/bin/cmake --install /home/tianshu/ROS2Introduction/action_intro_ws/build/robot_control_interface
[0.790s] Level 1:colcon.colcon_core.environment:checking '/home/tianshu/ROS2Introduction/action_intro_ws/install/robot_control_interface' for CMake module files
[0.790s] Level 1:colcon.colcon_core.environment:checking '/home/tianshu/ROS2Introduction/action_intro_ws/install/robot_control_interface' for CMake config files
[0.790s] Level 1:colcon.colcon_core.shell:create_environment_hook('robot_control_interface', 'cmake_prefix_path')
[0.791s] INFO:colcon.colcon_core.shell:Creating environment hook '/home/tianshu/ROS2Introduction/action_intro_ws/install/robot_control_interface/share/robot_control_interface/hook/cmake_prefix_path.ps1'
[0.792s] INFO:colcon.colcon_core.shell:Creating environment descriptor '/home/tianshu/ROS2Introduction/action_intro_ws/install/robot_control_interface/share/robot_control_interface/hook/cmake_prefix_path.dsv'
[0.792s] INFO:colcon.colcon_core.shell:Creating environment hook '/home/tianshu/ROS2Introduction/action_intro_ws/install/robot_control_interface/share/robot_control_interface/hook/cmake_prefix_path.sh'
[0.792s] Level 1:colcon.colcon_core.environment:checking '/home/tianshu/ROS2Introduction/action_intro_ws/install/robot_control_interface/lib'
[0.792s] Level 1:colcon.colcon_core.shell:create_environment_hook('robot_control_interface', 'ld_library_path_lib')
[0.793s] INFO:colcon.colcon_core.shell:Creating environment hook '/home/tianshu/ROS2Introduction/action_intro_ws/install/robot_control_interface/share/robot_control_interface/hook/ld_library_path_lib.ps1'
[0.793s] INFO:colcon.colcon_core.shell:Creating environment descriptor '/home/tianshu/ROS2Introduction/action_intro_ws/install/robot_control_interface/share/robot_control_interface/hook/ld_library_path_lib.dsv'
[0.793s] INFO:colcon.colcon_core.shell:Creating environment hook '/home/tianshu/ROS2Introduction/action_intro_ws/install/robot_control_interface/share/robot_control_interface/hook/ld_library_path_lib.sh'
[0.794s] Level 1:colcon.colcon_core.environment:checking '/home/tianshu/ROS2Introduction/action_intro_ws/install/robot_control_interface/bin'
[0.794s] Level 1:colcon.colcon_core.environment:checking '/home/tianshu/ROS2Introduction/action_intro_ws/install/robot_control_interface/lib/pkgconfig/robot_control_interface.pc'
[0.794s] Level 1:colcon.colcon_core.environment:checking '/home/tianshu/ROS2Introduction/action_intro_ws/install/robot_control_interface/lib/python3.10/site-packages'
[0.794s] Level 1:colcon.colcon_core.environment:checking '/home/tianshu/ROS2Introduction/action_intro_ws/install/robot_control_interface/bin'
[0.795s] INFO:colcon.colcon_core.shell:Creating package script '/home/tianshu/ROS2Introduction/action_intro_ws/install/robot_control_interface/share/robot_control_interface/package.ps1'
[0.795s] INFO:colcon.colcon_core.shell:Creating package descriptor '/home/tianshu/ROS2Introduction/action_intro_ws/install/robot_control_interface/share/robot_control_interface/package.dsv'
[0.795s] INFO:colcon.colcon_core.shell:Creating package script '/home/tianshu/ROS2Introduction/action_intro_ws/install/robot_control_interface/share/robot_control_interface/package.sh'
[0.796s] INFO:colcon.colcon_core.shell:Creating package script '/home/tianshu/ROS2Introduction/action_intro_ws/install/robot_control_interface/share/robot_control_interface/package.bash'
[0.796s] INFO:colcon.colcon_core.shell:Creating package script '/home/tianshu/ROS2Introduction/action_intro_ws/install/robot_control_interface/share/robot_control_interface/package.zsh'
[0.796s] Level 1:colcon.colcon_core.environment:create_file_with_runtime_dependencies(/home/tianshu/ROS2Introduction/action_intro_ws/install/robot_control_interface/share/colcon-core/packages/robot_control_interface)
[0.949s] Level 1:colcon.colcon_core.environment:create_environment_scripts_only(robot_control_interface)
[0.950s] Level 1:colcon.colcon_core.environment:checking '/home/tianshu/ROS2Introduction/action_intro_ws/install/robot_control_interface' for CMake module files
[0.950s] Level 1:colcon.colcon_core.environment:checking '/home/tianshu/ROS2Introduction/action_intro_ws/install/robot_control_interface' for CMake config files
[0.950s] Level 1:colcon.colcon_core.shell:create_environment_hook('robot_control_interface', 'cmake_prefix_path')
[0.951s] INFO:colcon.colcon_core.shell:Creating environment hook '/home/tianshu/ROS2Introduction/action_intro_ws/install/robot_control_interface/share/robot_control_interface/hook/cmake_prefix_path.ps1'
[0.952s] INFO:colcon.colcon_core.shell:Creating environment descriptor '/home/tianshu/ROS2Introduction/action_intro_ws/install/robot_control_interface/share/robot_control_interface/hook/cmake_prefix_path.dsv'
[0.952s] INFO:colcon.colcon_core.shell:Creating environment hook '/home/tianshu/ROS2Introduction/action_intro_ws/install/robot_control_interface/share/robot_control_interface/hook/cmake_prefix_path.sh'
[0.952s] Level 1:colcon.colcon_core.environment:checking '/home/tianshu/ROS2Introduction/action_intro_ws/install/robot_control_interface/lib'
[0.952s] Level 1:colcon.colcon_core.shell:create_environment_hook('robot_control_interface', 'ld_library_path_lib')
[0.953s] INFO:colcon.colcon_core.shell:Creating environment hook '/home/tianshu/ROS2Introduction/action_intro_ws/install/robot_control_interface/share/robot_control_interface/hook/ld_library_path_lib.ps1'
[0.953s] INFO:colcon.colcon_core.shell:Creating environment descriptor '/home/tianshu/ROS2Introduction/action_intro_ws/install/robot_control_interface/share/robot_control_interface/hook/ld_library_path_lib.dsv'
[0.953s] INFO:colcon.colcon_core.shell:Creating environment hook '/home/tianshu/ROS2Introduction/action_intro_ws/install/robot_control_interface/share/robot_control_interface/hook/ld_library_path_lib.sh'
[0.954s] Level 1:colcon.colcon_core.environment:checking '/home/tianshu/ROS2Introduction/action_intro_ws/install/robot_control_interface/bin'
[0.954s] Level 1:colcon.colcon_core.environment:checking '/home/tianshu/ROS2Introduction/action_intro_ws/install/robot_control_interface/lib/pkgconfig/robot_control_interface.pc'
[0.954s] Level 1:colcon.colcon_core.environment:checking '/home/tianshu/ROS2Introduction/action_intro_ws/install/robot_control_interface/lib/python3.10/site-packages'
[0.954s] Level 1:colcon.colcon_core.environment:checking '/home/tianshu/ROS2Introduction/action_intro_ws/install/robot_control_interface/bin'
[0.955s] INFO:colcon.colcon_core.shell:Creating package script '/home/tianshu/ROS2Introduction/action_intro_ws/install/robot_control_interface/share/robot_control_interface/package.ps1'
[0.955s] INFO:colcon.colcon_core.shell:Creating package descriptor '/home/tianshu/ROS2Introduction/action_intro_ws/install/robot_control_interface/share/robot_control_interface/package.dsv'
[0.955s] INFO:colcon.colcon_core.shell:Creating package script '/home/tianshu/ROS2Introduction/action_intro_ws/install/robot_control_interface/share/robot_control_interface/package.sh'
[0.955s] INFO:colcon.colcon_core.shell:Creating package script '/home/tianshu/ROS2Introduction/action_intro_ws/install/robot_control_interface/share/robot_control_interface/package.bash'
[0.956s] INFO:colcon.colcon_core.shell:Creating package script '/home/tianshu/ROS2Introduction/action_intro_ws/install/robot_control_interface/share/robot_control_interface/package.zsh'
[0.956s] Level 1:colcon.colcon_core.environment:create_file_with_runtime_dependencies(/home/tianshu/ROS2Introduction/action_intro_ws/install/robot_control_interface/share/colcon-core/packages/robot_control_interface)
[0.956s] INFO:colcon.colcon_ros.task.ament_cmake.build:Building ROS package in '/home/tianshu/ROS2Introduction/action_intro_ws/src/example_action_rclcpp' with build type 'ament_cmake'
[0.956s] INFO:colcon.colcon_cmake.task.cmake.build:Building CMake package in '/home/tianshu/ROS2Introduction/action_intro_ws/src/example_action_rclcpp'
[0.957s] INFO:colcon.colcon_core.shell:Skip shell extension 'powershell' for command environment: Not usable outside of PowerShell
[0.957s] DEBUG:colcon.colcon_core.shell:Skip shell extension 'dsv' for command environment
[1.007s] DEBUG:colcon.colcon_core.event_handler.log_command:Invoking command in '/home/tianshu/ROS2Introduction/action_intro_ws/build/example_action_rclcpp': AMENT_PREFIX_PATH=/home/tianshu/ROS2Introduction/action_intro_ws/install/robot_control_interface:${AMENT_PREFIX_PATH} CMAKE_PREFIX_PATH=/home/tianshu/ROS2Introduction/action_intro_ws/install/robot_control_interface:/opt/ros/humble CONDA_PROMPT_MODIFIER=(base) LD_LIBRARY_PATH=/home/tianshu/ROS2Introduction/action_intro_ws/install/robot_control_interface/lib:/usr/lib/wsl/lib:/opt/ros/humble/opt/rviz_ogre_vendor/lib:/opt/ros/humble/lib/x86_64-linux-gnu:/opt/ros/humble/lib:/usr/lib/wsl/lib PYTHONPATH=/home/tianshu/ROS2Introduction/action_intro_ws/install/robot_control_interface/local/lib/python3.10/dist-packages:${PYTHONPATH} WSLENV=ELECTRON_RUN_AS_NODE/w:WT_SESSION::WT_PROFILE_ID /usr/bin/cmake --build /home/tianshu/ROS2Introduction/action_intro_ws/build/example_action_rclcpp -- -j20 -l20
[1.088s] DEBUG:colcon.colcon_core.event_handler.log_command:Invoked command in '/home/tianshu/ROS2Introduction/action_intro_ws/build/example_action_rclcpp' returned '0': AMENT_PREFIX_PATH=/home/tianshu/ROS2Introduction/action_intro_ws/install/robot_control_interface:${AMENT_PREFIX_PATH} CMAKE_PREFIX_PATH=/home/tianshu/ROS2Introduction/action_intro_ws/install/robot_control_interface:/opt/ros/humble CONDA_PROMPT_MODIFIER=(base) LD_LIBRARY_PATH=/home/tianshu/ROS2Introduction/action_intro_ws/install/robot_control_interface/lib:/usr/lib/wsl/lib:/opt/ros/humble/opt/rviz_ogre_vendor/lib:/opt/ros/humble/lib/x86_64-linux-gnu:/opt/ros/humble/lib:/usr/lib/wsl/lib PYTHONPATH=/home/tianshu/ROS2Introduction/action_intro_ws/install/robot_control_interface/local/lib/python3.10/dist-packages:${PYTHONPATH} WSLENV=ELECTRON_RUN_AS_NODE/w:WT_SESSION::WT_PROFILE_ID /usr/bin/cmake --build /home/tianshu/ROS2Introduction/action_intro_ws/build/example_action_rclcpp -- -j20 -l20
[1.153s] DEBUG:colcon.colcon_core.event_handler.log_command:Invoking command in '/home/tianshu/ROS2Introduction/action_intro_ws/build/example_action_rclcpp': AMENT_PREFIX_PATH=/home/tianshu/ROS2Introduction/action_intro_ws/install/robot_control_interface:${AMENT_PREFIX_PATH} CMAKE_PREFIX_PATH=/home/tianshu/ROS2Introduction/action_intro_ws/install/robot_control_interface:/opt/ros/humble CONDA_PROMPT_MODIFIER=(base) LD_LIBRARY_PATH=/home/tianshu/ROS2Introduction/action_intro_ws/install/robot_control_interface/lib:/usr/lib/wsl/lib:/opt/ros/humble/opt/rviz_ogre_vendor/lib:/opt/ros/humble/lib/x86_64-linux-gnu:/opt/ros/humble/lib:/usr/lib/wsl/lib PYTHONPATH=/home/tianshu/ROS2Introduction/action_intro_ws/install/robot_control_interface/local/lib/python3.10/dist-packages:${PYTHONPATH} WSLENV=ELECTRON_RUN_AS_NODE/w:WT_SESSION::WT_PROFILE_ID /usr/bin/cmake --install /home/tianshu/ROS2Introduction/action_intro_ws/build/example_action_rclcpp
[1.163s] Level 1:colcon.colcon_core.environment:create_environment_scripts_only(example_action_rclcpp)
[1.163s] DEBUG:colcon.colcon_core.event_handler.log_command:Invoked command in '/home/tianshu/ROS2Introduction/action_intro_ws/build/example_action_rclcpp' returned '0': AMENT_PREFIX_PATH=/home/tianshu/ROS2Introduction/action_intro_ws/install/robot_control_interface:${AMENT_PREFIX_PATH} CMAKE_PREFIX_PATH=/home/tianshu/ROS2Introduction/action_intro_ws/install/robot_control_interface:/opt/ros/humble CONDA_PROMPT_MODIFIER=(base) LD_LIBRARY_PATH=/home/tianshu/ROS2Introduction/action_intro_ws/install/robot_control_interface/lib:/usr/lib/wsl/lib:/opt/ros/humble/opt/rviz_ogre_vendor/lib:/opt/ros/humble/lib/x86_64-linux-gnu:/opt/ros/humble/lib:/usr/lib/wsl/lib PYTHONPATH=/home/tianshu/ROS2Introduction/action_intro_ws/install/robot_control_interface/local/lib/python3.10/dist-packages:${PYTHONPATH} WSLENV=ELECTRON_RUN_AS_NODE/w:WT_SESSION::WT_PROFILE_ID /usr/bin/cmake --install /home/tianshu/ROS2Introduction/action_intro_ws/build/example_action_rclcpp
[1.164s] Level 1:colcon.colcon_core.environment:checking '/home/tianshu/ROS2Introduction/action_intro_ws/install/example_action_rclcpp' for CMake module files
[1.165s] Level 1:colcon.colcon_core.environment:checking '/home/tianshu/ROS2Introduction/action_intro_ws/install/example_action_rclcpp' for CMake config files
[1.165s] Level 1:colcon.colcon_core.shell:create_environment_hook('example_action_rclcpp', 'cmake_prefix_path')
[1.166s] INFO:colcon.colcon_core.shell:Creating environment hook '/home/tianshu/ROS2Introduction/action_intro_ws/install/example_action_rclcpp/share/example_action_rclcpp/hook/cmake_prefix_path.ps1'
[1.166s] INFO:colcon.colcon_core.shell:Creating environment descriptor '/home/tianshu/ROS2Introduction/action_intro_ws/install/example_action_rclcpp/share/example_action_rclcpp/hook/cmake_prefix_path.dsv'
[1.166s] INFO:colcon.colcon_core.shell:Creating environment hook '/home/tianshu/ROS2Introduction/action_intro_ws/install/example_action_rclcpp/share/example_action_rclcpp/hook/cmake_prefix_path.sh'
[1.166s] Level 1:colcon.colcon_core.environment:checking '/home/tianshu/ROS2Introduction/action_intro_ws/install/example_action_rclcpp/lib'
[1.166s] Level 1:colcon.colcon_core.environment:checking '/home/tianshu/ROS2Introduction/action_intro_ws/install/example_action_rclcpp/bin'
[1.166s] Level 1:colcon.colcon_core.environment:checking '/home/tianshu/ROS2Introduction/action_intro_ws/install/example_action_rclcpp/lib/pkgconfig/example_action_rclcpp.pc'
[1.167s] Level 1:colcon.colcon_core.environment:checking '/home/tianshu/ROS2Introduction/action_intro_ws/install/example_action_rclcpp/lib/python3.10/site-packages'
[1.167s] Level 1:colcon.colcon_core.environment:checking '/home/tianshu/ROS2Introduction/action_intro_ws/install/example_action_rclcpp/bin'
[1.167s] INFO:colcon.colcon_core.shell:Creating package script '/home/tianshu/ROS2Introduction/action_intro_ws/install/example_action_rclcpp/share/example_action_rclcpp/package.ps1'
[1.168s] INFO:colcon.colcon_core.shell:Creating package descriptor '/home/tianshu/ROS2Introduction/action_intro_ws/install/example_action_rclcpp/share/example_action_rclcpp/package.dsv'
[1.168s] INFO:colcon.colcon_core.shell:Creating package script '/home/tianshu/ROS2Introduction/action_intro_ws/install/example_action_rclcpp/share/example_action_rclcpp/package.sh'
[1.168s] INFO:colcon.colcon_core.shell:Creating package script '/home/tianshu/ROS2Introduction/action_intro_ws/install/example_action_rclcpp/share/example_action_rclcpp/package.bash'
[1.168s] INFO:colcon.colcon_core.shell:Creating package script '/home/tianshu/ROS2Introduction/action_intro_ws/install/example_action_rclcpp/share/example_action_rclcpp/package.zsh'
[1.168s] Level 1:colcon.colcon_core.environment:create_file_with_runtime_dependencies(/home/tianshu/ROS2Introduction/action_intro_ws/install/example_action_rclcpp/share/colcon-core/packages/example_action_rclcpp)
[1.349s] Level 1:colcon.colcon_core.environment:create_environment_scripts_only(example_action_rclcpp)
[1.350s] Level 1:colcon.colcon_core.environment:checking '/home/tianshu/ROS2Introduction/action_intro_ws/install/example_action_rclcpp' for CMake module files
[1.351s] Level 1:colcon.colcon_core.environment:checking '/home/tianshu/ROS2Introduction/action_intro_ws/install/example_action_rclcpp' for CMake config files
[1.351s] Level 1:colcon.colcon_core.shell:create_environment_hook('example_action_rclcpp', 'cmake_prefix_path')
[1.351s] INFO:colcon.colcon_core.shell:Creating environment hook '/home/tianshu/ROS2Introduction/action_intro_ws/install/example_action_rclcpp/share/example_action_rclcpp/hook/cmake_prefix_path.ps1'
[1.352s] INFO:colcon.colcon_core.shell:Creating environment descriptor '/home/tianshu/ROS2Introduction/action_intro_ws/install/example_action_rclcpp/share/example_action_rclcpp/hook/cmake_prefix_path.dsv'
[1.352s] INFO:colcon.colcon_core.shell:Creating environment hook '/home/tianshu/ROS2Introduction/action_intro_ws/install/example_action_rclcpp/share/example_action_rclcpp/hook/cmake_prefix_path.sh'
[1.352s] Level 1:colcon.colcon_core.environment:checking '/home/tianshu/ROS2Introduction/action_intro_ws/install/example_action_rclcpp/lib'
[1.352s] Level 1:colcon.colcon_core.environment:checking '/home/tianshu/ROS2Introduction/action_intro_ws/install/example_action_rclcpp/bin'
[1.353s] Level 1:colcon.colcon_core.environment:checking '/home/tianshu/ROS2Introduction/action_intro_ws/install/example_action_rclcpp/lib/pkgconfig/example_action_rclcpp.pc'
[1.353s] Level 1:colcon.colcon_core.environment:checking '/home/tianshu/ROS2Introduction/action_intro_ws/install/example_action_rclcpp/lib/python3.10/site-packages'
[1.353s] Level 1:colcon.colcon_core.environment:checking '/home/tianshu/ROS2Introduction/action_intro_ws/install/example_action_rclcpp/bin'
[1.354s] INFO:colcon.colcon_core.shell:Creating package script '/home/tianshu/ROS2Introduction/action_intro_ws/install/example_action_rclcpp/share/example_action_rclcpp/package.ps1'
[1.354s] INFO:colcon.colcon_core.shell:Creating package descriptor '/home/tianshu/ROS2Introduction/action_intro_ws/install/example_action_rclcpp/share/example_action_rclcpp/package.dsv'
[1.354s] INFO:colcon.colcon_core.shell:Creating package script '/home/tianshu/ROS2Introduction/action_intro_ws/install/example_action_rclcpp/share/example_action_rclcpp/package.sh'
[1.354s] INFO:colcon.colcon_core.shell:Creating package script '/home/tianshu/ROS2Introduction/action_intro_ws/install/example_action_rclcpp/share/example_action_rclcpp/package.bash'
[1.355s] INFO:colcon.colcon_core.shell:Creating package script '/home/tianshu/ROS2Introduction/action_intro_ws/install/example_action_rclcpp/share/example_action_rclcpp/package.zsh'
[1.355s] Level 1:colcon.colcon_core.environment:create_file_with_runtime_dependencies(/home/tianshu/ROS2Introduction/action_intro_ws/install/example_action_rclcpp/share/colcon-core/packages/example_action_rclcpp)
[1.355s] DEBUG:colcon.colcon_parallel_executor.executor.parallel:closing loop
[1.355s] DEBUG:colcon.colcon_parallel_executor.executor.parallel:loop closed
[1.356s] DEBUG:colcon.colcon_parallel_executor.executor.parallel:run_until_complete finished with '0'
[1.356s] DEBUG:colcon.colcon_core.event_reactor:joining thread
[1.382s] INFO:colcon.colcon_core.plugin_system:Skipping extension 'colcon_notification.desktop_notification.notify_send': Could not find 'notify-send'
[1.383s] INFO:colcon.colcon_core.plugin_system:Skipping extension 'colcon_notification.desktop_notification.terminal_notifier': Not used on non-Darwin systems
[1.383s] INFO:colcon.colcon_core.plugin_system:Skipping extension 'colcon_notification.desktop_notification.win32': Not used on non-Windows systems
[1.383s] INFO:colcon.colcon_notification.desktop_notification:Sending desktop notification using 'notify2'
[1.393s] DEBUG:colcon.colcon_notification.desktop_notification.notify2:Failed to initialize notify2: org.freedesktop.DBus.Error.ServiceUnknown: The name org.freedesktop.Notifications was not provided by any .service files
[1.393s] DEBUG:colcon.colcon_core.event_reactor:joined thread
[1.395s] INFO:colcon.colcon_core.shell:Creating prefix script '/home/tianshu/ROS2Introduction/action_intro_ws/install/local_setup.ps1'
[1.395s] INFO:colcon.colcon_core.shell:Creating prefix util module '/home/tianshu/ROS2Introduction/action_intro_ws/install/_local_setup_util_ps1.py'
[1.396s] INFO:colcon.colcon_core.shell:Creating prefix chain script '/home/tianshu/ROS2Introduction/action_intro_ws/install/setup.ps1'
[1.397s] INFO:colcon.colcon_core.shell:Creating prefix script '/home/tianshu/ROS2Introduction/action_intro_ws/install/local_setup.sh'
[1.397s] INFO:colcon.colcon_core.shell:Creating prefix util module '/home/tianshu/ROS2Introduction/action_intro_ws/install/_local_setup_util_sh.py'
[1.398s] INFO:colcon.colcon_core.shell:Creating prefix chain script '/home/tianshu/ROS2Introduction/action_intro_ws/install/setup.sh'
[1.398s] INFO:colcon.colcon_core.shell:Creating prefix script '/home/tianshu/ROS2Introduction/action_intro_ws/install/local_setup.bash'
[1.399s] INFO:colcon.colcon_core.shell:Creating prefix chain script '/home/tianshu/ROS2Introduction/action_intro_ws/install/setup.bash'
[1.399s] INFO:colcon.colcon_core.shell:Creating prefix script '/home/tianshu/ROS2Introduction/action_intro_ws/install/local_setup.zsh'
[1.400s] INFO:colcon.colcon_core.shell:Creating prefix chain script '/home/tianshu/ROS2Introduction/action_intro_ws/install/setup.zsh'
