[0.022s] Invoking command in '/home/tianshu/ROS2Introduction/service_intro_ws/build/example_service_rclcpp': CMAKE_PREFIX_PATH=/opt/ros/humble CONDA_PROMPT_MODIFIER=(base) WSLENV=ELECTRON_RUN_AS_NODE/w:WT_SESSION::WT_PROFILE_ID /usr/bin/cmake --build /home/tianshu/ROS2Introduction/service_intro_ws/build/example_service_rclcpp -- -j20 -l20
[0.085s] [35m[1mConsolidate compiler generated dependencies of target service_server_01[0m
[0.085s] [35m[1mConsolidate compiler generated dependencies of target service_client_01[0m
[0.134s] [ 75%] Built target service_server_01
[0.134s] [ 75%] [32mBuilding CXX object CMakeFiles/service_client_01.dir/src/service_client_01.cpp.o[0m
[2.820s] [100%] [32m[1mLinking CXX executable service_client_01[0m
[3.006s] [100%] Built target service_client_01
[3.031s] Invoked command in '/home/tianshu/ROS2Introduction/service_intro_ws/build/example_service_rclcpp' returned '0': CMAKE_PREFIX_PATH=/opt/ros/humble CONDA_PROMPT_MODIFIER=(base) WSLENV=ELECTRON_RUN_AS_NODE/w:WT_SESSION::WT_PROFILE_ID /usr/bin/cmake --build /home/tianshu/ROS2Introduction/service_intro_ws/build/example_service_rclcpp -- -j20 -l20
[3.143s] Invoking command in '/home/tianshu/ROS2Introduction/service_intro_ws/build/example_service_rclcpp': CMAKE_PREFIX_PATH=/opt/ros/humble CONDA_PROMPT_MODIFIER=(base) WSLENV=ELECTRON_RUN_AS_NODE/w:WT_SESSION::WT_PROFILE_ID /usr/bin/cmake --install /home/tianshu/ROS2Introduction/service_intro_ws/build/example_service_rclcpp
[3.154s] -- Install configuration: ""
[3.154s] -- Up-to-date: /home/tianshu/ROS2Introduction/service_intro_ws/install/example_service_rclcpp/share/ament_index/resource_index/package_run_dependencies/example_service_rclcpp
[3.154s] -- Up-to-date: /home/tianshu/ROS2Introduction/service_intro_ws/install/example_service_rclcpp/share/ament_index/resource_index/parent_prefix_path/example_service_rclcpp
[3.154s] -- Up-to-date: /home/tianshu/ROS2Introduction/service_intro_ws/install/example_service_rclcpp/share/example_service_rclcpp/environment/ament_prefix_path.sh
[3.154s] -- Up-to-date: /home/tianshu/ROS2Introduction/service_intro_ws/install/example_service_rclcpp/share/example_service_rclcpp/environment/ament_prefix_path.dsv
[3.154s] -- Up-to-date: /home/tianshu/ROS2Introduction/service_intro_ws/install/example_service_rclcpp/share/example_service_rclcpp/environment/path.sh
[3.154s] -- Up-to-date: /home/tianshu/ROS2Introduction/service_intro_ws/install/example_service_rclcpp/share/example_service_rclcpp/environment/path.dsv
[3.154s] -- Up-to-date: /home/tianshu/ROS2Introduction/service_intro_ws/install/example_service_rclcpp/share/example_service_rclcpp/local_setup.bash
[3.155s] -- Up-to-date: /home/tianshu/ROS2Introduction/service_intro_ws/install/example_service_rclcpp/share/example_service_rclcpp/local_setup.sh
[3.155s] -- Up-to-date: /home/tianshu/ROS2Introduction/service_intro_ws/install/example_service_rclcpp/share/example_service_rclcpp/local_setup.zsh
[3.155s] -- Up-to-date: /home/tianshu/ROS2Introduction/service_intro_ws/install/example_service_rclcpp/share/example_service_rclcpp/local_setup.dsv
[3.155s] -- Installing: /home/tianshu/ROS2Introduction/service_intro_ws/install/example_service_rclcpp/share/example_service_rclcpp/package.dsv
[3.155s] -- Up-to-date: /home/tianshu/ROS2Introduction/service_intro_ws/install/example_service_rclcpp/share/ament_index/resource_index/packages/example_service_rclcpp
[3.155s] -- Up-to-date: /home/tianshu/ROS2Introduction/service_intro_ws/install/example_service_rclcpp/share/example_service_rclcpp/cmake/example_service_rclcppConfig.cmake
[3.155s] -- Up-to-date: /home/tianshu/ROS2Introduction/service_intro_ws/install/example_service_rclcpp/share/example_service_rclcpp/cmake/example_service_rclcppConfig-version.cmake
[3.155s] -- Up-to-date: /home/tianshu/ROS2Introduction/service_intro_ws/install/example_service_rclcpp/share/example_service_rclcpp/package.xml
[3.157s] -- Up-to-date: /home/tianshu/ROS2Introduction/service_intro_ws/install/example_service_rclcpp/lib/example_service_rclcpp/service_server_01
[3.157s] -- Installing: /home/tianshu/ROS2Introduction/service_intro_ws/install/example_service_rclcpp/lib/example_service_rclcpp/service_client_01
[3.158s] -- Set runtime path of "/home/tianshu/ROS2Introduction/service_intro_ws/install/example_service_rclcpp/lib/example_service_rclcpp/service_client_01" to ""
[3.159s] Invoked command in '/home/tianshu/ROS2Introduction/service_intro_ws/build/example_service_rclcpp' returned '0': CMAKE_PREFIX_PATH=/opt/ros/humble CONDA_PROMPT_MODIFIER=(base) WSLENV=ELECTRON_RUN_AS_NODE/w:WT_SESSION::WT_PROFILE_ID /usr/bin/cmake --install /home/tianshu/ROS2Introduction/service_intro_ws/build/example_service_rclcpp
