running egg_info
writing ../../build/example_topic_rclpy/example_topic_rclpy.egg-info/PKG-INFO
writing dependency_links to ../../build/example_topic_rclpy/example_topic_rclpy.egg-info/dependency_links.txt
writing entry points to ../../build/example_topic_rclpy/example_topic_rclpy.egg-info/entry_points.txt
writing requirements to ../../build/example_topic_rclpy/example_topic_rclpy.egg-info/requires.txt
writing top-level names to ../../build/example_topic_rclpy/example_topic_rclpy.egg-info/top_level.txt
reading manifest file '../../build/example_topic_rclpy/example_topic_rclpy.egg-info/SOURCES.txt'
writing manifest file '../../build/example_topic_rclpy/example_topic_rclpy.egg-info/SOURCES.txt'
running build
running build_py
running install
running install_lib
running install_data
running install_egg_info
removing '/home/tianshu/ROS2Introduction/topic_intro_ws_py/install/example_topic_rclpy/lib/python3.10/site-packages/example_topic_rclpy-0.0.0-py3.10.egg-info' (and everything under it)
Copying ../../build/example_topic_rclpy/example_topic_rclpy.egg-info to /home/tianshu/ROS2Introduction/topic_intro_ws_py/install/example_topic_rclpy/lib/python3.10/site-packages/example_topic_rclpy-0.0.0-py3.10.egg-info
running install_scripts
Installing topic_publisher_02 script to /home/tianshu/ROS2Introduction/topic_intro_ws_py/install/example_topic_rclpy/lib/example_topic_rclpy
Installing topic_subscribe_02 script to /home/tianshu/ROS2Introduction/topic_intro_ws_py/install/example_topic_rclpy/lib/example_topic_rclpy
writing list of installed files to '/home/tianshu/ROS2Introduction/topic_intro_ws_py/build/example_topic_rclpy/install.log'
