[0.395s] Invoking command in '/home/tianshu/ROS2Introduction/topic_intro_ws_py/src/example_topic_rclpy': CONDA_PROMPT_MODIFIER=(base) PYTHONPATH=/home/tianshu/ROS2Introduction/topic_intro_ws_py/build/example_topic_rclpy/prefix_override:/home/tianshu/ROS2Introduction/topic_intro_ws_py/install/example_topic_rclpy/lib/python3.10/site-packages:${PYTHONPATH} WSLENV=ELECTRON_RUN_AS_NODE/w: /usr/bin/python3 setup.py egg_info --egg-base ../../build/example_topic_rclpy build --build-base /home/tianshu/ROS2Introduction/topic_intro_ws_py/build/example_topic_rclpy/build install --record /home/tianshu/ROS2Introduction/topic_intro_ws_py/build/example_topic_rclpy/install.log --single-version-externally-managed
[0.536s] running egg_info
[0.537s] writing ../../build/example_topic_rclpy/example_topic_rclpy.egg-info/PKG-INFO
[0.537s] writing dependency_links to ../../build/example_topic_rclpy/example_topic_rclpy.egg-info/dependency_links.txt
[0.537s] writing entry points to ../../build/example_topic_rclpy/example_topic_rclpy.egg-info/entry_points.txt
[0.537s] writing requirements to ../../build/example_topic_rclpy/example_topic_rclpy.egg-info/requires.txt
[0.537s] writing top-level names to ../../build/example_topic_rclpy/example_topic_rclpy.egg-info/top_level.txt
[0.538s] reading manifest file '../../build/example_topic_rclpy/example_topic_rclpy.egg-info/SOURCES.txt'
[0.538s] writing manifest file '../../build/example_topic_rclpy/example_topic_rclpy.egg-info/SOURCES.txt'
[0.538s] running build
[0.538s] running build_py
[0.539s] running install
[0.539s] running install_lib
[0.539s] running install_data
[0.540s] running install_egg_info
[0.541s] removing '/home/tianshu/ROS2Introduction/topic_intro_ws_py/install/example_topic_rclpy/lib/python3.10/site-packages/example_topic_rclpy-0.0.0-py3.10.egg-info' (and everything under it)
[0.541s] Copying ../../build/example_topic_rclpy/example_topic_rclpy.egg-info to /home/tianshu/ROS2Introduction/topic_intro_ws_py/install/example_topic_rclpy/lib/python3.10/site-packages/example_topic_rclpy-0.0.0-py3.10.egg-info
[0.542s] running install_scripts
[0.558s] Installing topic_publisher_02 script to /home/tianshu/ROS2Introduction/topic_intro_ws_py/install/example_topic_rclpy/lib/example_topic_rclpy
[0.558s] Installing topic_subscribe_02 script to /home/tianshu/ROS2Introduction/topic_intro_ws_py/install/example_topic_rclpy/lib/example_topic_rclpy
[0.558s] writing list of installed files to '/home/tianshu/ROS2Introduction/topic_intro_ws_py/build/example_topic_rclpy/install.log'
[0.589s] Invoked command in '/home/tianshu/ROS2Introduction/topic_intro_ws_py/src/example_topic_rclpy' returned '0': CONDA_PROMPT_MODIFIER=(base) PYTHONPATH=/home/tianshu/ROS2Introduction/topic_intro_ws_py/build/example_topic_rclpy/prefix_override:/home/tianshu/ROS2Introduction/topic_intro_ws_py/install/example_topic_rclpy/lib/python3.10/site-packages:${PYTHONPATH} WSLENV=ELECTRON_RUN_AS_NODE/w: /usr/bin/python3 setup.py egg_info --egg-base ../../build/example_topic_rclpy build --build-base /home/tianshu/ROS2Introduction/topic_intro_ws_py/build/example_topic_rclpy/build install --record /home/tianshu/ROS2Introduction/topic_intro_ws_py/build/example_topic_rclpy/install.log --single-version-externally-managed
