[0.047s] Invoking command in '/home/tianshu/ROS2Introduction/interface_intro_ws/build/example_interfaces_rclcpp': AMENT_PREFIX_PATH=/home/tianshu/ROS2Introduction/interface_intro_ws/install/example_ros2_interfaces:${AMENT_PREFIX_PATH} CMAKE_PREFIX_PATH=/home/tianshu/ROS2Introduction/interface_intro_ws/install/example_ros2_interfaces:/home/tianshu/ROS2Introduction/service_intro_ws/install/example_service_rclcpp:/opt/ros/humble CONDA_PROMPT_MODIFIER=(base) LD_LIBRARY_PATH=/home/tianshu/ROS2Introduction/interface_intro_ws/install/example_ros2_interfaces/lib:/usr/lib/wsl/lib:/opt/ros/humble/opt/rviz_ogre_vendor/lib:/opt/ros/humble/lib/x86_64-linux-gnu:/opt/ros/humble/lib:/usr/lib/wsl/lib PYTHONPATH=/home/tianshu/ROS2Introduction/interface_intro_ws/install/example_ros2_interfaces/local/lib/python3.10/dist-packages:${PYTHONPATH} WSLENV=ELECTRON_RUN_AS_NODE/w:WT_SESSION::WT_PROFILE_ID /usr/bin/cmake --build /home/tianshu/ROS2Introduction/interface_intro_ws/build/example_interfaces_rclcpp -- -j20 -l20
[0.106s] [35m[1mConsolidate compiler generated dependencies of target example_interfaces_robot_01[0m
[0.123s] [ 25%] [32mBuilding CXX object CMakeFiles/example_interfaces_control_01.dir/src/example_interfaces_control_01.cpp.o[0m
[0.126s] [ 50%] [32mBuilding CXX object CMakeFiles/example_interfaces_robot_01.dir/src/example_interfaces_robot_01.cpp.o[0m
[1.756s] In file included from [01m[K/opt/ros/humble/include/rclcpp/rclcpp/callback_group.hpp:24[m[K,
[1.756s]                  from [01m[K/opt/ros/humble/include/rclcpp/rclcpp/any_executable.hpp:20[m[K,
[1.756s]                  from [01m[K/opt/ros/humble/include/rclcpp/rclcpp/memory_strategy.hpp:25[m[K,
[1.756s]                  from [01m[K/opt/ros/humble/include/rclcpp/rclcpp/memory_strategies.hpp:18[m[K,
[1.756s]                  from [01m[K/opt/ros/humble/include/rclcpp/rclcpp/executor_options.hpp:20[m[K,
[1.756s]                  from [01m[K/opt/ros/humble/include/rclcpp/rclcpp/executor.hpp:37[m[K,
[1.756s]                  from [01m[K/opt/ros/humble/include/rclcpp/rclcpp/executors/multi_threaded_executor.hpp:25[m[K,
[1.756s]                  from [01m[K/opt/ros/humble/include/rclcpp/rclcpp/executors.hpp:21[m[K,
[1.756s]                  from [01m[K/opt/ros/humble/include/rclcpp/rclcpp/rclcpp.hpp:155[m[K,
[1.756s]                  from [01m[K/home/tianshu/ROS2Introduction/interface_intro_ws/src/example_interfaces_rclcpp/src/example_interfaces_control_01.cpp:1[m[K:
[1.756s] /opt/ros/humble/include/rclcpp/rclcpp/client.hpp: In instantiation of ‘[01m[Kclass rclcpp::Client<example_ros2_interfaces::msg::RobotStatus_<std::allocator<void> > >[m[K’:
[1.756s] [01m[K/home/tianshu/ROS2Introduction/interface_intro_ws/src/example_interfaces_rclcpp/src/example_interfaces_control_01.cpp:11:84:[m[K   required from here
[1.756s] [01m[K/opt/ros/humble/include/rclcpp/rclcpp/client.hpp:374:9:[m[K [01;31m[Kerror: [m[Kno type named ‘[01m[KRequest[m[K’ in ‘[01m[Kstruct example_ros2_interfaces::msg::RobotStatus_<std::allocator<void> >[m[K’
[1.756s]   374 |   using [01;31m[KRequest[m[K = typename ServiceT::Request;
[1.756s]       |         [01;31m[K^~~~~~~[m[K
[1.756s] [01m[K/opt/ros/humble/include/rclcpp/rclcpp/client.hpp:375:9:[m[K [01;31m[Kerror: [m[Kno type named ‘[01m[KResponse[m[K’ in ‘[01m[Kstruct example_ros2_interfaces::msg::RobotStatus_<std::allocator<void> >[m[K’
[1.756s]   375 |   using [01;31m[KResponse[m[K = typename ServiceT::Response;
[1.756s]       |         [01;31m[K^~~~~~~~[m[K
[1.756s] [01m[K/opt/ros/humble/include/rclcpp/rclcpp/client.hpp:377:9:[m[K [01;31m[Kerror: [m[Kno type named ‘[01m[KRequest[m[K’ in ‘[01m[Kstruct example_ros2_interfaces::msg::RobotStatus_<std::allocator<void> >[m[K’
[1.756s]   377 |   using [01;31m[KSharedRequest[m[K = typename ServiceT::Request::SharedPtr;
[1.756s]       |         [01;31m[K^~~~~~~~~~~~~[m[K
[1.756s] [01m[K/opt/ros/humble/include/rclcpp/rclcpp/client.hpp:378:9:[m[K [01;31m[Kerror: [m[Kno type named ‘[01m[KResponse[m[K’ in ‘[01m[Kstruct example_ros2_interfaces::msg::RobotStatus_<std::allocator<void> >[m[K’
[1.757s]   378 |   using [01;31m[KSharedResponse[m[K = typename ServiceT::Response::SharedPtr;
[1.757s]       |         [01;31m[K^~~~~~~~~~~~~~[m[K
[1.757s] [01m[K/opt/ros/humble/include/rclcpp/rclcpp/client.hpp:380:9:[m[K [01;31m[Kerror: [m[Kno type named ‘[01m[KResponse[m[K’ in ‘[01m[Kstruct example_ros2_interfaces::msg::RobotStatus_<std::allocator<void> >[m[K’
[1.757s]   380 |   using [01;31m[KPromise[m[K = std::promise<SharedResponse>;
[1.757s]       |         [01;31m[K^~~~~~~[m[K
[1.757s] [01m[K/opt/ros/humble/include/rclcpp/rclcpp/client.hpp:381:9:[m[K [01;31m[Kerror: [m[Kno type named ‘[01m[KRequest[m[K’ in ‘[01m[Kstruct example_ros2_interfaces::msg::RobotStatus_<std::allocator<void> >[m[K’
[1.757s]   381 |   using [01;31m[KPromiseWithRequest[m[K = std::promise<std::pair<SharedRequest, SharedResponse>>;
[1.757s]       |         [01;31m[K^~~~~~~~~~~~~~~~~~[m[K
[1.757s] [01m[K/opt/ros/humble/include/rclcpp/rclcpp/client.hpp:383:9:[m[K [01;31m[Kerror: [m[Kno type named ‘[01m[KResponse[m[K’ in ‘[01m[Kstruct example_ros2_interfaces::msg::RobotStatus_<std::allocator<void> >[m[K’
[1.757s]   383 |   using [01;31m[KSharedPromise[m[K = std::shared_ptr<Promise>;
[1.757s]       |         [01;31m[K^~~~~~~~~~~~~[m[K
[1.757s] [01m[K/opt/ros/humble/include/rclcpp/rclcpp/client.hpp:384:9:[m[K [01;31m[Kerror: [m[Kno type named ‘[01m[KRequest[m[K’ in ‘[01m[Kstruct example_ros2_interfaces::msg::RobotStatus_<std::allocator<void> >[m[K’
[1.757s]   384 |   using [01;31m[KSharedPromiseWithRequest[m[K = std::shared_ptr<PromiseWithRequest>;
[1.757s]       |         [01;31m[K^~~~~~~~~~~~~~~~~~~~~~~~[m[K
[1.757s] [01m[K/opt/ros/humble/include/rclcpp/rclcpp/client.hpp:386:9:[m[K [01;31m[Kerror: [m[Kno type named ‘[01m[KResponse[m[K’ in ‘[01m[Kstruct example_ros2_interfaces::msg::RobotStatus_<std::allocator<void> >[m[K’
[1.757s]   386 |   using [01;31m[KFuture[m[K = std::future<SharedResponse>;
[1.757s]       |         [01;31m[K^~~~~~[m[K
[1.757s] [01m[K/opt/ros/humble/include/rclcpp/rclcpp/client.hpp:387:9:[m[K [01;31m[Kerror: [m[Kno type named ‘[01m[KResponse[m[K’ in ‘[01m[Kstruct example_ros2_interfaces::msg::RobotStatus_<std::allocator<void> >[m[K’
[1.757s]   387 |   using [01;31m[KSharedFuture[m[K = std::shared_future<SharedResponse>;
[1.757s]       |         [01;31m[K^~~~~~~~~~~~[m[K
[1.757s] [01m[K/opt/ros/humble/include/rclcpp/rclcpp/client.hpp:388:9:[m[K [01;31m[Kerror: [m[Kno type named ‘[01m[KRequest[m[K’ in ‘[01m[Kstruct example_ros2_interfaces::msg::RobotStatus_<std::allocator<void> >[m[K’
[1.757s]   388 |   using [01;31m[KSharedFutureWithRequest[m[K = std::shared_future<std::pair<SharedRequest, SharedResponse>>;
[1.757s]       |         [01;31m[K^~~~~~~~~~~~~~~~~~~~~~~[m[K
[1.757s] [01m[K/opt/ros/humble/include/rclcpp/rclcpp/client.hpp:390:9:[m[K [01;31m[Kerror: [m[Kno type named ‘[01m[KResponse[m[K’ in ‘[01m[Kstruct example_ros2_interfaces::msg::RobotStatus_<std::allocator<void> >[m[K’
[1.757s]   390 |   using [01;31m[KCallbackType[m[K = std::function<void (SharedFuture)>;
[1.757s]       |         [01;31m[K^~~~~~~~~~~~[m[K
[1.757s] [01m[K/opt/ros/humble/include/rclcpp/rclcpp/client.hpp:391:9:[m[K [01;31m[Kerror: [m[Kno type named ‘[01m[KRequest[m[K’ in ‘[01m[Kstruct example_ros2_interfaces::msg::RobotStatus_<std::allocator<void> >[m[K’
[1.757s]   391 |   using [01;31m[KCallbackWithRequestType[m[K = std::function<void (SharedFutureWithRequest)>;
[1.757s]       |         [01;31m[K^~~~~~~~~~~~~~~~~~~~~~~[m[K
[1.757s] [01m[K/opt/ros/humble/include/rclcpp/rclcpp/client.hpp:513:3:[m[K [01;31m[Kerror: [m[Kno type named ‘[01m[KResponse[m[K’ in ‘[01m[Kstruct example_ros2_interfaces::msg::RobotStatus_<std::allocator<void> >[m[K’
[1.757s]   513 |   [01;31m[Ktake_response[m[K(typename ServiceT::Response & response_out, rmw_request_id_t & request_header_out)
[1.757s]       |   [01;31m[K^~~~~~~~~~~~~[m[K
[1.757s] [01m[K/opt/ros/humble/include/rclcpp/rclcpp/client.hpp:643:3:[m[K [01;31m[Kerror: [m[Kno type named ‘[01m[KResponse[m[K’ in ‘[01m[Kstruct example_ros2_interfaces::msg::RobotStatus_<std::allocator<void> >[m[K’
[1.757s]   643 |   [01;31m[Kasync_send_request[m[K(SharedRequest request, CallbackT && cb)
[1.757s]       |   [01;31m[K^~~~~~~~~~~~~~~~~~[m[K
[1.757s] [01m[K/opt/ros/humble/include/rclcpp/rclcpp/client.hpp:674:3:[m[K [01;31m[Kerror: [m[Kno type named ‘[01m[KRequest[m[K’ in ‘[01m[Kstruct example_ros2_interfaces::msg::RobotStatus_<std::allocator<void> >[m[K’
[1.757s]   674 |   [01;31m[Kasync_send_request[m[K(SharedRequest request, CallbackT && cb)
[1.757s]       |   [01;31m[K^~~~~~~~~~~~~~~~~~[m[K
[1.757s] [01m[K/opt/ros/humble/include/rclcpp/rclcpp/client.hpp:784:9:[m[K [01;31m[Kerror: [m[Kno type named ‘[01m[KResponse[m[K’ in ‘[01m[Kstruct example_ros2_interfaces::msg::RobotStatus_<std::allocator<void> >[m[K’
[1.757s]   784 |   using [01;31m[KCallbackTypeValueVariant[m[K = std::tuple<CallbackType, SharedFuture, Promise>;
[1.758s]       |         [01;31m[K^~~~~~~~~~~~~~~~~~~~~~~~[m[K
[1.758s] [01m[K/opt/ros/humble/include/rclcpp/rclcpp/client.hpp:785:9:[m[K [01;31m[Kerror: [m[Kno type named ‘[01m[KRequest[m[K’ in ‘[01m[Kstruct example_ros2_interfaces::msg::RobotStatus_<std::allocator<void> >[m[K’
[1.758s]   785 |   using [01;31m[KCallbackWithRequestTypeValueVariant[m[K = std::tuple<
[1.758s]       |         [01;31m[K^~~~~~~~~~~~~~~~~~~~~~~~~~~~~~~~~~~[m[K
[1.758s] [01m[K/opt/ros/humble/include/rclcpp/rclcpp/client.hpp:788:9:[m[K [01;31m[Kerror: [m[Kno type named ‘[01m[KResponse[m[K’ in ‘[01m[Kstruct example_ros2_interfaces::msg::RobotStatus_<std::allocator<void> >[m[K’
[1.758s]   788 |   using [01;31m[KCallbackInfoVariant[m[K = std::variant<
[1.758s]       |         [01;31m[K^~~~~~~~~~~~~~~~~~~[m[K
[1.758s] [01m[K/opt/ros/humble/include/rclcpp/rclcpp/client.hpp:809:3:[m[K [01;31m[Kerror: [m[Kno type named ‘[01m[KResponse[m[K’ in ‘[01m[Kstruct example_ros2_interfaces::msg::RobotStatus_<std::allocator<void> >[m[K’
[1.758s]   809 |   [01;31m[Kget_and_erase_pending_request[m[K(int64_t request_number)
[1.758s]       |   [01;31m[K^~~~~~~~~~~~~~~~~~~~~~~~~~~~~[m[K
[1.758s] [01m[K/opt/ros/humble/include/rclcpp/rclcpp/client.hpp:831:3:[m[K [01;31m[Kerror: [m[Kno type named ‘[01m[KResponse[m[K’ in ‘[01m[Kstruct example_ros2_interfaces::msg::RobotStatus_<std::allocator<void> >[m[K’
[1.758s]   831 |   [01;31m[Kpending_requests_[m[K;
[1.758s]       |   [01;31m[K^~~~~~~~~~~~~~~~~[m[K
[1.765s] [01m[K/home/tianshu/ROS2Introduction/interface_intro_ws/src/example_interfaces_rclcpp/src/example_interfaces_control_01.cpp:[m[K In member function ‘[01m[Kvoid ExampleInterfacesControl::result_callback_(...)[m[K’:
[1.765s] [01m[K/home/tianshu/ROS2Introduction/interface_intro_ws/src/example_interfaces_rclcpp/src/example_interfaces_control_01.cpp:20:21:[m[K [01;31m[Kerror: [m[K‘[01m[Kresult_future[m[K’ was not declared in this scope
[1.765s]    20 |     auto response = [01;31m[Kresult_future[m[K.get();
[1.765s]       |                     [01;31m[K^~~~~~~~~~~~~[m[K
[1.779s] In file included from [01m[K/opt/ros/humble/include/rclcpp/rclcpp/client.hpp:39[m[K,
[1.779s]                  from [01m[K/opt/ros/humble/include/rclcpp/rclcpp/callback_group.hpp:24[m[K,
[1.779s]                  from [01m[K/opt/ros/humble/include/rclcpp/rclcpp/any_executable.hpp:20[m[K,
[1.780s]                  from [01m[K/opt/ros/humble/include/rclcpp/rclcpp/memory_strategy.hpp:25[m[K,
[1.780s]                  from [01m[K/opt/ros/humble/include/rclcpp/rclcpp/memory_strategies.hpp:18[m[K,
[1.780s]                  from [01m[K/opt/ros/humble/include/rclcpp/rclcpp/executor_options.hpp:20[m[K,
[1.780s]                  from [01m[K/opt/ros/humble/include/rclcpp/rclcpp/executor.hpp:37[m[K,
[1.780s]                  from [01m[K/opt/ros/humble/include/rclcpp/rclcpp/executors/multi_threaded_executor.hpp:25[m[K,
[1.780s]                  from [01m[K/opt/ros/humble/include/rclcpp/rclcpp/executors.hpp:21[m[K,
[1.780s]                  from [01m[K/opt/ros/humble/include/rclcpp/rclcpp/rclcpp.hpp:155[m[K,
[1.780s]                  from [01m[K/home/tianshu/ROS2Introduction/interface_intro_ws/src/example_interfaces_rclcpp/src/example_interfaces_control_01.cpp:1[m[K:
[1.780s] /opt/ros/humble/include/rclcpp/rclcpp/function_traits.hpp: In instantiation of ‘[01m[Kstruct rclcpp::function_traits::function_traits<std::_Bind<void (ExampleInterfacesControl::*(ExampleInterfacesControl*, std::_Placeholder<1>))(...)> >[m[K’:
[1.780s] [01m[K/opt/ros/humble/include/rclcpp/rclcpp/function_traits.hpp:165:8:[m[K   required from ‘[01m[Kstruct rclcpp::function_traits::same_arguments<std::_Bind<void (ExampleInterfacesControl::*(ExampleInterfacesControl*, std::_Placeholder<1>))(...)>, std::function<void(std::shared_future<std::pair<std::shared_ptr<example_ros2_interfaces::srv::MoveRobot_Request_<std::allocator<void> > >, std::shared_ptr<example_ros2_interfaces::srv::MoveRobot_Response_<std::allocator<void> > > > >)> >[m[K’
[1.780s] [01m[K/opt/ros/humble/include/rclcpp/rclcpp/client.hpp:671:17:[m[K   required by substitution of ‘[01m[Ktemplate<class CallbackT, typename std::enable_if<rclcpp::function_traits::same_arguments<CallbackT, std::function<void(std::shared_future<std::pair<std::shared_ptr<example_ros2_interfaces::srv::MoveRobot_Request_<std::allocator<void> > >, std::shared_ptr<example_ros2_interfaces::srv::MoveRobot_Response_<std::allocator<void> > > > >)> >::value, void>::type* <anonymous> > rclcpp::Client<example_ros2_interfaces::srv::MoveRobot>::SharedFutureWithRequestAndRequestId rclcpp::Client<example_ros2_interfaces::srv::MoveRobot>::async_send_request<CallbackT, <anonymous> >(rclcpp::Client<example_ros2_interfaces::srv::MoveRobot>::SharedRequest, CallbackT&&) [with CallbackT = std::_Bind<void (ExampleInterfacesControl::*(ExampleInterfacesControl*, std::_Placeholder<1>))(...)>; typename std::enable_if<rclcpp::function_traits::same_arguments<CallbackT, std::function<void(std::shared_future<std::pair<std::shared_ptr<example_ros2_interfaces::srv::MoveRobot_Request_<std::allocator<void> > >, std::shared_ptr<example_ros2_interfaces::srv::MoveRobot_Response_<std::allocator<void> > > > >)> >::value, void>::type* <anonymous> = <missing>][m[K’
[1.780s] [01m[K/home/tianshu/ROS2Introduction/interface_intro_ws/src/example_interfaces_rclcpp/src/example_interfaces_control_01.cpp:50:32:[m[K   required from here
[1.780s] [01m[K/opt/ros/humble/include/rclcpp/rclcpp/function_traits.hpp:51:9:[m[K [01;31m[Kerror: [m[K‘[01m[Kdecltype[m[K’ cannot resolve address of overloaded function
[1.780s]    51 |   using [01;31m[Karguments[m[K = typename tuple_tail<
[1.780s]       |         [01;31m[K^~~~~~~~~[m[K
[1.780s] [01m[K/opt/ros/humble/include/rclcpp/rclcpp/function_traits.hpp:57:9:[m[K [01;31m[Kerror: [m[K‘[01m[Kdecltype[m[K’ cannot resolve address of overloaded function
[1.780s]    57 |   using [01;31m[Kargument_type[m[K = typename std::tuple_element<N, arguments>::type;
[1.780s]       |         [01;31m[K^~~~~~~~~~~~~[m[K
[1.780s] [01m[K/opt/ros/humble/include/rclcpp/rclcpp/function_traits.hpp:59:9:[m[K [01;31m[Kerror: [m[K‘[01m[Kdecltype[m[K’ cannot resolve address of overloaded function
[1.780s]    59 |   using [01;31m[Kreturn_type[m[K = typename function_traits<decltype( &FunctionT::operator())>::return_type;
[1.780s]       |         [01;31m[K^~~~~~~~~~~[m[K
[1.780s] [01m[K/home/tianshu/ROS2Introduction/interface_intro_ws/src/example_interfaces_rclcpp/src/example_interfaces_control_01.cpp:[m[K In member function ‘[01m[Kvoid ExampleInterfacesControl::move_robot(float)[m[K’:
[1.780s] [01m[K/home/tianshu/ROS2Introduction/interface_intro_ws/src/example_interfaces_rclcpp/src/example_interfaces_control_01.cpp:50:32:[m[K [01;31m[Kerror: [m[Kno matching function for call to ‘[01m[Krclcpp::Client<example_ros2_interfaces::srv::MoveRobot>::async_send_request(std::shared_ptr<example_ros2_interfaces::srv::MoveRobot_Request_<std::allocator<void> > >&, std::_Bind_helper<false, void (ExampleInterfacesControl::*)(...), ExampleInterfacesControl*, const std::_Placeholder<1>&>::type)[m[K’
[1.780s]    50 |     [01;31m[Kclient_->async_send_request(request, std::bind(&ExampleInterfacesControl::result_callback_, this, std::placeholders::_1))[m[K;
[1.780s]       |     [01;31m[K~~~~~~~~~~~~~~~~~~~~~~~~~~~^~~~~~~~~~~~~~~~~~~~~~~~~~~~~~~~~~~~~~~~~~~~~~~~~~~~~~~~~~~~~~~~~~~~~~~~~~~~~~~~~~~~~~~~~~~~~~[m[K
[1.780s] In file included from [01m[K/opt/ros/humble/include/rclcpp/rclcpp/callback_group.hpp:24[m[K,
[1.780s]                  from [01m[K/opt/ros/humble/include/rclcpp/rclcpp/any_executable.hpp:20[m[K,
[1.781s]                  from [01m[K/opt/ros/humble/include/rclcpp/rclcpp/memory_strategy.hpp:25[m[K,
[1.781s]                  from [01m[K/opt/ros/humble/include/rclcpp/rclcpp/memory_strategies.hpp:18[m[K,
[1.781s]                  from [01m[K/opt/ros/humble/include/rclcpp/rclcpp/executor_options.hpp:20[m[K,
[1.781s]                  from [01m[K/opt/ros/humble/include/rclcpp/rclcpp/executor.hpp:37[m[K,
[1.781s]                  from [01m[K/opt/ros/humble/include/rclcpp/rclcpp/executors/multi_threaded_executor.hpp:25[m[K,
[1.781s]                  from [01m[K/opt/ros/humble/include/rclcpp/rclcpp/executors.hpp:21[m[K,
[1.781s]                  from [01m[K/opt/ros/humble/include/rclcpp/rclcpp/rclcpp.hpp:155[m[K,
[1.781s]                  from [01m[K/home/tianshu/ROS2Introduction/interface_intro_ws/src/example_interfaces_rclcpp/src/example_interfaces_control_01.cpp:1[m[K:
[1.781s] [01m[K/opt/ros/humble/include/rclcpp/rclcpp/client.hpp:643:3:[m[K [01;36m[Knote: [m[Kcandidate: ‘[01m[Ktemplate<class CallbackT, typename std::enable_if<rclcpp::function_traits::same_arguments<CallbackT, std::function<void(std::shared_future<std::shared_ptr<example_ros2_interfaces::srv::MoveRobot_Response_<std::allocator<void> > > >)> >::value, void>::type* <anonymous> > rclcpp::Client<ServiceT>::SharedFutureAndRequestId rclcpp::Client<ServiceT>::async_send_request(rclcpp::Client<ServiceT>::SharedRequest, CallbackT&&) [with CallbackT = CallbackT; typename std::enable_if<rclcpp::function_traits::same_arguments<CallbackT, std::function<void(std::shared_future<typename ServiceT::Response::SharedPtr>)> >::value>::type* <anonymous> = <anonymous>; ServiceT = example_ros2_interfaces::srv::MoveRobot][m[K’
[1.781s]   643 |   [01;36m[Kasync_send_request[m[K(SharedRequest request, CallbackT && cb)
[1.781s]       |   [01;36m[K^~~~~~~~~~~~~~~~~~[m[K
[1.781s] [01m[K/opt/ros/humble/include/rclcpp/rclcpp/client.hpp:643:3:[m[K [01;36m[Knote: [m[K  template argument deduction/substitution failed:
[1.781s] [01m[K/opt/ros/humble/include/rclcpp/rclcpp/client.hpp:640:17:[m[K [01;31m[Kerror: [m[K‘[01m[Kvalue[m[K’ is not a member of ‘[01m[Krclcpp::function_traits::same_arguments<std::_Bind<void (ExampleInterfacesControl::*(ExampleInterfacesControl*, std::_Placeholder<1>))(...)>, std::function<void(std::shared_future<std::shared_ptr<example_ros2_interfaces::srv::MoveRobot_Response_<std::allocator<void> > > >)> >[m[K’
[1.781s]   640 |     >::type * = [01;31m[Knullptr[m[K
[1.781s]       |                 [01;31m[K^~~~~~~[m[K
[1.781s] [01m[K/opt/ros/humble/include/rclcpp/rclcpp/client.hpp:674:3:[m[K [01;36m[Knote: [m[Kcandidate: ‘[01m[Ktemplate<class CallbackT, typename std::enable_if<rclcpp::function_traits::same_arguments<CallbackT, std::function<void(std::shared_future<std::pair<std::shared_ptr<example_ros2_interfaces::srv::MoveRobot_Request_<std::allocator<void> > >, std::shared_ptr<example_ros2_interfaces::srv::MoveRobot_Response_<std::allocator<void> > > > >)> >::value, void>::type* <anonymous> > rclcpp::Client<ServiceT>::SharedFutureWithRequestAndRequestId rclcpp::Client<ServiceT>::async_send_request(rclcpp::Client<ServiceT>::SharedRequest, CallbackT&&) [with CallbackT = CallbackT; typename std::enable_if<rclcpp::function_traits::same_arguments<CallbackT, std::function<void(std::shared_future<std::pair<typename ServiceT::Request::SharedPtr, typename ServiceT::Response::SharedPtr> >)> >::value>::type* <anonymous> = <anonymous>; ServiceT = example_ros2_interfaces::srv::MoveRobot][m[K’
[1.781s]   674 |   [01;36m[Kasync_send_request[m[K(SharedRequest request, CallbackT && cb)
[1.782s]       |   [01;36m[K^~~~~~~~~~~~~~~~~~[m[K
[1.782s] [01m[K/opt/ros/humble/include/rclcpp/rclcpp/client.hpp:674:3:[m[K [01;36m[Knote: [m[K  substitution of deduced template arguments resulted in errors seen above
[1.782s] [01m[K/opt/ros/humble/include/rclcpp/rclcpp/client.hpp:608:3:[m[K [01;36m[Knote: [m[Kcandidate: ‘[01m[Krclcpp::Client<ServiceT>::FutureAndRequestId rclcpp::Client<ServiceT>::async_send_request(rclcpp::Client<ServiceT>::SharedRequest) [with ServiceT = example_ros2_interfaces::srv::MoveRobot; rclcpp::Client<ServiceT>::SharedRequest = std::shared_ptr<example_ros2_interfaces::srv::MoveRobot_Request_<std::allocator<void> > >][m[K’
[1.782s]   608 |   [01;36m[Kasync_send_request[m[K(SharedRequest request)
[1.782s]       |   [01;36m[K^~~~~~~~~~~~~~~~~~[m[K
[1.782s] [01m[K/opt/ros/humble/include/rclcpp/rclcpp/client.hpp:608:3:[m[K [01;36m[Knote: [m[K  candidate expects 1 argument, 2 provided
[4.397s] [ 75%] [32m[1mLinking CXX executable example_interfaces_robot_01[0m
[4.503s] gmake[2]: *** [CMakeFiles/example_interfaces_control_01.dir/build.make:76: CMakeFiles/example_interfaces_control_01.dir/src/example_interfaces_control_01.cpp.o] Error 1
[4.503s] gmake[1]: *** [CMakeFiles/Makefile2:165: CMakeFiles/example_interfaces_control_01.dir/all] Error 2
[4.503s] gmake[1]: *** Waiting for unfinished jobs....
[4.627s] [ 75%] Built target example_interfaces_robot_01
[4.628s] gmake: *** [Makefile:146: all] Error 2
[4.630s] Invoked command in '/home/tianshu/ROS2Introduction/interface_intro_ws/build/example_interfaces_rclcpp' returned '2': AMENT_PREFIX_PATH=/home/tianshu/ROS2Introduction/interface_intro_ws/install/example_ros2_interfaces:${AMENT_PREFIX_PATH} CMAKE_PREFIX_PATH=/home/tianshu/ROS2Introduction/interface_intro_ws/install/example_ros2_interfaces:/home/tianshu/ROS2Introduction/service_intro_ws/install/example_service_rclcpp:/opt/ros/humble CONDA_PROMPT_MODIFIER=(base) LD_LIBRARY_PATH=/home/tianshu/ROS2Introduction/interface_intro_ws/install/example_ros2_interfaces/lib:/usr/lib/wsl/lib:/opt/ros/humble/opt/rviz_ogre_vendor/lib:/opt/ros/humble/lib/x86_64-linux-gnu:/opt/ros/humble/lib:/usr/lib/wsl/lib PYTHONPATH=/home/tianshu/ROS2Introduction/interface_intro_ws/install/example_ros2_interfaces/local/lib/python3.10/dist-packages:${PYTHONPATH} WSLENV=ELECTRON_RUN_AS_NODE/w:WT_SESSION::WT_PROFILE_ID /usr/bin/cmake --build /home/tianshu/ROS2Introduction/interface_intro_ws/build/example_interfaces_rclcpp -- -j20 -l20
