[0.272s] DEBUG:colcon:Command line arguments: ['/usr/bin/colcon', 'build']
[0.272s] DEBUG:colcon:Parsed command line arguments: Namespace(log_base=None, log_level=None, verb_name='build', build_base='build', install_base='install', merge_install=False, symlink_install=False, test_result_base=None, continue_on_error=False, executor='parallel', parallel_workers=20, event_handlers=None, ignore_user_meta=False, metas=['./colcon.meta'], base_paths=['.'], packages_ignore=None, packages_ignore_regex=None, paths=None, packages_up_to=None, packages_up_to_regex=None, packages_above=None, packages_above_and_dependencies=None, packages_above_depth=None, packages_select_by_dep=None, packages_skip_by_dep=None, packages_skip_up_to=None, packages_select_build_failed=False, packages_skip_build_finished=False, packages_select_test_failures=False, packages_skip_test_passed=False, packages_select=None, packages_skip=None, packages_select_regex=None, packages_skip_regex=None, packages_start=None, packages_end=None, allow_overriding=[], cmake_args=None, cmake_target=None, cmake_target_skip_unavailable=False, cmake_clean_cache=False, cmake_clean_first=False, cmake_force_configure=False, ament_cmake_args=None, catkin_cmake_args=None, catkin_skip_building_tests=False, verb_parser=<colcon_defaults.argument_parser.defaults.DefaultArgumentsDecorator object at 0x7ff67adfb4f0>, verb_extension=<colcon_core.verb.build.BuildVerb object at 0x7ff67adfaf80>, main=<bound method BuildVerb.main of <colcon_core.verb.build.BuildVerb object at 0x7ff67adfaf80>>)
[0.291s] Level 1:colcon.colcon_core.package_discovery:discover_packages(colcon_meta) check parameters
[0.291s] Level 1:colcon.colcon_core.package_discovery:discover_packages(recursive) check parameters
[0.291s] Level 1:colcon.colcon_core.package_discovery:discover_packages(ignore) check parameters
[0.291s] Level 1:colcon.colcon_core.package_discovery:discover_packages(path) check parameters
[0.291s] Level 1:colcon.colcon_core.package_discovery:discover_packages(colcon_meta) discover
[0.291s] Level 1:colcon.colcon_core.package_discovery:discover_packages(recursive) discover
[0.291s] INFO:colcon.colcon_core.package_discovery:Crawling recursively for packages in '/home/tianshu/ROS2Introduction/para_intro_ws_py'
[0.291s] Level 1:colcon.colcon_core.package_identification:_identify(.) by extensions ['ignore', 'ignore_ament_install']
[0.291s] Level 1:colcon.colcon_core.package_identification:_identify(.) by extension 'ignore'
[0.291s] Level 1:colcon.colcon_core.package_identification:_identify(.) by extension 'ignore_ament_install'
[0.291s] Level 1:colcon.colcon_core.package_identification:_identify(.) by extensions ['colcon_pkg']
[0.291s] Level 1:colcon.colcon_core.package_identification:_identify(.) by extension 'colcon_pkg'
[0.292s] Level 1:colcon.colcon_core.package_identification:_identify(.) by extensions ['colcon_meta']
[0.292s] Level 1:colcon.colcon_core.package_identification:_identify(.) by extension 'colcon_meta'
[0.292s] Level 1:colcon.colcon_core.package_identification:_identify(.) by extensions ['ros']
[0.292s] Level 1:colcon.colcon_core.package_identification:_identify(.) by extension 'ros'
[0.301s] Level 1:colcon.colcon_core.package_identification:_identify(.) by extensions ['cmake', 'python']
[0.301s] Level 1:colcon.colcon_core.package_identification:_identify(.) by extension 'cmake'
[0.301s] Level 1:colcon.colcon_core.package_identification:_identify(.) by extension 'python'
[0.301s] Level 1:colcon.colcon_core.package_identification:_identify(.) by extensions ['python_setup_py']
[0.301s] Level 1:colcon.colcon_core.package_identification:_identify(.) by extension 'python_setup_py'
[0.301s] Level 1:colcon.colcon_core.package_identification:_identify(build) by extensions ['ignore', 'ignore_ament_install']
[0.301s] Level 1:colcon.colcon_core.package_identification:_identify(build) by extension 'ignore'
[0.301s] Level 1:colcon.colcon_core.package_identification:_identify(build) ignored
[0.302s] Level 1:colcon.colcon_core.package_identification:_identify(install) by extensions ['ignore', 'ignore_ament_install']
[0.302s] Level 1:colcon.colcon_core.package_identification:_identify(install) by extension 'ignore'
[0.302s] Level 1:colcon.colcon_core.package_identification:_identify(install) ignored
[0.302s] Level 1:colcon.colcon_core.package_identification:_identify(log) by extensions ['ignore', 'ignore_ament_install']
[0.302s] Level 1:colcon.colcon_core.package_identification:_identify(log) by extension 'ignore'
[0.302s] Level 1:colcon.colcon_core.package_identification:_identify(log) ignored
[0.302s] Level 1:colcon.colcon_core.package_identification:_identify(src) by extensions ['ignore', 'ignore_ament_install']
[0.302s] Level 1:colcon.colcon_core.package_identification:_identify(src) by extension 'ignore'
[0.302s] Level 1:colcon.colcon_core.package_identification:_identify(src) by extension 'ignore_ament_install'
[0.302s] Level 1:colcon.colcon_core.package_identification:_identify(src) by extensions ['colcon_pkg']
[0.302s] Level 1:colcon.colcon_core.package_identification:_identify(src) by extension 'colcon_pkg'
[0.302s] Level 1:colcon.colcon_core.package_identification:_identify(src) by extensions ['colcon_meta']
[0.302s] Level 1:colcon.colcon_core.package_identification:_identify(src) by extension 'colcon_meta'
[0.302s] Level 1:colcon.colcon_core.package_identification:_identify(src) by extensions ['ros']
[0.302s] Level 1:colcon.colcon_core.package_identification:_identify(src) by extension 'ros'
[0.302s] Level 1:colcon.colcon_core.package_identification:_identify(src) by extensions ['cmake', 'python']
[0.302s] Level 1:colcon.colcon_core.package_identification:_identify(src) by extension 'cmake'
[0.302s] Level 1:colcon.colcon_core.package_identification:_identify(src) by extension 'python'
[0.302s] Level 1:colcon.colcon_core.package_identification:_identify(src) by extensions ['python_setup_py']
[0.302s] Level 1:colcon.colcon_core.package_identification:_identify(src) by extension 'python_setup_py'
[0.302s] Level 1:colcon.colcon_core.package_identification:_identify(src/example_parameters_rclpy) by extensions ['ignore', 'ignore_ament_install']
[0.302s] Level 1:colcon.colcon_core.package_identification:_identify(src/example_parameters_rclpy) by extension 'ignore'
[0.302s] Level 1:colcon.colcon_core.package_identification:_identify(src/example_parameters_rclpy) by extension 'ignore_ament_install'
[0.302s] Level 1:colcon.colcon_core.package_identification:_identify(src/example_parameters_rclpy) by extensions ['colcon_pkg']
[0.302s] Level 1:colcon.colcon_core.package_identification:_identify(src/example_parameters_rclpy) by extension 'colcon_pkg'
[0.302s] Level 1:colcon.colcon_core.package_identification:_identify(src/example_parameters_rclpy) by extensions ['colcon_meta']
[0.302s] Level 1:colcon.colcon_core.package_identification:_identify(src/example_parameters_rclpy) by extension 'colcon_meta'
[0.302s] Level 1:colcon.colcon_core.package_identification:_identify(src/example_parameters_rclpy) by extensions ['ros']
[0.302s] Level 1:colcon.colcon_core.package_identification:_identify(src/example_parameters_rclpy) by extension 'ros'
[0.304s] DEBUG:colcon.colcon_core.package_identification:Package 'src/example_parameters_rclpy' with type 'ros.ament_python' and name 'example_parameters_rclpy'
[0.305s] Level 1:colcon.colcon_core.package_discovery:discover_packages(recursive) using defaults
[0.305s] Level 1:colcon.colcon_core.package_discovery:discover_packages(ignore) discover
[0.305s] Level 1:colcon.colcon_core.package_discovery:discover_packages(ignore) using defaults
[0.305s] Level 1:colcon.colcon_core.package_discovery:discover_packages(path) discover
[0.305s] Level 1:colcon.colcon_core.package_discovery:discover_packages(path) using defaults
[0.320s] Level 1:colcon.colcon_core.package_discovery:discover_packages(prefix_path) check parameters
[0.320s] Level 1:colcon.colcon_core.package_discovery:discover_packages(prefix_path) discover
[0.322s] DEBUG:colcon.colcon_installed_package_information.package_discovery:Found 1 installed packages in /home/tianshu/ROS2Introduction/para_intro_ws_py/install
[0.322s] DEBUG:colcon.colcon_installed_package_information.package_discovery:Found 2 installed packages in /home/tianshu/ROS2Introduction/interface_intro_ws/install
[0.323s] DEBUG:colcon.colcon_installed_package_information.package_discovery:Found 334 installed packages in /opt/ros/humble
[0.324s] Level 1:colcon.colcon_core.package_discovery:discover_packages(prefix_path) using defaults
[0.367s] Level 5:colcon.colcon_core.verb:set package 'example_parameters_rclpy' build argument 'cmake_args' from command line to 'None'
[0.368s] Level 5:colcon.colcon_core.verb:set package 'example_parameters_rclpy' build argument 'cmake_target' from command line to 'None'
[0.368s] Level 5:colcon.colcon_core.verb:set package 'example_parameters_rclpy' build argument 'cmake_target_skip_unavailable' from command line to 'False'
[0.368s] Level 5:colcon.colcon_core.verb:set package 'example_parameters_rclpy' build argument 'cmake_clean_cache' from command line to 'False'
[0.368s] Level 5:colcon.colcon_core.verb:set package 'example_parameters_rclpy' build argument 'cmake_clean_first' from command line to 'False'
[0.368s] Level 5:colcon.colcon_core.verb:set package 'example_parameters_rclpy' build argument 'cmake_force_configure' from command line to 'False'
[0.368s] Level 5:colcon.colcon_core.verb:set package 'example_parameters_rclpy' build argument 'ament_cmake_args' from command line to 'None'
[0.368s] Level 5:colcon.colcon_core.verb:set package 'example_parameters_rclpy' build argument 'catkin_cmake_args' from command line to 'None'
[0.368s] Level 5:colcon.colcon_core.verb:set package 'example_parameters_rclpy' build argument 'catkin_skip_building_tests' from command line to 'False'
[0.368s] DEBUG:colcon.colcon_core.verb:Building package 'example_parameters_rclpy' with the following arguments: {'ament_cmake_args': None, 'build_base': '/home/tianshu/ROS2Introduction/para_intro_ws_py/build/example_parameters_rclpy', 'catkin_cmake_args': None, 'catkin_skip_building_tests': False, 'cmake_args': None, 'cmake_clean_cache': False, 'cmake_clean_first': False, 'cmake_force_configure': False, 'cmake_target': None, 'cmake_target_skip_unavailable': False, 'install_base': '/home/tianshu/ROS2Introduction/para_intro_ws_py/install/example_parameters_rclpy', 'merge_install': False, 'path': '/home/tianshu/ROS2Introduction/para_intro_ws_py/src/example_parameters_rclpy', 'symlink_install': False, 'test_result_base': None}
[0.368s] INFO:colcon.colcon_core.executor:Executing jobs using 'parallel' executor
[0.371s] DEBUG:colcon.colcon_parallel_executor.executor.parallel:run_until_complete
[0.371s] INFO:colcon.colcon_ros.task.ament_python.build:Building ROS package in '/home/tianshu/ROS2Introduction/para_intro_ws_py/src/example_parameters_rclpy' with build type 'ament_python'
[0.371s] Level 1:colcon.colcon_core.shell:create_environment_hook('example_parameters_rclpy', 'ament_prefix_path')
[0.375s] INFO:colcon.colcon_core.plugin_system:Skipping extension 'colcon_core.shell.bat': Not used on non-Windows systems
[0.375s] INFO:colcon.colcon_core.shell:Creating environment hook '/home/tianshu/ROS2Introduction/para_intro_ws_py/install/example_parameters_rclpy/share/example_parameters_rclpy/hook/ament_prefix_path.ps1'
[0.375s] INFO:colcon.colcon_core.shell:Creating environment descriptor '/home/tianshu/ROS2Introduction/para_intro_ws_py/install/example_parameters_rclpy/share/example_parameters_rclpy/hook/ament_prefix_path.dsv'
[0.376s] INFO:colcon.colcon_core.shell:Creating environment hook '/home/tianshu/ROS2Introduction/para_intro_ws_py/install/example_parameters_rclpy/share/example_parameters_rclpy/hook/ament_prefix_path.sh'
[0.377s] INFO:colcon.colcon_core.shell:Skip shell extension 'powershell' for command environment: Not usable outside of PowerShell
[0.377s] DEBUG:colcon.colcon_core.shell:Skip shell extension 'dsv' for command environment
[0.634s] INFO:colcon.colcon_core.task.python.build:Building Python package in '/home/tianshu/ROS2Introduction/para_intro_ws_py/src/example_parameters_rclpy'
[0.635s] INFO:colcon.colcon_core.shell:Skip shell extension 'powershell' for command environment: Not usable outside of PowerShell
[0.635s] DEBUG:colcon.colcon_core.shell:Skip shell extension 'dsv' for command environment
[0.950s] DEBUG:colcon.colcon_core.event_handler.log_command:Invoking command in '/home/tianshu/ROS2Introduction/para_intro_ws_py/src/example_parameters_rclpy': CONDA_PROMPT_MODIFIER=(base) PYTHONPATH=/home/tianshu/ROS2Introduction/para_intro_ws_py/build/example_parameters_rclpy/prefix_override:/home/tianshu/ROS2Introduction/para_intro_ws_py/install/example_parameters_rclpy/lib/python3.10/site-packages:${PYTHONPATH} /usr/bin/python3 setup.py egg_info --egg-base ../../build/example_parameters_rclpy build --build-base /home/tianshu/ROS2Introduction/para_intro_ws_py/build/example_parameters_rclpy/build install --record /home/tianshu/ROS2Introduction/para_intro_ws_py/build/example_parameters_rclpy/install.log --single-version-externally-managed
[1.214s] DEBUG:colcon.colcon_core.event_handler.log_command:Invoked command in '/home/tianshu/ROS2Introduction/para_intro_ws_py/src/example_parameters_rclpy' returned '0': CONDA_PROMPT_MODIFIER=(base) PYTHONPATH=/home/tianshu/ROS2Introduction/para_intro_ws_py/build/example_parameters_rclpy/prefix_override:/home/tianshu/ROS2Introduction/para_intro_ws_py/install/example_parameters_rclpy/lib/python3.10/site-packages:${PYTHONPATH} /usr/bin/python3 setup.py egg_info --egg-base ../../build/example_parameters_rclpy build --build-base /home/tianshu/ROS2Introduction/para_intro_ws_py/build/example_parameters_rclpy/build install --record /home/tianshu/ROS2Introduction/para_intro_ws_py/build/example_parameters_rclpy/install.log --single-version-externally-managed
[1.216s] Level 1:colcon.colcon_core.environment:checking '/home/tianshu/ROS2Introduction/para_intro_ws_py/install/example_parameters_rclpy' for CMake module files
[1.217s] Level 1:colcon.colcon_core.environment:checking '/home/tianshu/ROS2Introduction/para_intro_ws_py/install/example_parameters_rclpy' for CMake config files
[1.217s] Level 1:colcon.colcon_core.environment:checking '/home/tianshu/ROS2Introduction/para_intro_ws_py/install/example_parameters_rclpy/lib'
[1.217s] Level 1:colcon.colcon_core.environment:checking '/home/tianshu/ROS2Introduction/para_intro_ws_py/install/example_parameters_rclpy/bin'
[1.218s] Level 1:colcon.colcon_core.environment:checking '/home/tianshu/ROS2Introduction/para_intro_ws_py/install/example_parameters_rclpy/lib/pkgconfig/example_parameters_rclpy.pc'
[1.218s] Level 1:colcon.colcon_core.environment:checking '/home/tianshu/ROS2Introduction/para_intro_ws_py/install/example_parameters_rclpy/lib/python3.10/site-packages'
[1.218s] Level 1:colcon.colcon_core.shell:create_environment_hook('example_parameters_rclpy', 'pythonpath')
[1.219s] INFO:colcon.colcon_core.shell:Creating environment hook '/home/tianshu/ROS2Introduction/para_intro_ws_py/install/example_parameters_rclpy/share/example_parameters_rclpy/hook/pythonpath.ps1'
[1.219s] INFO:colcon.colcon_core.shell:Creating environment descriptor '/home/tianshu/ROS2Introduction/para_intro_ws_py/install/example_parameters_rclpy/share/example_parameters_rclpy/hook/pythonpath.dsv'
[1.219s] INFO:colcon.colcon_core.shell:Creating environment hook '/home/tianshu/ROS2Introduction/para_intro_ws_py/install/example_parameters_rclpy/share/example_parameters_rclpy/hook/pythonpath.sh'
[1.219s] Level 1:colcon.colcon_core.environment:checking '/home/tianshu/ROS2Introduction/para_intro_ws_py/install/example_parameters_rclpy/bin'
[1.220s] Level 1:colcon.colcon_core.environment:create_environment_scripts_only(example_parameters_rclpy)
[1.220s] INFO:colcon.colcon_core.shell:Creating package script '/home/tianshu/ROS2Introduction/para_intro_ws_py/install/example_parameters_rclpy/share/example_parameters_rclpy/package.ps1'
[1.221s] INFO:colcon.colcon_core.shell:Creating package descriptor '/home/tianshu/ROS2Introduction/para_intro_ws_py/install/example_parameters_rclpy/share/example_parameters_rclpy/package.dsv'
[1.221s] INFO:colcon.colcon_core.shell:Creating package script '/home/tianshu/ROS2Introduction/para_intro_ws_py/install/example_parameters_rclpy/share/example_parameters_rclpy/package.sh'
[1.222s] INFO:colcon.colcon_core.shell:Creating package script '/home/tianshu/ROS2Introduction/para_intro_ws_py/install/example_parameters_rclpy/share/example_parameters_rclpy/package.bash'
[1.222s] INFO:colcon.colcon_core.shell:Creating package script '/home/tianshu/ROS2Introduction/para_intro_ws_py/install/example_parameters_rclpy/share/example_parameters_rclpy/package.zsh'
[1.223s] Level 1:colcon.colcon_core.environment:create_file_with_runtime_dependencies(/home/tianshu/ROS2Introduction/para_intro_ws_py/install/example_parameters_rclpy/share/colcon-core/packages/example_parameters_rclpy)
[1.223s] DEBUG:colcon.colcon_parallel_executor.executor.parallel:closing loop
[1.224s] DEBUG:colcon.colcon_parallel_executor.executor.parallel:loop closed
[1.224s] DEBUG:colcon.colcon_parallel_executor.executor.parallel:run_until_complete finished with '0'
[1.224s] DEBUG:colcon.colcon_core.event_reactor:joining thread
[1.231s] INFO:colcon.colcon_core.plugin_system:Skipping extension 'colcon_notification.desktop_notification.terminal_notifier': Not used on non-Darwin systems
[1.231s] INFO:colcon.colcon_core.plugin_system:Skipping extension 'colcon_notification.desktop_notification.win32': Not used on non-Windows systems
[1.231s] INFO:colcon.colcon_notification.desktop_notification:Sending desktop notification using 'notify2'
[1.249s] DEBUG:colcon.colcon_core.event_reactor:joined thread
[1.250s] INFO:colcon.colcon_core.shell:Creating prefix script '/home/tianshu/ROS2Introduction/para_intro_ws_py/install/local_setup.ps1'
[1.251s] INFO:colcon.colcon_core.shell:Creating prefix util module '/home/tianshu/ROS2Introduction/para_intro_ws_py/install/_local_setup_util_ps1.py'
[1.252s] INFO:colcon.colcon_core.shell:Creating prefix chain script '/home/tianshu/ROS2Introduction/para_intro_ws_py/install/setup.ps1'
[1.253s] INFO:colcon.colcon_core.shell:Creating prefix script '/home/tianshu/ROS2Introduction/para_intro_ws_py/install/local_setup.sh'
[1.254s] INFO:colcon.colcon_core.shell:Creating prefix util module '/home/tianshu/ROS2Introduction/para_intro_ws_py/install/_local_setup_util_sh.py'
[1.254s] INFO:colcon.colcon_core.shell:Creating prefix chain script '/home/tianshu/ROS2Introduction/para_intro_ws_py/install/setup.sh'
[1.255s] INFO:colcon.colcon_core.shell:Creating prefix script '/home/tianshu/ROS2Introduction/para_intro_ws_py/install/local_setup.bash'
[1.255s] INFO:colcon.colcon_core.shell:Creating prefix chain script '/home/tianshu/ROS2Introduction/para_intro_ws_py/install/setup.bash'
[1.256s] INFO:colcon.colcon_core.shell:Creating prefix script '/home/tianshu/ROS2Introduction/para_intro_ws_py/install/local_setup.zsh'
[1.256s] INFO:colcon.colcon_core.shell:Creating prefix chain script '/home/tianshu/ROS2Introduction/para_intro_ws_py/install/setup.zsh'
