[0.017s] Invoking command in '/home/tianshu/ROS2Introduction/bot_description/build/bot_navigation2': CONDA_PROMPT_MODIFIER=(base) /home/tianshu/miniconda3/bin/cmake /home/tianshu/ROS2Introduction/bot_description/src/bot_navigation2 -DCMAKE_INSTALL_PREFIX=/home/tianshu/ROS2Introduction/bot_description/install/bot_navigation2
[0.215s] -- The C compiler identification is GNU 10.4.0
[0.650s] -- The CXX compiler identification is GNU 10.4.0
[0.878s] -- Detecting C compiler ABI info
[0.995s] -- Detecting C compiler ABI info - done
[1.001s] -- Check for working C compiler: /usr/bin/cc - skipped
[1.003s] -- Detecting C compile features
[1.004s] -- Detecting C compile features - done
[1.007s] -- Detecting CXX compiler ABI info
[1.132s] -- Detecting CXX compiler ABI info - done
[1.138s] -- Check for working CXX compiler: /usr/bin/c++ - skipped
[1.139s] -- Detecting CXX compile features
[1.139s] -- Detecting CXX compile features - done
[1.146s] -- Found ament_cmake: 1.3.5 (/opt/ros/humble/share/ament_cmake/cmake)
[2.824s] -- Found Python3: /usr/bin/python3.10 (found version "3.10.6") found components: Interpreter 
[2.907s] -- Found nav2_bringup: 1.1.9 (/opt/ros/humble/share/nav2_bringup/cmake)
[2.908s] -- Found ament_lint_auto: 0.12.6 (/opt/ros/humble/share/ament_lint_auto/cmake)
[2.945s] Error parsing '/home/tianshu/ROS2Introduction/bot_description/src/bot_navigation2/package.xml':
[2.996s] Traceback (most recent call last):
[2.996s]   File "/opt/ros/humble/share/ament_cmake_core/cmake/core/package_xml_2_cmake.py", line 150, in <module>
[2.996s]     main()
[2.996s]   File "/opt/ros/humble/share/ament_cmake_core/cmake/core/package_xml_2_cmake.py", line 53, in main
[2.997s]     raise e
[2.997s]   File "/opt/ros/humble/share/ament_cmake_core/cmake/core/package_xml_2_cmake.py", line 49, in main
[2.997s]     package = parse_package_string(
[2.997s]   File "/usr/lib/python3/dist-packages/catkin_pkg/package.py", line 786, in parse_package_string
[2.997s]     raise InvalidPackage('Error(s):%s' % (''.join(['\n- %s' % e for e in errors])), filename)
[2.998s] catkin_pkg.package.InvalidPackage: Error(s) in package '/home/tianshu/ROS2Introduction/bot_description/src/bot_navigation2/package.xml':
[2.998s] Error(s):
[2.998s] - The generic dependency on 'nav2_bringup' is redundant with: exec_depend
[3.005s] [31mCMake Error at /opt/ros/humble/share/ament_cmake_core/cmake/core/ament_package_xml.cmake:95 (message):
[3.005s]   execute_process(/usr/bin/python3.10
[3.005s]   /opt/ros/humble/share/ament_cmake_core/cmake/core/package_xml_2_cmake.py
[3.005s]   /home/tianshu/ROS2Introduction/bot_description/src/bot_navigation2/package.xml
[3.005s]   /home/tianshu/ROS2Introduction/bot_description/build/bot_navigation2/ament_cmake_core/package.cmake)
[3.005s]   returned error code 1
[3.005s] Call Stack (most recent call first):
[3.006s]   /opt/ros/humble/share/ament_cmake_core/cmake/core/ament_package_xml.cmake:49 (_ament_package_xml)
[3.006s]   /opt/ros/humble/share/ament_lint_auto/cmake/ament_lint_auto_find_test_dependencies.cmake:31 (ament_package_xml)
[3.006s]   CMakeLists.txt:21 (ament_lint_auto_find_test_dependencies)
[3.006s] 
[3.006s] [0m
[3.008s] -- Configuring incomplete, errors occurred!
[3.012s] Invoked command in '/home/tianshu/ROS2Introduction/bot_description/build/bot_navigation2' returned '1': CONDA_PROMPT_MODIFIER=(base) /home/tianshu/miniconda3/bin/cmake /home/tianshu/ROS2Introduction/bot_description/src/bot_navigation2 -DCMAKE_INSTALL_PREFIX=/home/tianshu/ROS2Introduction/bot_description/install/bot_navigation2
