[0.018s] Invoking command in '/home/tianshu/ROS2Introduction/service_intro_ws_cpp/build/example_service_rclcpp': CMAKE_PREFIX_PATH=/opt/ros/humble CONDA_PROMPT_MODIFIER=(base) WSLENV=ELECTRON_RUN_AS_NODE/w: /home/tianshu/miniconda3/bin/cmake /home/tianshu/ROS2Introduction/service_intro_ws_cpp/src/example_service_rclcpp -DCMAKE_INSTALL_PREFIX=/home/tianshu/ROS2Introduction/service_intro_ws_cpp/install/example_service_rclcpp
[0.305s] -- The C compiler identification is GNU 10.4.0
[0.799s] -- The CXX compiler identification is GNU 10.4.0
[1.071s] -- Detecting C compiler ABI info
[1.230s] -- Detecting C compiler ABI info - done
[1.236s] -- Check for working C compiler: /usr/bin/cc - skipped
[1.237s] -- Detecting C compile features
[1.238s] -- Detecting C compile features - done
[1.242s] -- Detecting CXX compiler ABI info
[1.417s] -- Detecting CXX compiler ABI info - done
[1.425s] -- Check for working CXX compiler: /usr/bin/c++ - skipped
[1.425s] -- Detecting CXX compile features
[1.425s] -- Detecting CXX compile features - done
[1.434s] -- Found ament_cmake: 1.3.5 (/opt/ros/humble/share/ament_cmake/cmake)
[3.414s] -- Found Python3: /usr/bin/python3.10 (found version "3.10.6") found components: Interpreter 
[3.504s] -- Found rclcpp: 16.0.4 (/opt/ros/humble/share/rclcpp/cmake)
[3.666s] -- Found rosidl_generator_c: 3.1.4 (/opt/ros/humble/share/rosidl_generator_c/cmake)
[3.674s] -- Found rosidl_adapter: 3.1.4 (/opt/ros/humble/share/rosidl_adapter/cmake)
[3.688s] -- Found rosidl_generator_cpp: 3.1.4 (/opt/ros/humble/share/rosidl_generator_cpp/cmake)
[3.709s] -- Using all available rosidl_typesupport_c: rosidl_typesupport_fastrtps_c;rosidl_typesupport_introspection_c
[3.736s] -- Using all available rosidl_typesupport_cpp: rosidl_typesupport_fastrtps_cpp;rosidl_typesupport_introspection_cpp
[3.816s] -- Found rmw_implementation_cmake: 6.1.1 (/opt/ros/humble/share/rmw_implementation_cmake/cmake)
[3.820s] -- Found rmw_fastrtps_cpp: 6.2.2 (/opt/ros/humble/share/rmw_fastrtps_cpp/cmake)
[4.647s] -- Found OpenSSL: /usr/lib/x86_64-linux-gnu/libcrypto.so (found version "3.0.2")  
[5.407s] -- Found FastRTPS: /opt/ros/humble/include  
[6.688s] -- Using RMW implementation 'rmw_fastrtps_cpp' as default
[6.700s] -- Performing Test CMAKE_HAVE_LIBC_PTHREAD
[6.822s] -- Performing Test CMAKE_HAVE_LIBC_PTHREAD - Success
[6.822s] -- Found Threads: TRUE  
[6.978s] -- Found example_interfaces: 0.9.3 (/opt/ros/humble/share/example_interfaces/cmake)
[7.105s] -- Found ament_lint_auto: 0.12.6 (/opt/ros/humble/share/ament_lint_auto/cmake)
[7.169s] -- Added test 'cppcheck' to perform static code analysis on C / C++ code
[7.169s] -- Configured cppcheck include dirs: 
[7.169s] -- Configured cppcheck exclude dirs and/or files: 
[7.170s] -- Added test 'lint_cmake' to check CMake code style
[7.172s] -- Added test 'uncrustify' to check C / C++ code style
[7.172s] -- Configured uncrustify additional arguments: 
[7.172s] -- Added test 'xmllint' to check XML markup files
[7.175s] -- Configuring done (7.1s)
[7.189s] -- Generating done (0.0s)
[7.190s] -- Build files have been written to: /home/tianshu/ROS2Introduction/service_intro_ws_cpp/build/example_service_rclcpp
[7.200s] Invoked command in '/home/tianshu/ROS2Introduction/service_intro_ws_cpp/build/example_service_rclcpp' returned '0': CMAKE_PREFIX_PATH=/opt/ros/humble CONDA_PROMPT_MODIFIER=(base) WSLENV=ELECTRON_RUN_AS_NODE/w: /home/tianshu/miniconda3/bin/cmake /home/tianshu/ROS2Introduction/service_intro_ws_cpp/src/example_service_rclcpp -DCMAKE_INSTALL_PREFIX=/home/tianshu/ROS2Introduction/service_intro_ws_cpp/install/example_service_rclcpp
[7.201s] Invoking command in '/home/tianshu/ROS2Introduction/service_intro_ws_cpp/build/example_service_rclcpp': CMAKE_PREFIX_PATH=/opt/ros/humble CONDA_PROMPT_MODIFIER=(base) WSLENV=ELECTRON_RUN_AS_NODE/w: /home/tianshu/miniconda3/bin/cmake --build /home/tianshu/ROS2Introduction/service_intro_ws_cpp/build/example_service_rclcpp -- -j20 -l20
[7.262s] [ 25%] [32mBuilding CXX object CMakeFiles/service_client_01.dir/src/service_client_01.cpp.o[0m
[7.262s] [ 50%] [32mBuilding CXX object CMakeFiles/service_server_01.dir/src/service_server_01.cpp.o[0m
[9.867s] [ 75%] [32m[1mLinking CXX executable service_server_01[0m
[9.958s] [100%] [32m[1mLinking CXX executable service_client_01[0m
[10.081s] [100%] Built target service_server_01
[10.122s] [100%] Built target service_client_01
[10.131s] Invoked command in '/home/tianshu/ROS2Introduction/service_intro_ws_cpp/build/example_service_rclcpp' returned '0': CMAKE_PREFIX_PATH=/opt/ros/humble CONDA_PROMPT_MODIFIER=(base) WSLENV=ELECTRON_RUN_AS_NODE/w: /home/tianshu/miniconda3/bin/cmake --build /home/tianshu/ROS2Introduction/service_intro_ws_cpp/build/example_service_rclcpp -- -j20 -l20
[10.238s] Invoking command in '/home/tianshu/ROS2Introduction/service_intro_ws_cpp/build/example_service_rclcpp': CMAKE_PREFIX_PATH=/opt/ros/humble CONDA_PROMPT_MODIFIER=(base) WSLENV=ELECTRON_RUN_AS_NODE/w: /home/tianshu/miniconda3/bin/cmake --install /home/tianshu/ROS2Introduction/service_intro_ws_cpp/build/example_service_rclcpp
[10.265s] -- Install configuration: ""
[10.265s] -- Installing: /home/tianshu/ROS2Introduction/service_intro_ws_cpp/install/example_service_rclcpp/share/ament_index/resource_index/package_run_dependencies/example_service_rclcpp
[10.265s] -- Installing: /home/tianshu/ROS2Introduction/service_intro_ws_cpp/install/example_service_rclcpp/share/ament_index/resource_index/parent_prefix_path/example_service_rclcpp
[10.266s] -- Installing: /home/tianshu/ROS2Introduction/service_intro_ws_cpp/install/example_service_rclcpp/share/example_service_rclcpp/environment/ament_prefix_path.sh
[10.266s] -- Installing: /home/tianshu/ROS2Introduction/service_intro_ws_cpp/install/example_service_rclcpp/share/example_service_rclcpp/environment/ament_prefix_path.dsv
[10.266s] -- Installing: /home/tianshu/ROS2Introduction/service_intro_ws_cpp/install/example_service_rclcpp/share/example_service_rclcpp/environment/path.sh
[10.266s] -- Installing: /home/tianshu/ROS2Introduction/service_intro_ws_cpp/install/example_service_rclcpp/share/example_service_rclcpp/environment/path.dsv
[10.266s] -- Installing: /home/tianshu/ROS2Introduction/service_intro_ws_cpp/install/example_service_rclcpp/share/example_service_rclcpp/local_setup.bash
[10.266s] -- Installing: /home/tianshu/ROS2Introduction/service_intro_ws_cpp/install/example_service_rclcpp/share/example_service_rclcpp/local_setup.sh
[10.266s] -- Installing: /home/tianshu/ROS2Introduction/service_intro_ws_cpp/install/example_service_rclcpp/share/example_service_rclcpp/local_setup.zsh
[10.266s] -- Installing: /home/tianshu/ROS2Introduction/service_intro_ws_cpp/install/example_service_rclcpp/share/example_service_rclcpp/local_setup.dsv
[10.266s] -- Installing: /home/tianshu/ROS2Introduction/service_intro_ws_cpp/install/example_service_rclcpp/share/example_service_rclcpp/package.dsv
[10.267s] -- Installing: /home/tianshu/ROS2Introduction/service_intro_ws_cpp/install/example_service_rclcpp/share/ament_index/resource_index/packages/example_service_rclcpp
[10.267s] -- Installing: /home/tianshu/ROS2Introduction/service_intro_ws_cpp/install/example_service_rclcpp/share/example_service_rclcpp/cmake/example_service_rclcppConfig.cmake
[10.267s] -- Installing: /home/tianshu/ROS2Introduction/service_intro_ws_cpp/install/example_service_rclcpp/share/example_service_rclcpp/cmake/example_service_rclcppConfig-version.cmake
[10.267s] -- Installing: /home/tianshu/ROS2Introduction/service_intro_ws_cpp/install/example_service_rclcpp/share/example_service_rclcpp/package.xml
[10.267s] -- Installing: /home/tianshu/ROS2Introduction/service_intro_ws_cpp/install/example_service_rclcpp/lib/example_service_rclcpp/service_server_01
[10.268s] -- Set runtime path of "/home/tianshu/ROS2Introduction/service_intro_ws_cpp/install/example_service_rclcpp/lib/example_service_rclcpp/service_server_01" to ""
[10.268s] -- Installing: /home/tianshu/ROS2Introduction/service_intro_ws_cpp/install/example_service_rclcpp/lib/example_service_rclcpp/service_client_01
[10.268s] -- Set runtime path of "/home/tianshu/ROS2Introduction/service_intro_ws_cpp/install/example_service_rclcpp/lib/example_service_rclcpp/service_client_01" to ""
[10.273s] Invoked command in '/home/tianshu/ROS2Introduction/service_intro_ws_cpp/build/example_service_rclcpp' returned '0': CMAKE_PREFIX_PATH=/opt/ros/humble CONDA_PROMPT_MODIFIER=(base) WSLENV=ELECTRON_RUN_AS_NODE/w: /home/tianshu/miniconda3/bin/cmake --install /home/tianshu/ROS2Introduction/service_intro_ws_cpp/build/example_service_rclcpp
