[0.019s] Invoking command in '/home/tianshu/ROS2Introduction/interface_intro_ws/build/example_ros2_interfaces': CMAKE_PREFIX_PATH=${CMAKE_PREFIX_PATH}:/opt/ros/humble CONDA_PROMPT_MODIFIER=(base) WSLENV=ELECTRON_RUN_AS_NODE/w:WT_SESSION::WT_PROFILE_ID /usr/bin/cmake /home/tianshu/ROS2Introduction/interface_intro_ws/src/example_ros2_interfaces -DCMAKE_INSTALL_PREFIX=/home/tianshu/ROS2Introduction/interface_intro_ws/install/example_ros2_interfaces
[0.228s] -- The C compiler identification is GNU 11.3.0
[0.565s] -- The CXX compiler identification is GNU 11.3.0
[0.727s] -- Detecting C compiler ABI info
[0.852s] -- Detecting C compiler ABI info - done
[0.856s] -- Check for working C compiler: /usr/bin/cc - skipped
[0.856s] -- Detecting C compile features
[0.857s] -- Detecting C compile features - done
[0.859s] -- Detecting CXX compiler ABI info
[0.971s] -- Detecting CXX compiler ABI info - done
[0.976s] -- Check for working CXX compiler: /usr/bin/c++ - skipped
[0.976s] -- Detecting CXX compile features
[0.976s] -- Detecting CXX compile features - done
[0.981s] -- Found ament_cmake: 1.3.4 (/opt/ros/humble/share/ament_cmake/cmake)
[1.161s] -- Found Python3: /usr/bin/python3.10 (found version "3.10.6") found components: Interpreter 
[1.233s] -- Found rosidl_default_generators: 1.2.0 (/opt/ros/humble/share/rosidl_default_generators/cmake)
[1.236s] -- Using all available rosidl_typesupport_c: rosidl_typesupport_fastrtps_c;rosidl_typesupport_introspection_c
[1.241s] -- Found rosidl_adapter: 3.1.4 (/opt/ros/humble/share/rosidl_adapter/cmake)
[1.339s] -- Using all available rosidl_typesupport_cpp: rosidl_typesupport_fastrtps_cpp;rosidl_typesupport_introspection_cpp
[1.365s] -- Found geometry_msgs: 4.2.3 (/opt/ros/humble/share/geometry_msgs/cmake)
[1.681s] -- Found ament_cmake_ros: 0.10.0 (/opt/ros/humble/share/ament_cmake_ros/cmake)
[1.855s] -- Using all available rosidl_typesupport_c: rosidl_typesupport_fastrtps_c;rosidl_typesupport_introspection_c
[2.097s] -- Using all available rosidl_typesupport_cpp: rosidl_typesupport_fastrtps_cpp;rosidl_typesupport_introspection_cpp
[2.163s] -- Found PythonInterp: /home/tianshu/miniconda3/bin/python3 (found suitable version "3.9.12", minimum required is "3.6") 
[2.164s] -- Found python_cmake_module: 0.10.0 (/opt/ros/humble/share/python_cmake_module/cmake)
[2.182s] -- Found PythonLibs: /home/tianshu/miniconda3/lib/libpython3.9.so (found suitable version "3.9.12", minimum required is "3.5") 
[2.182s] -- Using PYTHON_EXECUTABLE: /home/tianshu/miniconda3/bin/python3
[2.183s] -- Using PYTHON_INCLUDE_DIRS: /home/tianshu/miniconda3/include/python3.9
[2.183s] -- Using PYTHON_LIBRARIES: /home/tianshu/miniconda3/lib/libpython3.9.so
[2.198s] -- Found PythonExtra: .so  
[2.472s] -- Using numpy include directory: /home/tianshu/miniconda3/lib/python3.9/site-packages/numpy/core/include
[2.478s] -- Found ament_lint_auto: 0.12.6 (/opt/ros/humble/share/ament_lint_auto/cmake)
[2.492s] -- Added test 'lint_cmake' to check CMake code style
[2.493s] -- Added test 'xmllint' to check XML markup files
[2.495s] -- Configuring done
[2.527s] -- Generating done
[2.529s] -- Build files have been written to: /home/tianshu/ROS2Introduction/interface_intro_ws/build/example_ros2_interfaces
[2.539s] Invoked command in '/home/tianshu/ROS2Introduction/interface_intro_ws/build/example_ros2_interfaces' returned '0': CMAKE_PREFIX_PATH=${CMAKE_PREFIX_PATH}:/opt/ros/humble CONDA_PROMPT_MODIFIER=(base) WSLENV=ELECTRON_RUN_AS_NODE/w:WT_SESSION::WT_PROFILE_ID /usr/bin/cmake /home/tianshu/ROS2Introduction/interface_intro_ws/src/example_ros2_interfaces -DCMAKE_INSTALL_PREFIX=/home/tianshu/ROS2Introduction/interface_intro_ws/install/example_ros2_interfaces
[2.540s] Invoking command in '/home/tianshu/ROS2Introduction/interface_intro_ws/build/example_ros2_interfaces': CMAKE_PREFIX_PATH=${CMAKE_PREFIX_PATH}:/opt/ros/humble CONDA_PROMPT_MODIFIER=(base) WSLENV=ELECTRON_RUN_AS_NODE/w:WT_SESSION::WT_PROFILE_ID /usr/bin/cmake --build /home/tianshu/ROS2Introduction/interface_intro_ws/build/example_ros2_interfaces -- -j20 -l20
[2.600s] [  2%] [34m[1mGenerating C code for ROS interfaces[0m
[2.617s] [  4%] [34m[1mGenerating C++ code for ROS interfaces[0m
[2.648s] [  4%] Built target ament_cmake_python_copy_example_ros2_interfaces
[2.873s] running egg_info
[2.873s] creating example_ros2_interfaces.egg-info
[2.873s] writing example_ros2_interfaces.egg-info/PKG-INFO
[2.874s] writing dependency_links to example_ros2_interfaces.egg-info/dependency_links.txt
[2.874s] writing top-level names to example_ros2_interfaces.egg-info/top_level.txt
[2.874s] writing manifest file 'example_ros2_interfaces.egg-info/SOURCES.txt'
[2.876s] reading manifest file 'example_ros2_interfaces.egg-info/SOURCES.txt'
[2.876s] writing manifest file 'example_ros2_interfaces.egg-info/SOURCES.txt'
[2.916s] [  4%] Built target ament_cmake_python_build_example_ros2_interfaces_egg
[2.922s] [  4%] Built target example_ros2_interfaces__cpp
[2.932s] [  6%] [32mBuilding C object CMakeFiles/example_ros2_interfaces__rosidl_generator_c.dir/rosidl_generator_c/example_ros2_interfaces/msg/detail/robot_pose__functions.c.o[0m
[2.933s] [  8%] [32mBuilding C object CMakeFiles/example_ros2_interfaces__rosidl_generator_c.dir/rosidl_generator_c/example_ros2_interfaces/msg/detail/robot_status__functions.c.o[0m
[2.933s] [ 10%] [32mBuilding C object CMakeFiles/example_ros2_interfaces__rosidl_generator_c.dir/rosidl_generator_c/example_ros2_interfaces/srv/detail/move_robot__functions.c.o[0m
[2.944s] [ 12%] [34m[1mGenerating C++ type support for eProsima Fast-RTPS[0m
[2.945s] [ 14%] [34m[1mGenerating C++ type support dispatch for ROS interfaces[0m
[2.946s] [ 17%] [34m[1mGenerating C++ introspection for ROS interfaces[0m
[2.997s] [ 19%] [32m[1mLinking C shared library libexample_ros2_interfaces__rosidl_generator_c.so[0m
[3.099s] [ 19%] Built target example_ros2_interfaces__rosidl_generator_c
[3.118s] [ 21%] [34m[1mGenerating C type support dispatch for ROS interfaces[0m
[3.119s] [ 23%] [34m[1mGenerating C type support for eProsima Fast-RTPS[0m
[3.119s] [ 25%] [34m[1mGenerating C introspection for ROS interfaces[0m
[3.206s] [ 27%] [32mBuilding CXX object CMakeFiles/example_ros2_interfaces__rosidl_typesupport_introspection_cpp.dir/rosidl_typesupport_introspection_cpp/example_ros2_interfaces/msg/detail/robot_pose__type_support.cpp.o[0m
[3.207s] [ 29%] [32mBuilding CXX object CMakeFiles/example_ros2_interfaces__rosidl_typesupport_introspection_cpp.dir/rosidl_typesupport_introspection_cpp/example_ros2_interfaces/srv/detail/move_robot__type_support.cpp.o[0m
[3.208s] [ 34%] [32mBuilding CXX object CMakeFiles/example_ros2_interfaces__rosidl_typesupport_cpp.dir/rosidl_typesupport_cpp/example_ros2_interfaces/msg/robot_pose__type_support.cpp.o[0m
[3.208s] [ 34%] [32mBuilding CXX object CMakeFiles/example_ros2_interfaces__rosidl_typesupport_introspection_cpp.dir/rosidl_typesupport_introspection_cpp/example_ros2_interfaces/msg/detail/robot_status__type_support.cpp.o[0m
[3.210s] [ 38%] [32mBuilding CXX object CMakeFiles/example_ros2_interfaces__rosidl_typesupport_cpp.dir/rosidl_typesupport_cpp/example_ros2_interfaces/srv/move_robot__type_support.cpp.o[0m
[3.210s] [ 38%] [32mBuilding CXX object CMakeFiles/example_ros2_interfaces__rosidl_typesupport_cpp.dir/rosidl_typesupport_cpp/example_ros2_interfaces/msg/robot_status__type_support.cpp.o[0m
[3.214s] [ 40%] [32mBuilding CXX object CMakeFiles/example_ros2_interfaces__rosidl_typesupport_fastrtps_cpp.dir/rosidl_typesupport_fastrtps_cpp/example_ros2_interfaces/msg/detail/dds_fastrtps/robot_status__type_support.cpp.o[0m
[3.215s] [ 42%] [32mBuilding CXX object CMakeFiles/example_ros2_interfaces__rosidl_typesupport_fastrtps_cpp.dir/rosidl_typesupport_fastrtps_cpp/example_ros2_interfaces/msg/detail/dds_fastrtps/robot_pose__type_support.cpp.o[0m
[3.217s] [ 44%] [32mBuilding CXX object CMakeFiles/example_ros2_interfaces__rosidl_typesupport_fastrtps_cpp.dir/rosidl_typesupport_fastrtps_cpp/example_ros2_interfaces/srv/detail/dds_fastrtps/move_robot__type_support.cpp.o[0m
[3.470s] [ 46%] [32mBuilding CXX object CMakeFiles/example_ros2_interfaces__rosidl_typesupport_c.dir/rosidl_typesupport_c/example_ros2_interfaces/msg/robot_pose__type_support.cpp.o[0m
[3.472s] [ 48%] [32mBuilding CXX object CMakeFiles/example_ros2_interfaces__rosidl_typesupport_c.dir/rosidl_typesupport_c/example_ros2_interfaces/msg/robot_status__type_support.cpp.o[0m
[3.475s] [ 51%] [32mBuilding CXX object CMakeFiles/example_ros2_interfaces__rosidl_typesupport_c.dir/rosidl_typesupport_c/example_ros2_interfaces/srv/move_robot__type_support.cpp.o[0m
[3.548s] [ 55%] [32mBuilding C object CMakeFiles/example_ros2_interfaces__rosidl_typesupport_introspection_c.dir/rosidl_typesupport_introspection_c/example_ros2_interfaces/msg/detail/robot_pose__type_support.c.o[0m
[3.548s] [ 55%] [32mBuilding C object CMakeFiles/example_ros2_interfaces__rosidl_typesupport_introspection_c.dir/rosidl_typesupport_introspection_c/example_ros2_interfaces/msg/detail/robot_status__type_support.c.o[0m
[3.554s] [ 57%] [32mBuilding C object CMakeFiles/example_ros2_interfaces__rosidl_typesupport_introspection_c.dir/rosidl_typesupport_introspection_c/example_ros2_interfaces/srv/detail/move_robot__type_support.c.o[0m
[3.570s] [ 59%] [32m[1mLinking CXX shared library libexample_ros2_interfaces__rosidl_typesupport_c.so[0m
[3.573s] [ 61%] [32mBuilding CXX object CMakeFiles/example_ros2_interfaces__rosidl_typesupport_fastrtps_c.dir/rosidl_typesupport_fastrtps_c/example_ros2_interfaces/msg/detail/robot_pose__type_support_c.cpp.o[0m
[3.582s] [ 63%] [32mBuilding CXX object CMakeFiles/example_ros2_interfaces__rosidl_typesupport_fastrtps_c.dir/rosidl_typesupport_fastrtps_c/example_ros2_interfaces/msg/detail/robot_status__type_support_c.cpp.o[0m
[3.583s] [ 65%] [32mBuilding CXX object CMakeFiles/example_ros2_interfaces__rosidl_typesupport_fastrtps_c.dir/rosidl_typesupport_fastrtps_c/example_ros2_interfaces/srv/detail/move_robot__type_support_c.cpp.o[0m
[3.665s] [ 68%] [32m[1mLinking C shared library libexample_ros2_interfaces__rosidl_typesupport_introspection_c.so[0m
[3.690s] [ 70%] [32m[1mLinking CXX shared library libexample_ros2_interfaces__rosidl_typesupport_cpp.so[0m
[3.796s] [ 70%] Built target example_ros2_interfaces__rosidl_typesupport_c
[3.859s] [ 72%] [32m[1mLinking CXX shared library libexample_ros2_interfaces__rosidl_typesupport_introspection_cpp.so[0m
[3.866s] [ 72%] Built target example_ros2_interfaces__rosidl_typesupport_introspection_c
[3.878s] [ 72%] Built target example_ros2_interfaces__rosidl_typesupport_cpp
[3.880s] [ 74%] [32m[1mLinking CXX shared library libexample_ros2_interfaces__rosidl_typesupport_fastrtps_cpp.so[0m
[4.004s] [ 74%] Built target example_ros2_interfaces__rosidl_typesupport_introspection_cpp
[4.019s] [ 76%] [32m[1mLinking CXX shared library libexample_ros2_interfaces__rosidl_typesupport_fastrtps_c.so[0m
[4.026s] [ 76%] Built target example_ros2_interfaces__rosidl_typesupport_fastrtps_cpp
[4.144s] [ 76%] Built target example_ros2_interfaces__rosidl_typesupport_fastrtps_c
[4.189s] [ 76%] Built target example_ros2_interfaces
[4.230s] [ 78%] [34m[1mGenerating Python code for ROS interfaces[0m
[4.708s] [ 78%] Built target example_ros2_interfaces__py
[4.750s] [ 82%] [32mBuilding C object CMakeFiles/example_ros2_interfaces__rosidl_generator_py.dir/rosidl_generator_py/example_ros2_interfaces/srv/_move_robot_s.c.o[0m
[4.750s] [ 82%] [32mBuilding C object CMakeFiles/example_ros2_interfaces__rosidl_generator_py.dir/rosidl_generator_py/example_ros2_interfaces/msg/_robot_pose_s.c.o[0m
[4.751s] [ 85%] [32mBuilding C object CMakeFiles/example_ros2_interfaces__rosidl_generator_py.dir/rosidl_generator_py/example_ros2_interfaces/msg/_robot_status_s.c.o[0m
[4.864s] [ 87%] [32m[1mLinking C shared library rosidl_generator_py/example_ros2_interfaces/libexample_ros2_interfaces__rosidl_generator_py.so[0m
[4.954s] [ 87%] Built target example_ros2_interfaces__rosidl_generator_py
[4.994s] [ 91%] [32mBuilding C object CMakeFiles/example_ros2_interfaces__rosidl_typesupport_c__pyext.dir/rosidl_generator_py/example_ros2_interfaces/_example_ros2_interfaces_s.ep.rosidl_typesupport_c.c.o[0m
[4.994s] [ 91%] [32mBuilding C object CMakeFiles/example_ros2_interfaces__rosidl_typesupport_fastrtps_c__pyext.dir/rosidl_generator_py/example_ros2_interfaces/_example_ros2_interfaces_s.ep.rosidl_typesupport_fastrtps_c.c.o[0m
[4.994s] [ 93%] [32mBuilding C object CMakeFiles/example_ros2_interfaces__rosidl_typesupport_introspection_c__pyext.dir/rosidl_generator_py/example_ros2_interfaces/_example_ros2_interfaces_s.ep.rosidl_typesupport_introspection_c.c.o[0m
[5.071s] [ 95%] [32m[1mLinking C shared library rosidl_generator_py/example_ros2_interfaces/example_ros2_interfaces_s__rosidl_typesupport_fastrtps_c.cpython-39-x86_64-linux-gnu.so[0m
[5.072s] [ 97%] [32m[1mLinking C shared library rosidl_generator_py/example_ros2_interfaces/example_ros2_interfaces_s__rosidl_typesupport_introspection_c.cpython-39-x86_64-linux-gnu.so[0m
[5.072s] [100%] [32m[1mLinking C shared library rosidl_generator_py/example_ros2_interfaces/example_ros2_interfaces_s__rosidl_typesupport_c.cpython-39-x86_64-linux-gnu.so[0m
[5.146s] [100%] Built target example_ros2_interfaces__rosidl_typesupport_c__pyext
[5.148s] [100%] Built target example_ros2_interfaces__rosidl_typesupport_introspection_c__pyext
[5.166s] [100%] Built target example_ros2_interfaces__rosidl_typesupport_fastrtps_c__pyext
[5.180s] Invoked command in '/home/tianshu/ROS2Introduction/interface_intro_ws/build/example_ros2_interfaces' returned '0': CMAKE_PREFIX_PATH=${CMAKE_PREFIX_PATH}:/opt/ros/humble CONDA_PROMPT_MODIFIER=(base) WSLENV=ELECTRON_RUN_AS_NODE/w:WT_SESSION::WT_PROFILE_ID /usr/bin/cmake --build /home/tianshu/ROS2Introduction/interface_intro_ws/build/example_ros2_interfaces -- -j20 -l20
[5.482s] Invoking command in '/home/tianshu/ROS2Introduction/interface_intro_ws/build/example_ros2_interfaces': CMAKE_PREFIX_PATH=${CMAKE_PREFIX_PATH}:/opt/ros/humble CONDA_PROMPT_MODIFIER=(base) WSLENV=ELECTRON_RUN_AS_NODE/w:WT_SESSION::WT_PROFILE_ID /usr/bin/cmake --install /home/tianshu/ROS2Introduction/interface_intro_ws/build/example_ros2_interfaces
[5.493s] -- Install configuration: ""
[5.493s] -- Installing: /home/tianshu/ROS2Introduction/interface_intro_ws/install/example_ros2_interfaces/share/ament_index/resource_index/rosidl_interfaces/example_ros2_interfaces
[5.494s] -- Installing: /home/tianshu/ROS2Introduction/interface_intro_ws/install/example_ros2_interfaces/include/example_ros2_interfaces/example_ros2_interfaces
[5.494s] -- Installing: /home/tianshu/ROS2Introduction/interface_intro_ws/install/example_ros2_interfaces/include/example_ros2_interfaces/example_ros2_interfaces/srv
[5.494s] -- Installing: /home/tianshu/ROS2Introduction/interface_intro_ws/install/example_ros2_interfaces/include/example_ros2_interfaces/example_ros2_interfaces/srv/move_robot.h
[5.494s] -- Installing: /home/tianshu/ROS2Introduction/interface_intro_ws/install/example_ros2_interfaces/include/example_ros2_interfaces/example_ros2_interfaces/srv/detail
[5.494s] -- Installing: /home/tianshu/ROS2Introduction/interface_intro_ws/install/example_ros2_interfaces/include/example_ros2_interfaces/example_ros2_interfaces/srv/detail/move_robot__type_support.h
[5.494s] -- Installing: /home/tianshu/ROS2Introduction/interface_intro_ws/install/example_ros2_interfaces/include/example_ros2_interfaces/example_ros2_interfaces/srv/detail/move_robot__functions.c
[5.494s] -- Installing: /home/tianshu/ROS2Introduction/interface_intro_ws/install/example_ros2_interfaces/include/example_ros2_interfaces/example_ros2_interfaces/srv/detail/move_robot__struct.h
[5.494s] -- Installing: /home/tianshu/ROS2Introduction/interface_intro_ws/install/example_ros2_interfaces/include/example_ros2_interfaces/example_ros2_interfaces/srv/detail/move_robot__functions.h
[5.494s] -- Installing: /home/tianshu/ROS2Introduction/interface_intro_ws/install/example_ros2_interfaces/include/example_ros2_interfaces/example_ros2_interfaces/msg
[5.495s] -- Installing: /home/tianshu/ROS2Introduction/interface_intro_ws/install/example_ros2_interfaces/include/example_ros2_interfaces/example_ros2_interfaces/msg/robot_status.h
[5.495s] -- Installing: /home/tianshu/ROS2Introduction/interface_intro_ws/install/example_ros2_interfaces/include/example_ros2_interfaces/example_ros2_interfaces/msg/rosidl_generator_c__visibility_control.h
[5.495s] -- Installing: /home/tianshu/ROS2Introduction/interface_intro_ws/install/example_ros2_interfaces/include/example_ros2_interfaces/example_ros2_interfaces/msg/detail
[5.495s] -- Installing: /home/tianshu/ROS2Introduction/interface_intro_ws/install/example_ros2_interfaces/include/example_ros2_interfaces/example_ros2_interfaces/msg/detail/robot_pose__struct.h
[5.495s] -- Installing: /home/tianshu/ROS2Introduction/interface_intro_ws/install/example_ros2_interfaces/include/example_ros2_interfaces/example_ros2_interfaces/msg/detail/robot_status__functions.c
[5.495s] -- Installing: /home/tianshu/ROS2Introduction/interface_intro_ws/install/example_ros2_interfaces/include/example_ros2_interfaces/example_ros2_interfaces/msg/detail/robot_pose__functions.h
[5.495s] -- Installing: /home/tianshu/ROS2Introduction/interface_intro_ws/install/example_ros2_interfaces/include/example_ros2_interfaces/example_ros2_interfaces/msg/detail/robot_pose__functions.c
[5.495s] -- Installing: /home/tianshu/ROS2Introduction/interface_intro_ws/install/example_ros2_interfaces/include/example_ros2_interfaces/example_ros2_interfaces/msg/detail/robot_status__type_support.h
[5.495s] -- Installing: /home/tianshu/ROS2Introduction/interface_intro_ws/install/example_ros2_interfaces/include/example_ros2_interfaces/example_ros2_interfaces/msg/detail/robot_pose__type_support.h
[5.495s] -- Installing: /home/tianshu/ROS2Introduction/interface_intro_ws/install/example_ros2_interfaces/include/example_ros2_interfaces/example_ros2_interfaces/msg/detail/robot_status__struct.h
[5.495s] -- Installing: /home/tianshu/ROS2Introduction/interface_intro_ws/install/example_ros2_interfaces/include/example_ros2_interfaces/example_ros2_interfaces/msg/detail/robot_status__functions.h
[5.496s] -- Installing: /home/tianshu/ROS2Introduction/interface_intro_ws/install/example_ros2_interfaces/include/example_ros2_interfaces/example_ros2_interfaces/msg/robot_pose.h
[5.496s] -- Installing: /home/tianshu/ROS2Introduction/interface_intro_ws/install/example_ros2_interfaces/share/example_ros2_interfaces/environment/library_path.sh
[5.496s] -- Installing: /home/tianshu/ROS2Introduction/interface_intro_ws/install/example_ros2_interfaces/share/example_ros2_interfaces/environment/library_path.dsv
[5.496s] -- Installing: /home/tianshu/ROS2Introduction/interface_intro_ws/install/example_ros2_interfaces/lib/libexample_ros2_interfaces__rosidl_generator_c.so
[5.496s] -- Set runtime path of "/home/tianshu/ROS2Introduction/interface_intro_ws/install/example_ros2_interfaces/lib/libexample_ros2_interfaces__rosidl_generator_c.so" to ""
[5.496s] -- Up-to-date: /home/tianshu/ROS2Introduction/interface_intro_ws/install/example_ros2_interfaces/include/example_ros2_interfaces/example_ros2_interfaces
[5.496s] -- Up-to-date: /home/tianshu/ROS2Introduction/interface_intro_ws/install/example_ros2_interfaces/include/example_ros2_interfaces/example_ros2_interfaces/srv
[5.496s] -- Up-to-date: /home/tianshu/ROS2Introduction/interface_intro_ws/install/example_ros2_interfaces/include/example_ros2_interfaces/example_ros2_interfaces/srv/detail
[5.496s] -- Installing: /home/tianshu/ROS2Introduction/interface_intro_ws/install/example_ros2_interfaces/include/example_ros2_interfaces/example_ros2_interfaces/srv/detail/move_robot__rosidl_typesupport_fastrtps_c.h
[5.496s] -- Up-to-date: /home/tianshu/ROS2Introduction/interface_intro_ws/install/example_ros2_interfaces/include/example_ros2_interfaces/example_ros2_interfaces/msg
[5.497s] -- Installing: /home/tianshu/ROS2Introduction/interface_intro_ws/install/example_ros2_interfaces/include/example_ros2_interfaces/example_ros2_interfaces/msg/rosidl_typesupport_fastrtps_c__visibility_control.h
[5.497s] -- Up-to-date: /home/tianshu/ROS2Introduction/interface_intro_ws/install/example_ros2_interfaces/include/example_ros2_interfaces/example_ros2_interfaces/msg/detail
[5.497s] -- Installing: /home/tianshu/ROS2Introduction/interface_intro_ws/install/example_ros2_interfaces/include/example_ros2_interfaces/example_ros2_interfaces/msg/detail/robot_pose__rosidl_typesupport_fastrtps_c.h
[5.497s] -- Installing: /home/tianshu/ROS2Introduction/interface_intro_ws/install/example_ros2_interfaces/include/example_ros2_interfaces/example_ros2_interfaces/msg/detail/robot_status__rosidl_typesupport_fastrtps_c.h
[5.497s] -- Installing: /home/tianshu/ROS2Introduction/interface_intro_ws/install/example_ros2_interfaces/lib/libexample_ros2_interfaces__rosidl_typesupport_fastrtps_c.so
[5.497s] -- Set runtime path of "/home/tianshu/ROS2Introduction/interface_intro_ws/install/example_ros2_interfaces/lib/libexample_ros2_interfaces__rosidl_typesupport_fastrtps_c.so" to ""
[5.497s] -- Up-to-date: /home/tianshu/ROS2Introduction/interface_intro_ws/install/example_ros2_interfaces/include/example_ros2_interfaces/example_ros2_interfaces
[5.497s] -- Up-to-date: /home/tianshu/ROS2Introduction/interface_intro_ws/install/example_ros2_interfaces/include/example_ros2_interfaces/example_ros2_interfaces/srv
[5.497s] -- Up-to-date: /home/tianshu/ROS2Introduction/interface_intro_ws/install/example_ros2_interfaces/include/example_ros2_interfaces/example_ros2_interfaces/srv/detail
[5.497s] -- Installing: /home/tianshu/ROS2Introduction/interface_intro_ws/install/example_ros2_interfaces/include/example_ros2_interfaces/example_ros2_interfaces/srv/detail/move_robot__rosidl_typesupport_introspection_c.h
[5.497s] -- Installing: /home/tianshu/ROS2Introduction/interface_intro_ws/install/example_ros2_interfaces/include/example_ros2_interfaces/example_ros2_interfaces/srv/detail/move_robot__type_support.c
[5.497s] -- Up-to-date: /home/tianshu/ROS2Introduction/interface_intro_ws/install/example_ros2_interfaces/include/example_ros2_interfaces/example_ros2_interfaces/msg
[5.497s] -- Installing: /home/tianshu/ROS2Introduction/interface_intro_ws/install/example_ros2_interfaces/include/example_ros2_interfaces/example_ros2_interfaces/msg/rosidl_typesupport_introspection_c__visibility_control.h
[5.498s] -- Up-to-date: /home/tianshu/ROS2Introduction/interface_intro_ws/install/example_ros2_interfaces/include/example_ros2_interfaces/example_ros2_interfaces/msg/detail
[5.498s] -- Installing: /home/tianshu/ROS2Introduction/interface_intro_ws/install/example_ros2_interfaces/include/example_ros2_interfaces/example_ros2_interfaces/msg/detail/robot_pose__rosidl_typesupport_introspection_c.h
[5.498s] -- Installing: /home/tianshu/ROS2Introduction/interface_intro_ws/install/example_ros2_interfaces/include/example_ros2_interfaces/example_ros2_interfaces/msg/detail/robot_pose__type_support.c
[5.498s] -- Installing: /home/tianshu/ROS2Introduction/interface_intro_ws/install/example_ros2_interfaces/include/example_ros2_interfaces/example_ros2_interfaces/msg/detail/robot_status__rosidl_typesupport_introspection_c.h
[5.498s] -- Installing: /home/tianshu/ROS2Introduction/interface_intro_ws/install/example_ros2_interfaces/include/example_ros2_interfaces/example_ros2_interfaces/msg/detail/robot_status__type_support.c
[5.498s] -- Installing: /home/tianshu/ROS2Introduction/interface_intro_ws/install/example_ros2_interfaces/lib/libexample_ros2_interfaces__rosidl_typesupport_introspection_c.so
[5.498s] -- Set runtime path of "/home/tianshu/ROS2Introduction/interface_intro_ws/install/example_ros2_interfaces/lib/libexample_ros2_interfaces__rosidl_typesupport_introspection_c.so" to ""
[5.498s] -- Installing: /home/tianshu/ROS2Introduction/interface_intro_ws/install/example_ros2_interfaces/lib/libexample_ros2_interfaces__rosidl_typesupport_c.so
[5.498s] -- Set runtime path of "/home/tianshu/ROS2Introduction/interface_intro_ws/install/example_ros2_interfaces/lib/libexample_ros2_interfaces__rosidl_typesupport_c.so" to ""
[5.499s] -- Up-to-date: /home/tianshu/ROS2Introduction/interface_intro_ws/install/example_ros2_interfaces/include/example_ros2_interfaces/example_ros2_interfaces
[5.499s] -- Up-to-date: /home/tianshu/ROS2Introduction/interface_intro_ws/install/example_ros2_interfaces/include/example_ros2_interfaces/example_ros2_interfaces/srv
[5.499s] -- Up-to-date: /home/tianshu/ROS2Introduction/interface_intro_ws/install/example_ros2_interfaces/include/example_ros2_interfaces/example_ros2_interfaces/srv/detail
[5.499s] -- Installing: /home/tianshu/ROS2Introduction/interface_intro_ws/install/example_ros2_interfaces/include/example_ros2_interfaces/example_ros2_interfaces/srv/detail/move_robot__struct.hpp
[5.499s] -- Installing: /home/tianshu/ROS2Introduction/interface_intro_ws/install/example_ros2_interfaces/include/example_ros2_interfaces/example_ros2_interfaces/srv/detail/move_robot__builder.hpp
[5.499s] -- Installing: /home/tianshu/ROS2Introduction/interface_intro_ws/install/example_ros2_interfaces/include/example_ros2_interfaces/example_ros2_interfaces/srv/detail/move_robot__traits.hpp
[5.499s] -- Installing: /home/tianshu/ROS2Introduction/interface_intro_ws/install/example_ros2_interfaces/include/example_ros2_interfaces/example_ros2_interfaces/srv/move_robot.hpp
[5.499s] -- Up-to-date: /home/tianshu/ROS2Introduction/interface_intro_ws/install/example_ros2_interfaces/include/example_ros2_interfaces/example_ros2_interfaces/msg
[5.499s] -- Installing: /home/tianshu/ROS2Introduction/interface_intro_ws/install/example_ros2_interfaces/include/example_ros2_interfaces/example_ros2_interfaces/msg/robot_pose.hpp
[5.499s] -- Installing: /home/tianshu/ROS2Introduction/interface_intro_ws/install/example_ros2_interfaces/include/example_ros2_interfaces/example_ros2_interfaces/msg/robot_status.hpp
[5.499s] -- Up-to-date: /home/tianshu/ROS2Introduction/interface_intro_ws/install/example_ros2_interfaces/include/example_ros2_interfaces/example_ros2_interfaces/msg/detail
[5.499s] -- Installing: /home/tianshu/ROS2Introduction/interface_intro_ws/install/example_ros2_interfaces/include/example_ros2_interfaces/example_ros2_interfaces/msg/detail/robot_pose__struct.hpp
[5.499s] -- Installing: /home/tianshu/ROS2Introduction/interface_intro_ws/install/example_ros2_interfaces/include/example_ros2_interfaces/example_ros2_interfaces/msg/detail/robot_status__struct.hpp
[5.499s] -- Installing: /home/tianshu/ROS2Introduction/interface_intro_ws/install/example_ros2_interfaces/include/example_ros2_interfaces/example_ros2_interfaces/msg/detail/robot_pose__builder.hpp
[5.499s] -- Installing: /home/tianshu/ROS2Introduction/interface_intro_ws/install/example_ros2_interfaces/include/example_ros2_interfaces/example_ros2_interfaces/msg/detail/robot_status__traits.hpp
[5.500s] -- Installing: /home/tianshu/ROS2Introduction/interface_intro_ws/install/example_ros2_interfaces/include/example_ros2_interfaces/example_ros2_interfaces/msg/detail/robot_status__builder.hpp
[5.500s] -- Installing: /home/tianshu/ROS2Introduction/interface_intro_ws/install/example_ros2_interfaces/include/example_ros2_interfaces/example_ros2_interfaces/msg/detail/robot_pose__traits.hpp
[5.500s] -- Up-to-date: /home/tianshu/ROS2Introduction/interface_intro_ws/install/example_ros2_interfaces/include/example_ros2_interfaces/example_ros2_interfaces
[5.500s] -- Up-to-date: /home/tianshu/ROS2Introduction/interface_intro_ws/install/example_ros2_interfaces/include/example_ros2_interfaces/example_ros2_interfaces/srv
[5.500s] -- Up-to-date: /home/tianshu/ROS2Introduction/interface_intro_ws/install/example_ros2_interfaces/include/example_ros2_interfaces/example_ros2_interfaces/srv/detail
[5.500s] -- Installing: /home/tianshu/ROS2Introduction/interface_intro_ws/install/example_ros2_interfaces/include/example_ros2_interfaces/example_ros2_interfaces/srv/detail/dds_fastrtps
[5.500s] -- Installing: /home/tianshu/ROS2Introduction/interface_intro_ws/install/example_ros2_interfaces/include/example_ros2_interfaces/example_ros2_interfaces/srv/detail/move_robot__rosidl_typesupport_fastrtps_cpp.hpp
[5.500s] -- Up-to-date: /home/tianshu/ROS2Introduction/interface_intro_ws/install/example_ros2_interfaces/include/example_ros2_interfaces/example_ros2_interfaces/msg
[5.500s] -- Installing: /home/tianshu/ROS2Introduction/interface_intro_ws/install/example_ros2_interfaces/include/example_ros2_interfaces/example_ros2_interfaces/msg/rosidl_typesupport_fastrtps_cpp__visibility_control.h
[5.500s] -- Up-to-date: /home/tianshu/ROS2Introduction/interface_intro_ws/install/example_ros2_interfaces/include/example_ros2_interfaces/example_ros2_interfaces/msg/detail
[5.501s] -- Installing: /home/tianshu/ROS2Introduction/interface_intro_ws/install/example_ros2_interfaces/include/example_ros2_interfaces/example_ros2_interfaces/msg/detail/robot_pose__rosidl_typesupport_fastrtps_cpp.hpp
[5.501s] -- Installing: /home/tianshu/ROS2Introduction/interface_intro_ws/install/example_ros2_interfaces/include/example_ros2_interfaces/example_ros2_interfaces/msg/detail/robot_status__rosidl_typesupport_fastrtps_cpp.hpp
[5.501s] -- Installing: /home/tianshu/ROS2Introduction/interface_intro_ws/install/example_ros2_interfaces/include/example_ros2_interfaces/example_ros2_interfaces/msg/detail/dds_fastrtps
[5.501s] -- Installing: /home/tianshu/ROS2Introduction/interface_intro_ws/install/example_ros2_interfaces/lib/libexample_ros2_interfaces__rosidl_typesupport_fastrtps_cpp.so
[5.501s] -- Set runtime path of "/home/tianshu/ROS2Introduction/interface_intro_ws/install/example_ros2_interfaces/lib/libexample_ros2_interfaces__rosidl_typesupport_fastrtps_cpp.so" to ""
[5.501s] -- Up-to-date: /home/tianshu/ROS2Introduction/interface_intro_ws/install/example_ros2_interfaces/include/example_ros2_interfaces/example_ros2_interfaces
[5.501s] -- Up-to-date: /home/tianshu/ROS2Introduction/interface_intro_ws/install/example_ros2_interfaces/include/example_ros2_interfaces/example_ros2_interfaces/srv
[5.501s] -- Up-to-date: /home/tianshu/ROS2Introduction/interface_intro_ws/install/example_ros2_interfaces/include/example_ros2_interfaces/example_ros2_interfaces/srv/detail
[5.501s] -- Installing: /home/tianshu/ROS2Introduction/interface_intro_ws/install/example_ros2_interfaces/include/example_ros2_interfaces/example_ros2_interfaces/srv/detail/move_robot__rosidl_typesupport_introspection_cpp.hpp
[5.501s] -- Installing: /home/tianshu/ROS2Introduction/interface_intro_ws/install/example_ros2_interfaces/include/example_ros2_interfaces/example_ros2_interfaces/srv/detail/move_robot__type_support.cpp
[5.501s] -- Up-to-date: /home/tianshu/ROS2Introduction/interface_intro_ws/install/example_ros2_interfaces/include/example_ros2_interfaces/example_ros2_interfaces/msg
[5.502s] -- Up-to-date: /home/tianshu/ROS2Introduction/interface_intro_ws/install/example_ros2_interfaces/include/example_ros2_interfaces/example_ros2_interfaces/msg/detail
[5.502s] -- Installing: /home/tianshu/ROS2Introduction/interface_intro_ws/install/example_ros2_interfaces/include/example_ros2_interfaces/example_ros2_interfaces/msg/detail/robot_status__rosidl_typesupport_introspection_cpp.hpp
[5.502s] -- Installing: /home/tianshu/ROS2Introduction/interface_intro_ws/install/example_ros2_interfaces/include/example_ros2_interfaces/example_ros2_interfaces/msg/detail/robot_status__type_support.cpp
[5.502s] -- Installing: /home/tianshu/ROS2Introduction/interface_intro_ws/install/example_ros2_interfaces/include/example_ros2_interfaces/example_ros2_interfaces/msg/detail/robot_pose__type_support.cpp
[5.502s] -- Installing: /home/tianshu/ROS2Introduction/interface_intro_ws/install/example_ros2_interfaces/include/example_ros2_interfaces/example_ros2_interfaces/msg/detail/robot_pose__rosidl_typesupport_introspection_cpp.hpp
[5.502s] -- Installing: /home/tianshu/ROS2Introduction/interface_intro_ws/install/example_ros2_interfaces/lib/libexample_ros2_interfaces__rosidl_typesupport_introspection_cpp.so
[5.502s] -- Set runtime path of "/home/tianshu/ROS2Introduction/interface_intro_ws/install/example_ros2_interfaces/lib/libexample_ros2_interfaces__rosidl_typesupport_introspection_cpp.so" to ""
[5.502s] -- Installing: /home/tianshu/ROS2Introduction/interface_intro_ws/install/example_ros2_interfaces/lib/libexample_ros2_interfaces__rosidl_typesupport_cpp.so
[5.502s] -- Set runtime path of "/home/tianshu/ROS2Introduction/interface_intro_ws/install/example_ros2_interfaces/lib/libexample_ros2_interfaces__rosidl_typesupport_cpp.so" to ""
[5.502s] -- Installing: /home/tianshu/ROS2Introduction/interface_intro_ws/install/example_ros2_interfaces/share/example_ros2_interfaces/environment/pythonpath.sh
[5.502s] -- Installing: /home/tianshu/ROS2Introduction/interface_intro_ws/install/example_ros2_interfaces/share/example_ros2_interfaces/environment/pythonpath.dsv
[5.502s] -- Installing: /home/tianshu/ROS2Introduction/interface_intro_ws/install/example_ros2_interfaces/local/lib/python3.10/dist-packages/example_ros2_interfaces-0.0.0-py3.10.egg-info
[5.503s] -- Installing: /home/tianshu/ROS2Introduction/interface_intro_ws/install/example_ros2_interfaces/local/lib/python3.10/dist-packages/example_ros2_interfaces-0.0.0-py3.10.egg-info/top_level.txt
[5.503s] -- Installing: /home/tianshu/ROS2Introduction/interface_intro_ws/install/example_ros2_interfaces/local/lib/python3.10/dist-packages/example_ros2_interfaces-0.0.0-py3.10.egg-info/dependency_links.txt
[5.503s] -- Installing: /home/tianshu/ROS2Introduction/interface_intro_ws/install/example_ros2_interfaces/local/lib/python3.10/dist-packages/example_ros2_interfaces-0.0.0-py3.10.egg-info/SOURCES.txt
[5.503s] -- Installing: /home/tianshu/ROS2Introduction/interface_intro_ws/install/example_ros2_interfaces/local/lib/python3.10/dist-packages/example_ros2_interfaces-0.0.0-py3.10.egg-info/PKG-INFO
[5.503s] -- Installing: /home/tianshu/ROS2Introduction/interface_intro_ws/install/example_ros2_interfaces/local/lib/python3.10/dist-packages/example_ros2_interfaces
[5.503s] -- Installing: /home/tianshu/ROS2Introduction/interface_intro_ws/install/example_ros2_interfaces/local/lib/python3.10/dist-packages/example_ros2_interfaces/srv
[5.503s] -- Installing: /home/tianshu/ROS2Introduction/interface_intro_ws/install/example_ros2_interfaces/local/lib/python3.10/dist-packages/example_ros2_interfaces/srv/_move_robot.py
[5.503s] -- Installing: /home/tianshu/ROS2Introduction/interface_intro_ws/install/example_ros2_interfaces/local/lib/python3.10/dist-packages/example_ros2_interfaces/srv/_move_robot_s.c
[5.503s] -- Installing: /home/tianshu/ROS2Introduction/interface_intro_ws/install/example_ros2_interfaces/local/lib/python3.10/dist-packages/example_ros2_interfaces/srv/__init__.py
[5.503s] -- Installing: /home/tianshu/ROS2Introduction/interface_intro_ws/install/example_ros2_interfaces/local/lib/python3.10/dist-packages/example_ros2_interfaces/libexample_ros2_interfaces__rosidl_generator_py.so
[5.503s] -- Installing: /home/tianshu/ROS2Introduction/interface_intro_ws/install/example_ros2_interfaces/local/lib/python3.10/dist-packages/example_ros2_interfaces/example_ros2_interfaces_s__rosidl_typesupport_c.cpython-39-x86_64-linux-gnu.so
[5.503s] -- Installing: /home/tianshu/ROS2Introduction/interface_intro_ws/install/example_ros2_interfaces/local/lib/python3.10/dist-packages/example_ros2_interfaces/_example_ros2_interfaces_s.ep.rosidl_typesupport_c.c
[5.503s] -- Installing: /home/tianshu/ROS2Introduction/interface_intro_ws/install/example_ros2_interfaces/local/lib/python3.10/dist-packages/example_ros2_interfaces/_example_ros2_interfaces_s.ep.rosidl_typesupport_introspection_c.c
[5.503s] -- Installing: /home/tianshu/ROS2Introduction/interface_intro_ws/install/example_ros2_interfaces/local/lib/python3.10/dist-packages/example_ros2_interfaces/_example_ros2_interfaces_s.ep.rosidl_typesupport_fastrtps_c.c
[5.504s] -- Installing: /home/tianshu/ROS2Introduction/interface_intro_ws/install/example_ros2_interfaces/local/lib/python3.10/dist-packages/example_ros2_interfaces/msg
[5.504s] -- Installing: /home/tianshu/ROS2Introduction/interface_intro_ws/install/example_ros2_interfaces/local/lib/python3.10/dist-packages/example_ros2_interfaces/msg/_robot_status_s.c
[5.504s] -- Installing: /home/tianshu/ROS2Introduction/interface_intro_ws/install/example_ros2_interfaces/local/lib/python3.10/dist-packages/example_ros2_interfaces/msg/_robot_status.py
[5.504s] -- Installing: /home/tianshu/ROS2Introduction/interface_intro_ws/install/example_ros2_interfaces/local/lib/python3.10/dist-packages/example_ros2_interfaces/msg/__init__.py
[5.504s] -- Installing: /home/tianshu/ROS2Introduction/interface_intro_ws/install/example_ros2_interfaces/local/lib/python3.10/dist-packages/example_ros2_interfaces/msg/_robot_pose.py
[5.504s] -- Installing: /home/tianshu/ROS2Introduction/interface_intro_ws/install/example_ros2_interfaces/local/lib/python3.10/dist-packages/example_ros2_interfaces/msg/_robot_pose_s.c
[5.504s] -- Installing: /home/tianshu/ROS2Introduction/interface_intro_ws/install/example_ros2_interfaces/local/lib/python3.10/dist-packages/example_ros2_interfaces/example_ros2_interfaces_s__rosidl_typesupport_introspection_c.cpython-39-x86_64-linux-gnu.so
[5.504s] -- Installing: /home/tianshu/ROS2Introduction/interface_intro_ws/install/example_ros2_interfaces/local/lib/python3.10/dist-packages/example_ros2_interfaces/example_ros2_interfaces_s__rosidl_typesupport_fastrtps_c.cpython-39-x86_64-linux-gnu.so
[5.504s] -- Installing: /home/tianshu/ROS2Introduction/interface_intro_ws/install/example_ros2_interfaces/local/lib/python3.10/dist-packages/example_ros2_interfaces/__init__.py
[5.533s] Listing '/home/tianshu/ROS2Introduction/interface_intro_ws/install/example_ros2_interfaces/local/lib/python3.10/dist-packages/example_ros2_interfaces'...
[5.533s] Compiling '/home/tianshu/ROS2Introduction/interface_intro_ws/install/example_ros2_interfaces/local/lib/python3.10/dist-packages/example_ros2_interfaces/__init__.py'...
[5.533s] Listing '/home/tianshu/ROS2Introduction/interface_intro_ws/install/example_ros2_interfaces/local/lib/python3.10/dist-packages/example_ros2_interfaces/msg'...
[5.533s] Compiling '/home/tianshu/ROS2Introduction/interface_intro_ws/install/example_ros2_interfaces/local/lib/python3.10/dist-packages/example_ros2_interfaces/msg/__init__.py'...
[5.533s] Compiling '/home/tianshu/ROS2Introduction/interface_intro_ws/install/example_ros2_interfaces/local/lib/python3.10/dist-packages/example_ros2_interfaces/msg/_robot_pose.py'...
[5.533s] Compiling '/home/tianshu/ROS2Introduction/interface_intro_ws/install/example_ros2_interfaces/local/lib/python3.10/dist-packages/example_ros2_interfaces/msg/_robot_status.py'...
[5.533s] Listing '/home/tianshu/ROS2Introduction/interface_intro_ws/install/example_ros2_interfaces/local/lib/python3.10/dist-packages/example_ros2_interfaces/srv'...
[5.533s] Compiling '/home/tianshu/ROS2Introduction/interface_intro_ws/install/example_ros2_interfaces/local/lib/python3.10/dist-packages/example_ros2_interfaces/srv/__init__.py'...
[5.533s] Compiling '/home/tianshu/ROS2Introduction/interface_intro_ws/install/example_ros2_interfaces/local/lib/python3.10/dist-packages/example_ros2_interfaces/srv/_move_robot.py'...
[5.536s] -- Installing: /home/tianshu/ROS2Introduction/interface_intro_ws/install/example_ros2_interfaces/local/lib/python3.10/dist-packages/example_ros2_interfaces/example_ros2_interfaces_s__rosidl_typesupport_fastrtps_c.cpython-39-x86_64-linux-gnu.so
[5.537s] -- Set runtime path of "/home/tianshu/ROS2Introduction/interface_intro_ws/install/example_ros2_interfaces/local/lib/python3.10/dist-packages/example_ros2_interfaces/example_ros2_interfaces_s__rosidl_typesupport_fastrtps_c.cpython-39-x86_64-linux-gnu.so" to ""
[5.537s] -- Installing: /home/tianshu/ROS2Introduction/interface_intro_ws/install/example_ros2_interfaces/local/lib/python3.10/dist-packages/example_ros2_interfaces/example_ros2_interfaces_s__rosidl_typesupport_introspection_c.cpython-39-x86_64-linux-gnu.so
[5.537s] -- Set runtime path of "/home/tianshu/ROS2Introduction/interface_intro_ws/install/example_ros2_interfaces/local/lib/python3.10/dist-packages/example_ros2_interfaces/example_ros2_interfaces_s__rosidl_typesupport_introspection_c.cpython-39-x86_64-linux-gnu.so" to ""
[5.537s] -- Installing: /home/tianshu/ROS2Introduction/interface_intro_ws/install/example_ros2_interfaces/local/lib/python3.10/dist-packages/example_ros2_interfaces/example_ros2_interfaces_s__rosidl_typesupport_c.cpython-39-x86_64-linux-gnu.so
[5.537s] -- Set runtime path of "/home/tianshu/ROS2Introduction/interface_intro_ws/install/example_ros2_interfaces/local/lib/python3.10/dist-packages/example_ros2_interfaces/example_ros2_interfaces_s__rosidl_typesupport_c.cpython-39-x86_64-linux-gnu.so" to ""
[5.537s] -- Installing: /home/tianshu/ROS2Introduction/interface_intro_ws/install/example_ros2_interfaces/lib/libexample_ros2_interfaces__rosidl_generator_py.so
[5.537s] -- Set runtime path of "/home/tianshu/ROS2Introduction/interface_intro_ws/install/example_ros2_interfaces/lib/libexample_ros2_interfaces__rosidl_generator_py.so" to ""
[5.537s] -- Installing: /home/tianshu/ROS2Introduction/interface_intro_ws/install/example_ros2_interfaces/share/example_ros2_interfaces/msg/RobotPose.idl
[5.538s] -- Installing: /home/tianshu/ROS2Introduction/interface_intro_ws/install/example_ros2_interfaces/share/example_ros2_interfaces/msg/RobotStatus.idl
[5.538s] -- Installing: /home/tianshu/ROS2Introduction/interface_intro_ws/install/example_ros2_interfaces/share/example_ros2_interfaces/srv/MoveRobot.idl
[5.538s] -- Installing: /home/tianshu/ROS2Introduction/interface_intro_ws/install/example_ros2_interfaces/share/example_ros2_interfaces/msg/RobotPose.msg
[5.538s] -- Installing: /home/tianshu/ROS2Introduction/interface_intro_ws/install/example_ros2_interfaces/share/example_ros2_interfaces/msg/RobotStatus.msg
[5.538s] -- Installing: /home/tianshu/ROS2Introduction/interface_intro_ws/install/example_ros2_interfaces/share/example_ros2_interfaces/srv/MoveRobot.srv
[5.538s] -- Installing: /home/tianshu/ROS2Introduction/interface_intro_ws/install/example_ros2_interfaces/share/example_ros2_interfaces/srv/MoveRobot_Request.msg
[5.538s] -- Installing: /home/tianshu/ROS2Introduction/interface_intro_ws/install/example_ros2_interfaces/share/example_ros2_interfaces/srv/MoveRobot_Response.msg
[5.538s] -- Installing: /home/tianshu/ROS2Introduction/interface_intro_ws/install/example_ros2_interfaces/share/ament_index/resource_index/package_run_dependencies/example_ros2_interfaces
[5.538s] -- Installing: /home/tianshu/ROS2Introduction/interface_intro_ws/install/example_ros2_interfaces/share/ament_index/resource_index/parent_prefix_path/example_ros2_interfaces
[5.539s] -- Installing: /home/tianshu/ROS2Introduction/interface_intro_ws/install/example_ros2_interfaces/share/example_ros2_interfaces/environment/ament_prefix_path.sh
[5.539s] -- Installing: /home/tianshu/ROS2Introduction/interface_intro_ws/install/example_ros2_interfaces/share/example_ros2_interfaces/environment/ament_prefix_path.dsv
[5.539s] -- Installing: /home/tianshu/ROS2Introduction/interface_intro_ws/install/example_ros2_interfaces/share/example_ros2_interfaces/environment/path.sh
[5.539s] -- Installing: /home/tianshu/ROS2Introduction/interface_intro_ws/install/example_ros2_interfaces/share/example_ros2_interfaces/environment/path.dsv
[5.539s] -- Installing: /home/tianshu/ROS2Introduction/interface_intro_ws/install/example_ros2_interfaces/share/example_ros2_interfaces/local_setup.bash
[5.539s] -- Installing: /home/tianshu/ROS2Introduction/interface_intro_ws/install/example_ros2_interfaces/share/example_ros2_interfaces/local_setup.sh
[5.539s] -- Installing: /home/tianshu/ROS2Introduction/interface_intro_ws/install/example_ros2_interfaces/share/example_ros2_interfaces/local_setup.zsh
[5.539s] -- Installing: /home/tianshu/ROS2Introduction/interface_intro_ws/install/example_ros2_interfaces/share/example_ros2_interfaces/local_setup.dsv
[5.539s] -- Installing: /home/tianshu/ROS2Introduction/interface_intro_ws/install/example_ros2_interfaces/share/example_ros2_interfaces/package.dsv
[5.539s] -- Installing: /home/tianshu/ROS2Introduction/interface_intro_ws/install/example_ros2_interfaces/share/ament_index/resource_index/packages/example_ros2_interfaces
[5.540s] -- Installing: /home/tianshu/ROS2Introduction/interface_intro_ws/install/example_ros2_interfaces/share/example_ros2_interfaces/cmake/export_example_ros2_interfaces__rosidl_generator_cExport.cmake
[5.540s] -- Installing: /home/tianshu/ROS2Introduction/interface_intro_ws/install/example_ros2_interfaces/share/example_ros2_interfaces/cmake/export_example_ros2_interfaces__rosidl_generator_cExport-noconfig.cmake
[5.540s] -- Installing: /home/tianshu/ROS2Introduction/interface_intro_ws/install/example_ros2_interfaces/share/example_ros2_interfaces/cmake/export_example_ros2_interfaces__rosidl_typesupport_fastrtps_cExport.cmake
[5.540s] -- Installing: /home/tianshu/ROS2Introduction/interface_intro_ws/install/example_ros2_interfaces/share/example_ros2_interfaces/cmake/export_example_ros2_interfaces__rosidl_typesupport_fastrtps_cExport-noconfig.cmake
[5.540s] -- Installing: /home/tianshu/ROS2Introduction/interface_intro_ws/install/example_ros2_interfaces/share/example_ros2_interfaces/cmake/example_ros2_interfaces__rosidl_typesupport_introspection_cExport.cmake
[5.540s] -- Installing: /home/tianshu/ROS2Introduction/interface_intro_ws/install/example_ros2_interfaces/share/example_ros2_interfaces/cmake/example_ros2_interfaces__rosidl_typesupport_introspection_cExport-noconfig.cmake
[5.540s] -- Installing: /home/tianshu/ROS2Introduction/interface_intro_ws/install/example_ros2_interfaces/share/example_ros2_interfaces/cmake/example_ros2_interfaces__rosidl_typesupport_cExport.cmake
[5.540s] -- Installing: /home/tianshu/ROS2Introduction/interface_intro_ws/install/example_ros2_interfaces/share/example_ros2_interfaces/cmake/example_ros2_interfaces__rosidl_typesupport_cExport-noconfig.cmake
[5.541s] -- Installing: /home/tianshu/ROS2Introduction/interface_intro_ws/install/example_ros2_interfaces/share/example_ros2_interfaces/cmake/export_example_ros2_interfaces__rosidl_generator_cppExport.cmake
[5.541s] -- Installing: /home/tianshu/ROS2Introduction/interface_intro_ws/install/example_ros2_interfaces/share/example_ros2_interfaces/cmake/export_example_ros2_interfaces__rosidl_typesupport_fastrtps_cppExport.cmake
[5.541s] -- Installing: /home/tianshu/ROS2Introduction/interface_intro_ws/install/example_ros2_interfaces/share/example_ros2_interfaces/cmake/export_example_ros2_interfaces__rosidl_typesupport_fastrtps_cppExport-noconfig.cmake
[5.541s] -- Installing: /home/tianshu/ROS2Introduction/interface_intro_ws/install/example_ros2_interfaces/share/example_ros2_interfaces/cmake/example_ros2_interfaces__rosidl_typesupport_introspection_cppExport.cmake
[5.541s] -- Installing: /home/tianshu/ROS2Introduction/interface_intro_ws/install/example_ros2_interfaces/share/example_ros2_interfaces/cmake/example_ros2_interfaces__rosidl_typesupport_introspection_cppExport-noconfig.cmake
[5.541s] -- Installing: /home/tianshu/ROS2Introduction/interface_intro_ws/install/example_ros2_interfaces/share/example_ros2_interfaces/cmake/example_ros2_interfaces__rosidl_typesupport_cppExport.cmake
[5.541s] -- Installing: /home/tianshu/ROS2Introduction/interface_intro_ws/install/example_ros2_interfaces/share/example_ros2_interfaces/cmake/example_ros2_interfaces__rosidl_typesupport_cppExport-noconfig.cmake
[5.541s] -- Installing: /home/tianshu/ROS2Introduction/interface_intro_ws/install/example_ros2_interfaces/share/example_ros2_interfaces/cmake/export_example_ros2_interfaces__rosidl_generator_pyExport.cmake
[5.541s] -- Installing: /home/tianshu/ROS2Introduction/interface_intro_ws/install/example_ros2_interfaces/share/example_ros2_interfaces/cmake/export_example_ros2_interfaces__rosidl_generator_pyExport-noconfig.cmake
[5.542s] -- Installing: /home/tianshu/ROS2Introduction/interface_intro_ws/install/example_ros2_interfaces/share/example_ros2_interfaces/cmake/rosidl_cmake-extras.cmake
[5.542s] -- Installing: /home/tianshu/ROS2Introduction/interface_intro_ws/install/example_ros2_interfaces/share/example_ros2_interfaces/cmake/ament_cmake_export_dependencies-extras.cmake
[5.542s] -- Installing: /home/tianshu/ROS2Introduction/interface_intro_ws/install/example_ros2_interfaces/share/example_ros2_interfaces/cmake/ament_cmake_export_include_directories-extras.cmake
[5.542s] -- Installing: /home/tianshu/ROS2Introduction/interface_intro_ws/install/example_ros2_interfaces/share/example_ros2_interfaces/cmake/ament_cmake_export_libraries-extras.cmake
[5.542s] -- Installing: /home/tianshu/ROS2Introduction/interface_intro_ws/install/example_ros2_interfaces/share/example_ros2_interfaces/cmake/ament_cmake_export_targets-extras.cmake
[5.542s] -- Installing: /home/tianshu/ROS2Introduction/interface_intro_ws/install/example_ros2_interfaces/share/example_ros2_interfaces/cmake/rosidl_cmake_export_typesupport_targets-extras.cmake
[5.542s] -- Installing: /home/tianshu/ROS2Introduction/interface_intro_ws/install/example_ros2_interfaces/share/example_ros2_interfaces/cmake/rosidl_cmake_export_typesupport_libraries-extras.cmake
[5.542s] -- Installing: /home/tianshu/ROS2Introduction/interface_intro_ws/install/example_ros2_interfaces/share/example_ros2_interfaces/cmake/example_ros2_interfacesConfig.cmake
[5.542s] -- Installing: /home/tianshu/ROS2Introduction/interface_intro_ws/install/example_ros2_interfaces/share/example_ros2_interfaces/cmake/example_ros2_interfacesConfig-version.cmake
[5.542s] -- Installing: /home/tianshu/ROS2Introduction/interface_intro_ws/install/example_ros2_interfaces/share/example_ros2_interfaces/package.xml
[5.545s] Invoked command in '/home/tianshu/ROS2Introduction/interface_intro_ws/build/example_ros2_interfaces' returned '0': CMAKE_PREFIX_PATH=${CMAKE_PREFIX_PATH}:/opt/ros/humble CONDA_PROMPT_MODIFIER=(base) WSLENV=ELECTRON_RUN_AS_NODE/w:WT_SESSION::WT_PROFILE_ID /usr/bin/cmake --install /home/tianshu/ROS2Introduction/interface_intro_ws/build/example_ros2_interfaces
