[0.017s] Invoking command in '/home/tianshu/ROS2Introduction/topic_intro_ws/build/example_topic_rclcpp': CMAKE_PREFIX_PATH=/opt/ros/humble CONDA_PROMPT_MODIFIER=(base) WSLENV=ELECTRON_RUN_AS_NODE/w: /home/tianshu/miniconda3/bin/cmake /home/tianshu/ROS2Introduction/topic_intro_ws/src/example_topic_rclcpp -DCMAKE_INSTALL_PREFIX=/home/tianshu/ROS2Introduction/topic_intro_ws/install/example_topic_rclcpp
[0.238s] -- The C compiler identification is GNU 10.4.0
[0.579s] -- The CXX compiler identification is GNU 10.4.0
[0.824s] -- Detecting C compiler ABI info
[0.949s] -- Detecting C compiler ABI info - done
[0.956s] -- Check for working C compiler: /usr/bin/cc - skipped
[0.958s] -- Detecting C compile features
[0.959s] -- Detecting C compile features - done
[0.963s] -- Detecting CXX compiler ABI info
[1.100s] -- Detecting CXX compiler ABI info - done
[1.107s] -- Check for working CXX compiler: /usr/bin/c++ - skipped
[1.107s] -- Detecting CXX compile features
[1.107s] -- Detecting CXX compile features - done
[1.110s] -- Found ament_cmake: 1.3.5 (/opt/ros/humble/share/ament_cmake/cmake)
[3.053s] -- Found Python3: /usr/bin/python3.10 (found version "3.10.6") found components: Interpreter 
[3.109s] -- Found rclcpp: 16.0.4 (/opt/ros/humble/share/rclcpp/cmake)
[3.224s] -- Found rosidl_generator_c: 3.1.4 (/opt/ros/humble/share/rosidl_generator_c/cmake)
[3.228s] -- Found rosidl_adapter: 3.1.4 (/opt/ros/humble/share/rosidl_adapter/cmake)
[3.233s] -- Found rosidl_generator_cpp: 3.1.4 (/opt/ros/humble/share/rosidl_generator_cpp/cmake)
[3.247s] -- Using all available rosidl_typesupport_c: rosidl_typesupport_fastrtps_c;rosidl_typesupport_introspection_c
[3.262s] -- Using all available rosidl_typesupport_cpp: rosidl_typesupport_fastrtps_cpp;rosidl_typesupport_introspection_cpp
[3.310s] -- Found rmw_implementation_cmake: 6.1.1 (/opt/ros/humble/share/rmw_implementation_cmake/cmake)
[3.312s] -- Found rmw_fastrtps_cpp: 6.2.2 (/opt/ros/humble/share/rmw_fastrtps_cpp/cmake)
[4.128s] -- Found OpenSSL: /usr/lib/x86_64-linux-gnu/libcrypto.so (found version "3.0.2")  
[4.919s] -- Found FastRTPS: /opt/ros/humble/include  
[6.468s] -- Using RMW implementation 'rmw_fastrtps_cpp' as default
[6.478s] -- Performing Test CMAKE_HAVE_LIBC_PTHREAD
[6.630s] -- Performing Test CMAKE_HAVE_LIBC_PTHREAD - Success
[6.631s] -- Found Threads: TRUE  
[6.759s] -- Found ament_lint_auto: 0.12.6 (/opt/ros/humble/share/ament_lint_auto/cmake)
[6.819s] -- Added test 'cppcheck' to perform static code analysis on C / C++ code
[6.820s] -- Configured cppcheck include dirs: 
[6.820s] -- Configured cppcheck exclude dirs and/or files: 
[6.820s] -- Added test 'lint_cmake' to check CMake code style
[6.821s] -- Added test 'uncrustify' to check C / C++ code style
[6.821s] -- Configured uncrustify additional arguments: 
[6.822s] -- Added test 'xmllint' to check XML markup files
[6.824s] -- Configuring done (6.8s)
[6.835s] -- Generating done (0.0s)
[6.836s] -- Build files have been written to: /home/tianshu/ROS2Introduction/topic_intro_ws/build/example_topic_rclcpp
[6.850s] Invoked command in '/home/tianshu/ROS2Introduction/topic_intro_ws/build/example_topic_rclcpp' returned '0': CMAKE_PREFIX_PATH=/opt/ros/humble CONDA_PROMPT_MODIFIER=(base) WSLENV=ELECTRON_RUN_AS_NODE/w: /home/tianshu/miniconda3/bin/cmake /home/tianshu/ROS2Introduction/topic_intro_ws/src/example_topic_rclcpp -DCMAKE_INSTALL_PREFIX=/home/tianshu/ROS2Introduction/topic_intro_ws/install/example_topic_rclcpp
[6.852s] Invoking command in '/home/tianshu/ROS2Introduction/topic_intro_ws/build/example_topic_rclcpp': CMAKE_PREFIX_PATH=/opt/ros/humble CONDA_PROMPT_MODIFIER=(base) WSLENV=ELECTRON_RUN_AS_NODE/w: /home/tianshu/miniconda3/bin/cmake --build /home/tianshu/ROS2Introduction/topic_intro_ws/build/example_topic_rclcpp -- -j20 -l20
[6.912s] [ 25%] [32mBuilding CXX object CMakeFiles/topic_publisher_01.dir/src/topic_publisher_01.cpp.o[0m
[6.913s] [ 50%] [32mBuilding CXX object CMakeFiles/topic_subscribe_01.dir/src/topic_subscribe_01.cpp.o[0m
[9.985s] [ 75%] [32m[1mLinking CXX executable topic_publisher_01[0m
[10.240s] [ 75%] Built target topic_publisher_01
[12.814s] [100%] [32m[1mLinking CXX executable topic_subscribe_01[0m
[13.129s] [100%] Built target topic_subscribe_01
[13.137s] Invoked command in '/home/tianshu/ROS2Introduction/topic_intro_ws/build/example_topic_rclcpp' returned '0': CMAKE_PREFIX_PATH=/opt/ros/humble CONDA_PROMPT_MODIFIER=(base) WSLENV=ELECTRON_RUN_AS_NODE/w: /home/tianshu/miniconda3/bin/cmake --build /home/tianshu/ROS2Introduction/topic_intro_ws/build/example_topic_rclcpp -- -j20 -l20
[13.247s] Invoking command in '/home/tianshu/ROS2Introduction/topic_intro_ws/build/example_topic_rclcpp': CMAKE_PREFIX_PATH=/opt/ros/humble CONDA_PROMPT_MODIFIER=(base) WSLENV=ELECTRON_RUN_AS_NODE/w: /home/tianshu/miniconda3/bin/cmake --install /home/tianshu/ROS2Introduction/topic_intro_ws/build/example_topic_rclcpp
[13.281s] -- Install configuration: ""
[13.281s] -- Installing: /home/tianshu/ROS2Introduction/topic_intro_ws/install/example_topic_rclcpp/share/ament_index/resource_index/package_run_dependencies/example_topic_rclcpp
[13.281s] -- Installing: /home/tianshu/ROS2Introduction/topic_intro_ws/install/example_topic_rclcpp/share/ament_index/resource_index/parent_prefix_path/example_topic_rclcpp
[13.281s] -- Installing: /home/tianshu/ROS2Introduction/topic_intro_ws/install/example_topic_rclcpp/share/example_topic_rclcpp/environment/ament_prefix_path.sh
[13.282s] -- Installing: /home/tianshu/ROS2Introduction/topic_intro_ws/install/example_topic_rclcpp/share/example_topic_rclcpp/environment/ament_prefix_path.dsv
[13.282s] -- Installing: /home/tianshu/ROS2Introduction/topic_intro_ws/install/example_topic_rclcpp/share/example_topic_rclcpp/environment/path.sh
[13.282s] -- Installing: /home/tianshu/ROS2Introduction/topic_intro_ws/install/example_topic_rclcpp/share/example_topic_rclcpp/environment/path.dsv
[13.282s] -- Installing: /home/tianshu/ROS2Introduction/topic_intro_ws/install/example_topic_rclcpp/share/example_topic_rclcpp/local_setup.bash
[13.282s] -- Installing: /home/tianshu/ROS2Introduction/topic_intro_ws/install/example_topic_rclcpp/share/example_topic_rclcpp/local_setup.sh
[13.282s] -- Installing: /home/tianshu/ROS2Introduction/topic_intro_ws/install/example_topic_rclcpp/share/example_topic_rclcpp/local_setup.zsh
[13.282s] -- Installing: /home/tianshu/ROS2Introduction/topic_intro_ws/install/example_topic_rclcpp/share/example_topic_rclcpp/local_setup.dsv
[13.282s] -- Installing: /home/tianshu/ROS2Introduction/topic_intro_ws/install/example_topic_rclcpp/share/example_topic_rclcpp/package.dsv
[13.282s] -- Installing: /home/tianshu/ROS2Introduction/topic_intro_ws/install/example_topic_rclcpp/share/ament_index/resource_index/packages/example_topic_rclcpp
[13.282s] -- Installing: /home/tianshu/ROS2Introduction/topic_intro_ws/install/example_topic_rclcpp/share/example_topic_rclcpp/cmake/example_topic_rclcppConfig.cmake
[13.282s] -- Installing: /home/tianshu/ROS2Introduction/topic_intro_ws/install/example_topic_rclcpp/share/example_topic_rclcpp/cmake/example_topic_rclcppConfig-version.cmake
[13.282s] -- Installing: /home/tianshu/ROS2Introduction/topic_intro_ws/install/example_topic_rclcpp/share/example_topic_rclcpp/package.xml
[13.283s] -- Installing: /home/tianshu/ROS2Introduction/topic_intro_ws/install/example_topic_rclcpp/lib/example_topic_rclcpp/topic_publisher_01
[13.283s] -- Set runtime path of "/home/tianshu/ROS2Introduction/topic_intro_ws/install/example_topic_rclcpp/lib/example_topic_rclcpp/topic_publisher_01" to ""
[13.283s] -- Installing: /home/tianshu/ROS2Introduction/topic_intro_ws/install/example_topic_rclcpp/lib/example_topic_rclcpp/topic_subscribe_01
[13.286s] -- Set runtime path of "/home/tianshu/ROS2Introduction/topic_intro_ws/install/example_topic_rclcpp/lib/example_topic_rclcpp/topic_subscribe_01" to ""
[13.289s] Invoked command in '/home/tianshu/ROS2Introduction/topic_intro_ws/build/example_topic_rclcpp' returned '0': CMAKE_PREFIX_PATH=/opt/ros/humble CONDA_PROMPT_MODIFIER=(base) WSLENV=ELECTRON_RUN_AS_NODE/w: /home/tianshu/miniconda3/bin/cmake --install /home/tianshu/ROS2Introduction/topic_intro_ws/build/example_topic_rclcpp
