running egg_info
creating build/bot00_description/bot00_description.egg-info
writing build/bot00_description/bot00_description.egg-info/PKG-INFO
writing dependency_links to build/bot00_description/bot00_description.egg-info/dependency_links.txt
writing entry points to build/bot00_description/bot00_description.egg-info/entry_points.txt
writing requirements to build/bot00_description/bot00_description.egg-info/requires.txt
writing top-level names to build/bot00_description/bot00_description.egg-info/top_level.txt
writing manifest file 'build/bot00_description/bot00_description.egg-info/SOURCES.txt'
reading manifest file 'build/bot00_description/bot00_description.egg-info/SOURCES.txt'
writing manifest file 'build/bot00_description/bot00_description.egg-info/SOURCES.txt'
running build
running build_py
creating /home/tianshu/ROS2Introduction/bot00_description/build/bot00_description/build
creating /home/tianshu/ROS2Introduction/bot00_description/build/bot00_description/build/lib
creating /home/tianshu/ROS2Introduction/bot00_description/build/bot00_description/build/lib/bot00_description
copying bot00_description/rotate_wheel.py -> /home/tianshu/ROS2Introduction/bot00_description/build/bot00_description/build/lib/bot00_description
copying bot00_description/__init__.py -> /home/tianshu/ROS2Introduction/bot00_description/build/bot00_description/build/lib/bot00_description
running install
running install_lib
creating /home/tianshu/ROS2Introduction/bot00_description/install/bot00_description/lib/python3.10/site-packages/bot00_description
copying /home/tianshu/ROS2Introduction/bot00_description/build/bot00_description/build/lib/bot00_description/rotate_wheel.py -> /home/tianshu/ROS2Introduction/bot00_description/install/bot00_description/lib/python3.10/site-packages/bot00_description
copying /home/tianshu/ROS2Introduction/bot00_description/build/bot00_description/build/lib/bot00_description/__init__.py -> /home/tianshu/ROS2Introduction/bot00_description/install/bot00_description/lib/python3.10/site-packages/bot00_description
byte-compiling /home/tianshu/ROS2Introduction/bot00_description/install/bot00_description/lib/python3.10/site-packages/bot00_description/rotate_wheel.py to rotate_wheel.cpython-310.pyc
byte-compiling /home/tianshu/ROS2Introduction/bot00_description/install/bot00_description/lib/python3.10/site-packages/bot00_description/__init__.py to __init__.cpython-310.pyc
running install_data
creating /home/tianshu/ROS2Introduction/bot00_description/install/bot00_description/share/ament_index
creating /home/tianshu/ROS2Introduction/bot00_description/install/bot00_description/share/ament_index/resource_index
creating /home/tianshu/ROS2Introduction/bot00_description/install/bot00_description/share/ament_index/resource_index/packages
copying resource/bot00_description -> /home/tianshu/ROS2Introduction/bot00_description/install/bot00_description/share/ament_index/resource_index/packages
copying package.xml -> /home/tianshu/ROS2Introduction/bot00_description/install/bot00_description/share/bot00_description
creating /home/tianshu/ROS2Introduction/bot00_description/install/bot00_description/share/bot00_description/launch
copying launch/gazebo.launch.py -> /home/tianshu/ROS2Introduction/bot00_description/install/bot00_description/share/bot00_description/launch
copying launch/display_rviz2.launch.py -> /home/tianshu/ROS2Introduction/bot00_description/install/bot00_description/share/bot00_description/launch
creating /home/tianshu/ROS2Introduction/bot00_description/install/bot00_description/share/bot00_description/urdf
copying urdf/urdf_intro.urdf -> /home/tianshu/ROS2Introduction/bot00_description/install/bot00_description/share/bot00_description/urdf
running install_egg_info
Copying build/bot00_description/bot00_description.egg-info to /home/tianshu/ROS2Introduction/bot00_description/install/bot00_description/lib/python3.10/site-packages/bot00_description-0.0.0-py3.10.egg-info
running install_scripts
Installing rotate_wheel script to /home/tianshu/ROS2Introduction/bot00_description/install/bot00_description/lib/bot00_description
writing list of installed files to '/home/tianshu/ROS2Introduction/bot00_description/build/bot00_description/install.log'
