[0.647s] Invoking command in '/home/tianshu/ROS2Introduction/bot_description/src/bot00_description': CONDA_PROMPT_MODIFIER=(base) PYTHONPATH=/home/tianshu/ROS2Introduction/bot_description/build/bot00_description/prefix_override:/home/tianshu/ROS2Introduction/bot_description/install/bot00_description/lib/python3.10/site-packages:${PYTHONPATH} WSLENV=ELECTRON_RUN_AS_NODE/w: /usr/bin/python3 setup.py egg_info --egg-base ../../build/bot00_description build --build-base /home/tianshu/ROS2Introduction/bot_description/build/bot00_description/build install --record /home/tianshu/ROS2Introduction/bot_description/build/bot00_description/install.log --single-version-externally-managed
[0.784s] running egg_info
[0.784s] creating ../../build/bot00_description/bot00_description.egg-info
[0.785s] writing ../../build/bot00_description/bot00_description.egg-info/PKG-INFO
[0.785s] writing dependency_links to ../../build/bot00_description/bot00_description.egg-info/dependency_links.txt
[0.785s] writing entry points to ../../build/bot00_description/bot00_description.egg-info/entry_points.txt
[0.785s] writing requirements to ../../build/bot00_description/bot00_description.egg-info/requires.txt
[0.785s] writing top-level names to ../../build/bot00_description/bot00_description.egg-info/top_level.txt
[0.785s] writing manifest file '../../build/bot00_description/bot00_description.egg-info/SOURCES.txt'
[0.786s] reading manifest file '../../build/bot00_description/bot00_description.egg-info/SOURCES.txt'
[0.787s] writing manifest file '../../build/bot00_description/bot00_description.egg-info/SOURCES.txt'
[0.787s] running build
[0.787s] running build_py
[0.787s] creating /home/tianshu/ROS2Introduction/bot_description/build/bot00_description/build
[0.787s] creating /home/tianshu/ROS2Introduction/bot_description/build/bot00_description/build/lib
[0.787s] creating /home/tianshu/ROS2Introduction/bot_description/build/bot00_description/build/lib/bot00_description
[0.787s] copying bot00_description/rotate_wheel.py -> /home/tianshu/ROS2Introduction/bot_description/build/bot00_description/build/lib/bot00_description
[0.787s] copying bot00_description/__init__.py -> /home/tianshu/ROS2Introduction/bot_description/build/bot00_description/build/lib/bot00_description
[0.787s] running install
[0.787s] running install_lib
[0.788s] creating /home/tianshu/ROS2Introduction/bot_description/install/bot00_description/lib/python3.10/site-packages/bot00_description
[0.788s] copying /home/tianshu/ROS2Introduction/bot_description/build/bot00_description/build/lib/bot00_description/rotate_wheel.py -> /home/tianshu/ROS2Introduction/bot_description/install/bot00_description/lib/python3.10/site-packages/bot00_description
[0.788s] copying /home/tianshu/ROS2Introduction/bot_description/build/bot00_description/build/lib/bot00_description/__init__.py -> /home/tianshu/ROS2Introduction/bot_description/install/bot00_description/lib/python3.10/site-packages/bot00_description
[0.788s] byte-compiling /home/tianshu/ROS2Introduction/bot_description/install/bot00_description/lib/python3.10/site-packages/bot00_description/rotate_wheel.py to rotate_wheel.cpython-310.pyc
[0.789s] byte-compiling /home/tianshu/ROS2Introduction/bot_description/install/bot00_description/lib/python3.10/site-packages/bot00_description/__init__.py to __init__.cpython-310.pyc
[0.789s] running install_data
[0.789s] creating /home/tianshu/ROS2Introduction/bot_description/install/bot00_description/share/ament_index
[0.789s] creating /home/tianshu/ROS2Introduction/bot_description/install/bot00_description/share/ament_index/resource_index
[0.789s] creating /home/tianshu/ROS2Introduction/bot_description/install/bot00_description/share/ament_index/resource_index/packages
[0.789s] copying resource/bot00_description -> /home/tianshu/ROS2Introduction/bot_description/install/bot00_description/share/ament_index/resource_index/packages
[0.789s] copying package.xml -> /home/tianshu/ROS2Introduction/bot_description/install/bot00_description/share/bot00_description
[0.789s] creating /home/tianshu/ROS2Introduction/bot_description/install/bot00_description/share/bot00_description/launch
[0.789s] copying launch/gazebo.launch.py -> /home/tianshu/ROS2Introduction/bot_description/install/bot00_description/share/bot00_description/launch
[0.789s] copying launch/display_rviz2.launch.py -> /home/tianshu/ROS2Introduction/bot_description/install/bot00_description/share/bot00_description/launch
[0.790s] creating /home/tianshu/ROS2Introduction/bot_description/install/bot00_description/share/bot00_description/urdf
[0.790s] copying urdf/urdf_intro.urdf -> /home/tianshu/ROS2Introduction/bot_description/install/bot00_description/share/bot00_description/urdf
[0.790s] running install_egg_info
[0.790s] Copying ../../build/bot00_description/bot00_description.egg-info to /home/tianshu/ROS2Introduction/bot_description/install/bot00_description/lib/python3.10/site-packages/bot00_description-0.0.0-py3.10.egg-info
[0.791s] running install_scripts
[0.807s] Installing rotate_wheel script to /home/tianshu/ROS2Introduction/bot_description/install/bot00_description/lib/bot00_description
[0.807s] writing list of installed files to '/home/tianshu/ROS2Introduction/bot_description/build/bot00_description/install.log'
[0.828s] Invoked command in '/home/tianshu/ROS2Introduction/bot_description/src/bot00_description' returned '0': CONDA_PROMPT_MODIFIER=(base) PYTHONPATH=/home/tianshu/ROS2Introduction/bot_description/build/bot00_description/prefix_override:/home/tianshu/ROS2Introduction/bot_description/install/bot00_description/lib/python3.10/site-packages:${PYTHONPATH} WSLENV=ELECTRON_RUN_AS_NODE/w: /usr/bin/python3 setup.py egg_info --egg-base ../../build/bot00_description build --build-base /home/tianshu/ROS2Introduction/bot_description/build/bot00_description/build install --record /home/tianshu/ROS2Introduction/bot_description/build/bot00_description/install.log --single-version-externally-managed
