[0.460s] Invoking command in '/home/tianshu/ROS2Introduction/bot_description/src/bot00_description': PYTHONPATH=/home/tianshu/ROS2Introduction/bot_description/build/bot00_description/prefix_override:/home/tianshu/ROS2Introduction/bot_description/install/bot00_description/lib/python3.10/site-packages:${PYTHONPATH} /usr/bin/python3 setup.py egg_info --egg-base ../../build/bot00_description build --build-base /home/tianshu/ROS2Introduction/bot_description/build/bot00_description/build install --record /home/tianshu/ROS2Introduction/bot_description/build/bot00_description/install.log --single-version-externally-managed
[0.615s] running egg_info
[0.615s] writing ../../build/bot00_description/bot00_description.egg-info/PKG-INFO
[0.615s] writing dependency_links to ../../build/bot00_description/bot00_description.egg-info/dependency_links.txt
[0.616s] writing entry points to ../../build/bot00_description/bot00_description.egg-info/entry_points.txt
[0.616s] writing requirements to ../../build/bot00_description/bot00_description.egg-info/requires.txt
[0.616s] writing top-level names to ../../build/bot00_description/bot00_description.egg-info/top_level.txt
[0.618s] reading manifest file '../../build/bot00_description/bot00_description.egg-info/SOURCES.txt'
[0.619s] writing manifest file '../../build/bot00_description/bot00_description.egg-info/SOURCES.txt'
[0.619s] running build
[0.619s] running build_py
[0.619s] running install
[0.620s] running install_lib
[0.620s] running install_data
[0.621s] running install_egg_info
[0.623s] removing '/home/tianshu/ROS2Introduction/bot_description/install/bot00_description/lib/python3.10/site-packages/bot00_description-0.0.0-py3.10.egg-info' (and everything under it)
[0.623s] Copying ../../build/bot00_description/bot00_description.egg-info to /home/tianshu/ROS2Introduction/bot_description/install/bot00_description/lib/python3.10/site-packages/bot00_description-0.0.0-py3.10.egg-info
[0.624s] running install_scripts
[0.639s] Installing rotate_wheel script to /home/tianshu/ROS2Introduction/bot_description/install/bot00_description/lib/bot00_description
[0.640s] writing list of installed files to '/home/tianshu/ROS2Introduction/bot_description/build/bot00_description/install.log'
[0.665s] Invoked command in '/home/tianshu/ROS2Introduction/bot_description/src/bot00_description' returned '0': PYTHONPATH=/home/tianshu/ROS2Introduction/bot_description/build/bot00_description/prefix_override:/home/tianshu/ROS2Introduction/bot_description/install/bot00_description/lib/python3.10/site-packages:${PYTHONPATH} /usr/bin/python3 setup.py egg_info --egg-base ../../build/bot00_description build --build-base /home/tianshu/ROS2Introduction/bot_description/build/bot00_description/build install --record /home/tianshu/ROS2Introduction/bot_description/build/bot00_description/install.log --single-version-externally-managed
