[0.018s] Invoking command in '/home/tianshu/ROS2Introduction/topic_intro_ws/build/example_topic_rclcpp': CMAKE_PREFIX_PATH=${CMAKE_PREFIX_PATH}:/opt/ros/humble CONDA_PROMPT_MODIFIER=(base) WSLENV=ELECTRON_RUN_AS_NODE/w:WT_SESSION::WT_PROFILE_ID /usr/bin/cmake --build /home/tianshu/ROS2Introduction/topic_intro_ws/build/example_topic_rclcpp -- -j20 -l20
[0.085s] [35m[1mConsolidate compiler generated dependencies of target topic_publisher_01[0m
[0.085s] [35m[1mConsolidate compiler generated dependencies of target topic_subscribe_01[0m
[0.106s] [ 25%] [32mBuilding CXX object CMakeFiles/topic_publisher_01.dir/src/topic_publisher_01.cpp.o[0m
[0.107s] [ 50%] [32mBuilding CXX object CMakeFiles/topic_subscribe_01.dir/src/topic_subscribe_01.cpp.o[0m
[3.396s] [ 75%] [32m[1mLinking CXX executable topic_publisher_01[0m
[3.589s] [ 75%] Built target topic_publisher_01
[6.355s] [100%] [32m[1mLinking CXX executable topic_subscribe_01[0m
[6.724s] [100%] Built target topic_subscribe_01
[6.741s] Invoked command in '/home/tianshu/ROS2Introduction/topic_intro_ws/build/example_topic_rclcpp' returned '0': CMAKE_PREFIX_PATH=${CMAKE_PREFIX_PATH}:/opt/ros/humble CONDA_PROMPT_MODIFIER=(base) WSLENV=ELECTRON_RUN_AS_NODE/w:WT_SESSION::WT_PROFILE_ID /usr/bin/cmake --build /home/tianshu/ROS2Introduction/topic_intro_ws/build/example_topic_rclcpp -- -j20 -l20
[6.828s] Invoking command in '/home/tianshu/ROS2Introduction/topic_intro_ws/build/example_topic_rclcpp': CMAKE_PREFIX_PATH=${CMAKE_PREFIX_PATH}:/opt/ros/humble CONDA_PROMPT_MODIFIER=(base) WSLENV=ELECTRON_RUN_AS_NODE/w:WT_SESSION::WT_PROFILE_ID /usr/bin/cmake --install /home/tianshu/ROS2Introduction/topic_intro_ws/build/example_topic_rclcpp
[6.839s] -- Install configuration: ""
[6.839s] -- Up-to-date: /home/tianshu/ROS2Introduction/topic_intro_ws/install/example_topic_rclcpp/share/ament_index/resource_index/package_run_dependencies/example_topic_rclcpp
[6.839s] -- Up-to-date: /home/tianshu/ROS2Introduction/topic_intro_ws/install/example_topic_rclcpp/share/ament_index/resource_index/parent_prefix_path/example_topic_rclcpp
[6.839s] -- Up-to-date: /home/tianshu/ROS2Introduction/topic_intro_ws/install/example_topic_rclcpp/share/example_topic_rclcpp/environment/ament_prefix_path.sh
[6.840s] -- Up-to-date: /home/tianshu/ROS2Introduction/topic_intro_ws/install/example_topic_rclcpp/share/example_topic_rclcpp/environment/ament_prefix_path.dsv
[6.840s] -- Up-to-date: /home/tianshu/ROS2Introduction/topic_intro_ws/install/example_topic_rclcpp/share/example_topic_rclcpp/environment/path.sh
[6.840s] -- Up-to-date: /home/tianshu/ROS2Introduction/topic_intro_ws/install/example_topic_rclcpp/share/example_topic_rclcpp/environment/path.dsv
[6.840s] -- Up-to-date: /home/tianshu/ROS2Introduction/topic_intro_ws/install/example_topic_rclcpp/share/example_topic_rclcpp/local_setup.bash
[6.840s] -- Up-to-date: /home/tianshu/ROS2Introduction/topic_intro_ws/install/example_topic_rclcpp/share/example_topic_rclcpp/local_setup.sh
[6.840s] -- Up-to-date: /home/tianshu/ROS2Introduction/topic_intro_ws/install/example_topic_rclcpp/share/example_topic_rclcpp/local_setup.zsh
[6.840s] -- Up-to-date: /home/tianshu/ROS2Introduction/topic_intro_ws/install/example_topic_rclcpp/share/example_topic_rclcpp/local_setup.dsv
[6.841s] -- Installing: /home/tianshu/ROS2Introduction/topic_intro_ws/install/example_topic_rclcpp/share/example_topic_rclcpp/package.dsv
[6.841s] -- Up-to-date: /home/tianshu/ROS2Introduction/topic_intro_ws/install/example_topic_rclcpp/share/ament_index/resource_index/packages/example_topic_rclcpp
[6.841s] -- Up-to-date: /home/tianshu/ROS2Introduction/topic_intro_ws/install/example_topic_rclcpp/share/example_topic_rclcpp/cmake/example_topic_rclcppConfig.cmake
[6.841s] -- Up-to-date: /home/tianshu/ROS2Introduction/topic_intro_ws/install/example_topic_rclcpp/share/example_topic_rclcpp/cmake/example_topic_rclcppConfig-version.cmake
[6.841s] -- Up-to-date: /home/tianshu/ROS2Introduction/topic_intro_ws/install/example_topic_rclcpp/share/example_topic_rclcpp/package.xml
[6.841s] -- Installing: /home/tianshu/ROS2Introduction/topic_intro_ws/install/example_topic_rclcpp/lib/example_topic_rclcpp/topic_publisher_01
[6.841s] -- Set runtime path of "/home/tianshu/ROS2Introduction/topic_intro_ws/install/example_topic_rclcpp/lib/example_topic_rclcpp/topic_publisher_01" to ""
[6.841s] -- Installing: /home/tianshu/ROS2Introduction/topic_intro_ws/install/example_topic_rclcpp/lib/example_topic_rclcpp/topic_subscribe_01
[6.844s] -- Set runtime path of "/home/tianshu/ROS2Introduction/topic_intro_ws/install/example_topic_rclcpp/lib/example_topic_rclcpp/topic_subscribe_01" to ""
[6.846s] Invoked command in '/home/tianshu/ROS2Introduction/topic_intro_ws/build/example_topic_rclcpp' returned '0': CMAKE_PREFIX_PATH=${CMAKE_PREFIX_PATH}:/opt/ros/humble CONDA_PROMPT_MODIFIER=(base) WSLENV=ELECTRON_RUN_AS_NODE/w:WT_SESSION::WT_PROFILE_ID /usr/bin/cmake --install /home/tianshu/ROS2Introduction/topic_intro_ws/build/example_topic_rclcpp
