[0.012s] Invoking command in '/home/tianshu/ROS2Introduction/bot_description/build/bot_navigation2': CMAKE_PREFIX_PATH=/opt/ros/humble CONDA_PROMPT_MODIFIER=(base) /home/tianshu/miniconda3/bin/cmake /home/tianshu/ROS2Introduction/bot_description/src/bot_navigation2 -DCMAKE_INSTALL_PREFIX=/home/tianshu/ROS2Introduction/bot_description/install/bot_navigation2
[0.049s] -- Found ament_cmake: 1.3.5 (/opt/ros/humble/share/ament_cmake/cmake)
[0.126s] -- Found nav2_bringup: 1.1.9 (/opt/ros/humble/share/nav2_bringup/cmake)
[0.126s] -- Found ament_lint_auto: 0.12.6 (/opt/ros/humble/share/ament_lint_auto/cmake)
[0.169s] -- Added test 'flake8' to check Python code syntax and style conventions
[0.170s] -- Added test 'lint_cmake' to check CMake code style
[0.170s] -- Added test 'pep257' to check Python code against some of the docstring style conventions in PEP 257
[0.170s] -- Added test 'xmllint' to check XML markup files
[0.170s] -- Configuring done (0.1s)
[0.172s] -- Generating done (0.0s)
[0.173s] -- Build files have been written to: /home/tianshu/ROS2Introduction/bot_description/build/bot_navigation2
[0.177s] Invoked command in '/home/tianshu/ROS2Introduction/bot_description/build/bot_navigation2' returned '0': CMAKE_PREFIX_PATH=/opt/ros/humble CONDA_PROMPT_MODIFIER=(base) /home/tianshu/miniconda3/bin/cmake /home/tianshu/ROS2Introduction/bot_description/src/bot_navigation2 -DCMAKE_INSTALL_PREFIX=/home/tianshu/ROS2Introduction/bot_description/install/bot_navigation2
[0.178s] Invoking command in '/home/tianshu/ROS2Introduction/bot_description/build/bot_navigation2': CMAKE_PREFIX_PATH=/opt/ros/humble CONDA_PROMPT_MODIFIER=(base) /home/tianshu/miniconda3/bin/cmake --build /home/tianshu/ROS2Introduction/bot_description/build/bot_navigation2 -- -j20 -l20
[0.230s] Invoked command in '/home/tianshu/ROS2Introduction/bot_description/build/bot_navigation2' returned '0': CMAKE_PREFIX_PATH=/opt/ros/humble CONDA_PROMPT_MODIFIER=(base) /home/tianshu/miniconda3/bin/cmake --build /home/tianshu/ROS2Introduction/bot_description/build/bot_navigation2 -- -j20 -l20
[0.362s] Invoking command in '/home/tianshu/ROS2Introduction/bot_description/build/bot_navigation2': CMAKE_PREFIX_PATH=/opt/ros/humble CONDA_PROMPT_MODIFIER=(base) /home/tianshu/miniconda3/bin/cmake --install /home/tianshu/ROS2Introduction/bot_description/build/bot_navigation2
[0.385s] -- Install configuration: ""
[0.385s] -- Installing: /home/tianshu/ROS2Introduction/bot_description/install/bot_navigation2/share/ament_index/resource_index/package_run_dependencies/bot_navigation2
[0.385s] -- Installing: /home/tianshu/ROS2Introduction/bot_description/install/bot_navigation2/share/ament_index/resource_index/parent_prefix_path/bot_navigation2
[0.385s] -- Installing: /home/tianshu/ROS2Introduction/bot_description/install/bot_navigation2/share/bot_navigation2/environment/ament_prefix_path.sh
[0.385s] -- Installing: /home/tianshu/ROS2Introduction/bot_description/install/bot_navigation2/share/bot_navigation2/environment/ament_prefix_path.dsv
[0.385s] -- Installing: /home/tianshu/ROS2Introduction/bot_description/install/bot_navigation2/share/bot_navigation2/environment/path.sh
[0.385s] -- Installing: /home/tianshu/ROS2Introduction/bot_description/install/bot_navigation2/share/bot_navigation2/environment/path.dsv
[0.386s] -- Installing: /home/tianshu/ROS2Introduction/bot_description/install/bot_navigation2/share/bot_navigation2/local_setup.bash
[0.386s] -- Installing: /home/tianshu/ROS2Introduction/bot_description/install/bot_navigation2/share/bot_navigation2/local_setup.sh
[0.386s] -- Installing: /home/tianshu/ROS2Introduction/bot_description/install/bot_navigation2/share/bot_navigation2/local_setup.zsh
[0.386s] -- Installing: /home/tianshu/ROS2Introduction/bot_description/install/bot_navigation2/share/bot_navigation2/local_setup.dsv
[0.386s] -- Installing: /home/tianshu/ROS2Introduction/bot_description/install/bot_navigation2/share/bot_navigation2/package.dsv
[0.386s] -- Installing: /home/tianshu/ROS2Introduction/bot_description/install/bot_navigation2/share/ament_index/resource_index/packages/bot_navigation2
[0.386s] -- Installing: /home/tianshu/ROS2Introduction/bot_description/install/bot_navigation2/share/bot_navigation2/cmake/bot_navigation2Config.cmake
[0.386s] -- Installing: /home/tianshu/ROS2Introduction/bot_description/install/bot_navigation2/share/bot_navigation2/cmake/bot_navigation2Config-version.cmake
[0.386s] -- Installing: /home/tianshu/ROS2Introduction/bot_description/install/bot_navigation2/share/bot_navigation2/package.xml
[0.386s] -- Installing: /home/tianshu/ROS2Introduction/bot_description/install/bot_navigation2/share/bot_navigation2/launch
[0.386s] -- Installing: /home/tianshu/ROS2Introduction/bot_description/install/bot_navigation2/share/bot_navigation2/launch/nav2.launch.py
[0.386s] -- Installing: /home/tianshu/ROS2Introduction/bot_description/install/bot_navigation2/share/bot_navigation2/param
[0.386s] -- Installing: /home/tianshu/ROS2Introduction/bot_description/install/bot_navigation2/share/bot_navigation2/param/bot_nav2.yaml
[0.386s] -- Installing: /home/tianshu/ROS2Introduction/bot_description/install/bot_navigation2/share/bot_navigation2/maps
[0.386s] -- Installing: /home/tianshu/ROS2Introduction/bot_description/install/bot_navigation2/share/bot_navigation2/maps/bot_map.yaml
[0.386s] -- Installing: /home/tianshu/ROS2Introduction/bot_description/install/bot_navigation2/share/bot_navigation2/maps/bot_map.pgm
[0.391s] Invoked command in '/home/tianshu/ROS2Introduction/bot_description/build/bot_navigation2' returned '0': CMAKE_PREFIX_PATH=/opt/ros/humble CONDA_PROMPT_MODIFIER=(base) /home/tianshu/miniconda3/bin/cmake --install /home/tianshu/ROS2Introduction/bot_description/build/bot_navigation2
