[0.058s] Invoking command in '/home/tianshu/ROS2Introduction/interface_intro_ws/build/example_interfaces_rclcpp': AMENT_PREFIX_PATH=/home/tianshu/ROS2Introduction/interface_intro_ws/install/example_ros2_interfaces:${AMENT_PREFIX_PATH} CMAKE_PREFIX_PATH=/home/tianshu/ROS2Introduction/interface_intro_ws/install/example_ros2_interfaces:/home/tianshu/ROS2Introduction/service_intro_ws/install/example_service_rclcpp:/opt/ros/humble CONDA_PROMPT_MODIFIER=(base) LD_LIBRARY_PATH=/home/tianshu/ROS2Introduction/interface_intro_ws/install/example_ros2_interfaces/lib:/usr/lib/wsl/lib:/opt/ros/humble/opt/rviz_ogre_vendor/lib:/opt/ros/humble/lib/x86_64-linux-gnu:/opt/ros/humble/lib:/usr/lib/wsl/lib PYTHONPATH=/home/tianshu/ROS2Introduction/interface_intro_ws/install/example_ros2_interfaces/local/lib/python3.10/dist-packages:${PYTHONPATH} WSLENV=ELECTRON_RUN_AS_NODE/w:WT_SESSION::WT_PROFILE_ID /usr/bin/cmake --build /home/tianshu/ROS2Introduction/interface_intro_ws/build/example_interfaces_rclcpp -- -j20 -l20
[0.127s] [35m[1mConsolidate compiler generated dependencies of target example_interfaces_control_01[0m
[0.148s] [ 50%] Built target example_interfaces_robot_01
[0.149s] [100%] Built target example_interfaces_control_01
[0.162s] Invoked command in '/home/tianshu/ROS2Introduction/interface_intro_ws/build/example_interfaces_rclcpp' returned '0': AMENT_PREFIX_PATH=/home/tianshu/ROS2Introduction/interface_intro_ws/install/example_ros2_interfaces:${AMENT_PREFIX_PATH} CMAKE_PREFIX_PATH=/home/tianshu/ROS2Introduction/interface_intro_ws/install/example_ros2_interfaces:/home/tianshu/ROS2Introduction/service_intro_ws/install/example_service_rclcpp:/opt/ros/humble CONDA_PROMPT_MODIFIER=(base) LD_LIBRARY_PATH=/home/tianshu/ROS2Introduction/interface_intro_ws/install/example_ros2_interfaces/lib:/usr/lib/wsl/lib:/opt/ros/humble/opt/rviz_ogre_vendor/lib:/opt/ros/humble/lib/x86_64-linux-gnu:/opt/ros/humble/lib:/usr/lib/wsl/lib PYTHONPATH=/home/tianshu/ROS2Introduction/interface_intro_ws/install/example_ros2_interfaces/local/lib/python3.10/dist-packages:${PYTHONPATH} WSLENV=ELECTRON_RUN_AS_NODE/w:WT_SESSION::WT_PROFILE_ID /usr/bin/cmake --build /home/tianshu/ROS2Introduction/interface_intro_ws/build/example_interfaces_rclcpp -- -j20 -l20
[0.221s] Invoking command in '/home/tianshu/ROS2Introduction/interface_intro_ws/build/example_interfaces_rclcpp': AMENT_PREFIX_PATH=/home/tianshu/ROS2Introduction/interface_intro_ws/install/example_ros2_interfaces:${AMENT_PREFIX_PATH} CMAKE_PREFIX_PATH=/home/tianshu/ROS2Introduction/interface_intro_ws/install/example_ros2_interfaces:/home/tianshu/ROS2Introduction/service_intro_ws/install/example_service_rclcpp:/opt/ros/humble CONDA_PROMPT_MODIFIER=(base) LD_LIBRARY_PATH=/home/tianshu/ROS2Introduction/interface_intro_ws/install/example_ros2_interfaces/lib:/usr/lib/wsl/lib:/opt/ros/humble/opt/rviz_ogre_vendor/lib:/opt/ros/humble/lib/x86_64-linux-gnu:/opt/ros/humble/lib:/usr/lib/wsl/lib PYTHONPATH=/home/tianshu/ROS2Introduction/interface_intro_ws/install/example_ros2_interfaces/local/lib/python3.10/dist-packages:${PYTHONPATH} WSLENV=ELECTRON_RUN_AS_NODE/w:WT_SESSION::WT_PROFILE_ID /usr/bin/cmake --install /home/tianshu/ROS2Introduction/interface_intro_ws/build/example_interfaces_rclcpp
[0.230s] -- Install configuration: ""
[0.230s] -- Up-to-date: /home/tianshu/ROS2Introduction/interface_intro_ws/install/example_interfaces_rclcpp/lib/example_interfaces_rclcpp/example_interfaces_robot_01
[0.230s] -- Up-to-date: /home/tianshu/ROS2Introduction/interface_intro_ws/install/example_interfaces_rclcpp/lib/example_interfaces_rclcpp/example_interfaces_robot_01
[0.230s] -- Up-to-date: /home/tianshu/ROS2Introduction/interface_intro_ws/install/example_interfaces_rclcpp/share/ament_index/resource_index/package_run_dependencies/example_interfaces_rclcpp
[0.231s] -- Up-to-date: /home/tianshu/ROS2Introduction/interface_intro_ws/install/example_interfaces_rclcpp/share/ament_index/resource_index/parent_prefix_path/example_interfaces_rclcpp
[0.231s] -- Up-to-date: /home/tianshu/ROS2Introduction/interface_intro_ws/install/example_interfaces_rclcpp/share/example_interfaces_rclcpp/environment/ament_prefix_path.sh
[0.231s] -- Up-to-date: /home/tianshu/ROS2Introduction/interface_intro_ws/install/example_interfaces_rclcpp/share/example_interfaces_rclcpp/environment/ament_prefix_path.dsv
[0.231s] -- Up-to-date: /home/tianshu/ROS2Introduction/interface_intro_ws/install/example_interfaces_rclcpp/share/example_interfaces_rclcpp/environment/path.sh
[0.231s] -- Up-to-date: /home/tianshu/ROS2Introduction/interface_intro_ws/install/example_interfaces_rclcpp/share/example_interfaces_rclcpp/environment/path.dsv
[0.231s] -- Up-to-date: /home/tianshu/ROS2Introduction/interface_intro_ws/install/example_interfaces_rclcpp/share/example_interfaces_rclcpp/local_setup.bash
[0.231s] -- Up-to-date: /home/tianshu/ROS2Introduction/interface_intro_ws/install/example_interfaces_rclcpp/share/example_interfaces_rclcpp/local_setup.sh
[0.231s] -- Up-to-date: /home/tianshu/ROS2Introduction/interface_intro_ws/install/example_interfaces_rclcpp/share/example_interfaces_rclcpp/local_setup.zsh
[0.231s] -- Up-to-date: /home/tianshu/ROS2Introduction/interface_intro_ws/install/example_interfaces_rclcpp/share/example_interfaces_rclcpp/local_setup.dsv
[0.231s] -- Installing: /home/tianshu/ROS2Introduction/interface_intro_ws/install/example_interfaces_rclcpp/share/example_interfaces_rclcpp/package.dsv
[0.232s] -- Up-to-date: /home/tianshu/ROS2Introduction/interface_intro_ws/install/example_interfaces_rclcpp/share/ament_index/resource_index/packages/example_interfaces_rclcpp
[0.232s] -- Up-to-date: /home/tianshu/ROS2Introduction/interface_intro_ws/install/example_interfaces_rclcpp/share/example_interfaces_rclcpp/cmake/example_interfaces_rclcppConfig.cmake
[0.232s] -- Up-to-date: /home/tianshu/ROS2Introduction/interface_intro_ws/install/example_interfaces_rclcpp/share/example_interfaces_rclcpp/cmake/example_interfaces_rclcppConfig-version.cmake
[0.232s] -- Up-to-date: /home/tianshu/ROS2Introduction/interface_intro_ws/install/example_interfaces_rclcpp/share/example_interfaces_rclcpp/package.xml
[0.234s] Invoked command in '/home/tianshu/ROS2Introduction/interface_intro_ws/build/example_interfaces_rclcpp' returned '0': AMENT_PREFIX_PATH=/home/tianshu/ROS2Introduction/interface_intro_ws/install/example_ros2_interfaces:${AMENT_PREFIX_PATH} CMAKE_PREFIX_PATH=/home/tianshu/ROS2Introduction/interface_intro_ws/install/example_ros2_interfaces:/home/tianshu/ROS2Introduction/service_intro_ws/install/example_service_rclcpp:/opt/ros/humble CONDA_PROMPT_MODIFIER=(base) LD_LIBRARY_PATH=/home/tianshu/ROS2Introduction/interface_intro_ws/install/example_ros2_interfaces/lib:/usr/lib/wsl/lib:/opt/ros/humble/opt/rviz_ogre_vendor/lib:/opt/ros/humble/lib/x86_64-linux-gnu:/opt/ros/humble/lib:/usr/lib/wsl/lib PYTHONPATH=/home/tianshu/ROS2Introduction/interface_intro_ws/install/example_ros2_interfaces/local/lib/python3.10/dist-packages:${PYTHONPATH} WSLENV=ELECTRON_RUN_AS_NODE/w:WT_SESSION::WT_PROFILE_ID /usr/bin/cmake --install /home/tianshu/ROS2Introduction/interface_intro_ws/build/example_interfaces_rclcpp
