[01m[K/home/tianshu/ROS2Introduction/action_intro_ws/src/example_action_rclcpp/src/action_robot_01.cpp:20:1:[m[K [01;31m[Kerror: [m[K‘[01m[Kexplicit[m[K’ outside class declaration
   20 | [01;31m[Kexplicit[m[K ActionRobot01::ActionRobot01(std::string name) : Node(name) {
      | [01;31m[K^~~~~~~~[m[K
[01m[K/home/tianshu/ROS2Introduction/action_intro_ws/src/example_action_rclcpp/src/action_control_01.cpp:20:1:[m[K [01;31m[Kerror: [m[K‘[01m[Kexplicit[m[K’ outside class declaration
   20 | [01;31m[Kexplicit[m[K ActionControl01::ActionControl01(std::string name): Node(name) {
      | [01;31m[K^~~~~~~~[m[K
[01m[K/home/tianshu/ROS2Introduction/action_intro_ws/src/example_action_rclcpp/src/action_control_01.cpp:[m[K In member function ‘[01m[Kvoid ActionControl01::feedback_callback(rclcpp_action::ClientGoalHandle<robot_control_interface::action::MoveRobot>::SharedPtr, std::shared_ptr<const robot_control_interface::action::MoveRobot_Feedback_<std::allocator<void> > >)[m[K’:
[01m[K/home/tianshu/ROS2Introduction/action_intro_ws/src/example_action_rclcpp/src/action_control_01.cpp:53:73:[m[K [01;35m[Kwarning: [m[Kunused parameter ‘[01m[Kgoal_handle[m[K’ [[01;35m[K]8;;https://gcc.gnu.org/onlinedocs/gcc/Warning-Options.html#index-Wunused-parameter-Wunused-parameter]8;;[m[K]
   53 | void ActionControl01::feedback_callback([01;35m[KGoalHandlerMoveRobot::SharedPtr goal_handle[m[K, const std::shared_ptr<const MoveRobot::Feedback> feedback) {
      |                                         [01;35m[K~~~~~~~~~~~~~~~~~~~~~~~~~~~~~~~~^~~~~~~~~~~[m[K
[01m[K/home/tianshu/ROS2Introduction/action_intro_ws/src/example_action_rclcpp/src/action_control_01.cpp:[m[K In member function ‘[01m[Kvoid ActionControl01::result_callback(const rclcpp_action::ClientGoalHandle<robot_control_interface::action::MoveRobot>::WrappedResult&)[m[K’:
[01m[K/home/tianshu/ROS2Introduction/action_intro_ws/src/example_action_rclcpp/src/action_control_01.cpp:58:12:[m[K [01;35m[Kwarning: [m[Kenumeration value ‘[01m[KUNKNOWN[m[K’ not handled in switch [[01;35m[K]8;;https://gcc.gnu.org/onlinedocs/gcc/Warning-Options.html#index-Wswitch-Wswitch]8;;[m[K]
   58 |     switch [01;35m[K([m[Kresult.code) {
      |            [01;35m[K^[m[K
gmake[2]: *** [CMakeFiles/action_robot_01.dir/build.make:90: CMakeFiles/action_robot_01.dir/src/action_robot_01.cpp.o] Error 1
gmake[1]: *** [CMakeFiles/Makefile2:139: CMakeFiles/action_robot_01.dir/all] Error 2
gmake[1]: *** Waiting for unfinished jobs....
gmake[2]: *** [CMakeFiles/action_control_01.dir/build.make:76: CMakeFiles/action_control_01.dir/src/action_control_01.cpp.o] Error 1
gmake[1]: *** [CMakeFiles/Makefile2:165: CMakeFiles/action_control_01.dir/all] Error 2
gmake: *** [Makefile:146: all] Error 2
