-- Install configuration: ""
-- Up-to-date: /home/tianshu/ROS2Introduction/bot_description/install/bot_cartographer/share/ament_index/resource_index/package_run_dependencies/bot_cartographer
-- Up-to-date: /home/tianshu/ROS2Introduction/bot_description/install/bot_cartographer/share/ament_index/resource_index/parent_prefix_path/bot_cartographer
-- Up-to-date: /home/tianshu/ROS2Introduction/bot_description/install/bot_cartographer/share/bot_cartographer/environment/ament_prefix_path.sh
-- Up-to-date: /home/tianshu/ROS2Introduction/bot_description/install/bot_cartographer/share/bot_cartographer/environment/ament_prefix_path.dsv
-- Up-to-date: /home/tianshu/ROS2Introduction/bot_description/install/bot_cartographer/share/bot_cartographer/environment/path.sh
-- Up-to-date: /home/tianshu/ROS2Introduction/bot_description/install/bot_cartographer/share/bot_cartographer/environment/path.dsv
-- Up-to-date: /home/tianshu/ROS2Introduction/bot_description/install/bot_cartographer/share/bot_cartographer/local_setup.bash
-- Up-to-date: /home/tianshu/ROS2Introduction/bot_description/install/bot_cartographer/share/bot_cartographer/local_setup.sh
-- Up-to-date: /home/tianshu/ROS2Introduction/bot_description/install/bot_cartographer/share/bot_cartographer/local_setup.zsh
-- Up-to-date: /home/tianshu/ROS2Introduction/bot_description/install/bot_cartographer/share/bot_cartographer/local_setup.dsv
-- Installing: /home/tianshu/ROS2Introduction/bot_description/install/bot_cartographer/share/bot_cartographer/package.dsv
-- Up-to-date: /home/tianshu/ROS2Introduction/bot_description/install/bot_cartographer/share/ament_index/resource_index/packages/bot_cartographer
-- Up-to-date: /home/tianshu/ROS2Introduction/bot_description/install/bot_cartographer/share/bot_cartographer/cmake/bot_cartographerConfig.cmake
-- Up-to-date: /home/tianshu/ROS2Introduction/bot_description/install/bot_cartographer/share/bot_cartographer/cmake/bot_cartographerConfig-version.cmake
-- Up-to-date: /home/tianshu/ROS2Introduction/bot_description/install/bot_cartographer/share/bot_cartographer/package.xml
-- Up-to-date: /home/tianshu/ROS2Introduction/bot_description/install/bot_cartographer/share/bot_cartographer/config
-- Up-to-date: /home/tianshu/ROS2Introduction/bot_description/install/bot_cartographer/share/bot_cartographer/config/bot_2d.lua
-- Up-to-date: /home/tianshu/ROS2Introduction/bot_description/install/bot_cartographer/share/bot_cartographer/launch
-- Up-to-date: /home/tianshu/ROS2Introduction/bot_description/install/bot_cartographer/share/bot_cartographer/launch/cartorgrapher.launch.py
-- Up-to-date: /home/tianshu/ROS2Introduction/bot_description/install/bot_cartographer/share/bot_cartographer/rviz
