[0.180s] Invoking command in '/home/tianshu/ROS2Introduction/bot_description/build/bot_cartographer': CMAKE_PREFIX_PATH=${CMAKE_PREFIX_PATH}:/home/tianshu/ROS2Introduction/bot_description/install/bot00_description:/opt/ros/humble /usr/bin/cmake --build /home/tianshu/ROS2Introduction/bot_description/build/bot_cartographer -- -j20 -l20
[0.229s] Invoked command in '/home/tianshu/ROS2Introduction/bot_description/build/bot_cartographer' returned '0': CMAKE_PREFIX_PATH=${CMAKE_PREFIX_PATH}:/home/tianshu/ROS2Introduction/bot_description/install/bot00_description:/opt/ros/humble /usr/bin/cmake --build /home/tianshu/ROS2Introduction/bot_description/build/bot_cartographer -- -j20 -l20
[0.341s] Invoking command in '/home/tianshu/ROS2Introduction/bot_description/build/bot_cartographer': CMAKE_PREFIX_PATH=${CMAKE_PREFIX_PATH}:/home/tianshu/ROS2Introduction/bot_description/install/bot00_description:/opt/ros/humble /usr/bin/cmake --install /home/tianshu/ROS2Introduction/bot_description/build/bot_cartographer
[0.355s] -- Install configuration: ""
[0.356s] -- Up-to-date: /home/tianshu/ROS2Introduction/bot_description/install/bot_cartographer/share/ament_index/resource_index/package_run_dependencies/bot_cartographer
[0.356s] -- Up-to-date: /home/tianshu/ROS2Introduction/bot_description/install/bot_cartographer/share/ament_index/resource_index/parent_prefix_path/bot_cartographer
[0.359s] -- Up-to-date: /home/tianshu/ROS2Introduction/bot_description/install/bot_cartographer/share/bot_cartographer/environment/ament_prefix_path.sh
[0.359s] -- Up-to-date: /home/tianshu/ROS2Introduction/bot_description/install/bot_cartographer/share/bot_cartographer/environment/ament_prefix_path.dsv
[0.359s] -- Up-to-date: /home/tianshu/ROS2Introduction/bot_description/install/bot_cartographer/share/bot_cartographer/environment/path.sh
[0.361s] -- Up-to-date: /home/tianshu/ROS2Introduction/bot_description/install/bot_cartographer/share/bot_cartographer/environment/path.dsv
[0.361s] -- Up-to-date: /home/tianshu/ROS2Introduction/bot_description/install/bot_cartographer/share/bot_cartographer/local_setup.bash
[0.361s] -- Up-to-date: /home/tianshu/ROS2Introduction/bot_description/install/bot_cartographer/share/bot_cartographer/local_setup.sh
[0.361s] -- Up-to-date: /home/tianshu/ROS2Introduction/bot_description/install/bot_cartographer/share/bot_cartographer/local_setup.zsh
[0.361s] -- Up-to-date: /home/tianshu/ROS2Introduction/bot_description/install/bot_cartographer/share/bot_cartographer/local_setup.dsv
[0.362s] -- Installing: /home/tianshu/ROS2Introduction/bot_description/install/bot_cartographer/share/bot_cartographer/package.dsv
[0.362s] -- Up-to-date: /home/tianshu/ROS2Introduction/bot_description/install/bot_cartographer/share/ament_index/resource_index/packages/bot_cartographer
[0.362s] -- Up-to-date: /home/tianshu/ROS2Introduction/bot_description/install/bot_cartographer/share/bot_cartographer/cmake/bot_cartographerConfig.cmake
[0.362s] -- Up-to-date: /home/tianshu/ROS2Introduction/bot_description/install/bot_cartographer/share/bot_cartographer/cmake/bot_cartographerConfig-version.cmake
[0.362s] -- Up-to-date: /home/tianshu/ROS2Introduction/bot_description/install/bot_cartographer/share/bot_cartographer/package.xml
[0.362s] -- Up-to-date: /home/tianshu/ROS2Introduction/bot_description/install/bot_cartographer/share/bot_cartographer/config
[0.362s] -- Up-to-date: /home/tianshu/ROS2Introduction/bot_description/install/bot_cartographer/share/bot_cartographer/config/bot_2d.lua
[0.362s] -- Up-to-date: /home/tianshu/ROS2Introduction/bot_description/install/bot_cartographer/share/bot_cartographer/launch
[0.362s] -- Up-to-date: /home/tianshu/ROS2Introduction/bot_description/install/bot_cartographer/share/bot_cartographer/launch/cartorgrapher.launch.py
[0.362s] -- Up-to-date: /home/tianshu/ROS2Introduction/bot_description/install/bot_cartographer/share/bot_cartographer/rviz
[0.373s] Invoked command in '/home/tianshu/ROS2Introduction/bot_description/build/bot_cartographer' returned '0': CMAKE_PREFIX_PATH=${CMAKE_PREFIX_PATH}:/home/tianshu/ROS2Introduction/bot_description/install/bot00_description:/opt/ros/humble /usr/bin/cmake --install /home/tianshu/ROS2Introduction/bot_description/build/bot_cartographer
