[0.014s] Invoking command in '/home/tianshu/ROS2Introduction/action_intro_ws/build/robot_control_interface': CMAKE_PREFIX_PATH=/opt/ros/humble CONDA_PROMPT_MODIFIER=(base) WSLENV=ELECTRON_RUN_AS_NODE/w:WT_SESSION::WT_PROFILE_ID /usr/bin/cmake /home/tianshu/ROS2Introduction/action_intro_ws/src/robot_control_interface -DCMAKE_INSTALL_PREFIX=/home/tianshu/ROS2Introduction/action_intro_ws/install/robot_control_interface
[0.092s] -- The C compiler identification is GNU 11.3.0
[0.263s] -- The CXX compiler identification is GNU 11.3.0
[0.384s] -- Detecting C compiler ABI info
[0.475s] -- Detecting C compiler ABI info - done
[0.479s] -- Check for working C compiler: /usr/bin/cc - skipped
[0.479s] -- Detecting C compile features
[0.479s] -- Detecting C compile features - done
[0.481s] -- Detecting CXX compiler ABI info
[0.601s] -- Detecting CXX compiler ABI info - done
[0.605s] -- Check for working CXX compiler: /usr/bin/c++ - skipped
[0.606s] -- Detecting CXX compile features
[0.606s] -- Detecting CXX compile features - done
[0.608s] -- Found ament_cmake: 1.3.4 (/opt/ros/humble/share/ament_cmake/cmake)
[0.777s] -- Found Python3: /usr/bin/python3.10 (found version "3.10.6") found components: Interpreter 
[0.832s] -- Found rosidl_default_generators: 1.2.0 (/opt/ros/humble/share/rosidl_default_generators/cmake)
[0.834s] -- Using all available rosidl_typesupport_c: rosidl_typesupport_fastrtps_c;rosidl_typesupport_introspection_c
[0.837s] -- Found rosidl_adapter: 3.1.4 (/opt/ros/humble/share/rosidl_adapter/cmake)
[0.909s] -- Using all available rosidl_typesupport_cpp: rosidl_typesupport_fastrtps_cpp;rosidl_typesupport_introspection_cpp
[1.156s] -- Found ament_cmake_ros: 0.10.0 (/opt/ros/humble/share/ament_cmake_ros/cmake)
[1.277s] -- Using all available rosidl_typesupport_c: rosidl_typesupport_fastrtps_c;rosidl_typesupport_introspection_c
[1.433s] -- Using all available rosidl_typesupport_cpp: rosidl_typesupport_fastrtps_cpp;rosidl_typesupport_introspection_cpp
[1.480s] -- Found PythonInterp: /home/tianshu/miniconda3/bin/python3 (found suitable version "3.9.12", minimum required is "3.6") 
[1.481s] -- Found python_cmake_module: 0.10.0 (/opt/ros/humble/share/python_cmake_module/cmake)
[1.492s] -- Found PythonLibs: /home/tianshu/miniconda3/lib/libpython3.9.so (found suitable version "3.9.12", minimum required is "3.5") 
[1.492s] -- Using PYTHON_EXECUTABLE: /home/tianshu/miniconda3/bin/python3
[1.492s] -- Using PYTHON_INCLUDE_DIRS: /home/tianshu/miniconda3/include/python3.9
[1.492s] -- Using PYTHON_LIBRARIES: /home/tianshu/miniconda3/lib/libpython3.9.so
[1.502s] -- Found PythonExtra: .so  
[1.633s] -- Using numpy include directory: /home/tianshu/miniconda3/lib/python3.9/site-packages/numpy/core/include
[1.640s] -- Found ament_lint_auto: 0.12.6 (/opt/ros/humble/share/ament_lint_auto/cmake)
[1.648s] -- Added test 'lint_cmake' to check CMake code style
[1.649s] -- Added test 'xmllint' to check XML markup files
[1.650s] -- Configuring done
[1.672s] -- Generating done
[1.674s] -- Build files have been written to: /home/tianshu/ROS2Introduction/action_intro_ws/build/robot_control_interface
[1.678s] Invoked command in '/home/tianshu/ROS2Introduction/action_intro_ws/build/robot_control_interface' returned '0': CMAKE_PREFIX_PATH=/opt/ros/humble CONDA_PROMPT_MODIFIER=(base) WSLENV=ELECTRON_RUN_AS_NODE/w:WT_SESSION::WT_PROFILE_ID /usr/bin/cmake /home/tianshu/ROS2Introduction/action_intro_ws/src/robot_control_interface -DCMAKE_INSTALL_PREFIX=/home/tianshu/ROS2Introduction/action_intro_ws/install/robot_control_interface
[1.680s] Invoking command in '/home/tianshu/ROS2Introduction/action_intro_ws/build/robot_control_interface': CMAKE_PREFIX_PATH=/opt/ros/humble CONDA_PROMPT_MODIFIER=(base) WSLENV=ELECTRON_RUN_AS_NODE/w:WT_SESSION::WT_PROFILE_ID /usr/bin/cmake --build /home/tianshu/ROS2Introduction/action_intro_ws/build/robot_control_interface -- -j20 -l20
[1.738s] [  3%] [34m[1mGenerating C code for ROS interfaces[0m
[1.751s] [  6%] [34m[1mGenerating C++ code for ROS interfaces[0m
[1.760s] [  6%] Built target ament_cmake_python_copy_robot_control_interface
[1.910s] running egg_info
[1.911s] creating robot_control_interface.egg-info
[1.911s] writing robot_control_interface.egg-info/PKG-INFO
[1.911s] writing dependency_links to robot_control_interface.egg-info/dependency_links.txt
[1.911s] writing top-level names to robot_control_interface.egg-info/top_level.txt
[1.912s] writing manifest file 'robot_control_interface.egg-info/SOURCES.txt'
[1.914s] reading manifest file 'robot_control_interface.egg-info/SOURCES.txt'
[1.914s] writing manifest file 'robot_control_interface.egg-info/SOURCES.txt'
[1.940s] [  6%] Built target ament_cmake_python_build_robot_control_interface_egg
[2.029s] [  6%] Built target robot_control_interface__cpp
[2.044s] [  9%] [32mBuilding C object CMakeFiles/robot_control_interface__rosidl_generator_c.dir/rosidl_generator_c/robot_control_interface/action/detail/move_robot__functions.c.o[0m
[2.045s] [ 12%] [34m[1mGenerating C++ type support dispatch for ROS interfaces[0m
[2.045s] [ 16%] [34m[1mGenerating C++ type support for eProsima Fast-RTPS[0m
[2.046s] [ 19%] [34m[1mGenerating C++ introspection for ROS interfaces[0m
[2.141s] [ 22%] [32m[1mLinking C shared library librobot_control_interface__rosidl_generator_c.so[0m
[2.234s] [ 22%] Built target robot_control_interface__rosidl_generator_c
[2.252s] [ 29%] [34m[1mGenerating C introspection for ROS interfaces[0m
[2.252s] [ 29%] [34m[1mGenerating C type support for eProsima Fast-RTPS[0m
[2.253s] [ 32%] [34m[1mGenerating C type support dispatch for ROS interfaces[0m
[2.255s] [ 35%] [32mBuilding CXX object CMakeFiles/robot_control_interface__rosidl_typesupport_cpp.dir/rosidl_typesupport_cpp/robot_control_interface/action/move_robot__type_support.cpp.o[0m
[2.297s] [ 38%] [32mBuilding CXX object CMakeFiles/robot_control_interface__rosidl_typesupport_introspection_cpp.dir/rosidl_typesupport_introspection_cpp/robot_control_interface/action/detail/move_robot__type_support.cpp.o[0m
[2.326s] [ 41%] [32mBuilding CXX object CMakeFiles/robot_control_interface__rosidl_typesupport_fastrtps_cpp.dir/rosidl_typesupport_fastrtps_cpp/robot_control_interface/action/detail/dds_fastrtps/move_robot__type_support.cpp.o[0m
[2.478s] [ 45%] [32mBuilding CXX object CMakeFiles/robot_control_interface__rosidl_typesupport_c.dir/rosidl_typesupport_c/robot_control_interface/action/move_robot__type_support.cpp.o[0m
[2.523s] [ 48%] [32mBuilding C object CMakeFiles/robot_control_interface__rosidl_typesupport_introspection_c.dir/rosidl_typesupport_introspection_c/robot_control_interface/action/detail/move_robot__type_support.c.o[0m
[2.528s] [ 51%] [32m[1mLinking CXX shared library librobot_control_interface__rosidl_typesupport_c.so[0m
[2.541s] [ 54%] [32mBuilding CXX object CMakeFiles/robot_control_interface__rosidl_typesupport_fastrtps_c.dir/rosidl_typesupport_fastrtps_c/robot_control_interface/action/detail/move_robot__type_support_c.cpp.o[0m
[2.547s] [ 58%] [32m[1mLinking CXX shared library librobot_control_interface__rosidl_typesupport_cpp.so[0m
[2.568s] [ 61%] [32m[1mLinking C shared library librobot_control_interface__rosidl_typesupport_introspection_c.so[0m
[2.614s] [ 61%] Built target robot_control_interface__rosidl_typesupport_c
[2.637s] [ 61%] Built target robot_control_interface__rosidl_typesupport_cpp
[2.662s] [ 61%] Built target robot_control_interface__rosidl_typesupport_introspection_c
[2.680s] [ 64%] [32m[1mLinking CXX shared library librobot_control_interface__rosidl_typesupport_introspection_cpp.so[0m
[2.689s] [ 67%] [32m[1mLinking CXX shared library librobot_control_interface__rosidl_typesupport_fastrtps_cpp.so[0m
[2.787s] [ 67%] Built target robot_control_interface__rosidl_typesupport_introspection_cpp
[2.792s] [ 67%] Built target robot_control_interface__rosidl_typesupport_fastrtps_cpp
[2.845s] [ 70%] [32m[1mLinking CXX shared library librobot_control_interface__rosidl_typesupport_fastrtps_c.so[0m
[2.930s] [ 70%] Built target robot_control_interface__rosidl_typesupport_fastrtps_c
[2.959s] [ 70%] Built target robot_control_interface
[2.984s] [ 74%] [34m[1mGenerating Python code for ROS interfaces[0m
[3.409s] [ 74%] Built target robot_control_interface__py
[3.438s] [ 77%] [32mBuilding C object CMakeFiles/robot_control_interface__rosidl_generator_py.dir/rosidl_generator_py/robot_control_interface/action/_move_robot_s.c.o[0m
[3.531s] [ 80%] [32m[1mLinking C shared library rosidl_generator_py/robot_control_interface/librobot_control_interface__rosidl_generator_py.so[0m
[3.599s] [ 80%] Built target robot_control_interface__rosidl_generator_py
[3.629s] [ 83%] [32mBuilding C object CMakeFiles/robot_control_interface__rosidl_typesupport_introspection_c__pyext.dir/rosidl_generator_py/robot_control_interface/_robot_control_interface_s.ep.rosidl_typesupport_introspection_c.c.o[0m
[3.630s] [ 87%] [32mBuilding C object CMakeFiles/robot_control_interface__rosidl_typesupport_c__pyext.dir/rosidl_generator_py/robot_control_interface/_robot_control_interface_s.ep.rosidl_typesupport_c.c.o[0m
[3.631s] [ 90%] [32mBuilding C object CMakeFiles/robot_control_interface__rosidl_typesupport_fastrtps_c__pyext.dir/rosidl_generator_py/robot_control_interface/_robot_control_interface_s.ep.rosidl_typesupport_fastrtps_c.c.o[0m
[3.709s] [ 93%] [32m[1mLinking C shared library rosidl_generator_py/robot_control_interface/robot_control_interface_s__rosidl_typesupport_c.cpython-39-x86_64-linux-gnu.so[0m
[3.712s] [ 96%] [32m[1mLinking C shared library rosidl_generator_py/robot_control_interface/robot_control_interface_s__rosidl_typesupport_introspection_c.cpython-39-x86_64-linux-gnu.so[0m
[3.713s] [100%] [32m[1mLinking C shared library rosidl_generator_py/robot_control_interface/robot_control_interface_s__rosidl_typesupport_fastrtps_c.cpython-39-x86_64-linux-gnu.so[0m
[3.777s] [100%] Built target robot_control_interface__rosidl_typesupport_c__pyext
[3.782s] [100%] Built target robot_control_interface__rosidl_typesupport_introspection_c__pyext
[3.785s] [100%] Built target robot_control_interface__rosidl_typesupport_fastrtps_c__pyext
[3.795s] Invoked command in '/home/tianshu/ROS2Introduction/action_intro_ws/build/robot_control_interface' returned '0': CMAKE_PREFIX_PATH=/opt/ros/humble CONDA_PROMPT_MODIFIER=(base) WSLENV=ELECTRON_RUN_AS_NODE/w:WT_SESSION::WT_PROFILE_ID /usr/bin/cmake --build /home/tianshu/ROS2Introduction/action_intro_ws/build/robot_control_interface -- -j20 -l20
[3.937s] Invoking command in '/home/tianshu/ROS2Introduction/action_intro_ws/build/robot_control_interface': CMAKE_PREFIX_PATH=/opt/ros/humble CONDA_PROMPT_MODIFIER=(base) WSLENV=ELECTRON_RUN_AS_NODE/w:WT_SESSION::WT_PROFILE_ID /usr/bin/cmake --install /home/tianshu/ROS2Introduction/action_intro_ws/build/robot_control_interface
[3.946s] -- Install configuration: ""
[3.946s] -- Installing: /home/tianshu/ROS2Introduction/action_intro_ws/install/robot_control_interface/share/ament_index/resource_index/rosidl_interfaces/robot_control_interface
[3.946s] -- Installing: /home/tianshu/ROS2Introduction/action_intro_ws/install/robot_control_interface/include/robot_control_interface/robot_control_interface
[3.946s] -- Installing: /home/tianshu/ROS2Introduction/action_intro_ws/install/robot_control_interface/include/robot_control_interface/robot_control_interface/msg
[3.946s] -- Installing: /home/tianshu/ROS2Introduction/action_intro_ws/install/robot_control_interface/include/robot_control_interface/robot_control_interface/msg/rosidl_generator_c__visibility_control.h
[3.946s] -- Installing: /home/tianshu/ROS2Introduction/action_intro_ws/install/robot_control_interface/include/robot_control_interface/robot_control_interface/action
[3.946s] -- Installing: /home/tianshu/ROS2Introduction/action_intro_ws/install/robot_control_interface/include/robot_control_interface/robot_control_interface/action/move_robot.h
[3.946s] -- Installing: /home/tianshu/ROS2Introduction/action_intro_ws/install/robot_control_interface/include/robot_control_interface/robot_control_interface/action/detail
[3.946s] -- Installing: /home/tianshu/ROS2Introduction/action_intro_ws/install/robot_control_interface/include/robot_control_interface/robot_control_interface/action/detail/move_robot__type_support.h
[3.946s] -- Installing: /home/tianshu/ROS2Introduction/action_intro_ws/install/robot_control_interface/include/robot_control_interface/robot_control_interface/action/detail/move_robot__functions.c
[3.946s] -- Installing: /home/tianshu/ROS2Introduction/action_intro_ws/install/robot_control_interface/include/robot_control_interface/robot_control_interface/action/detail/move_robot__struct.h
[3.947s] -- Installing: /home/tianshu/ROS2Introduction/action_intro_ws/install/robot_control_interface/include/robot_control_interface/robot_control_interface/action/detail/move_robot__functions.h
[3.947s] -- Installing: /home/tianshu/ROS2Introduction/action_intro_ws/install/robot_control_interface/share/robot_control_interface/environment/library_path.sh
[3.947s] -- Installing: /home/tianshu/ROS2Introduction/action_intro_ws/install/robot_control_interface/share/robot_control_interface/environment/library_path.dsv
[3.947s] -- Installing: /home/tianshu/ROS2Introduction/action_intro_ws/install/robot_control_interface/lib/librobot_control_interface__rosidl_generator_c.so
[3.947s] -- Set runtime path of "/home/tianshu/ROS2Introduction/action_intro_ws/install/robot_control_interface/lib/librobot_control_interface__rosidl_generator_c.so" to ""
[3.947s] -- Up-to-date: /home/tianshu/ROS2Introduction/action_intro_ws/install/robot_control_interface/include/robot_control_interface/robot_control_interface
[3.947s] -- Up-to-date: /home/tianshu/ROS2Introduction/action_intro_ws/install/robot_control_interface/include/robot_control_interface/robot_control_interface/msg
[3.947s] -- Installing: /home/tianshu/ROS2Introduction/action_intro_ws/install/robot_control_interface/include/robot_control_interface/robot_control_interface/msg/rosidl_typesupport_fastrtps_c__visibility_control.h
[3.947s] -- Up-to-date: /home/tianshu/ROS2Introduction/action_intro_ws/install/robot_control_interface/include/robot_control_interface/robot_control_interface/action
[3.948s] -- Up-to-date: /home/tianshu/ROS2Introduction/action_intro_ws/install/robot_control_interface/include/robot_control_interface/robot_control_interface/action/detail
[3.948s] -- Installing: /home/tianshu/ROS2Introduction/action_intro_ws/install/robot_control_interface/include/robot_control_interface/robot_control_interface/action/detail/move_robot__rosidl_typesupport_fastrtps_c.h
[3.948s] -- Installing: /home/tianshu/ROS2Introduction/action_intro_ws/install/robot_control_interface/lib/librobot_control_interface__rosidl_typesupport_fastrtps_c.so
[3.948s] -- Set runtime path of "/home/tianshu/ROS2Introduction/action_intro_ws/install/robot_control_interface/lib/librobot_control_interface__rosidl_typesupport_fastrtps_c.so" to ""
[3.948s] -- Up-to-date: /home/tianshu/ROS2Introduction/action_intro_ws/install/robot_control_interface/include/robot_control_interface/robot_control_interface
[3.948s] -- Up-to-date: /home/tianshu/ROS2Introduction/action_intro_ws/install/robot_control_interface/include/robot_control_interface/robot_control_interface/msg
[3.948s] -- Installing: /home/tianshu/ROS2Introduction/action_intro_ws/install/robot_control_interface/include/robot_control_interface/robot_control_interface/msg/rosidl_typesupport_introspection_c__visibility_control.h
[3.948s] -- Up-to-date: /home/tianshu/ROS2Introduction/action_intro_ws/install/robot_control_interface/include/robot_control_interface/robot_control_interface/action
[3.948s] -- Up-to-date: /home/tianshu/ROS2Introduction/action_intro_ws/install/robot_control_interface/include/robot_control_interface/robot_control_interface/action/detail
[3.948s] -- Installing: /home/tianshu/ROS2Introduction/action_intro_ws/install/robot_control_interface/include/robot_control_interface/robot_control_interface/action/detail/move_robot__rosidl_typesupport_introspection_c.h
[3.948s] -- Installing: /home/tianshu/ROS2Introduction/action_intro_ws/install/robot_control_interface/include/robot_control_interface/robot_control_interface/action/detail/move_robot__type_support.c
[3.948s] -- Installing: /home/tianshu/ROS2Introduction/action_intro_ws/install/robot_control_interface/lib/librobot_control_interface__rosidl_typesupport_introspection_c.so
[3.948s] -- Set runtime path of "/home/tianshu/ROS2Introduction/action_intro_ws/install/robot_control_interface/lib/librobot_control_interface__rosidl_typesupport_introspection_c.so" to ""
[3.948s] -- Installing: /home/tianshu/ROS2Introduction/action_intro_ws/install/robot_control_interface/lib/librobot_control_interface__rosidl_typesupport_c.so
[3.948s] -- Set runtime path of "/home/tianshu/ROS2Introduction/action_intro_ws/install/robot_control_interface/lib/librobot_control_interface__rosidl_typesupport_c.so" to ""
[3.948s] -- Up-to-date: /home/tianshu/ROS2Introduction/action_intro_ws/install/robot_control_interface/include/robot_control_interface/robot_control_interface
[3.948s] -- Up-to-date: /home/tianshu/ROS2Introduction/action_intro_ws/install/robot_control_interface/include/robot_control_interface/robot_control_interface/action
[3.949s] -- Up-to-date: /home/tianshu/ROS2Introduction/action_intro_ws/install/robot_control_interface/include/robot_control_interface/robot_control_interface/action/detail
[3.949s] -- Installing: /home/tianshu/ROS2Introduction/action_intro_ws/install/robot_control_interface/include/robot_control_interface/robot_control_interface/action/detail/move_robot__struct.hpp
[3.949s] -- Installing: /home/tianshu/ROS2Introduction/action_intro_ws/install/robot_control_interface/include/robot_control_interface/robot_control_interface/action/detail/move_robot__builder.hpp
[3.949s] -- Installing: /home/tianshu/ROS2Introduction/action_intro_ws/install/robot_control_interface/include/robot_control_interface/robot_control_interface/action/detail/move_robot__traits.hpp
[3.949s] -- Installing: /home/tianshu/ROS2Introduction/action_intro_ws/install/robot_control_interface/include/robot_control_interface/robot_control_interface/action/move_robot.hpp
[3.949s] -- Up-to-date: /home/tianshu/ROS2Introduction/action_intro_ws/install/robot_control_interface/include/robot_control_interface/robot_control_interface
[3.949s] -- Up-to-date: /home/tianshu/ROS2Introduction/action_intro_ws/install/robot_control_interface/include/robot_control_interface/robot_control_interface/msg
[3.949s] -- Installing: /home/tianshu/ROS2Introduction/action_intro_ws/install/robot_control_interface/include/robot_control_interface/robot_control_interface/msg/rosidl_typesupport_fastrtps_cpp__visibility_control.h
[3.949s] -- Up-to-date: /home/tianshu/ROS2Introduction/action_intro_ws/install/robot_control_interface/include/robot_control_interface/robot_control_interface/action
[3.949s] -- Up-to-date: /home/tianshu/ROS2Introduction/action_intro_ws/install/robot_control_interface/include/robot_control_interface/robot_control_interface/action/detail
[3.950s] -- Installing: /home/tianshu/ROS2Introduction/action_intro_ws/install/robot_control_interface/include/robot_control_interface/robot_control_interface/action/detail/dds_fastrtps
[3.950s] -- Installing: /home/tianshu/ROS2Introduction/action_intro_ws/install/robot_control_interface/include/robot_control_interface/robot_control_interface/action/detail/move_robot__rosidl_typesupport_fastrtps_cpp.hpp
[3.950s] -- Installing: /home/tianshu/ROS2Introduction/action_intro_ws/install/robot_control_interface/lib/librobot_control_interface__rosidl_typesupport_fastrtps_cpp.so
[3.950s] -- Set runtime path of "/home/tianshu/ROS2Introduction/action_intro_ws/install/robot_control_interface/lib/librobot_control_interface__rosidl_typesupport_fastrtps_cpp.so" to ""
[3.950s] -- Up-to-date: /home/tianshu/ROS2Introduction/action_intro_ws/install/robot_control_interface/include/robot_control_interface/robot_control_interface
[3.950s] -- Up-to-date: /home/tianshu/ROS2Introduction/action_intro_ws/install/robot_control_interface/include/robot_control_interface/robot_control_interface/action
[3.950s] -- Up-to-date: /home/tianshu/ROS2Introduction/action_intro_ws/install/robot_control_interface/include/robot_control_interface/robot_control_interface/action/detail
[3.950s] -- Installing: /home/tianshu/ROS2Introduction/action_intro_ws/install/robot_control_interface/include/robot_control_interface/robot_control_interface/action/detail/move_robot__rosidl_typesupport_introspection_cpp.hpp
[3.950s] -- Installing: /home/tianshu/ROS2Introduction/action_intro_ws/install/robot_control_interface/include/robot_control_interface/robot_control_interface/action/detail/move_robot__type_support.cpp
[3.950s] -- Installing: /home/tianshu/ROS2Introduction/action_intro_ws/install/robot_control_interface/lib/librobot_control_interface__rosidl_typesupport_introspection_cpp.so
[3.950s] -- Set runtime path of "/home/tianshu/ROS2Introduction/action_intro_ws/install/robot_control_interface/lib/librobot_control_interface__rosidl_typesupport_introspection_cpp.so" to ""
[3.951s] -- Installing: /home/tianshu/ROS2Introduction/action_intro_ws/install/robot_control_interface/lib/librobot_control_interface__rosidl_typesupport_cpp.so
[3.951s] -- Set runtime path of "/home/tianshu/ROS2Introduction/action_intro_ws/install/robot_control_interface/lib/librobot_control_interface__rosidl_typesupport_cpp.so" to ""
[3.951s] -- Installing: /home/tianshu/ROS2Introduction/action_intro_ws/install/robot_control_interface/share/robot_control_interface/environment/pythonpath.sh
[3.951s] -- Installing: /home/tianshu/ROS2Introduction/action_intro_ws/install/robot_control_interface/share/robot_control_interface/environment/pythonpath.dsv
[3.951s] -- Installing: /home/tianshu/ROS2Introduction/action_intro_ws/install/robot_control_interface/local/lib/python3.10/dist-packages/robot_control_interface-0.0.0-py3.10.egg-info
[3.951s] -- Installing: /home/tianshu/ROS2Introduction/action_intro_ws/install/robot_control_interface/local/lib/python3.10/dist-packages/robot_control_interface-0.0.0-py3.10.egg-info/top_level.txt
[3.951s] -- Installing: /home/tianshu/ROS2Introduction/action_intro_ws/install/robot_control_interface/local/lib/python3.10/dist-packages/robot_control_interface-0.0.0-py3.10.egg-info/dependency_links.txt
[3.951s] -- Installing: /home/tianshu/ROS2Introduction/action_intro_ws/install/robot_control_interface/local/lib/python3.10/dist-packages/robot_control_interface-0.0.0-py3.10.egg-info/SOURCES.txt
[3.951s] -- Installing: /home/tianshu/ROS2Introduction/action_intro_ws/install/robot_control_interface/local/lib/python3.10/dist-packages/robot_control_interface-0.0.0-py3.10.egg-info/PKG-INFO
[3.951s] -- Installing: /home/tianshu/ROS2Introduction/action_intro_ws/install/robot_control_interface/local/lib/python3.10/dist-packages/robot_control_interface
[3.951s] -- Installing: /home/tianshu/ROS2Introduction/action_intro_ws/install/robot_control_interface/local/lib/python3.10/dist-packages/robot_control_interface/_robot_control_interface_s.ep.rosidl_typesupport_fastrtps_c.c
[3.951s] -- Installing: /home/tianshu/ROS2Introduction/action_intro_ws/install/robot_control_interface/local/lib/python3.10/dist-packages/robot_control_interface/librobot_control_interface__rosidl_generator_py.so
[3.952s] -- Installing: /home/tianshu/ROS2Introduction/action_intro_ws/install/robot_control_interface/local/lib/python3.10/dist-packages/robot_control_interface/_robot_control_interface_s.ep.rosidl_typesupport_introspection_c.c
[3.952s] -- Installing: /home/tianshu/ROS2Introduction/action_intro_ws/install/robot_control_interface/local/lib/python3.10/dist-packages/robot_control_interface/robot_control_interface_s__rosidl_typesupport_c.cpython-39-x86_64-linux-gnu.so
[3.952s] -- Installing: /home/tianshu/ROS2Introduction/action_intro_ws/install/robot_control_interface/local/lib/python3.10/dist-packages/robot_control_interface/robot_control_interface_s__rosidl_typesupport_introspection_c.cpython-39-x86_64-linux-gnu.so
[3.952s] -- Installing: /home/tianshu/ROS2Introduction/action_intro_ws/install/robot_control_interface/local/lib/python3.10/dist-packages/robot_control_interface/_robot_control_interface_s.ep.rosidl_typesupport_c.c
[3.952s] -- Installing: /home/tianshu/ROS2Introduction/action_intro_ws/install/robot_control_interface/local/lib/python3.10/dist-packages/robot_control_interface/robot_control_interface_s__rosidl_typesupport_fastrtps_c.cpython-39-x86_64-linux-gnu.so
[3.952s] -- Installing: /home/tianshu/ROS2Introduction/action_intro_ws/install/robot_control_interface/local/lib/python3.10/dist-packages/robot_control_interface/__init__.py
[3.952s] -- Installing: /home/tianshu/ROS2Introduction/action_intro_ws/install/robot_control_interface/local/lib/python3.10/dist-packages/robot_control_interface/action
[3.952s] -- Installing: /home/tianshu/ROS2Introduction/action_intro_ws/install/robot_control_interface/local/lib/python3.10/dist-packages/robot_control_interface/action/_move_robot.py
[3.952s] -- Installing: /home/tianshu/ROS2Introduction/action_intro_ws/install/robot_control_interface/local/lib/python3.10/dist-packages/robot_control_interface/action/_move_robot_s.c
[3.952s] -- Installing: /home/tianshu/ROS2Introduction/action_intro_ws/install/robot_control_interface/local/lib/python3.10/dist-packages/robot_control_interface/action/__init__.py
[3.974s] Listing '/home/tianshu/ROS2Introduction/action_intro_ws/install/robot_control_interface/local/lib/python3.10/dist-packages/robot_control_interface'...
[3.975s] Compiling '/home/tianshu/ROS2Introduction/action_intro_ws/install/robot_control_interface/local/lib/python3.10/dist-packages/robot_control_interface/__init__.py'...
[3.975s] Listing '/home/tianshu/ROS2Introduction/action_intro_ws/install/robot_control_interface/local/lib/python3.10/dist-packages/robot_control_interface/action'...
[3.975s] Compiling '/home/tianshu/ROS2Introduction/action_intro_ws/install/robot_control_interface/local/lib/python3.10/dist-packages/robot_control_interface/action/__init__.py'...
[3.975s] Compiling '/home/tianshu/ROS2Introduction/action_intro_ws/install/robot_control_interface/local/lib/python3.10/dist-packages/robot_control_interface/action/_move_robot.py'...
[3.977s] -- Installing: /home/tianshu/ROS2Introduction/action_intro_ws/install/robot_control_interface/local/lib/python3.10/dist-packages/robot_control_interface/robot_control_interface_s__rosidl_typesupport_fastrtps_c.cpython-39-x86_64-linux-gnu.so
[3.977s] -- Set runtime path of "/home/tianshu/ROS2Introduction/action_intro_ws/install/robot_control_interface/local/lib/python3.10/dist-packages/robot_control_interface/robot_control_interface_s__rosidl_typesupport_fastrtps_c.cpython-39-x86_64-linux-gnu.so" to ""
[3.978s] -- Installing: /home/tianshu/ROS2Introduction/action_intro_ws/install/robot_control_interface/local/lib/python3.10/dist-packages/robot_control_interface/robot_control_interface_s__rosidl_typesupport_introspection_c.cpython-39-x86_64-linux-gnu.so
[3.978s] -- Set runtime path of "/home/tianshu/ROS2Introduction/action_intro_ws/install/robot_control_interface/local/lib/python3.10/dist-packages/robot_control_interface/robot_control_interface_s__rosidl_typesupport_introspection_c.cpython-39-x86_64-linux-gnu.so" to ""
[3.978s] -- Installing: /home/tianshu/ROS2Introduction/action_intro_ws/install/robot_control_interface/local/lib/python3.10/dist-packages/robot_control_interface/robot_control_interface_s__rosidl_typesupport_c.cpython-39-x86_64-linux-gnu.so
[3.978s] -- Set runtime path of "/home/tianshu/ROS2Introduction/action_intro_ws/install/robot_control_interface/local/lib/python3.10/dist-packages/robot_control_interface/robot_control_interface_s__rosidl_typesupport_c.cpython-39-x86_64-linux-gnu.so" to ""
[3.978s] -- Installing: /home/tianshu/ROS2Introduction/action_intro_ws/install/robot_control_interface/lib/librobot_control_interface__rosidl_generator_py.so
[3.978s] -- Set runtime path of "/home/tianshu/ROS2Introduction/action_intro_ws/install/robot_control_interface/lib/librobot_control_interface__rosidl_generator_py.so" to ""
[3.978s] -- Installing: /home/tianshu/ROS2Introduction/action_intro_ws/install/robot_control_interface/share/robot_control_interface/action/MoveRobot.idl
[3.978s] -- Installing: /home/tianshu/ROS2Introduction/action_intro_ws/install/robot_control_interface/share/robot_control_interface/action/MoveRobot.action
[3.978s] -- Installing: /home/tianshu/ROS2Introduction/action_intro_ws/install/robot_control_interface/share/ament_index/resource_index/package_run_dependencies/robot_control_interface
[3.978s] -- Installing: /home/tianshu/ROS2Introduction/action_intro_ws/install/robot_control_interface/share/ament_index/resource_index/parent_prefix_path/robot_control_interface
[3.978s] -- Installing: /home/tianshu/ROS2Introduction/action_intro_ws/install/robot_control_interface/share/robot_control_interface/environment/ament_prefix_path.sh
[3.978s] -- Installing: /home/tianshu/ROS2Introduction/action_intro_ws/install/robot_control_interface/share/robot_control_interface/environment/ament_prefix_path.dsv
[3.979s] -- Installing: /home/tianshu/ROS2Introduction/action_intro_ws/install/robot_control_interface/share/robot_control_interface/environment/path.sh
[3.979s] -- Installing: /home/tianshu/ROS2Introduction/action_intro_ws/install/robot_control_interface/share/robot_control_interface/environment/path.dsv
[3.979s] -- Installing: /home/tianshu/ROS2Introduction/action_intro_ws/install/robot_control_interface/share/robot_control_interface/local_setup.bash
[3.979s] -- Installing: /home/tianshu/ROS2Introduction/action_intro_ws/install/robot_control_interface/share/robot_control_interface/local_setup.sh
[3.979s] -- Installing: /home/tianshu/ROS2Introduction/action_intro_ws/install/robot_control_interface/share/robot_control_interface/local_setup.zsh
[3.979s] -- Installing: /home/tianshu/ROS2Introduction/action_intro_ws/install/robot_control_interface/share/robot_control_interface/local_setup.dsv
[3.979s] -- Installing: /home/tianshu/ROS2Introduction/action_intro_ws/install/robot_control_interface/share/robot_control_interface/package.dsv
[3.979s] -- Installing: /home/tianshu/ROS2Introduction/action_intro_ws/install/robot_control_interface/share/ament_index/resource_index/packages/robot_control_interface
[3.979s] -- Installing: /home/tianshu/ROS2Introduction/action_intro_ws/install/robot_control_interface/share/robot_control_interface/cmake/export_robot_control_interface__rosidl_generator_cExport.cmake
[3.979s] -- Installing: /home/tianshu/ROS2Introduction/action_intro_ws/install/robot_control_interface/share/robot_control_interface/cmake/export_robot_control_interface__rosidl_generator_cExport-noconfig.cmake
[3.979s] -- Installing: /home/tianshu/ROS2Introduction/action_intro_ws/install/robot_control_interface/share/robot_control_interface/cmake/export_robot_control_interface__rosidl_typesupport_fastrtps_cExport.cmake
[3.979s] -- Installing: /home/tianshu/ROS2Introduction/action_intro_ws/install/robot_control_interface/share/robot_control_interface/cmake/export_robot_control_interface__rosidl_typesupport_fastrtps_cExport-noconfig.cmake
[3.980s] -- Installing: /home/tianshu/ROS2Introduction/action_intro_ws/install/robot_control_interface/share/robot_control_interface/cmake/robot_control_interface__rosidl_typesupport_introspection_cExport.cmake
[3.980s] -- Installing: /home/tianshu/ROS2Introduction/action_intro_ws/install/robot_control_interface/share/robot_control_interface/cmake/robot_control_interface__rosidl_typesupport_introspection_cExport-noconfig.cmake
[3.980s] -- Installing: /home/tianshu/ROS2Introduction/action_intro_ws/install/robot_control_interface/share/robot_control_interface/cmake/robot_control_interface__rosidl_typesupport_cExport.cmake
[3.980s] -- Installing: /home/tianshu/ROS2Introduction/action_intro_ws/install/robot_control_interface/share/robot_control_interface/cmake/robot_control_interface__rosidl_typesupport_cExport-noconfig.cmake
[3.980s] -- Installing: /home/tianshu/ROS2Introduction/action_intro_ws/install/robot_control_interface/share/robot_control_interface/cmake/export_robot_control_interface__rosidl_generator_cppExport.cmake
[3.980s] -- Installing: /home/tianshu/ROS2Introduction/action_intro_ws/install/robot_control_interface/share/robot_control_interface/cmake/export_robot_control_interface__rosidl_typesupport_fastrtps_cppExport.cmake
[3.980s] -- Installing: /home/tianshu/ROS2Introduction/action_intro_ws/install/robot_control_interface/share/robot_control_interface/cmake/export_robot_control_interface__rosidl_typesupport_fastrtps_cppExport-noconfig.cmake
[3.980s] -- Installing: /home/tianshu/ROS2Introduction/action_intro_ws/install/robot_control_interface/share/robot_control_interface/cmake/robot_control_interface__rosidl_typesupport_introspection_cppExport.cmake
[3.980s] -- Installing: /home/tianshu/ROS2Introduction/action_intro_ws/install/robot_control_interface/share/robot_control_interface/cmake/robot_control_interface__rosidl_typesupport_introspection_cppExport-noconfig.cmake
[3.980s] -- Installing: /home/tianshu/ROS2Introduction/action_intro_ws/install/robot_control_interface/share/robot_control_interface/cmake/robot_control_interface__rosidl_typesupport_cppExport.cmake
[3.980s] -- Installing: /home/tianshu/ROS2Introduction/action_intro_ws/install/robot_control_interface/share/robot_control_interface/cmake/robot_control_interface__rosidl_typesupport_cppExport-noconfig.cmake
[3.981s] -- Installing: /home/tianshu/ROS2Introduction/action_intro_ws/install/robot_control_interface/share/robot_control_interface/cmake/export_robot_control_interface__rosidl_generator_pyExport.cmake
[3.981s] -- Installing: /home/tianshu/ROS2Introduction/action_intro_ws/install/robot_control_interface/share/robot_control_interface/cmake/export_robot_control_interface__rosidl_generator_pyExport-noconfig.cmake
[3.981s] -- Installing: /home/tianshu/ROS2Introduction/action_intro_ws/install/robot_control_interface/share/robot_control_interface/cmake/rosidl_cmake-extras.cmake
[3.981s] -- Installing: /home/tianshu/ROS2Introduction/action_intro_ws/install/robot_control_interface/share/robot_control_interface/cmake/ament_cmake_export_dependencies-extras.cmake
[3.981s] -- Installing: /home/tianshu/ROS2Introduction/action_intro_ws/install/robot_control_interface/share/robot_control_interface/cmake/ament_cmake_export_include_directories-extras.cmake
[3.981s] -- Installing: /home/tianshu/ROS2Introduction/action_intro_ws/install/robot_control_interface/share/robot_control_interface/cmake/ament_cmake_export_libraries-extras.cmake
[3.981s] -- Installing: /home/tianshu/ROS2Introduction/action_intro_ws/install/robot_control_interface/share/robot_control_interface/cmake/ament_cmake_export_targets-extras.cmake
[3.981s] -- Installing: /home/tianshu/ROS2Introduction/action_intro_ws/install/robot_control_interface/share/robot_control_interface/cmake/rosidl_cmake_export_typesupport_targets-extras.cmake
[3.981s] -- Installing: /home/tianshu/ROS2Introduction/action_intro_ws/install/robot_control_interface/share/robot_control_interface/cmake/rosidl_cmake_export_typesupport_libraries-extras.cmake
[3.981s] -- Installing: /home/tianshu/ROS2Introduction/action_intro_ws/install/robot_control_interface/share/robot_control_interface/cmake/robot_control_interfaceConfig.cmake
[3.981s] -- Installing: /home/tianshu/ROS2Introduction/action_intro_ws/install/robot_control_interface/share/robot_control_interface/cmake/robot_control_interfaceConfig-version.cmake
[3.981s] -- Installing: /home/tianshu/ROS2Introduction/action_intro_ws/install/robot_control_interface/share/robot_control_interface/package.xml
[3.982s] Invoked command in '/home/tianshu/ROS2Introduction/action_intro_ws/build/robot_control_interface' returned '0': CMAKE_PREFIX_PATH=/opt/ros/humble CONDA_PROMPT_MODIFIER=(base) WSLENV=ELECTRON_RUN_AS_NODE/w:WT_SESSION::WT_PROFILE_ID /usr/bin/cmake --install /home/tianshu/ROS2Introduction/action_intro_ws/build/robot_control_interface
