[0.606s] Invoking command in '/home/tianshu/ROS2Introduction/service_intro_ws_py/src/example_service_rclpy': CONDA_PROMPT_MODIFIER=(base) PYTHONPATH=/home/tianshu/ROS2Introduction/service_intro_ws_py/build/example_service_rclpy/prefix_override:/home/tianshu/ROS2Introduction/service_intro_ws_py/install/example_service_rclpy/lib/python3.10/site-packages:${PYTHONPATH} WSLENV=ELECTRON_RUN_AS_NODE/w: /usr/bin/python3 setup.py egg_info --egg-base ../../build/example_service_rclpy build --build-base /home/tianshu/ROS2Introduction/service_intro_ws_py/build/example_service_rclpy/build install --record /home/tianshu/ROS2Introduction/service_intro_ws_py/build/example_service_rclpy/install.log --single-version-externally-managed
[0.748s] running egg_info
[0.748s] creating ../../build/example_service_rclpy/example_service_rclpy.egg-info
[0.748s] writing ../../build/example_service_rclpy/example_service_rclpy.egg-info/PKG-INFO
[0.748s] writing dependency_links to ../../build/example_service_rclpy/example_service_rclpy.egg-info/dependency_links.txt
[0.748s] writing entry points to ../../build/example_service_rclpy/example_service_rclpy.egg-info/entry_points.txt
[0.748s] writing requirements to ../../build/example_service_rclpy/example_service_rclpy.egg-info/requires.txt
[0.749s] writing top-level names to ../../build/example_service_rclpy/example_service_rclpy.egg-info/top_level.txt
[0.749s] writing manifest file '../../build/example_service_rclpy/example_service_rclpy.egg-info/SOURCES.txt'
[0.750s] reading manifest file '../../build/example_service_rclpy/example_service_rclpy.egg-info/SOURCES.txt'
[0.750s] writing manifest file '../../build/example_service_rclpy/example_service_rclpy.egg-info/SOURCES.txt'
[0.751s] running build
[0.751s] running build_py
[0.751s] creating /home/tianshu/ROS2Introduction/service_intro_ws_py/build/example_service_rclpy/build
[0.751s] creating /home/tianshu/ROS2Introduction/service_intro_ws_py/build/example_service_rclpy/build/lib
[0.751s] creating /home/tianshu/ROS2Introduction/service_intro_ws_py/build/example_service_rclpy/build/lib/example_service_rclpy
[0.751s] copying example_service_rclpy/service_server_02.py -> /home/tianshu/ROS2Introduction/service_intro_ws_py/build/example_service_rclpy/build/lib/example_service_rclpy
[0.751s] copying example_service_rclpy/service_client_02.py -> /home/tianshu/ROS2Introduction/service_intro_ws_py/build/example_service_rclpy/build/lib/example_service_rclpy
[0.751s] copying example_service_rclpy/__init__.py -> /home/tianshu/ROS2Introduction/service_intro_ws_py/build/example_service_rclpy/build/lib/example_service_rclpy
[0.751s] running install
[0.751s] running install_lib
[0.752s] creating /home/tianshu/ROS2Introduction/service_intro_ws_py/install/example_service_rclpy/lib/python3.10/site-packages/example_service_rclpy
[0.752s] copying /home/tianshu/ROS2Introduction/service_intro_ws_py/build/example_service_rclpy/build/lib/example_service_rclpy/service_server_02.py -> /home/tianshu/ROS2Introduction/service_intro_ws_py/install/example_service_rclpy/lib/python3.10/site-packages/example_service_rclpy
[0.752s] copying /home/tianshu/ROS2Introduction/service_intro_ws_py/build/example_service_rclpy/build/lib/example_service_rclpy/service_client_02.py -> /home/tianshu/ROS2Introduction/service_intro_ws_py/install/example_service_rclpy/lib/python3.10/site-packages/example_service_rclpy
[0.752s] copying /home/tianshu/ROS2Introduction/service_intro_ws_py/build/example_service_rclpy/build/lib/example_service_rclpy/__init__.py -> /home/tianshu/ROS2Introduction/service_intro_ws_py/install/example_service_rclpy/lib/python3.10/site-packages/example_service_rclpy
[0.752s] byte-compiling /home/tianshu/ROS2Introduction/service_intro_ws_py/install/example_service_rclpy/lib/python3.10/site-packages/example_service_rclpy/service_server_02.py to service_server_02.cpython-310.pyc
[0.753s] byte-compiling /home/tianshu/ROS2Introduction/service_intro_ws_py/install/example_service_rclpy/lib/python3.10/site-packages/example_service_rclpy/service_client_02.py to service_client_02.cpython-310.pyc
[0.753s] byte-compiling /home/tianshu/ROS2Introduction/service_intro_ws_py/install/example_service_rclpy/lib/python3.10/site-packages/example_service_rclpy/__init__.py to __init__.cpython-310.pyc
[0.753s] running install_data
[0.754s] creating /home/tianshu/ROS2Introduction/service_intro_ws_py/install/example_service_rclpy/share/ament_index
[0.754s] creating /home/tianshu/ROS2Introduction/service_intro_ws_py/install/example_service_rclpy/share/ament_index/resource_index
[0.754s] creating /home/tianshu/ROS2Introduction/service_intro_ws_py/install/example_service_rclpy/share/ament_index/resource_index/packages
[0.754s] copying resource/example_service_rclpy -> /home/tianshu/ROS2Introduction/service_intro_ws_py/install/example_service_rclpy/share/ament_index/resource_index/packages
[0.754s] copying package.xml -> /home/tianshu/ROS2Introduction/service_intro_ws_py/install/example_service_rclpy/share/example_service_rclpy
[0.754s] running install_egg_info
[0.755s] Copying ../../build/example_service_rclpy/example_service_rclpy.egg-info to /home/tianshu/ROS2Introduction/service_intro_ws_py/install/example_service_rclpy/lib/python3.10/site-packages/example_service_rclpy-0.0.0-py3.10.egg-info
[0.756s] running install_scripts
[0.768s] Installing service_client_02 script to /home/tianshu/ROS2Introduction/service_intro_ws_py/install/example_service_rclpy/lib/example_service_rclpy
[0.768s] Installing service_server_02 script to /home/tianshu/ROS2Introduction/service_intro_ws_py/install/example_service_rclpy/lib/example_service_rclpy
[0.769s] writing list of installed files to '/home/tianshu/ROS2Introduction/service_intro_ws_py/build/example_service_rclpy/install.log'
[0.784s] Invoked command in '/home/tianshu/ROS2Introduction/service_intro_ws_py/src/example_service_rclpy' returned '0': CONDA_PROMPT_MODIFIER=(base) PYTHONPATH=/home/tianshu/ROS2Introduction/service_intro_ws_py/build/example_service_rclpy/prefix_override:/home/tianshu/ROS2Introduction/service_intro_ws_py/install/example_service_rclpy/lib/python3.10/site-packages:${PYTHONPATH} WSLENV=ELECTRON_RUN_AS_NODE/w: /usr/bin/python3 setup.py egg_info --egg-base ../../build/example_service_rclpy build --build-base /home/tianshu/ROS2Introduction/service_intro_ws_py/build/example_service_rclpy/build install --record /home/tianshu/ROS2Introduction/service_intro_ws_py/build/example_service_rclpy/install.log --single-version-externally-managed
