running egg_info
writing build/bot00_description/bot00_description.egg-info/PKG-INFO
writing dependency_links to build/bot00_description/bot00_description.egg-info/dependency_links.txt
writing entry points to build/bot00_description/bot00_description.egg-info/entry_points.txt
writing requirements to build/bot00_description/bot00_description.egg-info/requires.txt
writing top-level names to build/bot00_description/bot00_description.egg-info/top_level.txt
reading manifest file 'build/bot00_description/bot00_description.egg-info/SOURCES.txt'
writing manifest file 'build/bot00_description/bot00_description.egg-info/SOURCES.txt'
running build
running build_py
running install
running install_lib
running install_data
copying launch/gazebo.launch.py -> /home/tianshu/ROS2Introduction/bot00_description/install/bot00_description/share/bot00_description/launch
running install_egg_info
removing '/home/tianshu/ROS2Introduction/bot00_description/install/bot00_description/lib/python3.10/site-packages/bot00_description-0.0.0-py3.10.egg-info' (and everything under it)
Copying build/bot00_description/bot00_description.egg-info to /home/tianshu/ROS2Introduction/bot00_description/install/bot00_description/lib/python3.10/site-packages/bot00_description-0.0.0-py3.10.egg-info
running install_scripts
Installing rotate_wheel script to /home/tianshu/ROS2Introduction/bot00_description/install/bot00_description/lib/bot00_description
writing list of installed files to '/home/tianshu/ROS2Introduction/bot00_description/build/bot00_description/install.log'
