[0.401s] Invoking command in '/home/tianshu/ROS2Introduction/bot00_description': PYTHONPATH=/home/tianshu/ROS2Introduction/bot00_description/build/bot00_description/prefix_override:/home/tianshu/ROS2Introduction/bot00_description/install/bot00_description/lib/python3.10/site-packages:${PYTHONPATH} WSLENV=ELECTRON_RUN_AS_NODE/w: /usr/bin/python3 setup.py egg_info --egg-base build/bot00_description build --build-base /home/tianshu/ROS2Introduction/bot00_description/build/bot00_description/build install --record /home/tianshu/ROS2Introduction/bot00_description/build/bot00_description/install.log --single-version-externally-managed
[0.550s] running egg_info
[0.551s] writing build/bot00_description/bot00_description.egg-info/PKG-INFO
[0.551s] writing dependency_links to build/bot00_description/bot00_description.egg-info/dependency_links.txt
[0.551s] writing entry points to build/bot00_description/bot00_description.egg-info/entry_points.txt
[0.551s] writing requirements to build/bot00_description/bot00_description.egg-info/requires.txt
[0.551s] writing top-level names to build/bot00_description/bot00_description.egg-info/top_level.txt
[0.553s] reading manifest file 'build/bot00_description/bot00_description.egg-info/SOURCES.txt'
[0.553s] writing manifest file 'build/bot00_description/bot00_description.egg-info/SOURCES.txt'
[0.553s] running build
[0.553s] running build_py
[0.554s] running install
[0.554s] running install_lib
[0.555s] running install_data
[0.555s] copying launch/gazebo.launch.py -> /home/tianshu/ROS2Introduction/bot00_description/install/bot00_description/share/bot00_description/launch
[0.555s] running install_egg_info
[0.556s] removing '/home/tianshu/ROS2Introduction/bot00_description/install/bot00_description/lib/python3.10/site-packages/bot00_description-0.0.0-py3.10.egg-info' (and everything under it)
[0.557s] Copying build/bot00_description/bot00_description.egg-info to /home/tianshu/ROS2Introduction/bot00_description/install/bot00_description/lib/python3.10/site-packages/bot00_description-0.0.0-py3.10.egg-info
[0.557s] running install_scripts
[0.572s] Installing rotate_wheel script to /home/tianshu/ROS2Introduction/bot00_description/install/bot00_description/lib/bot00_description
[0.573s] writing list of installed files to '/home/tianshu/ROS2Introduction/bot00_description/build/bot00_description/install.log'
[0.598s] Invoked command in '/home/tianshu/ROS2Introduction/bot00_description' returned '0': PYTHONPATH=/home/tianshu/ROS2Introduction/bot00_description/build/bot00_description/prefix_override:/home/tianshu/ROS2Introduction/bot00_description/install/bot00_description/lib/python3.10/site-packages:${PYTHONPATH} WSLENV=ELECTRON_RUN_AS_NODE/w: /usr/bin/python3 setup.py egg_info --egg-base build/bot00_description build --build-base /home/tianshu/ROS2Introduction/bot00_description/build/bot00_description/build install --record /home/tianshu/ROS2Introduction/bot00_description/build/bot00_description/install.log --single-version-externally-managed
