[0.015s] Invoking command in '/home/tianshu/ROS2Introduction/service_intro_ws/build/example_service_rclcpp': CMAKE_PREFIX_PATH=${CMAKE_PREFIX_PATH}:/opt/ros/humble CONDA_PROMPT_MODIFIER=(base) WSLENV=ELECTRON_RUN_AS_NODE/w:WT_SESSION::WT_PROFILE_ID /usr/bin/cmake /home/tianshu/ROS2Introduction/service_intro_ws/src/example_service_rclcpp -DCMAKE_INSTALL_PREFIX=/home/tianshu/ROS2Introduction/service_intro_ws/install/example_service_rclcpp
[0.159s] -- The C compiler identification is GNU 11.3.0
[0.388s] -- The CXX compiler identification is GNU 11.3.0
[0.515s] -- Detecting C compiler ABI info
[0.625s] -- Detecting C compiler ABI info - done
[0.629s] -- Check for working C compiler: /usr/bin/cc - skipped
[0.629s] -- Detecting C compile features
[0.630s] -- Detecting C compile features - done
[0.632s] -- Detecting CXX compiler ABI info
[0.737s] -- Detecting CXX compiler ABI info - done
[0.742s] -- Check for working CXX compiler: /usr/bin/c++ - skipped
[0.742s] -- Detecting CXX compile features
[0.742s] -- Detecting CXX compile features - done
[0.745s] -- Found ament_cmake: 1.3.4 (/opt/ros/humble/share/ament_cmake/cmake)
[0.893s] -- Found Python3: /usr/bin/python3.10 (found version "3.10.6") found components: Interpreter 
[0.949s] -- Found rclcpp: 16.0.4 (/opt/ros/humble/share/rclcpp/cmake)
[1.025s] -- Found rosidl_generator_c: 3.1.4 (/opt/ros/humble/share/rosidl_generator_c/cmake)
[1.027s] -- Found rosidl_adapter: 3.1.4 (/opt/ros/humble/share/rosidl_adapter/cmake)
[1.031s] -- Found rosidl_generator_cpp: 3.1.4 (/opt/ros/humble/share/rosidl_generator_cpp/cmake)
[1.041s] -- Using all available rosidl_typesupport_c: rosidl_typesupport_fastrtps_c;rosidl_typesupport_introspection_c
[1.051s] -- Using all available rosidl_typesupport_cpp: rosidl_typesupport_fastrtps_cpp;rosidl_typesupport_introspection_cpp
[1.089s] -- Found rmw_implementation_cmake: 6.1.1 (/opt/ros/humble/share/rmw_implementation_cmake/cmake)
[1.090s] -- Found rmw_fastrtps_cpp: 6.2.2 (/opt/ros/humble/share/rmw_fastrtps_cpp/cmake)
[1.689s] -- Found OpenSSL: /usr/lib/x86_64-linux-gnu/libcrypto.so (found version "3.0.2")  
[2.272s] -- Found FastRTPS: /opt/ros/humble/include  
[3.385s] -- Using RMW implementation 'rmw_fastrtps_cpp' as default
[3.390s] -- Looking for pthread.h
[3.488s] -- Looking for pthread.h - found
[3.489s] -- Performing Test CMAKE_HAVE_LIBC_PTHREAD
[3.594s] -- Performing Test CMAKE_HAVE_LIBC_PTHREAD - Success
[3.595s] -- Found Threads: TRUE  
[3.686s] -- Found example_interfaces: 0.9.3 (/opt/ros/humble/share/example_interfaces/cmake)
[3.767s] -- Found ament_lint_auto: 0.12.6 (/opt/ros/humble/share/ament_lint_auto/cmake)
[3.819s] -- Added test 'cppcheck' to perform static code analysis on C / C++ code
[3.819s] -- Configured cppcheck include dirs: 
[3.819s] -- Configured cppcheck exclude dirs and/or files: 
[3.820s] -- Added test 'lint_cmake' to check CMake code style
[3.821s] -- Added test 'uncrustify' to check C / C++ code style
[3.821s] -- Configured uncrustify additional arguments: 
[3.822s] -- Added test 'xmllint' to check XML markup files
[3.824s] -- Configuring done
[3.833s] -- Generating done
[3.835s] -- Build files have been written to: /home/tianshu/ROS2Introduction/service_intro_ws/build/example_service_rclcpp
[3.841s] Invoked command in '/home/tianshu/ROS2Introduction/service_intro_ws/build/example_service_rclcpp' returned '0': CMAKE_PREFIX_PATH=${CMAKE_PREFIX_PATH}:/opt/ros/humble CONDA_PROMPT_MODIFIER=(base) WSLENV=ELECTRON_RUN_AS_NODE/w:WT_SESSION::WT_PROFILE_ID /usr/bin/cmake /home/tianshu/ROS2Introduction/service_intro_ws/src/example_service_rclcpp -DCMAKE_INSTALL_PREFIX=/home/tianshu/ROS2Introduction/service_intro_ws/install/example_service_rclcpp
[3.843s] Invoking command in '/home/tianshu/ROS2Introduction/service_intro_ws/build/example_service_rclcpp': CMAKE_PREFIX_PATH=${CMAKE_PREFIX_PATH}:/opt/ros/humble CONDA_PROMPT_MODIFIER=(base) WSLENV=ELECTRON_RUN_AS_NODE/w:WT_SESSION::WT_PROFILE_ID /usr/bin/cmake --build /home/tianshu/ROS2Introduction/service_intro_ws/build/example_service_rclcpp -- -j20 -l20
[3.902s] [ 25%] [32mBuilding CXX object CMakeFiles/service_client_01.dir/src/service_client_01.cpp.o[0m
[3.903s] [ 50%] [32mBuilding CXX object CMakeFiles/service_server_01.dir/src/service_server_01.cpp.o[0m
[5.674s] [ 75%] [32m[1mLinking CXX executable service_client_01[0m
[5.789s] [ 75%] Built target service_client_01
[6.047s] [100%] [32m[1mLinking CXX executable service_server_01[0m
[6.176s] [100%] Built target service_server_01
[6.187s] Invoked command in '/home/tianshu/ROS2Introduction/service_intro_ws/build/example_service_rclcpp' returned '0': CMAKE_PREFIX_PATH=${CMAKE_PREFIX_PATH}:/opt/ros/humble CONDA_PROMPT_MODIFIER=(base) WSLENV=ELECTRON_RUN_AS_NODE/w:WT_SESSION::WT_PROFILE_ID /usr/bin/cmake --build /home/tianshu/ROS2Introduction/service_intro_ws/build/example_service_rclcpp -- -j20 -l20
[6.300s] Invoking command in '/home/tianshu/ROS2Introduction/service_intro_ws/build/example_service_rclcpp': CMAKE_PREFIX_PATH=${CMAKE_PREFIX_PATH}:/opt/ros/humble CONDA_PROMPT_MODIFIER=(base) WSLENV=ELECTRON_RUN_AS_NODE/w:WT_SESSION::WT_PROFILE_ID /usr/bin/cmake --install /home/tianshu/ROS2Introduction/service_intro_ws/build/example_service_rclcpp
[6.309s] -- Install configuration: ""
[6.311s] -- Installing: /home/tianshu/ROS2Introduction/service_intro_ws/install/example_service_rclcpp/share/ament_index/resource_index/package_run_dependencies/example_service_rclcpp
[6.312s] -- Installing: /home/tianshu/ROS2Introduction/service_intro_ws/install/example_service_rclcpp/share/ament_index/resource_index/parent_prefix_path/example_service_rclcpp
[6.312s] -- Installing: /home/tianshu/ROS2Introduction/service_intro_ws/install/example_service_rclcpp/share/example_service_rclcpp/environment/ament_prefix_path.sh
[6.312s] -- Installing: /home/tianshu/ROS2Introduction/service_intro_ws/install/example_service_rclcpp/share/example_service_rclcpp/environment/ament_prefix_path.dsv
[6.312s] -- Installing: /home/tianshu/ROS2Introduction/service_intro_ws/install/example_service_rclcpp/share/example_service_rclcpp/environment/path.sh
[6.313s] -- Installing: /home/tianshu/ROS2Introduction/service_intro_ws/install/example_service_rclcpp/share/example_service_rclcpp/environment/path.dsv
[6.314s] -- Installing: /home/tianshu/ROS2Introduction/service_intro_ws/install/example_service_rclcpp/share/example_service_rclcpp/local_setup.bash
[6.314s] -- Installing: /home/tianshu/ROS2Introduction/service_intro_ws/install/example_service_rclcpp/share/example_service_rclcpp/local_setup.sh
[6.314s] -- Installing: /home/tianshu/ROS2Introduction/service_intro_ws/install/example_service_rclcpp/share/example_service_rclcpp/local_setup.zsh
[6.314s] -- Installing: /home/tianshu/ROS2Introduction/service_intro_ws/install/example_service_rclcpp/share/example_service_rclcpp/local_setup.dsv
[6.314s] -- Installing: /home/tianshu/ROS2Introduction/service_intro_ws/install/example_service_rclcpp/share/example_service_rclcpp/package.dsv
[6.315s] -- Installing: /home/tianshu/ROS2Introduction/service_intro_ws/install/example_service_rclcpp/share/ament_index/resource_index/packages/example_service_rclcpp
[6.316s] -- Installing: /home/tianshu/ROS2Introduction/service_intro_ws/install/example_service_rclcpp/share/example_service_rclcpp/cmake/example_service_rclcppConfig.cmake
[6.316s] -- Installing: /home/tianshu/ROS2Introduction/service_intro_ws/install/example_service_rclcpp/share/example_service_rclcpp/cmake/example_service_rclcppConfig-version.cmake
[6.316s] -- Installing: /home/tianshu/ROS2Introduction/service_intro_ws/install/example_service_rclcpp/share/example_service_rclcpp/package.xml
[6.316s] -- Installing: /home/tianshu/ROS2Introduction/service_intro_ws/install/example_service_rclcpp/lib/example_service_rclcpp/service_server_01
[6.317s] -- Set runtime path of "/home/tianshu/ROS2Introduction/service_intro_ws/install/example_service_rclcpp/lib/example_service_rclcpp/service_server_01" to ""
[6.317s] -- Installing: /home/tianshu/ROS2Introduction/service_intro_ws/install/example_service_rclcpp/lib/example_service_rclcpp/service_client_01
[6.317s] -- Set runtime path of "/home/tianshu/ROS2Introduction/service_intro_ws/install/example_service_rclcpp/lib/example_service_rclcpp/service_client_01" to ""
[6.318s] Invoked command in '/home/tianshu/ROS2Introduction/service_intro_ws/build/example_service_rclcpp' returned '0': CMAKE_PREFIX_PATH=${CMAKE_PREFIX_PATH}:/opt/ros/humble CONDA_PROMPT_MODIFIER=(base) WSLENV=ELECTRON_RUN_AS_NODE/w:WT_SESSION::WT_PROFILE_ID /usr/bin/cmake --install /home/tianshu/ROS2Introduction/service_intro_ws/build/example_service_rclcpp
