[0.185s] Invoking command in '/home/tianshu/ROS2Introduction/bot_description/build/bot_cartographer': CMAKE_PREFIX_PATH=/opt/ros/humble CONDA_PROMPT_MODIFIER=(base) WSLENV=ELECTRON_RUN_AS_NODE/w: /home/tianshu/miniconda3/bin/cmake /home/tianshu/ROS2Introduction/bot_description/src/bot_cartographer -DCMAKE_INSTALL_PREFIX=/home/tianshu/ROS2Introduction/bot_description/install/bot_cartographer
[0.503s] -- The C compiler identification is GNU 10.4.0
[1.153s] -- The CXX compiler identification is GNU 10.4.0
[1.551s] -- Detecting C compiler ABI info
[1.728s] -- Detecting C compiler ABI info - done
[1.735s] -- Check for working C compiler: /usr/bin/cc - skipped
[1.738s] -- Detecting C compile features
[1.738s] -- Detecting C compile features - done
[1.742s] -- Detecting CXX compiler ABI info
[1.993s] -- Detecting CXX compiler ABI info - done
[1.999s] -- Check for working CXX compiler: /usr/bin/c++ - skipped
[1.999s] -- Detecting CXX compile features
[2.000s] -- Detecting CXX compile features - done
[2.008s] -- Found ament_cmake: 1.3.5 (/opt/ros/humble/share/ament_cmake/cmake)
[4.814s] -- Found Python3: /usr/bin/python3.10 (found version "3.10.6") found components: Interpreter 
[4.913s] -- Found ament_lint_auto: 0.12.6 (/opt/ros/humble/share/ament_lint_auto/cmake)
[4.984s] -- Added test 'flake8' to check Python code syntax and style conventions
[4.985s] -- Added test 'lint_cmake' to check CMake code style
[4.986s] -- Added test 'pep257' to check Python code against some of the docstring style conventions in PEP 257
[4.987s] -- Added test 'xmllint' to check XML markup files
[4.989s] -- Configuring done (4.8s)
[4.991s] -- Generating done (0.0s)
[4.992s] -- Build files have been written to: /home/tianshu/ROS2Introduction/bot_description/build/bot_cartographer
[4.998s] Invoked command in '/home/tianshu/ROS2Introduction/bot_description/build/bot_cartographer' returned '0': CMAKE_PREFIX_PATH=/opt/ros/humble CONDA_PROMPT_MODIFIER=(base) WSLENV=ELECTRON_RUN_AS_NODE/w: /home/tianshu/miniconda3/bin/cmake /home/tianshu/ROS2Introduction/bot_description/src/bot_cartographer -DCMAKE_INSTALL_PREFIX=/home/tianshu/ROS2Introduction/bot_description/install/bot_cartographer
[4.999s] Invoking command in '/home/tianshu/ROS2Introduction/bot_description/build/bot_cartographer': CMAKE_PREFIX_PATH=/opt/ros/humble CONDA_PROMPT_MODIFIER=(base) WSLENV=ELECTRON_RUN_AS_NODE/w: /home/tianshu/miniconda3/bin/cmake --build /home/tianshu/ROS2Introduction/bot_description/build/bot_cartographer -- -j20 -l20
[5.109s] Invoked command in '/home/tianshu/ROS2Introduction/bot_description/build/bot_cartographer' returned '0': CMAKE_PREFIX_PATH=/opt/ros/humble CONDA_PROMPT_MODIFIER=(base) WSLENV=ELECTRON_RUN_AS_NODE/w: /home/tianshu/miniconda3/bin/cmake --build /home/tianshu/ROS2Introduction/bot_description/build/bot_cartographer -- -j20 -l20
[5.314s] Invoking command in '/home/tianshu/ROS2Introduction/bot_description/build/bot_cartographer': CMAKE_PREFIX_PATH=/opt/ros/humble CONDA_PROMPT_MODIFIER=(base) WSLENV=ELECTRON_RUN_AS_NODE/w: /home/tianshu/miniconda3/bin/cmake --install /home/tianshu/ROS2Introduction/bot_description/build/bot_cartographer
[5.355s] -- Install configuration: ""
[5.355s] -- Installing: /home/tianshu/ROS2Introduction/bot_description/install/bot_cartographer/share/ament_index/resource_index/package_run_dependencies/bot_cartographer
[5.355s] -- Installing: /home/tianshu/ROS2Introduction/bot_description/install/bot_cartographer/share/ament_index/resource_index/parent_prefix_path/bot_cartographer
[5.356s] -- Installing: /home/tianshu/ROS2Introduction/bot_description/install/bot_cartographer/share/bot_cartographer/environment/ament_prefix_path.sh
[5.356s] -- Installing: /home/tianshu/ROS2Introduction/bot_description/install/bot_cartographer/share/bot_cartographer/environment/ament_prefix_path.dsv
[5.356s] -- Installing: /home/tianshu/ROS2Introduction/bot_description/install/bot_cartographer/share/bot_cartographer/environment/path.sh
[5.356s] -- Installing: /home/tianshu/ROS2Introduction/bot_description/install/bot_cartographer/share/bot_cartographer/environment/path.dsv
[5.356s] -- Installing: /home/tianshu/ROS2Introduction/bot_description/install/bot_cartographer/share/bot_cartographer/local_setup.bash
[5.356s] -- Installing: /home/tianshu/ROS2Introduction/bot_description/install/bot_cartographer/share/bot_cartographer/local_setup.sh
[5.356s] -- Installing: /home/tianshu/ROS2Introduction/bot_description/install/bot_cartographer/share/bot_cartographer/local_setup.zsh
[5.356s] -- Installing: /home/tianshu/ROS2Introduction/bot_description/install/bot_cartographer/share/bot_cartographer/local_setup.dsv
[5.357s] -- Installing: /home/tianshu/ROS2Introduction/bot_description/install/bot_cartographer/share/bot_cartographer/package.dsv
[5.357s] -- Installing: /home/tianshu/ROS2Introduction/bot_description/install/bot_cartographer/share/ament_index/resource_index/packages/bot_cartographer
[5.357s] -- Installing: /home/tianshu/ROS2Introduction/bot_description/install/bot_cartographer/share/bot_cartographer/cmake/bot_cartographerConfig.cmake
[5.357s] -- Installing: /home/tianshu/ROS2Introduction/bot_description/install/bot_cartographer/share/bot_cartographer/cmake/bot_cartographerConfig-version.cmake
[5.357s] -- Installing: /home/tianshu/ROS2Introduction/bot_description/install/bot_cartographer/share/bot_cartographer/package.xml
[5.357s] -- Installing: /home/tianshu/ROS2Introduction/bot_description/install/bot_cartographer/share/bot_cartographer/config
[5.357s] -- Installing: /home/tianshu/ROS2Introduction/bot_description/install/bot_cartographer/share/bot_cartographer/config/bot_2d.lua
[5.357s] -- Installing: /home/tianshu/ROS2Introduction/bot_description/install/bot_cartographer/share/bot_cartographer/launch
[5.357s] -- Installing: /home/tianshu/ROS2Introduction/bot_description/install/bot_cartographer/share/bot_cartographer/launch/cartorgrapher.launch.py
[5.357s] -- Installing: /home/tianshu/ROS2Introduction/bot_description/install/bot_cartographer/share/bot_cartographer/rviz
[5.362s] Invoked command in '/home/tianshu/ROS2Introduction/bot_description/build/bot_cartographer' returned '0': CMAKE_PREFIX_PATH=/opt/ros/humble CONDA_PROMPT_MODIFIER=(base) WSLENV=ELECTRON_RUN_AS_NODE/w: /home/tianshu/miniconda3/bin/cmake --install /home/tianshu/ROS2Introduction/bot_description/build/bot_cartographer
