[35m[1mConsolidate compiler generated dependencies of target action_control_01[0m
[ 60%] Built target action_robot_01
[ 80%] [32mBuilding CXX object CMakeFiles/action_control_01.dir/src/action_control_01.cpp.o[0m
[01m[K/home/tianshu/ROS2Introduction/action_intro_ws/src/example_action_rclcpp/src/action_control_01.cpp:[m[K In member function ‘[01m[Kvoid ActionControl01::result_callback(const rclcpp_action::ClientGoalHandle<robot_control_interface::action::MoveRobot>::WrappedResult&)[m[K’:
[01m[K/home/tianshu/ROS2Introduction/action_intro_ws/src/example_action_rclcpp/src/action_control_01.cpp:67:9:[m[K [01;35m[Kwarning: [m[Kthis statement may fall through [[01;35m[K]8;;https://gcc.gnu.org/onlinedocs/gcc/Warning-Options.html#index-Wimplicit-fallthrough=-Wimplicit-fallthrough=]8;;[m[K]
   67 |         [01;35m[K}[m[K
      |         [01;35m[K^[m[K
[01m[K/home/tianshu/ROS2Introduction/action_intro_ws/src/example_action_rclcpp/src/action_control_01.cpp:68:9:[m[K [01;36m[Knote: [m[Khere
   68 |         [01;36m[Kdefault[m[K: {
      |         [01;36m[K^~~~~~~[m[K
[100%] [32m[1mLinking CXX executable action_control_01[0m
[100%] Built target action_control_01
-- Install configuration: ""
-- Up-to-date: /home/tianshu/ROS2Introduction/action_intro_ws/install/example_action_rclcpp/lib/example_action_rclcpp/action_robot_01
-- Up-to-date: /home/tianshu/ROS2Introduction/action_intro_ws/install/example_action_rclcpp/share/ament_index/resource_index/package_run_dependencies/example_action_rclcpp
-- Up-to-date: /home/tianshu/ROS2Introduction/action_intro_ws/install/example_action_rclcpp/share/ament_index/resource_index/parent_prefix_path/example_action_rclcpp
-- Up-to-date: /home/tianshu/ROS2Introduction/action_intro_ws/install/example_action_rclcpp/share/example_action_rclcpp/environment/ament_prefix_path.sh
-- Up-to-date: /home/tianshu/ROS2Introduction/action_intro_ws/install/example_action_rclcpp/share/example_action_rclcpp/environment/ament_prefix_path.dsv
-- Up-to-date: /home/tianshu/ROS2Introduction/action_intro_ws/install/example_action_rclcpp/share/example_action_rclcpp/environment/path.sh
-- Up-to-date: /home/tianshu/ROS2Introduction/action_intro_ws/install/example_action_rclcpp/share/example_action_rclcpp/environment/path.dsv
-- Up-to-date: /home/tianshu/ROS2Introduction/action_intro_ws/install/example_action_rclcpp/share/example_action_rclcpp/local_setup.bash
-- Up-to-date: /home/tianshu/ROS2Introduction/action_intro_ws/install/example_action_rclcpp/share/example_action_rclcpp/local_setup.sh
-- Up-to-date: /home/tianshu/ROS2Introduction/action_intro_ws/install/example_action_rclcpp/share/example_action_rclcpp/local_setup.zsh
-- Up-to-date: /home/tianshu/ROS2Introduction/action_intro_ws/install/example_action_rclcpp/share/example_action_rclcpp/local_setup.dsv
-- Installing: /home/tianshu/ROS2Introduction/action_intro_ws/install/example_action_rclcpp/share/example_action_rclcpp/package.dsv
-- Up-to-date: /home/tianshu/ROS2Introduction/action_intro_ws/install/example_action_rclcpp/share/ament_index/resource_index/packages/example_action_rclcpp
-- Up-to-date: /home/tianshu/ROS2Introduction/action_intro_ws/install/example_action_rclcpp/share/example_action_rclcpp/cmake/example_action_rclcppConfig.cmake
-- Up-to-date: /home/tianshu/ROS2Introduction/action_intro_ws/install/example_action_rclcpp/share/example_action_rclcpp/cmake/example_action_rclcppConfig-version.cmake
-- Up-to-date: /home/tianshu/ROS2Introduction/action_intro_ws/install/example_action_rclcpp/share/example_action_rclcpp/package.xml
