[0.239s] DEBUG:colcon:Command line arguments: ['/usr/bin/colcon', 'build']
[0.239s] DEBUG:colcon:Parsed command line arguments: Namespace(log_base=None, log_level=None, verb_name='build', build_base='build', install_base='install', merge_install=False, symlink_install=False, test_result_base=None, continue_on_error=False, executor='parallel', parallel_workers=20, event_handlers=None, ignore_user_meta=False, metas=['./colcon.meta'], base_paths=['.'], packages_ignore=None, packages_ignore_regex=None, paths=None, packages_up_to=None, packages_up_to_regex=None, packages_above=None, packages_above_and_dependencies=None, packages_above_depth=None, packages_select_by_dep=None, packages_skip_by_dep=None, packages_skip_up_to=None, packages_select_build_failed=False, packages_skip_build_finished=False, packages_select_test_failures=False, packages_skip_test_passed=False, packages_select=None, packages_skip=None, packages_select_regex=None, packages_skip_regex=None, packages_start=None, packages_end=None, allow_overriding=[], cmake_args=None, cmake_target=None, cmake_target_skip_unavailable=False, cmake_clean_cache=False, cmake_clean_first=False, cmake_force_configure=False, ament_cmake_args=None, catkin_cmake_args=None, catkin_skip_building_tests=False, verb_parser=<colcon_defaults.argument_parser.defaults.DefaultArgumentsDecorator object at 0x7fd044329780>, verb_extension=<colcon_core.verb.build.BuildVerb object at 0x7fd044329210>, main=<bound method BuildVerb.main of <colcon_core.verb.build.BuildVerb object at 0x7fd044329210>>)
[0.252s] Level 1:colcon.colcon_core.package_discovery:discover_packages(colcon_meta) check parameters
[0.252s] Level 1:colcon.colcon_core.package_discovery:discover_packages(recursive) check parameters
[0.252s] Level 1:colcon.colcon_core.package_discovery:discover_packages(ignore) check parameters
[0.252s] Level 1:colcon.colcon_core.package_discovery:discover_packages(path) check parameters
[0.252s] Level 1:colcon.colcon_core.package_discovery:discover_packages(colcon_meta) discover
[0.252s] Level 1:colcon.colcon_core.package_discovery:discover_packages(recursive) discover
[0.252s] INFO:colcon.colcon_core.package_discovery:Crawling recursively for packages in '/home/tianshu/ROS2Introduction/interface_intro_ws'
[0.252s] Level 1:colcon.colcon_core.package_identification:_identify(.) by extensions ['ignore', 'ignore_ament_install']
[0.253s] Level 1:colcon.colcon_core.package_identification:_identify(.) by extension 'ignore'
[0.253s] Level 1:colcon.colcon_core.package_identification:_identify(.) by extension 'ignore_ament_install'
[0.253s] Level 1:colcon.colcon_core.package_identification:_identify(.) by extensions ['colcon_pkg']
[0.253s] Level 1:colcon.colcon_core.package_identification:_identify(.) by extension 'colcon_pkg'
[0.253s] Level 1:colcon.colcon_core.package_identification:_identify(.) by extensions ['colcon_meta']
[0.253s] Level 1:colcon.colcon_core.package_identification:_identify(.) by extension 'colcon_meta'
[0.253s] Level 1:colcon.colcon_core.package_identification:_identify(.) by extensions ['ros']
[0.253s] Level 1:colcon.colcon_core.package_identification:_identify(.) by extension 'ros'
[0.260s] Level 1:colcon.colcon_core.package_identification:_identify(.) by extensions ['cmake', 'python']
[0.260s] Level 1:colcon.colcon_core.package_identification:_identify(.) by extension 'cmake'
[0.260s] Level 1:colcon.colcon_core.package_identification:_identify(.) by extension 'python'
[0.260s] Level 1:colcon.colcon_core.package_identification:_identify(.) by extensions ['python_setup_py']
[0.260s] Level 1:colcon.colcon_core.package_identification:_identify(.) by extension 'python_setup_py'
[0.260s] Level 1:colcon.colcon_core.package_identification:_identify(build) by extensions ['ignore', 'ignore_ament_install']
[0.261s] Level 1:colcon.colcon_core.package_identification:_identify(build) by extension 'ignore'
[0.261s] Level 1:colcon.colcon_core.package_identification:_identify(build) ignored
[0.261s] Level 1:colcon.colcon_core.package_identification:_identify(install) by extensions ['ignore', 'ignore_ament_install']
[0.261s] Level 1:colcon.colcon_core.package_identification:_identify(install) by extension 'ignore'
[0.261s] Level 1:colcon.colcon_core.package_identification:_identify(install) ignored
[0.261s] Level 1:colcon.colcon_core.package_identification:_identify(log) by extensions ['ignore', 'ignore_ament_install']
[0.261s] Level 1:colcon.colcon_core.package_identification:_identify(log) by extension 'ignore'
[0.261s] Level 1:colcon.colcon_core.package_identification:_identify(log) ignored
[0.261s] Level 1:colcon.colcon_core.package_identification:_identify(src) by extensions ['ignore', 'ignore_ament_install']
[0.261s] Level 1:colcon.colcon_core.package_identification:_identify(src) by extension 'ignore'
[0.261s] Level 1:colcon.colcon_core.package_identification:_identify(src) by extension 'ignore_ament_install'
[0.261s] Level 1:colcon.colcon_core.package_identification:_identify(src) by extensions ['colcon_pkg']
[0.261s] Level 1:colcon.colcon_core.package_identification:_identify(src) by extension 'colcon_pkg'
[0.261s] Level 1:colcon.colcon_core.package_identification:_identify(src) by extensions ['colcon_meta']
[0.261s] Level 1:colcon.colcon_core.package_identification:_identify(src) by extension 'colcon_meta'
[0.261s] Level 1:colcon.colcon_core.package_identification:_identify(src) by extensions ['ros']
[0.262s] Level 1:colcon.colcon_core.package_identification:_identify(src) by extension 'ros'
[0.262s] Level 1:colcon.colcon_core.package_identification:_identify(src) by extensions ['cmake', 'python']
[0.262s] Level 1:colcon.colcon_core.package_identification:_identify(src) by extension 'cmake'
[0.262s] Level 1:colcon.colcon_core.package_identification:_identify(src) by extension 'python'
[0.262s] Level 1:colcon.colcon_core.package_identification:_identify(src) by extensions ['python_setup_py']
[0.262s] Level 1:colcon.colcon_core.package_identification:_identify(src) by extension 'python_setup_py'
[0.262s] Level 1:colcon.colcon_core.package_identification:_identify(src/example_interfaces_rclcpp) by extensions ['ignore', 'ignore_ament_install']
[0.262s] Level 1:colcon.colcon_core.package_identification:_identify(src/example_interfaces_rclcpp) by extension 'ignore'
[0.262s] Level 1:colcon.colcon_core.package_identification:_identify(src/example_interfaces_rclcpp) by extension 'ignore_ament_install'
[0.262s] Level 1:colcon.colcon_core.package_identification:_identify(src/example_interfaces_rclcpp) by extensions ['colcon_pkg']
[0.262s] Level 1:colcon.colcon_core.package_identification:_identify(src/example_interfaces_rclcpp) by extension 'colcon_pkg'
[0.262s] Level 1:colcon.colcon_core.package_identification:_identify(src/example_interfaces_rclcpp) by extensions ['colcon_meta']
[0.262s] Level 1:colcon.colcon_core.package_identification:_identify(src/example_interfaces_rclcpp) by extension 'colcon_meta'
[0.262s] Level 1:colcon.colcon_core.package_identification:_identify(src/example_interfaces_rclcpp) by extensions ['ros']
[0.262s] Level 1:colcon.colcon_core.package_identification:_identify(src/example_interfaces_rclcpp) by extension 'ros'
[0.263s] DEBUG:colcon.colcon_core.package_identification:Package 'src/example_interfaces_rclcpp' with type 'ros.ament_cmake' and name 'example_interfaces_rclcpp'
[0.263s] Level 1:colcon.colcon_core.package_identification:_identify(src/example_ros2_interfaces) by extensions ['ignore', 'ignore_ament_install']
[0.263s] Level 1:colcon.colcon_core.package_identification:_identify(src/example_ros2_interfaces) by extension 'ignore'
[0.263s] Level 1:colcon.colcon_core.package_identification:_identify(src/example_ros2_interfaces) by extension 'ignore_ament_install'
[0.263s] Level 1:colcon.colcon_core.package_identification:_identify(src/example_ros2_interfaces) by extensions ['colcon_pkg']
[0.263s] Level 1:colcon.colcon_core.package_identification:_identify(src/example_ros2_interfaces) by extension 'colcon_pkg'
[0.263s] Level 1:colcon.colcon_core.package_identification:_identify(src/example_ros2_interfaces) by extensions ['colcon_meta']
[0.263s] Level 1:colcon.colcon_core.package_identification:_identify(src/example_ros2_interfaces) by extension 'colcon_meta'
[0.264s] Level 1:colcon.colcon_core.package_identification:_identify(src/example_ros2_interfaces) by extensions ['ros']
[0.264s] Level 1:colcon.colcon_core.package_identification:_identify(src/example_ros2_interfaces) by extension 'ros'
[0.264s] DEBUG:colcon.colcon_core.package_identification:Package 'src/example_ros2_interfaces' with type 'ros.ament_cmake' and name 'example_ros2_interfaces'
[0.264s] Level 1:colcon.colcon_core.package_discovery:discover_packages(recursive) using defaults
[0.264s] Level 1:colcon.colcon_core.package_discovery:discover_packages(ignore) discover
[0.264s] Level 1:colcon.colcon_core.package_discovery:discover_packages(ignore) using defaults
[0.264s] Level 1:colcon.colcon_core.package_discovery:discover_packages(path) discover
[0.264s] Level 1:colcon.colcon_core.package_discovery:discover_packages(path) using defaults
[0.278s] Level 1:colcon.colcon_core.package_discovery:discover_packages(prefix_path) check parameters
[0.278s] Level 1:colcon.colcon_core.package_discovery:discover_packages(prefix_path) discover
[0.279s] DEBUG:colcon.colcon_installed_package_information.package_discovery:Found 1 installed packages in /home/tianshu/ROS2Introduction/service_intro_ws/install
[0.280s] DEBUG:colcon.colcon_installed_package_information.package_discovery:Found 284 installed packages in /opt/ros/humble
[0.280s] Level 1:colcon.colcon_core.package_discovery:discover_packages(prefix_path) using defaults
[0.317s] Level 5:colcon.colcon_core.verb:set package 'example_ros2_interfaces' build argument 'cmake_args' from command line to 'None'
[0.317s] Level 5:colcon.colcon_core.verb:set package 'example_ros2_interfaces' build argument 'cmake_target' from command line to 'None'
[0.317s] Level 5:colcon.colcon_core.verb:set package 'example_ros2_interfaces' build argument 'cmake_target_skip_unavailable' from command line to 'False'
[0.318s] Level 5:colcon.colcon_core.verb:set package 'example_ros2_interfaces' build argument 'cmake_clean_cache' from command line to 'False'
[0.318s] Level 5:colcon.colcon_core.verb:set package 'example_ros2_interfaces' build argument 'cmake_clean_first' from command line to 'False'
[0.318s] Level 5:colcon.colcon_core.verb:set package 'example_ros2_interfaces' build argument 'cmake_force_configure' from command line to 'False'
[0.318s] Level 5:colcon.colcon_core.verb:set package 'example_ros2_interfaces' build argument 'ament_cmake_args' from command line to 'None'
[0.318s] Level 5:colcon.colcon_core.verb:set package 'example_ros2_interfaces' build argument 'catkin_cmake_args' from command line to 'None'
[0.318s] Level 5:colcon.colcon_core.verb:set package 'example_ros2_interfaces' build argument 'catkin_skip_building_tests' from command line to 'False'
[0.318s] DEBUG:colcon.colcon_core.verb:Building package 'example_ros2_interfaces' with the following arguments: {'ament_cmake_args': None, 'build_base': '/home/tianshu/ROS2Introduction/interface_intro_ws/build/example_ros2_interfaces', 'catkin_cmake_args': None, 'catkin_skip_building_tests': False, 'cmake_args': None, 'cmake_clean_cache': False, 'cmake_clean_first': False, 'cmake_force_configure': False, 'cmake_target': None, 'cmake_target_skip_unavailable': False, 'install_base': '/home/tianshu/ROS2Introduction/interface_intro_ws/install/example_ros2_interfaces', 'merge_install': False, 'path': '/home/tianshu/ROS2Introduction/interface_intro_ws/src/example_ros2_interfaces', 'symlink_install': False, 'test_result_base': None}
[0.318s] Level 5:colcon.colcon_core.verb:set package 'example_interfaces_rclcpp' build argument 'cmake_args' from command line to 'None'
[0.318s] Level 5:colcon.colcon_core.verb:set package 'example_interfaces_rclcpp' build argument 'cmake_target' from command line to 'None'
[0.318s] Level 5:colcon.colcon_core.verb:set package 'example_interfaces_rclcpp' build argument 'cmake_target_skip_unavailable' from command line to 'False'
[0.318s] Level 5:colcon.colcon_core.verb:set package 'example_interfaces_rclcpp' build argument 'cmake_clean_cache' from command line to 'False'
[0.318s] Level 5:colcon.colcon_core.verb:set package 'example_interfaces_rclcpp' build argument 'cmake_clean_first' from command line to 'False'
[0.318s] Level 5:colcon.colcon_core.verb:set package 'example_interfaces_rclcpp' build argument 'cmake_force_configure' from command line to 'False'
[0.318s] Level 5:colcon.colcon_core.verb:set package 'example_interfaces_rclcpp' build argument 'ament_cmake_args' from command line to 'None'
[0.318s] Level 5:colcon.colcon_core.verb:set package 'example_interfaces_rclcpp' build argument 'catkin_cmake_args' from command line to 'None'
[0.318s] Level 5:colcon.colcon_core.verb:set package 'example_interfaces_rclcpp' build argument 'catkin_skip_building_tests' from command line to 'False'
[0.318s] DEBUG:colcon.colcon_core.verb:Building package 'example_interfaces_rclcpp' with the following arguments: {'ament_cmake_args': None, 'build_base': '/home/tianshu/ROS2Introduction/interface_intro_ws/build/example_interfaces_rclcpp', 'catkin_cmake_args': None, 'catkin_skip_building_tests': False, 'cmake_args': None, 'cmake_clean_cache': False, 'cmake_clean_first': False, 'cmake_force_configure': False, 'cmake_target': None, 'cmake_target_skip_unavailable': False, 'install_base': '/home/tianshu/ROS2Introduction/interface_intro_ws/install/example_interfaces_rclcpp', 'merge_install': False, 'path': '/home/tianshu/ROS2Introduction/interface_intro_ws/src/example_interfaces_rclcpp', 'symlink_install': False, 'test_result_base': None}
[0.319s] INFO:colcon.colcon_core.executor:Executing jobs using 'parallel' executor
[0.321s] DEBUG:colcon.colcon_parallel_executor.executor.parallel:run_until_complete
[0.321s] INFO:colcon.colcon_ros.task.ament_cmake.build:Building ROS package in '/home/tianshu/ROS2Introduction/interface_intro_ws/src/example_ros2_interfaces' with build type 'ament_cmake'
[0.321s] INFO:colcon.colcon_cmake.task.cmake.build:Building CMake package in '/home/tianshu/ROS2Introduction/interface_intro_ws/src/example_ros2_interfaces'
[0.323s] INFO:colcon.colcon_core.plugin_system:Skipping extension 'colcon_core.shell.bat': Not used on non-Windows systems
[0.324s] INFO:colcon.colcon_core.shell:Skip shell extension 'powershell' for command environment: Not usable outside of PowerShell
[0.324s] DEBUG:colcon.colcon_core.shell:Skip shell extension 'dsv' for command environment
[0.362s] DEBUG:colcon.colcon_core.event_handler.log_command:Invoking command in '/home/tianshu/ROS2Introduction/interface_intro_ws/build/example_ros2_interfaces': CMAKE_PREFIX_PATH=${CMAKE_PREFIX_PATH}:/opt/ros/humble CONDA_PROMPT_MODIFIER=(base) WSLENV=ELECTRON_RUN_AS_NODE/w:WT_SESSION::WT_PROFILE_ID /usr/bin/cmake --build /home/tianshu/ROS2Introduction/interface_intro_ws/build/example_ros2_interfaces -- -j20 -l20
[0.676s] DEBUG:colcon.colcon_core.event_handler.log_command:Invoked command in '/home/tianshu/ROS2Introduction/interface_intro_ws/build/example_ros2_interfaces' returned '0': CMAKE_PREFIX_PATH=${CMAKE_PREFIX_PATH}:/opt/ros/humble CONDA_PROMPT_MODIFIER=(base) WSLENV=ELECTRON_RUN_AS_NODE/w:WT_SESSION::WT_PROFILE_ID /usr/bin/cmake --build /home/tianshu/ROS2Introduction/interface_intro_ws/build/example_ros2_interfaces -- -j20 -l20
[0.971s] DEBUG:colcon.colcon_core.event_handler.log_command:Invoking command in '/home/tianshu/ROS2Introduction/interface_intro_ws/build/example_ros2_interfaces': CMAKE_PREFIX_PATH=${CMAKE_PREFIX_PATH}:/opt/ros/humble CONDA_PROMPT_MODIFIER=(base) WSLENV=ELECTRON_RUN_AS_NODE/w:WT_SESSION::WT_PROFILE_ID /usr/bin/cmake --install /home/tianshu/ROS2Introduction/interface_intro_ws/build/example_ros2_interfaces
[1.013s] Level 1:colcon.colcon_core.environment:create_environment_scripts_only(example_ros2_interfaces)
[1.014s] DEBUG:colcon.colcon_core.event_handler.log_command:Invoked command in '/home/tianshu/ROS2Introduction/interface_intro_ws/build/example_ros2_interfaces' returned '0': CMAKE_PREFIX_PATH=${CMAKE_PREFIX_PATH}:/opt/ros/humble CONDA_PROMPT_MODIFIER=(base) WSLENV=ELECTRON_RUN_AS_NODE/w:WT_SESSION::WT_PROFILE_ID /usr/bin/cmake --install /home/tianshu/ROS2Introduction/interface_intro_ws/build/example_ros2_interfaces
[1.017s] Level 1:colcon.colcon_core.environment:checking '/home/tianshu/ROS2Introduction/interface_intro_ws/install/example_ros2_interfaces' for CMake module files
[1.017s] Level 1:colcon.colcon_core.environment:checking '/home/tianshu/ROS2Introduction/interface_intro_ws/install/example_ros2_interfaces' for CMake config files
[1.017s] Level 1:colcon.colcon_core.shell:create_environment_hook('example_ros2_interfaces', 'cmake_prefix_path')
[1.018s] INFO:colcon.colcon_core.shell:Creating environment hook '/home/tianshu/ROS2Introduction/interface_intro_ws/install/example_ros2_interfaces/share/example_ros2_interfaces/hook/cmake_prefix_path.ps1'
[1.019s] INFO:colcon.colcon_core.shell:Creating environment descriptor '/home/tianshu/ROS2Introduction/interface_intro_ws/install/example_ros2_interfaces/share/example_ros2_interfaces/hook/cmake_prefix_path.dsv'
[1.019s] INFO:colcon.colcon_core.shell:Creating environment hook '/home/tianshu/ROS2Introduction/interface_intro_ws/install/example_ros2_interfaces/share/example_ros2_interfaces/hook/cmake_prefix_path.sh'
[1.019s] Level 1:colcon.colcon_core.environment:checking '/home/tianshu/ROS2Introduction/interface_intro_ws/install/example_ros2_interfaces/lib'
[1.020s] Level 1:colcon.colcon_core.shell:create_environment_hook('example_ros2_interfaces', 'ld_library_path_lib')
[1.020s] INFO:colcon.colcon_core.shell:Creating environment hook '/home/tianshu/ROS2Introduction/interface_intro_ws/install/example_ros2_interfaces/share/example_ros2_interfaces/hook/ld_library_path_lib.ps1'
[1.021s] INFO:colcon.colcon_core.shell:Creating environment descriptor '/home/tianshu/ROS2Introduction/interface_intro_ws/install/example_ros2_interfaces/share/example_ros2_interfaces/hook/ld_library_path_lib.dsv'
[1.021s] INFO:colcon.colcon_core.shell:Creating environment hook '/home/tianshu/ROS2Introduction/interface_intro_ws/install/example_ros2_interfaces/share/example_ros2_interfaces/hook/ld_library_path_lib.sh'
[1.021s] Level 1:colcon.colcon_core.environment:checking '/home/tianshu/ROS2Introduction/interface_intro_ws/install/example_ros2_interfaces/bin'
[1.021s] Level 1:colcon.colcon_core.environment:checking '/home/tianshu/ROS2Introduction/interface_intro_ws/install/example_ros2_interfaces/lib/pkgconfig/example_ros2_interfaces.pc'
[1.021s] Level 1:colcon.colcon_core.environment:checking '/home/tianshu/ROS2Introduction/interface_intro_ws/install/example_ros2_interfaces/lib/python3.10/site-packages'
[1.021s] Level 1:colcon.colcon_core.environment:checking '/home/tianshu/ROS2Introduction/interface_intro_ws/install/example_ros2_interfaces/bin'
[1.022s] INFO:colcon.colcon_core.shell:Creating package script '/home/tianshu/ROS2Introduction/interface_intro_ws/install/example_ros2_interfaces/share/example_ros2_interfaces/package.ps1'
[1.023s] INFO:colcon.colcon_core.shell:Creating package descriptor '/home/tianshu/ROS2Introduction/interface_intro_ws/install/example_ros2_interfaces/share/example_ros2_interfaces/package.dsv'
[1.023s] INFO:colcon.colcon_core.shell:Creating package script '/home/tianshu/ROS2Introduction/interface_intro_ws/install/example_ros2_interfaces/share/example_ros2_interfaces/package.sh'
[1.023s] INFO:colcon.colcon_core.shell:Creating package script '/home/tianshu/ROS2Introduction/interface_intro_ws/install/example_ros2_interfaces/share/example_ros2_interfaces/package.bash'
[1.024s] INFO:colcon.colcon_core.shell:Creating package script '/home/tianshu/ROS2Introduction/interface_intro_ws/install/example_ros2_interfaces/share/example_ros2_interfaces/package.zsh'
[1.024s] Level 1:colcon.colcon_core.environment:create_file_with_runtime_dependencies(/home/tianshu/ROS2Introduction/interface_intro_ws/install/example_ros2_interfaces/share/colcon-core/packages/example_ros2_interfaces)
[1.329s] Level 1:colcon.colcon_core.environment:create_environment_scripts_only(example_ros2_interfaces)
[1.331s] Level 1:colcon.colcon_core.environment:checking '/home/tianshu/ROS2Introduction/interface_intro_ws/install/example_ros2_interfaces' for CMake module files
[1.331s] Level 1:colcon.colcon_core.environment:checking '/home/tianshu/ROS2Introduction/interface_intro_ws/install/example_ros2_interfaces' for CMake config files
[1.331s] Level 1:colcon.colcon_core.shell:create_environment_hook('example_ros2_interfaces', 'cmake_prefix_path')
[1.332s] INFO:colcon.colcon_core.shell:Creating environment hook '/home/tianshu/ROS2Introduction/interface_intro_ws/install/example_ros2_interfaces/share/example_ros2_interfaces/hook/cmake_prefix_path.ps1'
[1.333s] INFO:colcon.colcon_core.shell:Creating environment descriptor '/home/tianshu/ROS2Introduction/interface_intro_ws/install/example_ros2_interfaces/share/example_ros2_interfaces/hook/cmake_prefix_path.dsv'
[1.333s] INFO:colcon.colcon_core.shell:Creating environment hook '/home/tianshu/ROS2Introduction/interface_intro_ws/install/example_ros2_interfaces/share/example_ros2_interfaces/hook/cmake_prefix_path.sh'
[1.333s] Level 1:colcon.colcon_core.environment:checking '/home/tianshu/ROS2Introduction/interface_intro_ws/install/example_ros2_interfaces/lib'
[1.333s] Level 1:colcon.colcon_core.shell:create_environment_hook('example_ros2_interfaces', 'ld_library_path_lib')
[1.334s] INFO:colcon.colcon_core.shell:Creating environment hook '/home/tianshu/ROS2Introduction/interface_intro_ws/install/example_ros2_interfaces/share/example_ros2_interfaces/hook/ld_library_path_lib.ps1'
[1.334s] INFO:colcon.colcon_core.shell:Creating environment descriptor '/home/tianshu/ROS2Introduction/interface_intro_ws/install/example_ros2_interfaces/share/example_ros2_interfaces/hook/ld_library_path_lib.dsv'
[1.334s] INFO:colcon.colcon_core.shell:Creating environment hook '/home/tianshu/ROS2Introduction/interface_intro_ws/install/example_ros2_interfaces/share/example_ros2_interfaces/hook/ld_library_path_lib.sh'
[1.335s] Level 1:colcon.colcon_core.environment:checking '/home/tianshu/ROS2Introduction/interface_intro_ws/install/example_ros2_interfaces/bin'
[1.335s] Level 1:colcon.colcon_core.environment:checking '/home/tianshu/ROS2Introduction/interface_intro_ws/install/example_ros2_interfaces/lib/pkgconfig/example_ros2_interfaces.pc'
[1.335s] Level 1:colcon.colcon_core.environment:checking '/home/tianshu/ROS2Introduction/interface_intro_ws/install/example_ros2_interfaces/lib/python3.10/site-packages'
[1.335s] Level 1:colcon.colcon_core.environment:checking '/home/tianshu/ROS2Introduction/interface_intro_ws/install/example_ros2_interfaces/bin'
[1.336s] INFO:colcon.colcon_core.shell:Creating package script '/home/tianshu/ROS2Introduction/interface_intro_ws/install/example_ros2_interfaces/share/example_ros2_interfaces/package.ps1'
[1.336s] INFO:colcon.colcon_core.shell:Creating package descriptor '/home/tianshu/ROS2Introduction/interface_intro_ws/install/example_ros2_interfaces/share/example_ros2_interfaces/package.dsv'
[1.336s] INFO:colcon.colcon_core.shell:Creating package script '/home/tianshu/ROS2Introduction/interface_intro_ws/install/example_ros2_interfaces/share/example_ros2_interfaces/package.sh'
[1.337s] INFO:colcon.colcon_core.shell:Creating package script '/home/tianshu/ROS2Introduction/interface_intro_ws/install/example_ros2_interfaces/share/example_ros2_interfaces/package.bash'
[1.337s] INFO:colcon.colcon_core.shell:Creating package script '/home/tianshu/ROS2Introduction/interface_intro_ws/install/example_ros2_interfaces/share/example_ros2_interfaces/package.zsh'
[1.337s] Level 1:colcon.colcon_core.environment:create_file_with_runtime_dependencies(/home/tianshu/ROS2Introduction/interface_intro_ws/install/example_ros2_interfaces/share/colcon-core/packages/example_ros2_interfaces)
[1.337s] INFO:colcon.colcon_ros.task.ament_cmake.build:Building ROS package in '/home/tianshu/ROS2Introduction/interface_intro_ws/src/example_interfaces_rclcpp' with build type 'ament_cmake'
[1.338s] INFO:colcon.colcon_cmake.task.cmake.build:Building CMake package in '/home/tianshu/ROS2Introduction/interface_intro_ws/src/example_interfaces_rclcpp'
[1.338s] INFO:colcon.colcon_core.shell:Skip shell extension 'powershell' for command environment: Not usable outside of PowerShell
[1.339s] DEBUG:colcon.colcon_core.shell:Skip shell extension 'dsv' for command environment
[1.394s] DEBUG:colcon.colcon_core.event_handler.log_command:Invoking command in '/home/tianshu/ROS2Introduction/interface_intro_ws/build/example_interfaces_rclcpp': AMENT_PREFIX_PATH=/home/tianshu/ROS2Introduction/interface_intro_ws/install/example_ros2_interfaces:${AMENT_PREFIX_PATH} CMAKE_PREFIX_PATH=/home/tianshu/ROS2Introduction/interface_intro_ws/install/example_ros2_interfaces:/home/tianshu/ROS2Introduction/service_intro_ws/install/example_service_rclcpp:/opt/ros/humble CONDA_PROMPT_MODIFIER=(base) LD_LIBRARY_PATH=/home/tianshu/ROS2Introduction/interface_intro_ws/install/example_ros2_interfaces/lib:/usr/lib/wsl/lib:/opt/ros/humble/opt/rviz_ogre_vendor/lib:/opt/ros/humble/lib/x86_64-linux-gnu:/opt/ros/humble/lib:/usr/lib/wsl/lib PYTHONPATH=/home/tianshu/ROS2Introduction/interface_intro_ws/install/example_ros2_interfaces/local/lib/python3.10/dist-packages:${PYTHONPATH} WSLENV=ELECTRON_RUN_AS_NODE/w:WT_SESSION::WT_PROFILE_ID /usr/bin/cmake /home/tianshu/ROS2Introduction/interface_intro_ws/src/example_interfaces_rclcpp -DCMAKE_INSTALL_PREFIX=/home/tianshu/ROS2Introduction/interface_intro_ws/install/example_interfaces_rclcpp
[5.157s] DEBUG:colcon.colcon_core.event_handler.log_command:Invoked command in '/home/tianshu/ROS2Introduction/interface_intro_ws/build/example_interfaces_rclcpp' returned '0': AMENT_PREFIX_PATH=/home/tianshu/ROS2Introduction/interface_intro_ws/install/example_ros2_interfaces:${AMENT_PREFIX_PATH} CMAKE_PREFIX_PATH=/home/tianshu/ROS2Introduction/interface_intro_ws/install/example_ros2_interfaces:/home/tianshu/ROS2Introduction/service_intro_ws/install/example_service_rclcpp:/opt/ros/humble CONDA_PROMPT_MODIFIER=(base) LD_LIBRARY_PATH=/home/tianshu/ROS2Introduction/interface_intro_ws/install/example_ros2_interfaces/lib:/usr/lib/wsl/lib:/opt/ros/humble/opt/rviz_ogre_vendor/lib:/opt/ros/humble/lib/x86_64-linux-gnu:/opt/ros/humble/lib:/usr/lib/wsl/lib PYTHONPATH=/home/tianshu/ROS2Introduction/interface_intro_ws/install/example_ros2_interfaces/local/lib/python3.10/dist-packages:${PYTHONPATH} WSLENV=ELECTRON_RUN_AS_NODE/w:WT_SESSION::WT_PROFILE_ID /usr/bin/cmake /home/tianshu/ROS2Introduction/interface_intro_ws/src/example_interfaces_rclcpp -DCMAKE_INSTALL_PREFIX=/home/tianshu/ROS2Introduction/interface_intro_ws/install/example_interfaces_rclcpp
[5.157s] DEBUG:colcon.colcon_core.event_handler.log_command:Invoking command in '/home/tianshu/ROS2Introduction/interface_intro_ws/build/example_interfaces_rclcpp': AMENT_PREFIX_PATH=/home/tianshu/ROS2Introduction/interface_intro_ws/install/example_ros2_interfaces:${AMENT_PREFIX_PATH} CMAKE_PREFIX_PATH=/home/tianshu/ROS2Introduction/interface_intro_ws/install/example_ros2_interfaces:/home/tianshu/ROS2Introduction/service_intro_ws/install/example_service_rclcpp:/opt/ros/humble CONDA_PROMPT_MODIFIER=(base) LD_LIBRARY_PATH=/home/tianshu/ROS2Introduction/interface_intro_ws/install/example_ros2_interfaces/lib:/usr/lib/wsl/lib:/opt/ros/humble/opt/rviz_ogre_vendor/lib:/opt/ros/humble/lib/x86_64-linux-gnu:/opt/ros/humble/lib:/usr/lib/wsl/lib PYTHONPATH=/home/tianshu/ROS2Introduction/interface_intro_ws/install/example_ros2_interfaces/local/lib/python3.10/dist-packages:${PYTHONPATH} WSLENV=ELECTRON_RUN_AS_NODE/w:WT_SESSION::WT_PROFILE_ID /usr/bin/cmake --build /home/tianshu/ROS2Introduction/interface_intro_ws/build/example_interfaces_rclcpp -- -j20 -l20
[7.217s] DEBUG:colcon.colcon_core.event_handler.log_command:Invoked command in '/home/tianshu/ROS2Introduction/interface_intro_ws/build/example_interfaces_rclcpp' returned '0': AMENT_PREFIX_PATH=/home/tianshu/ROS2Introduction/interface_intro_ws/install/example_ros2_interfaces:${AMENT_PREFIX_PATH} CMAKE_PREFIX_PATH=/home/tianshu/ROS2Introduction/interface_intro_ws/install/example_ros2_interfaces:/home/tianshu/ROS2Introduction/service_intro_ws/install/example_service_rclcpp:/opt/ros/humble CONDA_PROMPT_MODIFIER=(base) LD_LIBRARY_PATH=/home/tianshu/ROS2Introduction/interface_intro_ws/install/example_ros2_interfaces/lib:/usr/lib/wsl/lib:/opt/ros/humble/opt/rviz_ogre_vendor/lib:/opt/ros/humble/lib/x86_64-linux-gnu:/opt/ros/humble/lib:/usr/lib/wsl/lib PYTHONPATH=/home/tianshu/ROS2Introduction/interface_intro_ws/install/example_ros2_interfaces/local/lib/python3.10/dist-packages:${PYTHONPATH} WSLENV=ELECTRON_RUN_AS_NODE/w:WT_SESSION::WT_PROFILE_ID /usr/bin/cmake --build /home/tianshu/ROS2Introduction/interface_intro_ws/build/example_interfaces_rclcpp -- -j20 -l20
[7.268s] DEBUG:colcon.colcon_core.event_handler.log_command:Invoking command in '/home/tianshu/ROS2Introduction/interface_intro_ws/build/example_interfaces_rclcpp': AMENT_PREFIX_PATH=/home/tianshu/ROS2Introduction/interface_intro_ws/install/example_ros2_interfaces:${AMENT_PREFIX_PATH} CMAKE_PREFIX_PATH=/home/tianshu/ROS2Introduction/interface_intro_ws/install/example_ros2_interfaces:/home/tianshu/ROS2Introduction/service_intro_ws/install/example_service_rclcpp:/opt/ros/humble CONDA_PROMPT_MODIFIER=(base) LD_LIBRARY_PATH=/home/tianshu/ROS2Introduction/interface_intro_ws/install/example_ros2_interfaces/lib:/usr/lib/wsl/lib:/opt/ros/humble/opt/rviz_ogre_vendor/lib:/opt/ros/humble/lib/x86_64-linux-gnu:/opt/ros/humble/lib:/usr/lib/wsl/lib PYTHONPATH=/home/tianshu/ROS2Introduction/interface_intro_ws/install/example_ros2_interfaces/local/lib/python3.10/dist-packages:${PYTHONPATH} WSLENV=ELECTRON_RUN_AS_NODE/w:WT_SESSION::WT_PROFILE_ID /usr/bin/cmake --install /home/tianshu/ROS2Introduction/interface_intro_ws/build/example_interfaces_rclcpp
[7.285s] Level 1:colcon.colcon_core.environment:create_environment_scripts_only(example_interfaces_rclcpp)
[7.286s] Level 1:colcon.colcon_core.environment:checking '/home/tianshu/ROS2Introduction/interface_intro_ws/install/example_interfaces_rclcpp' for CMake module files
[7.287s] DEBUG:colcon.colcon_core.event_handler.log_command:Invoked command in '/home/tianshu/ROS2Introduction/interface_intro_ws/build/example_interfaces_rclcpp' returned '0': AMENT_PREFIX_PATH=/home/tianshu/ROS2Introduction/interface_intro_ws/install/example_ros2_interfaces:${AMENT_PREFIX_PATH} CMAKE_PREFIX_PATH=/home/tianshu/ROS2Introduction/interface_intro_ws/install/example_ros2_interfaces:/home/tianshu/ROS2Introduction/service_intro_ws/install/example_service_rclcpp:/opt/ros/humble CONDA_PROMPT_MODIFIER=(base) LD_LIBRARY_PATH=/home/tianshu/ROS2Introduction/interface_intro_ws/install/example_ros2_interfaces/lib:/usr/lib/wsl/lib:/opt/ros/humble/opt/rviz_ogre_vendor/lib:/opt/ros/humble/lib/x86_64-linux-gnu:/opt/ros/humble/lib:/usr/lib/wsl/lib PYTHONPATH=/home/tianshu/ROS2Introduction/interface_intro_ws/install/example_ros2_interfaces/local/lib/python3.10/dist-packages:${PYTHONPATH} WSLENV=ELECTRON_RUN_AS_NODE/w:WT_SESSION::WT_PROFILE_ID /usr/bin/cmake --install /home/tianshu/ROS2Introduction/interface_intro_ws/build/example_interfaces_rclcpp
[7.287s] Level 1:colcon.colcon_core.environment:checking '/home/tianshu/ROS2Introduction/interface_intro_ws/install/example_interfaces_rclcpp' for CMake config files
[7.287s] Level 1:colcon.colcon_core.shell:create_environment_hook('example_interfaces_rclcpp', 'cmake_prefix_path')
[7.288s] INFO:colcon.colcon_core.shell:Creating environment hook '/home/tianshu/ROS2Introduction/interface_intro_ws/install/example_interfaces_rclcpp/share/example_interfaces_rclcpp/hook/cmake_prefix_path.ps1'
[7.288s] INFO:colcon.colcon_core.shell:Creating environment descriptor '/home/tianshu/ROS2Introduction/interface_intro_ws/install/example_interfaces_rclcpp/share/example_interfaces_rclcpp/hook/cmake_prefix_path.dsv'
[7.288s] INFO:colcon.colcon_core.shell:Creating environment hook '/home/tianshu/ROS2Introduction/interface_intro_ws/install/example_interfaces_rclcpp/share/example_interfaces_rclcpp/hook/cmake_prefix_path.sh'
[7.289s] Level 1:colcon.colcon_core.environment:checking '/home/tianshu/ROS2Introduction/interface_intro_ws/install/example_interfaces_rclcpp/lib'
[7.289s] Level 1:colcon.colcon_core.environment:checking '/home/tianshu/ROS2Introduction/interface_intro_ws/install/example_interfaces_rclcpp/bin'
[7.289s] Level 1:colcon.colcon_core.environment:checking '/home/tianshu/ROS2Introduction/interface_intro_ws/install/example_interfaces_rclcpp/lib/pkgconfig/example_interfaces_rclcpp.pc'
[7.289s] Level 1:colcon.colcon_core.environment:checking '/home/tianshu/ROS2Introduction/interface_intro_ws/install/example_interfaces_rclcpp/lib/python3.10/site-packages'
[7.289s] Level 1:colcon.colcon_core.environment:checking '/home/tianshu/ROS2Introduction/interface_intro_ws/install/example_interfaces_rclcpp/bin'
[7.290s] INFO:colcon.colcon_core.shell:Creating package script '/home/tianshu/ROS2Introduction/interface_intro_ws/install/example_interfaces_rclcpp/share/example_interfaces_rclcpp/package.ps1'
[7.290s] INFO:colcon.colcon_core.shell:Creating package descriptor '/home/tianshu/ROS2Introduction/interface_intro_ws/install/example_interfaces_rclcpp/share/example_interfaces_rclcpp/package.dsv'
[7.290s] INFO:colcon.colcon_core.shell:Creating package script '/home/tianshu/ROS2Introduction/interface_intro_ws/install/example_interfaces_rclcpp/share/example_interfaces_rclcpp/package.sh'
[7.291s] INFO:colcon.colcon_core.shell:Creating package script '/home/tianshu/ROS2Introduction/interface_intro_ws/install/example_interfaces_rclcpp/share/example_interfaces_rclcpp/package.bash'
[7.291s] INFO:colcon.colcon_core.shell:Creating package script '/home/tianshu/ROS2Introduction/interface_intro_ws/install/example_interfaces_rclcpp/share/example_interfaces_rclcpp/package.zsh'
[7.291s] Level 1:colcon.colcon_core.environment:create_file_with_runtime_dependencies(/home/tianshu/ROS2Introduction/interface_intro_ws/install/example_interfaces_rclcpp/share/colcon-core/packages/example_interfaces_rclcpp)
[7.345s] Level 1:colcon.colcon_core.environment:create_environment_scripts_only(example_interfaces_rclcpp)
[7.346s] Level 1:colcon.colcon_core.environment:checking '/home/tianshu/ROS2Introduction/interface_intro_ws/install/example_interfaces_rclcpp' for CMake module files
[7.346s] Level 1:colcon.colcon_core.environment:checking '/home/tianshu/ROS2Introduction/interface_intro_ws/install/example_interfaces_rclcpp' for CMake config files
[7.347s] Level 1:colcon.colcon_core.shell:create_environment_hook('example_interfaces_rclcpp', 'cmake_prefix_path')
[7.347s] INFO:colcon.colcon_core.shell:Creating environment hook '/home/tianshu/ROS2Introduction/interface_intro_ws/install/example_interfaces_rclcpp/share/example_interfaces_rclcpp/hook/cmake_prefix_path.ps1'
[7.348s] INFO:colcon.colcon_core.shell:Creating environment descriptor '/home/tianshu/ROS2Introduction/interface_intro_ws/install/example_interfaces_rclcpp/share/example_interfaces_rclcpp/hook/cmake_prefix_path.dsv'
[7.348s] INFO:colcon.colcon_core.shell:Creating environment hook '/home/tianshu/ROS2Introduction/interface_intro_ws/install/example_interfaces_rclcpp/share/example_interfaces_rclcpp/hook/cmake_prefix_path.sh'
[7.348s] Level 1:colcon.colcon_core.environment:checking '/home/tianshu/ROS2Introduction/interface_intro_ws/install/example_interfaces_rclcpp/lib'
[7.348s] Level 1:colcon.colcon_core.environment:checking '/home/tianshu/ROS2Introduction/interface_intro_ws/install/example_interfaces_rclcpp/bin'
[7.348s] Level 1:colcon.colcon_core.environment:checking '/home/tianshu/ROS2Introduction/interface_intro_ws/install/example_interfaces_rclcpp/lib/pkgconfig/example_interfaces_rclcpp.pc'
[7.348s] Level 1:colcon.colcon_core.environment:checking '/home/tianshu/ROS2Introduction/interface_intro_ws/install/example_interfaces_rclcpp/lib/python3.10/site-packages'
[7.348s] Level 1:colcon.colcon_core.environment:checking '/home/tianshu/ROS2Introduction/interface_intro_ws/install/example_interfaces_rclcpp/bin'
[7.349s] INFO:colcon.colcon_core.shell:Creating package script '/home/tianshu/ROS2Introduction/interface_intro_ws/install/example_interfaces_rclcpp/share/example_interfaces_rclcpp/package.ps1'
[7.349s] INFO:colcon.colcon_core.shell:Creating package descriptor '/home/tianshu/ROS2Introduction/interface_intro_ws/install/example_interfaces_rclcpp/share/example_interfaces_rclcpp/package.dsv'
[7.350s] INFO:colcon.colcon_core.shell:Creating package script '/home/tianshu/ROS2Introduction/interface_intro_ws/install/example_interfaces_rclcpp/share/example_interfaces_rclcpp/package.sh'
[7.350s] INFO:colcon.colcon_core.shell:Creating package script '/home/tianshu/ROS2Introduction/interface_intro_ws/install/example_interfaces_rclcpp/share/example_interfaces_rclcpp/package.bash'
[7.350s] INFO:colcon.colcon_core.shell:Creating package script '/home/tianshu/ROS2Introduction/interface_intro_ws/install/example_interfaces_rclcpp/share/example_interfaces_rclcpp/package.zsh'
[7.351s] Level 1:colcon.colcon_core.environment:create_file_with_runtime_dependencies(/home/tianshu/ROS2Introduction/interface_intro_ws/install/example_interfaces_rclcpp/share/colcon-core/packages/example_interfaces_rclcpp)
[7.351s] DEBUG:colcon.colcon_parallel_executor.executor.parallel:closing loop
[7.351s] DEBUG:colcon.colcon_parallel_executor.executor.parallel:loop closed
[7.351s] DEBUG:colcon.colcon_parallel_executor.executor.parallel:run_until_complete finished with '0'
[7.351s] DEBUG:colcon.colcon_core.event_reactor:joining thread
[7.371s] INFO:colcon.colcon_core.plugin_system:Skipping extension 'colcon_notification.desktop_notification.notify_send': Could not find 'notify-send'
[7.371s] INFO:colcon.colcon_core.plugin_system:Skipping extension 'colcon_notification.desktop_notification.terminal_notifier': Not used on non-Darwin systems
[7.371s] INFO:colcon.colcon_core.plugin_system:Skipping extension 'colcon_notification.desktop_notification.win32': Not used on non-Windows systems
[7.371s] INFO:colcon.colcon_notification.desktop_notification:Sending desktop notification using 'notify2'
[7.377s] DEBUG:colcon.colcon_notification.desktop_notification.notify2:Failed to initialize notify2: org.freedesktop.DBus.Error.ServiceUnknown: The name org.freedesktop.Notifications was not provided by any .service files
[7.377s] DEBUG:colcon.colcon_core.event_reactor:joined thread
[7.378s] INFO:colcon.colcon_core.shell:Creating prefix script '/home/tianshu/ROS2Introduction/interface_intro_ws/install/local_setup.ps1'
[7.379s] INFO:colcon.colcon_core.shell:Creating prefix util module '/home/tianshu/ROS2Introduction/interface_intro_ws/install/_local_setup_util_ps1.py'
[7.380s] INFO:colcon.colcon_core.shell:Creating prefix chain script '/home/tianshu/ROS2Introduction/interface_intro_ws/install/setup.ps1'
[7.380s] INFO:colcon.colcon_core.shell:Creating prefix script '/home/tianshu/ROS2Introduction/interface_intro_ws/install/local_setup.sh'
[7.381s] INFO:colcon.colcon_core.shell:Creating prefix util module '/home/tianshu/ROS2Introduction/interface_intro_ws/install/_local_setup_util_sh.py'
[7.381s] INFO:colcon.colcon_core.shell:Creating prefix chain script '/home/tianshu/ROS2Introduction/interface_intro_ws/install/setup.sh'
[7.382s] INFO:colcon.colcon_core.shell:Creating prefix script '/home/tianshu/ROS2Introduction/interface_intro_ws/install/local_setup.bash'
[7.382s] INFO:colcon.colcon_core.shell:Creating prefix chain script '/home/tianshu/ROS2Introduction/interface_intro_ws/install/setup.bash'
[7.382s] INFO:colcon.colcon_core.shell:Creating prefix script '/home/tianshu/ROS2Introduction/interface_intro_ws/install/local_setup.zsh'
[7.383s] INFO:colcon.colcon_core.shell:Creating prefix chain script '/home/tianshu/ROS2Introduction/interface_intro_ws/install/setup.zsh'
