[0.019s] Invoking command in '/home/tianshu/ROS2Introduction/service_intro_ws_cpp/build/example_service_rclcpp': CMAKE_PREFIX_PATH=${CMAKE_PREFIX_PATH}:/opt/ros/humble CONDA_PROMPT_MODIFIER=(base) WSLENV=ELECTRON_RUN_AS_NODE/w: /home/tianshu/miniconda3/bin/cmake --build /home/tianshu/ROS2Introduction/service_intro_ws_cpp/build/example_service_rclcpp -- -j20 -l20
[0.127s] [ 50%] Built target service_server_01
[0.128s] [ 75%] [32mBuilding CXX object CMakeFiles/service_client_01.dir/src/service_client_01.cpp.o[0m
[2.749s] [100%] [32m[1mLinking CXX executable service_client_01[0m
[2.911s] [100%] Built target service_client_01
[2.920s] Invoked command in '/home/tianshu/ROS2Introduction/service_intro_ws_cpp/build/example_service_rclcpp' returned '0': CMAKE_PREFIX_PATH=${CMAKE_PREFIX_PATH}:/opt/ros/humble CONDA_PROMPT_MODIFIER=(base) WSLENV=ELECTRON_RUN_AS_NODE/w: /home/tianshu/miniconda3/bin/cmake --build /home/tianshu/ROS2Introduction/service_intro_ws_cpp/build/example_service_rclcpp -- -j20 -l20
[3.036s] Invoking command in '/home/tianshu/ROS2Introduction/service_intro_ws_cpp/build/example_service_rclcpp': CMAKE_PREFIX_PATH=${CMAKE_PREFIX_PATH}:/opt/ros/humble CONDA_PROMPT_MODIFIER=(base) WSLENV=ELECTRON_RUN_AS_NODE/w: /home/tianshu/miniconda3/bin/cmake --install /home/tianshu/ROS2Introduction/service_intro_ws_cpp/build/example_service_rclcpp
[3.063s] -- Install configuration: ""
[3.063s] -- Up-to-date: /home/tianshu/ROS2Introduction/service_intro_ws_cpp/install/example_service_rclcpp/share/ament_index/resource_index/package_run_dependencies/example_service_rclcpp
[3.063s] -- Up-to-date: /home/tianshu/ROS2Introduction/service_intro_ws_cpp/install/example_service_rclcpp/share/ament_index/resource_index/parent_prefix_path/example_service_rclcpp
[3.063s] -- Up-to-date: /home/tianshu/ROS2Introduction/service_intro_ws_cpp/install/example_service_rclcpp/share/example_service_rclcpp/environment/ament_prefix_path.sh
[3.063s] -- Up-to-date: /home/tianshu/ROS2Introduction/service_intro_ws_cpp/install/example_service_rclcpp/share/example_service_rclcpp/environment/ament_prefix_path.dsv
[3.063s] -- Up-to-date: /home/tianshu/ROS2Introduction/service_intro_ws_cpp/install/example_service_rclcpp/share/example_service_rclcpp/environment/path.sh
[3.063s] -- Up-to-date: /home/tianshu/ROS2Introduction/service_intro_ws_cpp/install/example_service_rclcpp/share/example_service_rclcpp/environment/path.dsv
[3.063s] -- Up-to-date: /home/tianshu/ROS2Introduction/service_intro_ws_cpp/install/example_service_rclcpp/share/example_service_rclcpp/local_setup.bash
[3.063s] -- Up-to-date: /home/tianshu/ROS2Introduction/service_intro_ws_cpp/install/example_service_rclcpp/share/example_service_rclcpp/local_setup.sh
[3.063s] -- Up-to-date: /home/tianshu/ROS2Introduction/service_intro_ws_cpp/install/example_service_rclcpp/share/example_service_rclcpp/local_setup.zsh
[3.063s] -- Up-to-date: /home/tianshu/ROS2Introduction/service_intro_ws_cpp/install/example_service_rclcpp/share/example_service_rclcpp/local_setup.dsv
[3.063s] -- Installing: /home/tianshu/ROS2Introduction/service_intro_ws_cpp/install/example_service_rclcpp/share/example_service_rclcpp/package.dsv
[3.063s] -- Up-to-date: /home/tianshu/ROS2Introduction/service_intro_ws_cpp/install/example_service_rclcpp/share/ament_index/resource_index/packages/example_service_rclcpp
[3.063s] -- Up-to-date: /home/tianshu/ROS2Introduction/service_intro_ws_cpp/install/example_service_rclcpp/share/example_service_rclcpp/cmake/example_service_rclcppConfig.cmake
[3.063s] -- Up-to-date: /home/tianshu/ROS2Introduction/service_intro_ws_cpp/install/example_service_rclcpp/share/example_service_rclcpp/cmake/example_service_rclcppConfig-version.cmake
[3.063s] -- Up-to-date: /home/tianshu/ROS2Introduction/service_intro_ws_cpp/install/example_service_rclcpp/share/example_service_rclcpp/package.xml
[3.064s] -- Up-to-date: /home/tianshu/ROS2Introduction/service_intro_ws_cpp/install/example_service_rclcpp/lib/example_service_rclcpp/service_server_01
[3.064s] -- Installing: /home/tianshu/ROS2Introduction/service_intro_ws_cpp/install/example_service_rclcpp/lib/example_service_rclcpp/service_client_01
[3.067s] -- Set runtime path of "/home/tianshu/ROS2Introduction/service_intro_ws_cpp/install/example_service_rclcpp/lib/example_service_rclcpp/service_client_01" to ""
[3.071s] Invoked command in '/home/tianshu/ROS2Introduction/service_intro_ws_cpp/build/example_service_rclcpp' returned '0': CMAKE_PREFIX_PATH=${CMAKE_PREFIX_PATH}:/opt/ros/humble CONDA_PROMPT_MODIFIER=(base) WSLENV=ELECTRON_RUN_AS_NODE/w: /home/tianshu/miniconda3/bin/cmake --install /home/tianshu/ROS2Introduction/service_intro_ws_cpp/build/example_service_rclcpp
