[0.180s] Invoking command in '/home/tianshu/ROS2Introduction/bot_description/build/bot_navigation2': CMAKE_PREFIX_PATH=${CMAKE_PREFIX_PATH}:/home/tianshu/ROS2Introduction/bot_description/install/bot00_description:/opt/ros/humble /usr/bin/cmake --build /home/tianshu/ROS2Introduction/bot_description/build/bot_navigation2 -- -j20 -l20
[0.224s] Invoked command in '/home/tianshu/ROS2Introduction/bot_description/build/bot_navigation2' returned '0': CMAKE_PREFIX_PATH=${CMAKE_PREFIX_PATH}:/home/tianshu/ROS2Introduction/bot_description/install/bot00_description:/opt/ros/humble /usr/bin/cmake --build /home/tianshu/ROS2Introduction/bot_description/build/bot_navigation2 -- -j20 -l20
[0.339s] Invoking command in '/home/tianshu/ROS2Introduction/bot_description/build/bot_navigation2': CMAKE_PREFIX_PATH=${CMAKE_PREFIX_PATH}:/home/tianshu/ROS2Introduction/bot_description/install/bot00_description:/opt/ros/humble /usr/bin/cmake --install /home/tianshu/ROS2Introduction/bot_description/build/bot_navigation2
[0.353s] -- Install configuration: ""
[0.353s] -- Up-to-date: /home/tianshu/ROS2Introduction/bot_description/install/bot_navigation2/share/ament_index/resource_index/package_run_dependencies/bot_navigation2
[0.353s] -- Up-to-date: /home/tianshu/ROS2Introduction/bot_description/install/bot_navigation2/share/ament_index/resource_index/parent_prefix_path/bot_navigation2
[0.353s] -- Up-to-date: /home/tianshu/ROS2Introduction/bot_description/install/bot_navigation2/share/bot_navigation2/environment/ament_prefix_path.sh
[0.354s] -- Up-to-date: /home/tianshu/ROS2Introduction/bot_description/install/bot_navigation2/share/bot_navigation2/environment/ament_prefix_path.dsv
[0.354s] -- Up-to-date: /home/tianshu/ROS2Introduction/bot_description/install/bot_navigation2/share/bot_navigation2/environment/path.sh
[0.354s] -- Up-to-date: /home/tianshu/ROS2Introduction/bot_description/install/bot_navigation2/share/bot_navigation2/environment/path.dsv
[0.354s] -- Up-to-date: /home/tianshu/ROS2Introduction/bot_description/install/bot_navigation2/share/bot_navigation2/local_setup.bash
[0.354s] -- Up-to-date: /home/tianshu/ROS2Introduction/bot_description/install/bot_navigation2/share/bot_navigation2/local_setup.sh
[0.354s] -- Up-to-date: /home/tianshu/ROS2Introduction/bot_description/install/bot_navigation2/share/bot_navigation2/local_setup.zsh
[0.354s] -- Up-to-date: /home/tianshu/ROS2Introduction/bot_description/install/bot_navigation2/share/bot_navigation2/local_setup.dsv
[0.355s] -- Installing: /home/tianshu/ROS2Introduction/bot_description/install/bot_navigation2/share/bot_navigation2/package.dsv
[0.355s] -- Up-to-date: /home/tianshu/ROS2Introduction/bot_description/install/bot_navigation2/share/ament_index/resource_index/packages/bot_navigation2
[0.355s] -- Up-to-date: /home/tianshu/ROS2Introduction/bot_description/install/bot_navigation2/share/bot_navigation2/cmake/bot_navigation2Config.cmake
[0.355s] -- Up-to-date: /home/tianshu/ROS2Introduction/bot_description/install/bot_navigation2/share/bot_navigation2/cmake/bot_navigation2Config-version.cmake
[0.355s] -- Up-to-date: /home/tianshu/ROS2Introduction/bot_description/install/bot_navigation2/share/bot_navigation2/package.xml
[0.355s] -- Up-to-date: /home/tianshu/ROS2Introduction/bot_description/install/bot_navigation2/share/bot_navigation2/launch
[0.355s] -- Up-to-date: /home/tianshu/ROS2Introduction/bot_description/install/bot_navigation2/share/bot_navigation2/launch/nav2.launch.py
[0.355s] -- Up-to-date: /home/tianshu/ROS2Introduction/bot_description/install/bot_navigation2/share/bot_navigation2/param
[0.356s] -- Up-to-date: /home/tianshu/ROS2Introduction/bot_description/install/bot_navigation2/share/bot_navigation2/param/bot_nav2.yaml
[0.359s] -- Up-to-date: /home/tianshu/ROS2Introduction/bot_description/install/bot_navigation2/share/bot_navigation2/maps
[0.359s] -- Up-to-date: /home/tianshu/ROS2Introduction/bot_description/install/bot_navigation2/share/bot_navigation2/maps/bot_map.yaml
[0.359s] -- Up-to-date: /home/tianshu/ROS2Introduction/bot_description/install/bot_navigation2/share/bot_navigation2/maps/bot_map.pgm
[0.359s] Invoked command in '/home/tianshu/ROS2Introduction/bot_description/build/bot_navigation2' returned '0': CMAKE_PREFIX_PATH=${CMAKE_PREFIX_PATH}:/home/tianshu/ROS2Introduction/bot_description/install/bot00_description:/opt/ros/humble /usr/bin/cmake --install /home/tianshu/ROS2Introduction/bot_description/build/bot_navigation2
