[35m[1mConsolidate compiler generated dependencies of target parameter_basic[0m
[ 50%] [32mBuilding CXX object CMakeFiles/parameter_basic.dir/src/parameter_basic.cpp.o[0m
[100%] [32m[1mLinking CXX executable parameter_basic[0m
[100%] Built target parameter_basic
-- Install configuration: ""
-- Installing: /home/tianshu/ROS2Introduction/para_intro_ws/install/example_parameters_rclcpp/lib/example_parameters_rclcpp/parameter_basic
-- Set runtime path of "/home/tianshu/ROS2Introduction/para_intro_ws/install/example_parameters_rclcpp/lib/example_parameters_rclcpp/parameter_basic" to ""
-- Up-to-date: /home/tianshu/ROS2Introduction/para_intro_ws/install/example_parameters_rclcpp/share/ament_index/resource_index/package_run_dependencies/example_parameters_rclcpp
-- Up-to-date: /home/tianshu/ROS2Introduction/para_intro_ws/install/example_parameters_rclcpp/share/ament_index/resource_index/parent_prefix_path/example_parameters_rclcpp
-- Up-to-date: /home/tianshu/ROS2Introduction/para_intro_ws/install/example_parameters_rclcpp/share/example_parameters_rclcpp/environment/ament_prefix_path.sh
-- Up-to-date: /home/tianshu/ROS2Introduction/para_intro_ws/install/example_parameters_rclcpp/share/example_parameters_rclcpp/environment/ament_prefix_path.dsv
-- Up-to-date: /home/tianshu/ROS2Introduction/para_intro_ws/install/example_parameters_rclcpp/share/example_parameters_rclcpp/environment/path.sh
-- Up-to-date: /home/tianshu/ROS2Introduction/para_intro_ws/install/example_parameters_rclcpp/share/example_parameters_rclcpp/environment/path.dsv
-- Up-to-date: /home/tianshu/ROS2Introduction/para_intro_ws/install/example_parameters_rclcpp/share/example_parameters_rclcpp/local_setup.bash
-- Up-to-date: /home/tianshu/ROS2Introduction/para_intro_ws/install/example_parameters_rclcpp/share/example_parameters_rclcpp/local_setup.sh
-- Up-to-date: /home/tianshu/ROS2Introduction/para_intro_ws/install/example_parameters_rclcpp/share/example_parameters_rclcpp/local_setup.zsh
-- Up-to-date: /home/tianshu/ROS2Introduction/para_intro_ws/install/example_parameters_rclcpp/share/example_parameters_rclcpp/local_setup.dsv
-- Installing: /home/tianshu/ROS2Introduction/para_intro_ws/install/example_parameters_rclcpp/share/example_parameters_rclcpp/package.dsv
-- Up-to-date: /home/tianshu/ROS2Introduction/para_intro_ws/install/example_parameters_rclcpp/share/ament_index/resource_index/packages/example_parameters_rclcpp
-- Up-to-date: /home/tianshu/ROS2Introduction/para_intro_ws/install/example_parameters_rclcpp/share/example_parameters_rclcpp/cmake/example_parameters_rclcppConfig.cmake
-- Up-to-date: /home/tianshu/ROS2Introduction/para_intro_ws/install/example_parameters_rclcpp/share/example_parameters_rclcpp/cmake/example_parameters_rclcppConfig-version.cmake
-- Up-to-date: /home/tianshu/ROS2Introduction/para_intro_ws/install/example_parameters_rclcpp/share/example_parameters_rclcpp/package.xml
