[35m[1mConsolidate compiler generated dependencies of target action_control_01[0m
[35m[1mConsolidate compiler generated dependencies of target action_robot_01[0m
[ 20%] [32mBuilding CXX object CMakeFiles/action_robot_01.dir/src/action_robot_01.cpp.o[0m
[ 40%] [32mBuilding CXX object CMakeFiles/action_control_01.dir/src/action_control_01.cpp.o[0m
[01m[K/home/tianshu/ROS2Introduction/action_intro_ws/src/example_action_rclcpp/src/action_control_01.cpp:[m[K In member function ‘[01m[Kvoid ActionControl01::feedback_callback(rclcpp_action::ClientGoalHandle<robot_control_interface::action::MoveRobot>::SharedPtr, std::shared_ptr<const robot_control_interface::action::MoveRobot_Feedback_<std::allocator<void> > >)[m[K’:
[01m[K/home/tianshu/ROS2Introduction/action_intro_ws/src/example_action_rclcpp/src/action_control_01.cpp:53:73:[m[K [01;35m[Kwarning: [m[Kunused parameter ‘[01m[Kgoal_handle[m[K’ [[01;35m[K]8;;https://gcc.gnu.org/onlinedocs/gcc/Warning-Options.html#index-Wunused-parameter-Wunused-parameter]8;;[m[K]
   53 | void ActionControl01::feedback_callback([01;35m[KGoalHandlerMoveRobot::SharedPtr goal_handle[m[K, const std::shared_ptr<const MoveRobot::Feedback> feedback) {
      |                                         [01;35m[K~~~~~~~~~~~~~~~~~~~~~~~~~~~~~~~~^~~~~~~~~~~[m[K
[01m[K/home/tianshu/ROS2Introduction/action_intro_ws/src/example_action_rclcpp/src/action_control_01.cpp:[m[K In member function ‘[01m[Kvoid ActionControl01::result_callback(const rclcpp_action::ClientGoalHandle<robot_control_interface::action::MoveRobot>::WrappedResult&)[m[K’:
[01m[K/home/tianshu/ROS2Introduction/action_intro_ws/src/example_action_rclcpp/src/action_control_01.cpp:58:12:[m[K [01;35m[Kwarning: [m[Kenumeration value ‘[01m[KUNKNOWN[m[K’ not handled in switch [[01;35m[K]8;;https://gcc.gnu.org/onlinedocs/gcc/Warning-Options.html#index-Wswitch-Wswitch]8;;[m[K]
   58 |     switch [01;35m[K([m[Kresult.code) {
      |            [01;35m[K^[m[K
[ 60%] [32m[1mLinking CXX executable action_robot_01[0m
[ 80%] Built target action_robot_01
[100%] [32m[1mLinking CXX executable action_control_01[0m
[100%] Built target action_control_01
-- Install configuration: ""
-- Installing: /home/tianshu/ROS2Introduction/action_intro_ws/install/example_action_rclcpp/lib/example_action_rclcpp/action_robot_01
-- Set runtime path of "/home/tianshu/ROS2Introduction/action_intro_ws/install/example_action_rclcpp/lib/example_action_rclcpp/action_robot_01" to ""
-- Installing: /home/tianshu/ROS2Introduction/action_intro_ws/install/example_action_rclcpp/share/ament_index/resource_index/package_run_dependencies/example_action_rclcpp
-- Installing: /home/tianshu/ROS2Introduction/action_intro_ws/install/example_action_rclcpp/share/ament_index/resource_index/parent_prefix_path/example_action_rclcpp
-- Installing: /home/tianshu/ROS2Introduction/action_intro_ws/install/example_action_rclcpp/share/example_action_rclcpp/environment/ament_prefix_path.sh
-- Installing: /home/tianshu/ROS2Introduction/action_intro_ws/install/example_action_rclcpp/share/example_action_rclcpp/environment/ament_prefix_path.dsv
-- Installing: /home/tianshu/ROS2Introduction/action_intro_ws/install/example_action_rclcpp/share/example_action_rclcpp/environment/path.sh
-- Installing: /home/tianshu/ROS2Introduction/action_intro_ws/install/example_action_rclcpp/share/example_action_rclcpp/environment/path.dsv
-- Installing: /home/tianshu/ROS2Introduction/action_intro_ws/install/example_action_rclcpp/share/example_action_rclcpp/local_setup.bash
-- Installing: /home/tianshu/ROS2Introduction/action_intro_ws/install/example_action_rclcpp/share/example_action_rclcpp/local_setup.sh
-- Installing: /home/tianshu/ROS2Introduction/action_intro_ws/install/example_action_rclcpp/share/example_action_rclcpp/local_setup.zsh
-- Installing: /home/tianshu/ROS2Introduction/action_intro_ws/install/example_action_rclcpp/share/example_action_rclcpp/local_setup.dsv
-- Installing: /home/tianshu/ROS2Introduction/action_intro_ws/install/example_action_rclcpp/share/example_action_rclcpp/package.dsv
-- Installing: /home/tianshu/ROS2Introduction/action_intro_ws/install/example_action_rclcpp/share/ament_index/resource_index/packages/example_action_rclcpp
-- Installing: /home/tianshu/ROS2Introduction/action_intro_ws/install/example_action_rclcpp/share/example_action_rclcpp/cmake/example_action_rclcppConfig.cmake
-- Installing: /home/tianshu/ROS2Introduction/action_intro_ws/install/example_action_rclcpp/share/example_action_rclcpp/cmake/example_action_rclcppConfig-version.cmake
-- Installing: /home/tianshu/ROS2Introduction/action_intro_ws/install/example_action_rclcpp/share/example_action_rclcpp/package.xml
