[0.024s] Invoking command in '/home/tianshu/ROS2Introduction/topic_intro_ws/build/example_topic_rclcpp': CMAKE_PREFIX_PATH=${CMAKE_PREFIX_PATH}:/opt/ros/humble CONDA_PROMPT_MODIFIER=(base) WSLENV=ELECTRON_RUN_AS_NODE/w:WT_SESSION::WT_PROFILE_ID /usr/bin/cmake --build /home/tianshu/ROS2Introduction/topic_intro_ws/build/example_topic_rclcpp -- -j20 -l20
[0.055s] -- Found ament_cmake: 1.3.4 (/opt/ros/humble/share/ament_cmake/cmake)
[0.171s] -- Found rclcpp: 16.0.4 (/opt/ros/humble/share/rclcpp/cmake)
[0.264s] -- Found rosidl_generator_c: 3.1.4 (/opt/ros/humble/share/rosidl_generator_c/cmake)
[0.266s] -- Found rosidl_adapter: 3.1.4 (/opt/ros/humble/share/rosidl_adapter/cmake)
[0.270s] -- Found rosidl_generator_cpp: 3.1.4 (/opt/ros/humble/share/rosidl_generator_cpp/cmake)
[0.277s] -- Using all available rosidl_typesupport_c: rosidl_typesupport_fastrtps_c;rosidl_typesupport_introspection_c
[0.287s] -- Using all available rosidl_typesupport_cpp: rosidl_typesupport_fastrtps_cpp;rosidl_typesupport_introspection_cpp
[0.326s] -- Found rmw_implementation_cmake: 6.1.1 (/opt/ros/humble/share/rmw_implementation_cmake/cmake)
[0.327s] -- Found rmw_fastrtps_cpp: 6.2.2 (/opt/ros/humble/share/rmw_fastrtps_cpp/cmake)
[2.816s] -- Using RMW implementation 'rmw_fastrtps_cpp' as default
[2.925s] -- Found ament_lint_auto: 0.12.6 (/opt/ros/humble/share/ament_lint_auto/cmake)
[2.977s] -- Added test 'cppcheck' to perform static code analysis on C / C++ code
[2.977s] -- Configured cppcheck include dirs: 
[2.977s] -- Configured cppcheck exclude dirs and/or files: 
[2.978s] -- Added test 'lint_cmake' to check CMake code style
[2.978s] -- Added test 'uncrustify' to check C / C++ code style
[2.978s] -- Configured uncrustify additional arguments: 
[2.978s] -- Added test 'xmllint' to check XML markup files
[2.978s] -- Configuring done
[2.984s] -- Generating done
[2.986s] -- Build files have been written to: /home/tianshu/ROS2Introduction/topic_intro_ws/build/example_topic_rclcpp
[3.037s] [35m[1mConsolidate compiler generated dependencies of target topic_publisher_01[0m
[3.059s] [ 50%] [32m[1mLinking CXX executable topic_publisher_01[0m
[3.243s] [100%] Built target topic_publisher_01
[3.257s] Invoked command in '/home/tianshu/ROS2Introduction/topic_intro_ws/build/example_topic_rclcpp' returned '0': CMAKE_PREFIX_PATH=${CMAKE_PREFIX_PATH}:/opt/ros/humble CONDA_PROMPT_MODIFIER=(base) WSLENV=ELECTRON_RUN_AS_NODE/w:WT_SESSION::WT_PROFILE_ID /usr/bin/cmake --build /home/tianshu/ROS2Introduction/topic_intro_ws/build/example_topic_rclcpp -- -j20 -l20
[3.346s] Invoking command in '/home/tianshu/ROS2Introduction/topic_intro_ws/build/example_topic_rclcpp': CMAKE_PREFIX_PATH=${CMAKE_PREFIX_PATH}:/opt/ros/humble CONDA_PROMPT_MODIFIER=(base) WSLENV=ELECTRON_RUN_AS_NODE/w:WT_SESSION::WT_PROFILE_ID /usr/bin/cmake --install /home/tianshu/ROS2Introduction/topic_intro_ws/build/example_topic_rclcpp
[3.358s] -- Install configuration: ""
[3.358s] -- Up-to-date: /home/tianshu/ROS2Introduction/topic_intro_ws/install/example_topic_rclcpp/share/ament_index/resource_index/package_run_dependencies/example_topic_rclcpp
[3.358s] -- Up-to-date: /home/tianshu/ROS2Introduction/topic_intro_ws/install/example_topic_rclcpp/share/ament_index/resource_index/parent_prefix_path/example_topic_rclcpp
[3.359s] -- Up-to-date: /home/tianshu/ROS2Introduction/topic_intro_ws/install/example_topic_rclcpp/share/example_topic_rclcpp/environment/ament_prefix_path.sh
[3.359s] -- Installing: /home/tianshu/ROS2Introduction/topic_intro_ws/install/example_topic_rclcpp/share/example_topic_rclcpp/environment/ament_prefix_path.dsv
[3.359s] -- Up-to-date: /home/tianshu/ROS2Introduction/topic_intro_ws/install/example_topic_rclcpp/share/example_topic_rclcpp/environment/path.sh
[3.359s] -- Installing: /home/tianshu/ROS2Introduction/topic_intro_ws/install/example_topic_rclcpp/share/example_topic_rclcpp/environment/path.dsv
[3.359s] -- Up-to-date: /home/tianshu/ROS2Introduction/topic_intro_ws/install/example_topic_rclcpp/share/example_topic_rclcpp/local_setup.bash
[3.359s] -- Up-to-date: /home/tianshu/ROS2Introduction/topic_intro_ws/install/example_topic_rclcpp/share/example_topic_rclcpp/local_setup.sh
[3.359s] -- Up-to-date: /home/tianshu/ROS2Introduction/topic_intro_ws/install/example_topic_rclcpp/share/example_topic_rclcpp/local_setup.zsh
[3.359s] -- Installing: /home/tianshu/ROS2Introduction/topic_intro_ws/install/example_topic_rclcpp/share/example_topic_rclcpp/local_setup.dsv
[3.359s] -- Installing: /home/tianshu/ROS2Introduction/topic_intro_ws/install/example_topic_rclcpp/share/example_topic_rclcpp/package.dsv
[3.359s] -- Up-to-date: /home/tianshu/ROS2Introduction/topic_intro_ws/install/example_topic_rclcpp/share/ament_index/resource_index/packages/example_topic_rclcpp
[3.359s] -- Up-to-date: /home/tianshu/ROS2Introduction/topic_intro_ws/install/example_topic_rclcpp/share/example_topic_rclcpp/cmake/example_topic_rclcppConfig.cmake
[3.359s] -- Up-to-date: /home/tianshu/ROS2Introduction/topic_intro_ws/install/example_topic_rclcpp/share/example_topic_rclcpp/cmake/example_topic_rclcppConfig-version.cmake
[3.359s] -- Up-to-date: /home/tianshu/ROS2Introduction/topic_intro_ws/install/example_topic_rclcpp/share/example_topic_rclcpp/package.xml
[3.359s] -- Installing: /home/tianshu/ROS2Introduction/topic_intro_ws/install/example_topic_rclcpp/lib/example_topic_rclcpp/topic_publisher_01
[3.359s] -- Set runtime path of "/home/tianshu/ROS2Introduction/topic_intro_ws/install/example_topic_rclcpp/lib/example_topic_rclcpp/topic_publisher_01" to ""
[3.361s] Invoked command in '/home/tianshu/ROS2Introduction/topic_intro_ws/build/example_topic_rclcpp' returned '0': CMAKE_PREFIX_PATH=${CMAKE_PREFIX_PATH}:/opt/ros/humble CONDA_PROMPT_MODIFIER=(base) WSLENV=ELECTRON_RUN_AS_NODE/w:WT_SESSION::WT_PROFILE_ID /usr/bin/cmake --install /home/tianshu/ROS2Introduction/topic_intro_ws/build/example_topic_rclcpp
