[0.020s] Invoking command in '/home/tianshu/ROS2Introduction/launch_intro_ws/build/robot_startup': CMAKE_PREFIX_PATH=/opt/ros/humble CONDA_PROMPT_MODIFIER=(base) WSLENV=ELECTRON_RUN_AS_NODE/w:WT_SESSION::WT_PROFILE_ID /usr/bin/cmake /home/tianshu/ROS2Introduction/launch_intro_ws/src/robot_startup -DCMAKE_INSTALL_PREFIX=/home/tianshu/ROS2Introduction/launch_intro_ws/install/robot_startup
[0.213s] -- The C compiler identification is GNU 11.3.0
[0.516s] -- The CXX compiler identification is GNU 11.3.0
[0.660s] -- Detecting C compiler ABI info
[0.780s] -- Detecting C compiler ABI info - done
[0.784s] -- Check for working C compiler: /usr/bin/cc - skipped
[0.784s] -- Detecting C compile features
[0.785s] -- Detecting C compile features - done
[0.787s] -- Detecting CXX compiler ABI info
[0.894s] -- Detecting CXX compiler ABI info - done
[0.898s] -- Check for working CXX compiler: /usr/bin/c++ - skipped
[0.898s] -- Detecting CXX compile features
[0.898s] -- Detecting CXX compile features - done
[0.905s] -- Found ament_cmake: 1.3.4 (/opt/ros/humble/share/ament_cmake/cmake)
[1.066s] -- Found Python3: /usr/bin/python3.10 (found version "3.10.6") found components: Interpreter 
[1.146s] -- Found ament_lint_auto: 0.12.6 (/opt/ros/humble/share/ament_lint_auto/cmake)
[1.202s] -- Added test 'flake8' to check Python code syntax and style conventions
[1.202s] -- Added test 'lint_cmake' to check CMake code style
[1.203s] -- Added test 'pep257' to check Python code against some of the docstring style conventions in PEP 257
[1.205s] -- Added test 'xmllint' to check XML markup files
[1.209s] -- Configuring done
[1.214s] -- Generating done
[1.215s] -- Build files have been written to: /home/tianshu/ROS2Introduction/launch_intro_ws/build/robot_startup
[1.221s] Invoked command in '/home/tianshu/ROS2Introduction/launch_intro_ws/build/robot_startup' returned '0': CMAKE_PREFIX_PATH=/opt/ros/humble CONDA_PROMPT_MODIFIER=(base) WSLENV=ELECTRON_RUN_AS_NODE/w:WT_SESSION::WT_PROFILE_ID /usr/bin/cmake /home/tianshu/ROS2Introduction/launch_intro_ws/src/robot_startup -DCMAKE_INSTALL_PREFIX=/home/tianshu/ROS2Introduction/launch_intro_ws/install/robot_startup
[1.221s] Invoking command in '/home/tianshu/ROS2Introduction/launch_intro_ws/build/robot_startup': CMAKE_PREFIX_PATH=/opt/ros/humble CONDA_PROMPT_MODIFIER=(base) WSLENV=ELECTRON_RUN_AS_NODE/w:WT_SESSION::WT_PROFILE_ID /usr/bin/cmake --build /home/tianshu/ROS2Introduction/launch_intro_ws/build/robot_startup -- -j20 -l20
[1.272s] Invoked command in '/home/tianshu/ROS2Introduction/launch_intro_ws/build/robot_startup' returned '0': CMAKE_PREFIX_PATH=/opt/ros/humble CONDA_PROMPT_MODIFIER=(base) WSLENV=ELECTRON_RUN_AS_NODE/w:WT_SESSION::WT_PROFILE_ID /usr/bin/cmake --build /home/tianshu/ROS2Introduction/launch_intro_ws/build/robot_startup -- -j20 -l20
[1.327s] Invoking command in '/home/tianshu/ROS2Introduction/launch_intro_ws/build/robot_startup': CMAKE_PREFIX_PATH=/opt/ros/humble CONDA_PROMPT_MODIFIER=(base) WSLENV=ELECTRON_RUN_AS_NODE/w:WT_SESSION::WT_PROFILE_ID /usr/bin/cmake --install /home/tianshu/ROS2Introduction/launch_intro_ws/build/robot_startup
[1.335s] -- Install configuration: ""
[1.336s] -- Installing: /home/tianshu/ROS2Introduction/launch_intro_ws/install/robot_startup/share/robot_startup/launch
[1.336s] -- Installing: /home/tianshu/ROS2Introduction/launch_intro_ws/install/robot_startup/share/robot_startup/launch/example_action.launch.py
[1.336s] -- Installing: /home/tianshu/ROS2Introduction/launch_intro_ws/install/robot_startup/share/ament_index/resource_index/package_run_dependencies/robot_startup
[1.336s] -- Installing: /home/tianshu/ROS2Introduction/launch_intro_ws/install/robot_startup/share/ament_index/resource_index/parent_prefix_path/robot_startup
[1.337s] -- Installing: /home/tianshu/ROS2Introduction/launch_intro_ws/install/robot_startup/share/robot_startup/environment/ament_prefix_path.sh
[1.337s] -- Installing: /home/tianshu/ROS2Introduction/launch_intro_ws/install/robot_startup/share/robot_startup/environment/ament_prefix_path.dsv
[1.337s] -- Installing: /home/tianshu/ROS2Introduction/launch_intro_ws/install/robot_startup/share/robot_startup/environment/path.sh
[1.337s] -- Installing: /home/tianshu/ROS2Introduction/launch_intro_ws/install/robot_startup/share/robot_startup/environment/path.dsv
[1.337s] -- Installing: /home/tianshu/ROS2Introduction/launch_intro_ws/install/robot_startup/share/robot_startup/local_setup.bash
[1.337s] -- Installing: /home/tianshu/ROS2Introduction/launch_intro_ws/install/robot_startup/share/robot_startup/local_setup.sh
[1.337s] -- Installing: /home/tianshu/ROS2Introduction/launch_intro_ws/install/robot_startup/share/robot_startup/local_setup.zsh
[1.337s] -- Installing: /home/tianshu/ROS2Introduction/launch_intro_ws/install/robot_startup/share/robot_startup/local_setup.dsv
[1.337s] -- Installing: /home/tianshu/ROS2Introduction/launch_intro_ws/install/robot_startup/share/robot_startup/package.dsv
[1.337s] -- Installing: /home/tianshu/ROS2Introduction/launch_intro_ws/install/robot_startup/share/ament_index/resource_index/packages/robot_startup
[1.337s] -- Installing: /home/tianshu/ROS2Introduction/launch_intro_ws/install/robot_startup/share/robot_startup/cmake/robot_startupConfig.cmake
[1.337s] -- Installing: /home/tianshu/ROS2Introduction/launch_intro_ws/install/robot_startup/share/robot_startup/cmake/robot_startupConfig-version.cmake
[1.337s] -- Installing: /home/tianshu/ROS2Introduction/launch_intro_ws/install/robot_startup/share/robot_startup/package.xml
[1.338s] Invoked command in '/home/tianshu/ROS2Introduction/launch_intro_ws/build/robot_startup' returned '0': CMAKE_PREFIX_PATH=/opt/ros/humble CONDA_PROMPT_MODIFIER=(base) WSLENV=ELECTRON_RUN_AS_NODE/w:WT_SESSION::WT_PROFILE_ID /usr/bin/cmake --install /home/tianshu/ROS2Introduction/launch_intro_ws/build/robot_startup
