[0.785s] Invoking command in '/home/tianshu/ROS2Introduction/para_intro_ws_py/src/example_parameters_rclpy': CONDA_PROMPT_MODIFIER=(base) PYTHONPATH=/home/tianshu/ROS2Introduction/para_intro_ws_py/build/example_parameters_rclpy/prefix_override:/home/tianshu/ROS2Introduction/para_intro_ws_py/install/example_parameters_rclpy/lib/python3.10/site-packages:${PYTHONPATH} /usr/bin/python3 setup.py egg_info --egg-base ../../build/example_parameters_rclpy build --build-base /home/tianshu/ROS2Introduction/para_intro_ws_py/build/example_parameters_rclpy/build install --record /home/tianshu/ROS2Introduction/para_intro_ws_py/build/example_parameters_rclpy/install.log --single-version-externally-managed
[0.968s] running egg_info
[0.969s] creating ../../build/example_parameters_rclpy/example_parameters_rclpy.egg-info
[0.969s] writing ../../build/example_parameters_rclpy/example_parameters_rclpy.egg-info/PKG-INFO
[0.970s] writing dependency_links to ../../build/example_parameters_rclpy/example_parameters_rclpy.egg-info/dependency_links.txt
[0.970s] writing entry points to ../../build/example_parameters_rclpy/example_parameters_rclpy.egg-info/entry_points.txt
[0.970s] writing requirements to ../../build/example_parameters_rclpy/example_parameters_rclpy.egg-info/requires.txt
[0.970s] writing top-level names to ../../build/example_parameters_rclpy/example_parameters_rclpy.egg-info/top_level.txt
[0.970s] writing manifest file '../../build/example_parameters_rclpy/example_parameters_rclpy.egg-info/SOURCES.txt'
[0.971s] reading manifest file '../../build/example_parameters_rclpy/example_parameters_rclpy.egg-info/SOURCES.txt'
[0.972s] writing manifest file '../../build/example_parameters_rclpy/example_parameters_rclpy.egg-info/SOURCES.txt'
[0.972s] running build
[0.972s] running build_py
[0.972s] creating /home/tianshu/ROS2Introduction/para_intro_ws_py/build/example_parameters_rclpy/build
[0.972s] creating /home/tianshu/ROS2Introduction/para_intro_ws_py/build/example_parameters_rclpy/build/lib
[0.972s] creating /home/tianshu/ROS2Introduction/para_intro_ws_py/build/example_parameters_rclpy/build/lib/example_parameters_rclpy
[0.972s] copying example_parameters_rclpy/prameter_basic.py -> /home/tianshu/ROS2Introduction/para_intro_ws_py/build/example_parameters_rclpy/build/lib/example_parameters_rclpy
[0.972s] copying example_parameters_rclpy/__init__.py -> /home/tianshu/ROS2Introduction/para_intro_ws_py/build/example_parameters_rclpy/build/lib/example_parameters_rclpy
[0.972s] running install
[0.973s] running install_lib
[0.973s] creating /home/tianshu/ROS2Introduction/para_intro_ws_py/install/example_parameters_rclpy/lib/python3.10/site-packages/example_parameters_rclpy
[0.973s] copying /home/tianshu/ROS2Introduction/para_intro_ws_py/build/example_parameters_rclpy/build/lib/example_parameters_rclpy/prameter_basic.py -> /home/tianshu/ROS2Introduction/para_intro_ws_py/install/example_parameters_rclpy/lib/python3.10/site-packages/example_parameters_rclpy
[0.973s] copying /home/tianshu/ROS2Introduction/para_intro_ws_py/build/example_parameters_rclpy/build/lib/example_parameters_rclpy/__init__.py -> /home/tianshu/ROS2Introduction/para_intro_ws_py/install/example_parameters_rclpy/lib/python3.10/site-packages/example_parameters_rclpy
[0.974s] byte-compiling /home/tianshu/ROS2Introduction/para_intro_ws_py/install/example_parameters_rclpy/lib/python3.10/site-packages/example_parameters_rclpy/prameter_basic.py to prameter_basic.cpython-310.pyc
[0.974s] byte-compiling /home/tianshu/ROS2Introduction/para_intro_ws_py/install/example_parameters_rclpy/lib/python3.10/site-packages/example_parameters_rclpy/__init__.py to __init__.cpython-310.pyc
[0.974s] running install_data
[0.975s] creating /home/tianshu/ROS2Introduction/para_intro_ws_py/install/example_parameters_rclpy/share/ament_index
[0.975s] creating /home/tianshu/ROS2Introduction/para_intro_ws_py/install/example_parameters_rclpy/share/ament_index/resource_index
[0.975s] creating /home/tianshu/ROS2Introduction/para_intro_ws_py/install/example_parameters_rclpy/share/ament_index/resource_index/packages
[0.975s] copying resource/example_parameters_rclpy -> /home/tianshu/ROS2Introduction/para_intro_ws_py/install/example_parameters_rclpy/share/ament_index/resource_index/packages
[0.975s] copying package.xml -> /home/tianshu/ROS2Introduction/para_intro_ws_py/install/example_parameters_rclpy/share/example_parameters_rclpy
[0.975s] running install_egg_info
[0.977s] Copying ../../build/example_parameters_rclpy/example_parameters_rclpy.egg-info to /home/tianshu/ROS2Introduction/para_intro_ws_py/install/example_parameters_rclpy/lib/python3.10/site-packages/example_parameters_rclpy-0.0.0-py3.10.egg-info
[0.977s] running install_scripts
[0.999s] writing list of installed files to '/home/tianshu/ROS2Introduction/para_intro_ws_py/build/example_parameters_rclpy/install.log'
[1.021s] Invoked command in '/home/tianshu/ROS2Introduction/para_intro_ws_py/src/example_parameters_rclpy' returned '0': CONDA_PROMPT_MODIFIER=(base) PYTHONPATH=/home/tianshu/ROS2Introduction/para_intro_ws_py/build/example_parameters_rclpy/prefix_override:/home/tianshu/ROS2Introduction/para_intro_ws_py/install/example_parameters_rclpy/lib/python3.10/site-packages:${PYTHONPATH} /usr/bin/python3 setup.py egg_info --egg-base ../../build/example_parameters_rclpy build --build-base /home/tianshu/ROS2Introduction/para_intro_ws_py/build/example_parameters_rclpy/build install --record /home/tianshu/ROS2Introduction/para_intro_ws_py/build/example_parameters_rclpy/install.log --single-version-externally-managed
