-- Found ament_cmake: 1.3.4 (/opt/ros/humble/share/ament_cmake/cmake)
-- Found rclcpp: 16.0.4 (/opt/ros/humble/share/rclcpp/cmake)
-- Found rosidl_generator_c: 3.1.4 (/opt/ros/humble/share/rosidl_generator_c/cmake)
-- Found rosidl_adapter: 3.1.4 (/opt/ros/humble/share/rosidl_adapter/cmake)
-- Found rosidl_generator_cpp: 3.1.4 (/opt/ros/humble/share/rosidl_generator_cpp/cmake)
-- Using all available rosidl_typesupport_c: rosidl_typesupport_fastrtps_c;rosidl_typesupport_introspection_c
-- Using all available rosidl_typesupport_cpp: rosidl_typesupport_fastrtps_cpp;rosidl_typesupport_introspection_cpp
-- Found rmw_implementation_cmake: 6.1.1 (/opt/ros/humble/share/rmw_implementation_cmake/cmake)
-- Found rmw_fastrtps_cpp: 6.2.2 (/opt/ros/humble/share/rmw_fastrtps_cpp/cmake)
-- Using RMW implementation 'rmw_fastrtps_cpp' as default
-- Found rclcpp_action: 16.0.4 (/opt/ros/humble/share/rclcpp_action/cmake)
-- Found robot_control_interface: 0.0.0 (/home/tianshu/ROS2Introduction/action_intro_ws/install/robot_control_interface/share/robot_control_interface/cmake)
-- Found example_interfaces: 0.9.3 (/opt/ros/humble/share/example_interfaces/cmake)
-- Found ament_lint_auto: 0.12.6 (/opt/ros/humble/share/ament_lint_auto/cmake)
-- Added test 'cppcheck' to perform static code analysis on C / C++ code
-- Configured cppcheck include dirs: $<BUILD_INTERFACE:/home/tianshu/ROS2Introduction/action_intro_ws/src/example_action_rclcpp/include>
-- Configured cppcheck exclude dirs and/or files: 
-- Added test 'lint_cmake' to check CMake code style
-- Added test 'uncrustify' to check C / C++ code style
-- Configured uncrustify additional arguments: 
-- Added test 'xmllint' to check XML markup files
-- Configuring done
-- Generating done
-- Build files have been written to: /home/tianshu/ROS2Introduction/action_intro_ws/build/example_action_rclcpp
[35m[1mConsolidate compiler generated dependencies of target action_control_01[0m
[35m[1mConsolidate compiler generated dependencies of target action_robot_01[0m
[ 20%] [32m[1mLinking CXX executable action_control_01[0m
[ 80%] Built target action_robot_01
[100%] Built target action_control_01
-- Install configuration: ""
-- Up-to-date: /home/tianshu/ROS2Introduction/action_intro_ws/install/example_action_rclcpp/lib/example_action_rclcpp/action_robot_01
-- Installing: /home/tianshu/ROS2Introduction/action_intro_ws/install/example_action_rclcpp/lib/example_action_rclcpp/action_control_01
-- Set runtime path of "/home/tianshu/ROS2Introduction/action_intro_ws/install/example_action_rclcpp/lib/example_action_rclcpp/action_control_01" to ""
-- Up-to-date: /home/tianshu/ROS2Introduction/action_intro_ws/install/example_action_rclcpp/share/ament_index/resource_index/package_run_dependencies/example_action_rclcpp
-- Installing: /home/tianshu/ROS2Introduction/action_intro_ws/install/example_action_rclcpp/share/ament_index/resource_index/parent_prefix_path/example_action_rclcpp
-- Up-to-date: /home/tianshu/ROS2Introduction/action_intro_ws/install/example_action_rclcpp/share/example_action_rclcpp/environment/ament_prefix_path.sh
-- Installing: /home/tianshu/ROS2Introduction/action_intro_ws/install/example_action_rclcpp/share/example_action_rclcpp/environment/ament_prefix_path.dsv
-- Up-to-date: /home/tianshu/ROS2Introduction/action_intro_ws/install/example_action_rclcpp/share/example_action_rclcpp/environment/path.sh
-- Installing: /home/tianshu/ROS2Introduction/action_intro_ws/install/example_action_rclcpp/share/example_action_rclcpp/environment/path.dsv
-- Up-to-date: /home/tianshu/ROS2Introduction/action_intro_ws/install/example_action_rclcpp/share/example_action_rclcpp/local_setup.bash
-- Up-to-date: /home/tianshu/ROS2Introduction/action_intro_ws/install/example_action_rclcpp/share/example_action_rclcpp/local_setup.sh
-- Up-to-date: /home/tianshu/ROS2Introduction/action_intro_ws/install/example_action_rclcpp/share/example_action_rclcpp/local_setup.zsh
-- Installing: /home/tianshu/ROS2Introduction/action_intro_ws/install/example_action_rclcpp/share/example_action_rclcpp/local_setup.dsv
-- Installing: /home/tianshu/ROS2Introduction/action_intro_ws/install/example_action_rclcpp/share/example_action_rclcpp/package.dsv
-- Up-to-date: /home/tianshu/ROS2Introduction/action_intro_ws/install/example_action_rclcpp/share/ament_index/resource_index/packages/example_action_rclcpp
-- Up-to-date: /home/tianshu/ROS2Introduction/action_intro_ws/install/example_action_rclcpp/share/example_action_rclcpp/cmake/example_action_rclcppConfig.cmake
-- Up-to-date: /home/tianshu/ROS2Introduction/action_intro_ws/install/example_action_rclcpp/share/example_action_rclcpp/cmake/example_action_rclcppConfig-version.cmake
-- Up-to-date: /home/tianshu/ROS2Introduction/action_intro_ws/install/example_action_rclcpp/share/example_action_rclcpp/package.xml
