[0.048s] Invoking command in '/home/tianshu/ROS2Introduction/action_intro_ws/build/example_action_rclcpp': CMAKE_PREFIX_PATH=/home/tianshu/ROS2Introduction/action_intro_ws/install/robot_control_interface:/home/tianshu/ROS2Introduction/action_intro_ws/install/example_action_rclcpp:/opt/ros/humble CONDA_PROMPT_MODIFIER=(base) LD_LIBRARY_PATH=/home/tianshu/ROS2Introduction/action_intro_ws/install/robot_control_interface/lib:/usr/lib/wsl/lib:/opt/ros/humble/opt/rviz_ogre_vendor/lib:/opt/ros/humble/lib/x86_64-linux-gnu:/opt/ros/humble/lib:/usr/lib/wsl/lib WSLENV=ELECTRON_RUN_AS_NODE/w:WT_SESSION::WT_PROFILE_ID /usr/bin/cmake --build /home/tianshu/ROS2Introduction/action_intro_ws/build/example_action_rclcpp -- -j20 -l20
[0.075s] -- Found ament_cmake: 1.3.4 (/opt/ros/humble/share/ament_cmake/cmake)
[0.175s] -- Found rclcpp: 16.0.4 (/opt/ros/humble/share/rclcpp/cmake)
[0.249s] -- Found rosidl_generator_c: 3.1.4 (/opt/ros/humble/share/rosidl_generator_c/cmake)
[0.251s] -- Found rosidl_adapter: 3.1.4 (/opt/ros/humble/share/rosidl_adapter/cmake)
[0.254s] -- Found rosidl_generator_cpp: 3.1.4 (/opt/ros/humble/share/rosidl_generator_cpp/cmake)
[0.261s] -- Using all available rosidl_typesupport_c: rosidl_typesupport_fastrtps_c;rosidl_typesupport_introspection_c
[0.270s] -- Using all available rosidl_typesupport_cpp: rosidl_typesupport_fastrtps_cpp;rosidl_typesupport_introspection_cpp
[0.304s] -- Found rmw_implementation_cmake: 6.1.1 (/opt/ros/humble/share/rmw_implementation_cmake/cmake)
[0.305s] -- Found rmw_fastrtps_cpp: 6.2.2 (/opt/ros/humble/share/rmw_fastrtps_cpp/cmake)
[2.592s] -- Using RMW implementation 'rmw_fastrtps_cpp' as default
[2.685s] -- Found rclcpp_action: 16.0.4 (/opt/ros/humble/share/rclcpp_action/cmake)
[2.738s] -- Found robot_control_interface: 0.0.0 (/home/tianshu/ROS2Introduction/action_intro_ws/install/robot_control_interface/share/robot_control_interface/cmake)
[2.766s] -- Found example_interfaces: 0.9.3 (/opt/ros/humble/share/example_interfaces/cmake)
[2.797s] -- Found ament_lint_auto: 0.12.6 (/opt/ros/humble/share/ament_lint_auto/cmake)
[2.840s] -- Added test 'cppcheck' to perform static code analysis on C / C++ code
[2.840s] -- Configured cppcheck include dirs: $<BUILD_INTERFACE:/home/tianshu/ROS2Introduction/action_intro_ws/src/example_action_rclcpp/include>
[2.840s] -- Configured cppcheck exclude dirs and/or files: 
[2.840s] -- Added test 'lint_cmake' to check CMake code style
[2.841s] -- Added test 'uncrustify' to check C / C++ code style
[2.841s] -- Configured uncrustify additional arguments: 
[2.841s] -- Added test 'xmllint' to check XML markup files
[2.841s] -- Configuring done
[2.849s] -- Generating done
[2.851s] -- Build files have been written to: /home/tianshu/ROS2Introduction/action_intro_ws/build/example_action_rclcpp
[2.879s] [35m[1mConsolidate compiler generated dependencies of target action_control_01[0m
[2.880s] [35m[1mConsolidate compiler generated dependencies of target action_robot_01[0m
[2.897s] [ 20%] [32m[1mLinking CXX executable action_control_01[0m
[2.898s] [ 80%] Built target action_robot_01
[3.072s] [100%] Built target action_control_01
[3.086s] Invoked command in '/home/tianshu/ROS2Introduction/action_intro_ws/build/example_action_rclcpp' returned '0': CMAKE_PREFIX_PATH=/home/tianshu/ROS2Introduction/action_intro_ws/install/robot_control_interface:/home/tianshu/ROS2Introduction/action_intro_ws/install/example_action_rclcpp:/opt/ros/humble CONDA_PROMPT_MODIFIER=(base) LD_LIBRARY_PATH=/home/tianshu/ROS2Introduction/action_intro_ws/install/robot_control_interface/lib:/usr/lib/wsl/lib:/opt/ros/humble/opt/rviz_ogre_vendor/lib:/opt/ros/humble/lib/x86_64-linux-gnu:/opt/ros/humble/lib:/usr/lib/wsl/lib WSLENV=ELECTRON_RUN_AS_NODE/w:WT_SESSION::WT_PROFILE_ID /usr/bin/cmake --build /home/tianshu/ROS2Introduction/action_intro_ws/build/example_action_rclcpp -- -j20 -l20
[3.158s] Invoking command in '/home/tianshu/ROS2Introduction/action_intro_ws/build/example_action_rclcpp': CMAKE_PREFIX_PATH=/home/tianshu/ROS2Introduction/action_intro_ws/install/robot_control_interface:/home/tianshu/ROS2Introduction/action_intro_ws/install/example_action_rclcpp:/opt/ros/humble CONDA_PROMPT_MODIFIER=(base) LD_LIBRARY_PATH=/home/tianshu/ROS2Introduction/action_intro_ws/install/robot_control_interface/lib:/usr/lib/wsl/lib:/opt/ros/humble/opt/rviz_ogre_vendor/lib:/opt/ros/humble/lib/x86_64-linux-gnu:/opt/ros/humble/lib:/usr/lib/wsl/lib WSLENV=ELECTRON_RUN_AS_NODE/w:WT_SESSION::WT_PROFILE_ID /usr/bin/cmake --install /home/tianshu/ROS2Introduction/action_intro_ws/build/example_action_rclcpp
[3.169s] -- Install configuration: ""
[3.169s] -- Up-to-date: /home/tianshu/ROS2Introduction/action_intro_ws/install/example_action_rclcpp/lib/example_action_rclcpp/action_robot_01
[3.169s] -- Installing: /home/tianshu/ROS2Introduction/action_intro_ws/install/example_action_rclcpp/lib/example_action_rclcpp/action_control_01
[3.170s] -- Set runtime path of "/home/tianshu/ROS2Introduction/action_intro_ws/install/example_action_rclcpp/lib/example_action_rclcpp/action_control_01" to ""
[3.170s] -- Up-to-date: /home/tianshu/ROS2Introduction/action_intro_ws/install/example_action_rclcpp/share/ament_index/resource_index/package_run_dependencies/example_action_rclcpp
[3.170s] -- Installing: /home/tianshu/ROS2Introduction/action_intro_ws/install/example_action_rclcpp/share/ament_index/resource_index/parent_prefix_path/example_action_rclcpp
[3.170s] -- Up-to-date: /home/tianshu/ROS2Introduction/action_intro_ws/install/example_action_rclcpp/share/example_action_rclcpp/environment/ament_prefix_path.sh
[3.170s] -- Installing: /home/tianshu/ROS2Introduction/action_intro_ws/install/example_action_rclcpp/share/example_action_rclcpp/environment/ament_prefix_path.dsv
[3.170s] -- Up-to-date: /home/tianshu/ROS2Introduction/action_intro_ws/install/example_action_rclcpp/share/example_action_rclcpp/environment/path.sh
[3.170s] -- Installing: /home/tianshu/ROS2Introduction/action_intro_ws/install/example_action_rclcpp/share/example_action_rclcpp/environment/path.dsv
[3.171s] -- Up-to-date: /home/tianshu/ROS2Introduction/action_intro_ws/install/example_action_rclcpp/share/example_action_rclcpp/local_setup.bash
[3.171s] -- Up-to-date: /home/tianshu/ROS2Introduction/action_intro_ws/install/example_action_rclcpp/share/example_action_rclcpp/local_setup.sh
[3.171s] -- Up-to-date: /home/tianshu/ROS2Introduction/action_intro_ws/install/example_action_rclcpp/share/example_action_rclcpp/local_setup.zsh
[3.171s] -- Installing: /home/tianshu/ROS2Introduction/action_intro_ws/install/example_action_rclcpp/share/example_action_rclcpp/local_setup.dsv
[3.171s] -- Installing: /home/tianshu/ROS2Introduction/action_intro_ws/install/example_action_rclcpp/share/example_action_rclcpp/package.dsv
[3.171s] -- Up-to-date: /home/tianshu/ROS2Introduction/action_intro_ws/install/example_action_rclcpp/share/ament_index/resource_index/packages/example_action_rclcpp
[3.171s] -- Up-to-date: /home/tianshu/ROS2Introduction/action_intro_ws/install/example_action_rclcpp/share/example_action_rclcpp/cmake/example_action_rclcppConfig.cmake
[3.171s] -- Up-to-date: /home/tianshu/ROS2Introduction/action_intro_ws/install/example_action_rclcpp/share/example_action_rclcpp/cmake/example_action_rclcppConfig-version.cmake
[3.171s] -- Up-to-date: /home/tianshu/ROS2Introduction/action_intro_ws/install/example_action_rclcpp/share/example_action_rclcpp/package.xml
[3.172s] Invoked command in '/home/tianshu/ROS2Introduction/action_intro_ws/build/example_action_rclcpp' returned '0': CMAKE_PREFIX_PATH=/home/tianshu/ROS2Introduction/action_intro_ws/install/robot_control_interface:/home/tianshu/ROS2Introduction/action_intro_ws/install/example_action_rclcpp:/opt/ros/humble CONDA_PROMPT_MODIFIER=(base) LD_LIBRARY_PATH=/home/tianshu/ROS2Introduction/action_intro_ws/install/robot_control_interface/lib:/usr/lib/wsl/lib:/opt/ros/humble/opt/rviz_ogre_vendor/lib:/opt/ros/humble/lib/x86_64-linux-gnu:/opt/ros/humble/lib:/usr/lib/wsl/lib WSLENV=ELECTRON_RUN_AS_NODE/w:WT_SESSION::WT_PROFILE_ID /usr/bin/cmake --install /home/tianshu/ROS2Introduction/action_intro_ws/build/example_action_rclcpp
