[0.587s] Invoking command in '/home/tianshu/ROS2Introduction/topic_intro_ws_py/src/example_topic_rclpy': CONDA_PROMPT_MODIFIER=(base) PYTHONPATH=/home/tianshu/ROS2Introduction/topic_intro_ws_py/build/example_topic_rclpy/prefix_override:/home/tianshu/ROS2Introduction/topic_intro_ws_py/install/example_topic_rclpy/lib/python3.10/site-packages:${PYTHONPATH} WSLENV=ELECTRON_RUN_AS_NODE/w: /usr/bin/python3 setup.py egg_info --egg-base ../../build/example_topic_rclpy build --build-base /home/tianshu/ROS2Introduction/topic_intro_ws_py/build/example_topic_rclpy/build install --record /home/tianshu/ROS2Introduction/topic_intro_ws_py/build/example_topic_rclpy/install.log --single-version-externally-managed
[0.728s] running egg_info
[0.728s] creating ../../build/example_topic_rclpy/example_topic_rclpy.egg-info
[0.729s] writing ../../build/example_topic_rclpy/example_topic_rclpy.egg-info/PKG-INFO
[0.729s] writing dependency_links to ../../build/example_topic_rclpy/example_topic_rclpy.egg-info/dependency_links.txt
[0.729s] writing entry points to ../../build/example_topic_rclpy/example_topic_rclpy.egg-info/entry_points.txt
[0.729s] writing requirements to ../../build/example_topic_rclpy/example_topic_rclpy.egg-info/requires.txt
[0.729s] writing top-level names to ../../build/example_topic_rclpy/example_topic_rclpy.egg-info/top_level.txt
[0.729s] writing manifest file '../../build/example_topic_rclpy/example_topic_rclpy.egg-info/SOURCES.txt'
[0.731s] reading manifest file '../../build/example_topic_rclpy/example_topic_rclpy.egg-info/SOURCES.txt'
[0.731s] writing manifest file '../../build/example_topic_rclpy/example_topic_rclpy.egg-info/SOURCES.txt'
[0.731s] running build
[0.731s] running build_py
[0.732s] creating /home/tianshu/ROS2Introduction/topic_intro_ws_py/build/example_topic_rclpy/build
[0.732s] creating /home/tianshu/ROS2Introduction/topic_intro_ws_py/build/example_topic_rclpy/build/lib
[0.732s] creating /home/tianshu/ROS2Introduction/topic_intro_ws_py/build/example_topic_rclpy/build/lib/example_topic_rclpy
[0.732s] copying example_topic_rclpy/topic_subscribe_02.py -> /home/tianshu/ROS2Introduction/topic_intro_ws_py/build/example_topic_rclpy/build/lib/example_topic_rclpy
[0.732s] copying example_topic_rclpy/__init__.py -> /home/tianshu/ROS2Introduction/topic_intro_ws_py/build/example_topic_rclpy/build/lib/example_topic_rclpy
[0.732s] copying example_topic_rclpy/topic_publisher_02.py -> /home/tianshu/ROS2Introduction/topic_intro_ws_py/build/example_topic_rclpy/build/lib/example_topic_rclpy
[0.732s] running install
[0.732s] running install_lib
[0.732s] creating /home/tianshu/ROS2Introduction/topic_intro_ws_py/install/example_topic_rclpy/lib/python3.10/site-packages/example_topic_rclpy
[0.733s] copying /home/tianshu/ROS2Introduction/topic_intro_ws_py/build/example_topic_rclpy/build/lib/example_topic_rclpy/topic_subscribe_02.py -> /home/tianshu/ROS2Introduction/topic_intro_ws_py/install/example_topic_rclpy/lib/python3.10/site-packages/example_topic_rclpy
[0.733s] copying /home/tianshu/ROS2Introduction/topic_intro_ws_py/build/example_topic_rclpy/build/lib/example_topic_rclpy/__init__.py -> /home/tianshu/ROS2Introduction/topic_intro_ws_py/install/example_topic_rclpy/lib/python3.10/site-packages/example_topic_rclpy
[0.733s] copying /home/tianshu/ROS2Introduction/topic_intro_ws_py/build/example_topic_rclpy/build/lib/example_topic_rclpy/topic_publisher_02.py -> /home/tianshu/ROS2Introduction/topic_intro_ws_py/install/example_topic_rclpy/lib/python3.10/site-packages/example_topic_rclpy
[0.733s] byte-compiling /home/tianshu/ROS2Introduction/topic_intro_ws_py/install/example_topic_rclpy/lib/python3.10/site-packages/example_topic_rclpy/topic_subscribe_02.py to topic_subscribe_02.cpython-310.pyc
[0.733s] byte-compiling /home/tianshu/ROS2Introduction/topic_intro_ws_py/install/example_topic_rclpy/lib/python3.10/site-packages/example_topic_rclpy/__init__.py to __init__.cpython-310.pyc
[0.733s] byte-compiling /home/tianshu/ROS2Introduction/topic_intro_ws_py/install/example_topic_rclpy/lib/python3.10/site-packages/example_topic_rclpy/topic_publisher_02.py to topic_publisher_02.cpython-310.pyc
[0.733s] running install_data
[0.734s] creating /home/tianshu/ROS2Introduction/topic_intro_ws_py/install/example_topic_rclpy/share/ament_index
[0.734s] creating /home/tianshu/ROS2Introduction/topic_intro_ws_py/install/example_topic_rclpy/share/ament_index/resource_index
[0.734s] creating /home/tianshu/ROS2Introduction/topic_intro_ws_py/install/example_topic_rclpy/share/ament_index/resource_index/packages
[0.734s] copying resource/example_topic_rclpy -> /home/tianshu/ROS2Introduction/topic_intro_ws_py/install/example_topic_rclpy/share/ament_index/resource_index/packages
[0.734s] copying package.xml -> /home/tianshu/ROS2Introduction/topic_intro_ws_py/install/example_topic_rclpy/share/example_topic_rclpy
[0.734s] running install_egg_info
[0.735s] Copying ../../build/example_topic_rclpy/example_topic_rclpy.egg-info to /home/tianshu/ROS2Introduction/topic_intro_ws_py/install/example_topic_rclpy/lib/python3.10/site-packages/example_topic_rclpy-0.0.0-py3.10.egg-info
[0.735s] running install_scripts
[0.750s] Installing topic_publisher_02 script to /home/tianshu/ROS2Introduction/topic_intro_ws_py/install/example_topic_rclpy/lib/example_topic_rclpy
[0.750s] Installing topic_subscribe_02 script to /home/tianshu/ROS2Introduction/topic_intro_ws_py/install/example_topic_rclpy/lib/example_topic_rclpy
[0.750s] writing list of installed files to '/home/tianshu/ROS2Introduction/topic_intro_ws_py/build/example_topic_rclpy/install.log'
[0.771s] Invoked command in '/home/tianshu/ROS2Introduction/topic_intro_ws_py/src/example_topic_rclpy' returned '0': CONDA_PROMPT_MODIFIER=(base) PYTHONPATH=/home/tianshu/ROS2Introduction/topic_intro_ws_py/build/example_topic_rclpy/prefix_override:/home/tianshu/ROS2Introduction/topic_intro_ws_py/install/example_topic_rclpy/lib/python3.10/site-packages:${PYTHONPATH} WSLENV=ELECTRON_RUN_AS_NODE/w: /usr/bin/python3 setup.py egg_info --egg-base ../../build/example_topic_rclpy build --build-base /home/tianshu/ROS2Introduction/topic_intro_ws_py/build/example_topic_rclpy/build install --record /home/tianshu/ROS2Introduction/topic_intro_ws_py/build/example_topic_rclpy/install.log --single-version-externally-managed
