[0.233s] DEBUG:colcon:Command line arguments: ['/usr/bin/colcon', 'build']
[0.234s] DEBUG:colcon:Parsed command line arguments: Namespace(log_base=None, log_level=None, verb_name='build', build_base='build', install_base='install', merge_install=False, symlink_install=False, test_result_base=None, continue_on_error=False, executor='parallel', parallel_workers=20, event_handlers=None, ignore_user_meta=False, metas=['./colcon.meta'], base_paths=['.'], packages_ignore=None, packages_ignore_regex=None, paths=None, packages_up_to=None, packages_up_to_regex=None, packages_above=None, packages_above_and_dependencies=None, packages_above_depth=None, packages_select_by_dep=None, packages_skip_by_dep=None, packages_skip_up_to=None, packages_select_build_failed=False, packages_skip_build_finished=False, packages_select_test_failures=False, packages_skip_test_passed=False, packages_select=None, packages_skip=None, packages_select_regex=None, packages_skip_regex=None, packages_start=None, packages_end=None, allow_overriding=[], cmake_args=None, cmake_target=None, cmake_target_skip_unavailable=False, cmake_clean_cache=False, cmake_clean_first=False, cmake_force_configure=False, ament_cmake_args=None, catkin_cmake_args=None, catkin_skip_building_tests=False, verb_parser=<colcon_defaults.argument_parser.defaults.DefaultArgumentsDecorator object at 0x7f61917c7f40>, verb_extension=<colcon_core.verb.build.BuildVerb object at 0x7f6191842fe0>, main=<bound method BuildVerb.main of <colcon_core.verb.build.BuildVerb object at 0x7f6191842fe0>>)
[0.248s] Level 1:colcon.colcon_core.package_discovery:discover_packages(colcon_meta) check parameters
[0.248s] Level 1:colcon.colcon_core.package_discovery:discover_packages(recursive) check parameters
[0.248s] Level 1:colcon.colcon_core.package_discovery:discover_packages(ignore) check parameters
[0.248s] Level 1:colcon.colcon_core.package_discovery:discover_packages(path) check parameters
[0.248s] Level 1:colcon.colcon_core.package_discovery:discover_packages(colcon_meta) discover
[0.248s] Level 1:colcon.colcon_core.package_discovery:discover_packages(recursive) discover
[0.248s] INFO:colcon.colcon_core.package_discovery:Crawling recursively for packages in '/home/tianshu/ROS2Introduction/bot_description'
[0.248s] Level 1:colcon.colcon_core.package_identification:_identify(.) by extensions ['ignore', 'ignore_ament_install']
[0.248s] Level 1:colcon.colcon_core.package_identification:_identify(.) by extension 'ignore'
[0.249s] Level 1:colcon.colcon_core.package_identification:_identify(.) by extension 'ignore_ament_install'
[0.249s] Level 1:colcon.colcon_core.package_identification:_identify(.) by extensions ['colcon_pkg']
[0.249s] Level 1:colcon.colcon_core.package_identification:_identify(.) by extension 'colcon_pkg'
[0.249s] Level 1:colcon.colcon_core.package_identification:_identify(.) by extensions ['colcon_meta']
[0.249s] Level 1:colcon.colcon_core.package_identification:_identify(.) by extension 'colcon_meta'
[0.249s] Level 1:colcon.colcon_core.package_identification:_identify(.) by extensions ['ros']
[0.249s] Level 1:colcon.colcon_core.package_identification:_identify(.) by extension 'ros'
[0.256s] Level 1:colcon.colcon_core.package_identification:_identify(.) by extensions ['cmake', 'python']
[0.256s] Level 1:colcon.colcon_core.package_identification:_identify(.) by extension 'cmake'
[0.256s] Level 1:colcon.colcon_core.package_identification:_identify(.) by extension 'python'
[0.256s] Level 1:colcon.colcon_core.package_identification:_identify(.) by extensions ['python_setup_py']
[0.256s] Level 1:colcon.colcon_core.package_identification:_identify(.) by extension 'python_setup_py'
[0.256s] Level 1:colcon.colcon_core.package_identification:_identify(build) by extensions ['ignore', 'ignore_ament_install']
[0.256s] Level 1:colcon.colcon_core.package_identification:_identify(build) by extension 'ignore'
[0.256s] Level 1:colcon.colcon_core.package_identification:_identify(build) ignored
[0.257s] Level 1:colcon.colcon_core.package_identification:_identify(install) by extensions ['ignore', 'ignore_ament_install']
[0.257s] Level 1:colcon.colcon_core.package_identification:_identify(install) by extension 'ignore'
[0.257s] Level 1:colcon.colcon_core.package_identification:_identify(install) ignored
[0.257s] Level 1:colcon.colcon_core.package_identification:_identify(log) by extensions ['ignore', 'ignore_ament_install']
[0.257s] Level 1:colcon.colcon_core.package_identification:_identify(log) by extension 'ignore'
[0.257s] Level 1:colcon.colcon_core.package_identification:_identify(log) ignored
[0.257s] Level 1:colcon.colcon_core.package_identification:_identify(src) by extensions ['ignore', 'ignore_ament_install']
[0.257s] Level 1:colcon.colcon_core.package_identification:_identify(src) by extension 'ignore'
[0.257s] Level 1:colcon.colcon_core.package_identification:_identify(src) by extension 'ignore_ament_install'
[0.257s] Level 1:colcon.colcon_core.package_identification:_identify(src) by extensions ['colcon_pkg']
[0.257s] Level 1:colcon.colcon_core.package_identification:_identify(src) by extension 'colcon_pkg'
[0.257s] Level 1:colcon.colcon_core.package_identification:_identify(src) by extensions ['colcon_meta']
[0.257s] Level 1:colcon.colcon_core.package_identification:_identify(src) by extension 'colcon_meta'
[0.257s] Level 1:colcon.colcon_core.package_identification:_identify(src) by extensions ['ros']
[0.257s] Level 1:colcon.colcon_core.package_identification:_identify(src) by extension 'ros'
[0.257s] Level 1:colcon.colcon_core.package_identification:_identify(src) by extensions ['cmake', 'python']
[0.257s] Level 1:colcon.colcon_core.package_identification:_identify(src) by extension 'cmake'
[0.257s] Level 1:colcon.colcon_core.package_identification:_identify(src) by extension 'python'
[0.257s] Level 1:colcon.colcon_core.package_identification:_identify(src) by extensions ['python_setup_py']
[0.257s] Level 1:colcon.colcon_core.package_identification:_identify(src) by extension 'python_setup_py'
[0.257s] Level 1:colcon.colcon_core.package_identification:_identify(src/bot00_description) by extensions ['ignore', 'ignore_ament_install']
[0.258s] Level 1:colcon.colcon_core.package_identification:_identify(src/bot00_description) by extension 'ignore'
[0.258s] Level 1:colcon.colcon_core.package_identification:_identify(src/bot00_description) by extension 'ignore_ament_install'
[0.258s] Level 1:colcon.colcon_core.package_identification:_identify(src/bot00_description) by extensions ['colcon_pkg']
[0.258s] Level 1:colcon.colcon_core.package_identification:_identify(src/bot00_description) by extension 'colcon_pkg'
[0.258s] Level 1:colcon.colcon_core.package_identification:_identify(src/bot00_description) by extensions ['colcon_meta']
[0.258s] Level 1:colcon.colcon_core.package_identification:_identify(src/bot00_description) by extension 'colcon_meta'
[0.258s] Level 1:colcon.colcon_core.package_identification:_identify(src/bot00_description) by extensions ['ros']
[0.258s] Level 1:colcon.colcon_core.package_identification:_identify(src/bot00_description) by extension 'ros'
[0.259s] DEBUG:colcon.colcon_core.package_identification:Package 'src/bot00_description' with type 'ros.ament_python' and name 'bot00_description'
[0.259s] Level 1:colcon.colcon_core.package_identification:_identify(src/bot_cartographer) by extensions ['ignore', 'ignore_ament_install']
[0.259s] Level 1:colcon.colcon_core.package_identification:_identify(src/bot_cartographer) by extension 'ignore'
[0.260s] Level 1:colcon.colcon_core.package_identification:_identify(src/bot_cartographer) by extension 'ignore_ament_install'
[0.260s] Level 1:colcon.colcon_core.package_identification:_identify(src/bot_cartographer) by extensions ['colcon_pkg']
[0.260s] Level 1:colcon.colcon_core.package_identification:_identify(src/bot_cartographer) by extension 'colcon_pkg'
[0.260s] Level 1:colcon.colcon_core.package_identification:_identify(src/bot_cartographer) by extensions ['colcon_meta']
[0.260s] Level 1:colcon.colcon_core.package_identification:_identify(src/bot_cartographer) by extension 'colcon_meta'
[0.260s] Level 1:colcon.colcon_core.package_identification:_identify(src/bot_cartographer) by extensions ['ros']
[0.260s] Level 1:colcon.colcon_core.package_identification:_identify(src/bot_cartographer) by extension 'ros'
[0.260s] DEBUG:colcon.colcon_core.package_identification:Package 'src/bot_cartographer' with type 'ros.ament_cmake' and name 'bot_cartographer'
[0.260s] Level 1:colcon.colcon_core.package_identification:_identify(src/bot_navigation2) by extensions ['ignore', 'ignore_ament_install']
[0.260s] Level 1:colcon.colcon_core.package_identification:_identify(src/bot_navigation2) by extension 'ignore'
[0.260s] Level 1:colcon.colcon_core.package_identification:_identify(src/bot_navigation2) by extension 'ignore_ament_install'
[0.260s] Level 1:colcon.colcon_core.package_identification:_identify(src/bot_navigation2) by extensions ['colcon_pkg']
[0.260s] Level 1:colcon.colcon_core.package_identification:_identify(src/bot_navigation2) by extension 'colcon_pkg'
[0.260s] Level 1:colcon.colcon_core.package_identification:_identify(src/bot_navigation2) by extensions ['colcon_meta']
[0.260s] Level 1:colcon.colcon_core.package_identification:_identify(src/bot_navigation2) by extension 'colcon_meta'
[0.260s] Level 1:colcon.colcon_core.package_identification:_identify(src/bot_navigation2) by extensions ['ros']
[0.260s] Level 1:colcon.colcon_core.package_identification:_identify(src/bot_navigation2) by extension 'ros'
[0.261s] DEBUG:colcon.colcon_core.package_identification:Package 'src/bot_navigation2' with type 'ros.ament_cmake' and name 'bot_navigation2'
[0.261s] Level 1:colcon.colcon_core.package_discovery:discover_packages(recursive) using defaults
[0.261s] Level 1:colcon.colcon_core.package_discovery:discover_packages(ignore) discover
[0.261s] Level 1:colcon.colcon_core.package_discovery:discover_packages(ignore) using defaults
[0.261s] Level 1:colcon.colcon_core.package_discovery:discover_packages(path) discover
[0.261s] Level 1:colcon.colcon_core.package_discovery:discover_packages(path) using defaults
[0.275s] Level 1:colcon.colcon_core.package_discovery:discover_packages(prefix_path) check parameters
[0.275s] Level 1:colcon.colcon_core.package_discovery:discover_packages(prefix_path) discover
[0.276s] DEBUG:colcon.colcon_installed_package_information.package_discovery:Found 3 installed packages in /home/tianshu/ROS2Introduction/bot_description/install
[0.278s] DEBUG:colcon.colcon_installed_package_information.package_discovery:Found 381 installed packages in /opt/ros/humble
[0.279s] Level 1:colcon.colcon_core.package_discovery:discover_packages(prefix_path) using defaults
[0.319s] Level 5:colcon.colcon_core.verb:set package 'bot00_description' build argument 'cmake_args' from command line to 'None'
[0.319s] Level 5:colcon.colcon_core.verb:set package 'bot00_description' build argument 'cmake_target' from command line to 'None'
[0.319s] Level 5:colcon.colcon_core.verb:set package 'bot00_description' build argument 'cmake_target_skip_unavailable' from command line to 'False'
[0.319s] Level 5:colcon.colcon_core.verb:set package 'bot00_description' build argument 'cmake_clean_cache' from command line to 'False'
[0.319s] Level 5:colcon.colcon_core.verb:set package 'bot00_description' build argument 'cmake_clean_first' from command line to 'False'
[0.319s] Level 5:colcon.colcon_core.verb:set package 'bot00_description' build argument 'cmake_force_configure' from command line to 'False'
[0.319s] Level 5:colcon.colcon_core.verb:set package 'bot00_description' build argument 'ament_cmake_args' from command line to 'None'
[0.319s] Level 5:colcon.colcon_core.verb:set package 'bot00_description' build argument 'catkin_cmake_args' from command line to 'None'
[0.319s] Level 5:colcon.colcon_core.verb:set package 'bot00_description' build argument 'catkin_skip_building_tests' from command line to 'False'
[0.319s] DEBUG:colcon.colcon_core.verb:Building package 'bot00_description' with the following arguments: {'ament_cmake_args': None, 'build_base': '/home/tianshu/ROS2Introduction/bot_description/build/bot00_description', 'catkin_cmake_args': None, 'catkin_skip_building_tests': False, 'cmake_args': None, 'cmake_clean_cache': False, 'cmake_clean_first': False, 'cmake_force_configure': False, 'cmake_target': None, 'cmake_target_skip_unavailable': False, 'install_base': '/home/tianshu/ROS2Introduction/bot_description/install/bot00_description', 'merge_install': False, 'path': '/home/tianshu/ROS2Introduction/bot_description/src/bot00_description', 'symlink_install': False, 'test_result_base': None}
[0.320s] Level 5:colcon.colcon_core.verb:set package 'bot_cartographer' build argument 'cmake_args' from command line to 'None'
[0.320s] Level 5:colcon.colcon_core.verb:set package 'bot_cartographer' build argument 'cmake_target' from command line to 'None'
[0.320s] Level 5:colcon.colcon_core.verb:set package 'bot_cartographer' build argument 'cmake_target_skip_unavailable' from command line to 'False'
[0.320s] Level 5:colcon.colcon_core.verb:set package 'bot_cartographer' build argument 'cmake_clean_cache' from command line to 'False'
[0.320s] Level 5:colcon.colcon_core.verb:set package 'bot_cartographer' build argument 'cmake_clean_first' from command line to 'False'
[0.320s] Level 5:colcon.colcon_core.verb:set package 'bot_cartographer' build argument 'cmake_force_configure' from command line to 'False'
[0.320s] Level 5:colcon.colcon_core.verb:set package 'bot_cartographer' build argument 'ament_cmake_args' from command line to 'None'
[0.320s] Level 5:colcon.colcon_core.verb:set package 'bot_cartographer' build argument 'catkin_cmake_args' from command line to 'None'
[0.320s] Level 5:colcon.colcon_core.verb:set package 'bot_cartographer' build argument 'catkin_skip_building_tests' from command line to 'False'
[0.320s] DEBUG:colcon.colcon_core.verb:Building package 'bot_cartographer' with the following arguments: {'ament_cmake_args': None, 'build_base': '/home/tianshu/ROS2Introduction/bot_description/build/bot_cartographer', 'catkin_cmake_args': None, 'catkin_skip_building_tests': False, 'cmake_args': None, 'cmake_clean_cache': False, 'cmake_clean_first': False, 'cmake_force_configure': False, 'cmake_target': None, 'cmake_target_skip_unavailable': False, 'install_base': '/home/tianshu/ROS2Introduction/bot_description/install/bot_cartographer', 'merge_install': False, 'path': '/home/tianshu/ROS2Introduction/bot_description/src/bot_cartographer', 'symlink_install': False, 'test_result_base': None}
[0.321s] Level 5:colcon.colcon_core.verb:set package 'bot_navigation2' build argument 'cmake_args' from command line to 'None'
[0.321s] Level 5:colcon.colcon_core.verb:set package 'bot_navigation2' build argument 'cmake_target' from command line to 'None'
[0.321s] Level 5:colcon.colcon_core.verb:set package 'bot_navigation2' build argument 'cmake_target_skip_unavailable' from command line to 'False'
[0.321s] Level 5:colcon.colcon_core.verb:set package 'bot_navigation2' build argument 'cmake_clean_cache' from command line to 'False'
[0.321s] Level 5:colcon.colcon_core.verb:set package 'bot_navigation2' build argument 'cmake_clean_first' from command line to 'False'
[0.321s] Level 5:colcon.colcon_core.verb:set package 'bot_navigation2' build argument 'cmake_force_configure' from command line to 'False'
[0.321s] Level 5:colcon.colcon_core.verb:set package 'bot_navigation2' build argument 'ament_cmake_args' from command line to 'None'
[0.321s] Level 5:colcon.colcon_core.verb:set package 'bot_navigation2' build argument 'catkin_cmake_args' from command line to 'None'
[0.321s] Level 5:colcon.colcon_core.verb:set package 'bot_navigation2' build argument 'catkin_skip_building_tests' from command line to 'False'
[0.321s] DEBUG:colcon.colcon_core.verb:Building package 'bot_navigation2' with the following arguments: {'ament_cmake_args': None, 'build_base': '/home/tianshu/ROS2Introduction/bot_description/build/bot_navigation2', 'catkin_cmake_args': None, 'catkin_skip_building_tests': False, 'cmake_args': None, 'cmake_clean_cache': False, 'cmake_clean_first': False, 'cmake_force_configure': False, 'cmake_target': None, 'cmake_target_skip_unavailable': False, 'install_base': '/home/tianshu/ROS2Introduction/bot_description/install/bot_navigation2', 'merge_install': False, 'path': '/home/tianshu/ROS2Introduction/bot_description/src/bot_navigation2', 'symlink_install': False, 'test_result_base': None}
[0.321s] INFO:colcon.colcon_core.executor:Executing jobs using 'parallel' executor
[0.323s] DEBUG:colcon.colcon_parallel_executor.executor.parallel:run_until_complete
[0.324s] INFO:colcon.colcon_ros.task.ament_python.build:Building ROS package in '/home/tianshu/ROS2Introduction/bot_description/src/bot00_description' with build type 'ament_python'
[0.325s] Level 1:colcon.colcon_core.shell:create_environment_hook('bot00_description', 'ament_prefix_path')
[0.327s] INFO:colcon.colcon_core.plugin_system:Skipping extension 'colcon_core.shell.bat': Not used on non-Windows systems
[0.328s] INFO:colcon.colcon_core.shell:Creating environment hook '/home/tianshu/ROS2Introduction/bot_description/install/bot00_description/share/bot00_description/hook/ament_prefix_path.ps1'
[0.328s] INFO:colcon.colcon_core.shell:Creating environment descriptor '/home/tianshu/ROS2Introduction/bot_description/install/bot00_description/share/bot00_description/hook/ament_prefix_path.dsv'
[0.328s] INFO:colcon.colcon_core.shell:Creating environment hook '/home/tianshu/ROS2Introduction/bot_description/install/bot00_description/share/bot00_description/hook/ament_prefix_path.sh'
[0.329s] INFO:colcon.colcon_core.shell:Skip shell extension 'powershell' for command environment: Not usable outside of PowerShell
[0.330s] DEBUG:colcon.colcon_core.shell:Skip shell extension 'dsv' for command environment
[0.333s] INFO:colcon.colcon_ros.task.ament_cmake.build:Building ROS package in '/home/tianshu/ROS2Introduction/bot_description/src/bot_cartographer' with build type 'ament_cmake'
[0.333s] INFO:colcon.colcon_cmake.task.cmake.build:Building CMake package in '/home/tianshu/ROS2Introduction/bot_description/src/bot_cartographer'
[0.334s] INFO:colcon.colcon_core.shell:Skip shell extension 'powershell' for command environment: Not usable outside of PowerShell
[0.334s] DEBUG:colcon.colcon_core.shell:Skip shell extension 'dsv' for command environment
[0.337s] INFO:colcon.colcon_ros.task.ament_cmake.build:Building ROS package in '/home/tianshu/ROS2Introduction/bot_description/src/bot_navigation2' with build type 'ament_cmake'
[0.337s] INFO:colcon.colcon_cmake.task.cmake.build:Building CMake package in '/home/tianshu/ROS2Introduction/bot_description/src/bot_navigation2'
[0.338s] INFO:colcon.colcon_core.shell:Skip shell extension 'powershell' for command environment: Not usable outside of PowerShell
[0.338s] DEBUG:colcon.colcon_core.shell:Skip shell extension 'dsv' for command environment
[0.511s] INFO:colcon.colcon_core.task.python.build:Building Python package in '/home/tianshu/ROS2Introduction/bot_description/src/bot00_description'
[0.512s] INFO:colcon.colcon_core.shell:Skip shell extension 'powershell' for command environment: Not usable outside of PowerShell
[0.512s] DEBUG:colcon.colcon_core.shell:Skip shell extension 'dsv' for command environment
[0.519s] DEBUG:colcon.colcon_core.event_handler.log_command:Invoking command in '/home/tianshu/ROS2Introduction/bot_description/build/bot_cartographer': CMAKE_PREFIX_PATH=${CMAKE_PREFIX_PATH}:/home/tianshu/ROS2Introduction/bot_description/install/bot00_description:/opt/ros/humble /usr/bin/cmake --build /home/tianshu/ROS2Introduction/bot_description/build/bot_cartographer -- -j20 -l20
[0.524s] DEBUG:colcon.colcon_core.event_handler.log_command:Invoking command in '/home/tianshu/ROS2Introduction/bot_description/build/bot_navigation2': CMAKE_PREFIX_PATH=${CMAKE_PREFIX_PATH}:/home/tianshu/ROS2Introduction/bot_description/install/bot00_description:/opt/ros/humble /usr/bin/cmake --build /home/tianshu/ROS2Introduction/bot_description/build/bot_navigation2 -- -j20 -l20
[0.616s] DEBUG:colcon.colcon_core.event_handler.log_command:Invoked command in '/home/tianshu/ROS2Introduction/bot_description/build/bot_cartographer' returned '0': CMAKE_PREFIX_PATH=${CMAKE_PREFIX_PATH}:/home/tianshu/ROS2Introduction/bot_description/install/bot00_description:/opt/ros/humble /usr/bin/cmake --build /home/tianshu/ROS2Introduction/bot_description/build/bot_cartographer -- -j20 -l20
[0.618s] DEBUG:colcon.colcon_core.event_handler.log_command:Invoked command in '/home/tianshu/ROS2Introduction/bot_description/build/bot_navigation2' returned '0': CMAKE_PREFIX_PATH=${CMAKE_PREFIX_PATH}:/home/tianshu/ROS2Introduction/bot_description/install/bot00_description:/opt/ros/humble /usr/bin/cmake --build /home/tianshu/ROS2Introduction/bot_description/build/bot_navigation2 -- -j20 -l20
[0.724s] DEBUG:colcon.colcon_core.event_handler.log_command:Invoking command in '/home/tianshu/ROS2Introduction/bot_description/build/bot_cartographer': CMAKE_PREFIX_PATH=${CMAKE_PREFIX_PATH}:/home/tianshu/ROS2Introduction/bot_description/install/bot00_description:/opt/ros/humble /usr/bin/cmake --install /home/tianshu/ROS2Introduction/bot_description/build/bot_cartographer
[0.725s] DEBUG:colcon.colcon_core.event_handler.log_command:Invoking command in '/home/tianshu/ROS2Introduction/bot_description/build/bot_navigation2': CMAKE_PREFIX_PATH=${CMAKE_PREFIX_PATH}:/home/tianshu/ROS2Introduction/bot_description/install/bot00_description:/opt/ros/humble /usr/bin/cmake --install /home/tianshu/ROS2Introduction/bot_description/build/bot_navigation2
[0.739s] Level 1:colcon.colcon_core.environment:create_environment_scripts_only(bot_cartographer)
[0.740s] DEBUG:colcon.colcon_core.event_handler.log_command:Invoked command in '/home/tianshu/ROS2Introduction/bot_description/build/bot_cartographer' returned '0': CMAKE_PREFIX_PATH=${CMAKE_PREFIX_PATH}:/home/tianshu/ROS2Introduction/bot_description/install/bot00_description:/opt/ros/humble /usr/bin/cmake --install /home/tianshu/ROS2Introduction/bot_description/build/bot_cartographer
[0.747s] Level 1:colcon.colcon_core.environment:checking '/home/tianshu/ROS2Introduction/bot_description/install/bot_cartographer' for CMake module files
[0.747s] Level 1:colcon.colcon_core.environment:checking '/home/tianshu/ROS2Introduction/bot_description/install/bot_cartographer' for CMake config files
[0.748s] Level 1:colcon.colcon_core.shell:create_environment_hook('bot_cartographer', 'cmake_prefix_path')
[0.748s] INFO:colcon.colcon_core.shell:Creating environment hook '/home/tianshu/ROS2Introduction/bot_description/install/bot_cartographer/share/bot_cartographer/hook/cmake_prefix_path.ps1'
[0.749s] INFO:colcon.colcon_core.shell:Creating environment descriptor '/home/tianshu/ROS2Introduction/bot_description/install/bot_cartographer/share/bot_cartographer/hook/cmake_prefix_path.dsv'
[0.749s] INFO:colcon.colcon_core.shell:Creating environment hook '/home/tianshu/ROS2Introduction/bot_description/install/bot_cartographer/share/bot_cartographer/hook/cmake_prefix_path.sh'
[0.749s] Level 1:colcon.colcon_core.environment:checking '/home/tianshu/ROS2Introduction/bot_description/install/bot_cartographer/bin'
[0.750s] Level 1:colcon.colcon_core.environment:checking '/home/tianshu/ROS2Introduction/bot_description/install/bot_cartographer/lib/pkgconfig/bot_cartographer.pc'
[0.750s] Level 1:colcon.colcon_core.environment:checking '/home/tianshu/ROS2Introduction/bot_description/install/bot_cartographer/lib/python3.10/site-packages'
[0.750s] Level 1:colcon.colcon_core.environment:checking '/home/tianshu/ROS2Introduction/bot_description/install/bot_cartographer/bin'
[0.751s] INFO:colcon.colcon_core.shell:Creating package script '/home/tianshu/ROS2Introduction/bot_description/install/bot_cartographer/share/bot_cartographer/package.ps1'
[0.751s] INFO:colcon.colcon_core.shell:Creating package descriptor '/home/tianshu/ROS2Introduction/bot_description/install/bot_cartographer/share/bot_cartographer/package.dsv'
[0.752s] INFO:colcon.colcon_core.shell:Creating package script '/home/tianshu/ROS2Introduction/bot_description/install/bot_cartographer/share/bot_cartographer/package.sh'
[0.752s] INFO:colcon.colcon_core.shell:Creating package script '/home/tianshu/ROS2Introduction/bot_description/install/bot_cartographer/share/bot_cartographer/package.bash'
[0.752s] INFO:colcon.colcon_core.shell:Creating package script '/home/tianshu/ROS2Introduction/bot_description/install/bot_cartographer/share/bot_cartographer/package.zsh'
[0.753s] Level 1:colcon.colcon_core.environment:create_file_with_runtime_dependencies(/home/tianshu/ROS2Introduction/bot_description/install/bot_cartographer/share/colcon-core/packages/bot_cartographer)
[0.754s] Level 1:colcon.colcon_core.environment:create_environment_scripts_only(bot_navigation2)
[0.756s] Level 1:colcon.colcon_core.environment:checking '/home/tianshu/ROS2Introduction/bot_description/install/bot_navigation2' for CMake module files
[0.756s] DEBUG:colcon.colcon_core.event_handler.log_command:Invoked command in '/home/tianshu/ROS2Introduction/bot_description/build/bot_navigation2' returned '0': CMAKE_PREFIX_PATH=${CMAKE_PREFIX_PATH}:/home/tianshu/ROS2Introduction/bot_description/install/bot00_description:/opt/ros/humble /usr/bin/cmake --install /home/tianshu/ROS2Introduction/bot_description/build/bot_navigation2
[0.757s] Level 1:colcon.colcon_core.environment:checking '/home/tianshu/ROS2Introduction/bot_description/install/bot_navigation2' for CMake config files
[0.757s] Level 1:colcon.colcon_core.shell:create_environment_hook('bot_navigation2', 'cmake_prefix_path')
[0.757s] INFO:colcon.colcon_core.shell:Creating environment hook '/home/tianshu/ROS2Introduction/bot_description/install/bot_navigation2/share/bot_navigation2/hook/cmake_prefix_path.ps1'
[0.758s] INFO:colcon.colcon_core.shell:Creating environment descriptor '/home/tianshu/ROS2Introduction/bot_description/install/bot_navigation2/share/bot_navigation2/hook/cmake_prefix_path.dsv'
[0.758s] INFO:colcon.colcon_core.shell:Creating environment hook '/home/tianshu/ROS2Introduction/bot_description/install/bot_navigation2/share/bot_navigation2/hook/cmake_prefix_path.sh'
[0.759s] Level 1:colcon.colcon_core.environment:checking '/home/tianshu/ROS2Introduction/bot_description/install/bot_navigation2/bin'
[0.759s] Level 1:colcon.colcon_core.environment:checking '/home/tianshu/ROS2Introduction/bot_description/install/bot_navigation2/lib/pkgconfig/bot_navigation2.pc'
[0.759s] Level 1:colcon.colcon_core.environment:checking '/home/tianshu/ROS2Introduction/bot_description/install/bot_navigation2/lib/python3.10/site-packages'
[0.759s] Level 1:colcon.colcon_core.environment:checking '/home/tianshu/ROS2Introduction/bot_description/install/bot_navigation2/bin'
[0.760s] INFO:colcon.colcon_core.shell:Creating package script '/home/tianshu/ROS2Introduction/bot_description/install/bot_navigation2/share/bot_navigation2/package.ps1'
[0.761s] INFO:colcon.colcon_core.shell:Creating package descriptor '/home/tianshu/ROS2Introduction/bot_description/install/bot_navigation2/share/bot_navigation2/package.dsv'
[0.761s] INFO:colcon.colcon_core.shell:Creating package script '/home/tianshu/ROS2Introduction/bot_description/install/bot_navigation2/share/bot_navigation2/package.sh'
[0.761s] INFO:colcon.colcon_core.shell:Creating package script '/home/tianshu/ROS2Introduction/bot_description/install/bot_navigation2/share/bot_navigation2/package.bash'
[0.762s] INFO:colcon.colcon_core.shell:Creating package script '/home/tianshu/ROS2Introduction/bot_description/install/bot_navigation2/share/bot_navigation2/package.zsh'
[0.762s] Level 1:colcon.colcon_core.environment:create_file_with_runtime_dependencies(/home/tianshu/ROS2Introduction/bot_description/install/bot_navigation2/share/colcon-core/packages/bot_navigation2)
[0.777s] DEBUG:colcon.colcon_core.event_handler.log_command:Invoking command in '/home/tianshu/ROS2Introduction/bot_description/src/bot00_description': PYTHONPATH=/home/tianshu/ROS2Introduction/bot_description/build/bot00_description/prefix_override:/home/tianshu/ROS2Introduction/bot_description/install/bot00_description/lib/python3.10/site-packages:${PYTHONPATH} /usr/bin/python3 setup.py egg_info --egg-base ../../build/bot00_description build --build-base /home/tianshu/ROS2Introduction/bot_description/build/bot00_description/build install --record /home/tianshu/ROS2Introduction/bot_description/build/bot00_description/install.log --single-version-externally-managed
[0.805s] Level 1:colcon.colcon_core.environment:create_environment_scripts_only(bot_cartographer)
[0.806s] Level 1:colcon.colcon_core.environment:checking '/home/tianshu/ROS2Introduction/bot_description/install/bot_cartographer' for CMake module files
[0.806s] Level 1:colcon.colcon_core.environment:checking '/home/tianshu/ROS2Introduction/bot_description/install/bot_cartographer' for CMake config files
[0.806s] Level 1:colcon.colcon_core.shell:create_environment_hook('bot_cartographer', 'cmake_prefix_path')
[0.807s] INFO:colcon.colcon_core.shell:Creating environment hook '/home/tianshu/ROS2Introduction/bot_description/install/bot_cartographer/share/bot_cartographer/hook/cmake_prefix_path.ps1'
[0.808s] INFO:colcon.colcon_core.shell:Creating environment descriptor '/home/tianshu/ROS2Introduction/bot_description/install/bot_cartographer/share/bot_cartographer/hook/cmake_prefix_path.dsv'
[0.808s] INFO:colcon.colcon_core.shell:Creating environment hook '/home/tianshu/ROS2Introduction/bot_description/install/bot_cartographer/share/bot_cartographer/hook/cmake_prefix_path.sh'
[0.808s] Level 1:colcon.colcon_core.environment:checking '/home/tianshu/ROS2Introduction/bot_description/install/bot_cartographer/bin'
[0.808s] Level 1:colcon.colcon_core.environment:checking '/home/tianshu/ROS2Introduction/bot_description/install/bot_cartographer/lib/pkgconfig/bot_cartographer.pc'
[0.808s] Level 1:colcon.colcon_core.environment:checking '/home/tianshu/ROS2Introduction/bot_description/install/bot_cartographer/lib/python3.10/site-packages'
[0.808s] Level 1:colcon.colcon_core.environment:checking '/home/tianshu/ROS2Introduction/bot_description/install/bot_cartographer/bin'
[0.809s] INFO:colcon.colcon_core.shell:Creating package script '/home/tianshu/ROS2Introduction/bot_description/install/bot_cartographer/share/bot_cartographer/package.ps1'
[0.810s] INFO:colcon.colcon_core.shell:Creating package descriptor '/home/tianshu/ROS2Introduction/bot_description/install/bot_cartographer/share/bot_cartographer/package.dsv'
[0.810s] INFO:colcon.colcon_core.shell:Creating package script '/home/tianshu/ROS2Introduction/bot_description/install/bot_cartographer/share/bot_cartographer/package.sh'
[0.810s] INFO:colcon.colcon_core.shell:Creating package script '/home/tianshu/ROS2Introduction/bot_description/install/bot_cartographer/share/bot_cartographer/package.bash'
[0.810s] INFO:colcon.colcon_core.shell:Creating package script '/home/tianshu/ROS2Introduction/bot_description/install/bot_cartographer/share/bot_cartographer/package.zsh'
[0.811s] Level 1:colcon.colcon_core.environment:create_file_with_runtime_dependencies(/home/tianshu/ROS2Introduction/bot_description/install/bot_cartographer/share/colcon-core/packages/bot_cartographer)
[0.812s] Level 1:colcon.colcon_core.environment:create_environment_scripts_only(bot_navigation2)
[0.813s] Level 1:colcon.colcon_core.environment:checking '/home/tianshu/ROS2Introduction/bot_description/install/bot_navigation2' for CMake module files
[0.814s] Level 1:colcon.colcon_core.environment:checking '/home/tianshu/ROS2Introduction/bot_description/install/bot_navigation2' for CMake config files
[0.814s] Level 1:colcon.colcon_core.shell:create_environment_hook('bot_navigation2', 'cmake_prefix_path')
[0.815s] INFO:colcon.colcon_core.shell:Creating environment hook '/home/tianshu/ROS2Introduction/bot_description/install/bot_navigation2/share/bot_navigation2/hook/cmake_prefix_path.ps1'
[0.815s] INFO:colcon.colcon_core.shell:Creating environment descriptor '/home/tianshu/ROS2Introduction/bot_description/install/bot_navigation2/share/bot_navigation2/hook/cmake_prefix_path.dsv'
[0.816s] INFO:colcon.colcon_core.shell:Creating environment hook '/home/tianshu/ROS2Introduction/bot_description/install/bot_navigation2/share/bot_navigation2/hook/cmake_prefix_path.sh'
[0.816s] Level 1:colcon.colcon_core.environment:checking '/home/tianshu/ROS2Introduction/bot_description/install/bot_navigation2/bin'
[0.816s] Level 1:colcon.colcon_core.environment:checking '/home/tianshu/ROS2Introduction/bot_description/install/bot_navigation2/lib/pkgconfig/bot_navigation2.pc'
[0.816s] Level 1:colcon.colcon_core.environment:checking '/home/tianshu/ROS2Introduction/bot_description/install/bot_navigation2/lib/python3.10/site-packages'
[0.816s] Level 1:colcon.colcon_core.environment:checking '/home/tianshu/ROS2Introduction/bot_description/install/bot_navigation2/bin'
[0.817s] INFO:colcon.colcon_core.shell:Creating package script '/home/tianshu/ROS2Introduction/bot_description/install/bot_navigation2/share/bot_navigation2/package.ps1'
[0.817s] INFO:colcon.colcon_core.shell:Creating package descriptor '/home/tianshu/ROS2Introduction/bot_description/install/bot_navigation2/share/bot_navigation2/package.dsv'
[0.818s] INFO:colcon.colcon_core.shell:Creating package script '/home/tianshu/ROS2Introduction/bot_description/install/bot_navigation2/share/bot_navigation2/package.sh'
[0.818s] INFO:colcon.colcon_core.shell:Creating package script '/home/tianshu/ROS2Introduction/bot_description/install/bot_navigation2/share/bot_navigation2/package.bash'
[0.818s] INFO:colcon.colcon_core.shell:Creating package script '/home/tianshu/ROS2Introduction/bot_description/install/bot_navigation2/share/bot_navigation2/package.zsh'
[0.819s] Level 1:colcon.colcon_core.environment:create_file_with_runtime_dependencies(/home/tianshu/ROS2Introduction/bot_description/install/bot_navigation2/share/colcon-core/packages/bot_navigation2)
[0.992s] Level 1:colcon.colcon_core.environment:checking '/home/tianshu/ROS2Introduction/bot_description/install/bot00_description' for CMake module files
[0.993s] DEBUG:colcon.colcon_core.event_handler.log_command:Invoked command in '/home/tianshu/ROS2Introduction/bot_description/src/bot00_description' returned '0': PYTHONPATH=/home/tianshu/ROS2Introduction/bot_description/build/bot00_description/prefix_override:/home/tianshu/ROS2Introduction/bot_description/install/bot00_description/lib/python3.10/site-packages:${PYTHONPATH} /usr/bin/python3 setup.py egg_info --egg-base ../../build/bot00_description build --build-base /home/tianshu/ROS2Introduction/bot_description/build/bot00_description/build install --record /home/tianshu/ROS2Introduction/bot_description/build/bot00_description/install.log --single-version-externally-managed
[0.993s] Level 1:colcon.colcon_core.environment:checking '/home/tianshu/ROS2Introduction/bot_description/install/bot00_description' for CMake config files
[0.993s] Level 1:colcon.colcon_core.environment:checking '/home/tianshu/ROS2Introduction/bot_description/install/bot00_description/lib'
[0.994s] Level 1:colcon.colcon_core.environment:checking '/home/tianshu/ROS2Introduction/bot_description/install/bot00_description/bin'
[0.994s] Level 1:colcon.colcon_core.environment:checking '/home/tianshu/ROS2Introduction/bot_description/install/bot00_description/lib/pkgconfig/bot00_description.pc'
[0.994s] Level 1:colcon.colcon_core.environment:checking '/home/tianshu/ROS2Introduction/bot_description/install/bot00_description/lib/python3.10/site-packages'
[0.994s] Level 1:colcon.colcon_core.shell:create_environment_hook('bot00_description', 'pythonpath')
[0.995s] INFO:colcon.colcon_core.shell:Creating environment hook '/home/tianshu/ROS2Introduction/bot_description/install/bot00_description/share/bot00_description/hook/pythonpath.ps1'
[0.996s] INFO:colcon.colcon_core.shell:Creating environment descriptor '/home/tianshu/ROS2Introduction/bot_description/install/bot00_description/share/bot00_description/hook/pythonpath.dsv'
[0.996s] INFO:colcon.colcon_core.shell:Creating environment hook '/home/tianshu/ROS2Introduction/bot_description/install/bot00_description/share/bot00_description/hook/pythonpath.sh'
[0.996s] Level 1:colcon.colcon_core.environment:checking '/home/tianshu/ROS2Introduction/bot_description/install/bot00_description/bin'
[0.997s] Level 1:colcon.colcon_core.environment:create_environment_scripts_only(bot00_description)
[0.998s] INFO:colcon.colcon_core.shell:Creating package script '/home/tianshu/ROS2Introduction/bot_description/install/bot00_description/share/bot00_description/package.ps1'
[0.998s] INFO:colcon.colcon_core.shell:Creating package descriptor '/home/tianshu/ROS2Introduction/bot_description/install/bot00_description/share/bot00_description/package.dsv'
[0.998s] INFO:colcon.colcon_core.shell:Creating package script '/home/tianshu/ROS2Introduction/bot_description/install/bot00_description/share/bot00_description/package.sh'
[0.999s] INFO:colcon.colcon_core.shell:Creating package script '/home/tianshu/ROS2Introduction/bot_description/install/bot00_description/share/bot00_description/package.bash'
[0.999s] INFO:colcon.colcon_core.shell:Creating package script '/home/tianshu/ROS2Introduction/bot_description/install/bot00_description/share/bot00_description/package.zsh'
[0.999s] Level 1:colcon.colcon_core.environment:create_file_with_runtime_dependencies(/home/tianshu/ROS2Introduction/bot_description/install/bot00_description/share/colcon-core/packages/bot00_description)
[0.999s] DEBUG:colcon.colcon_parallel_executor.executor.parallel:closing loop
[1.000s] DEBUG:colcon.colcon_parallel_executor.executor.parallel:loop closed
[1.000s] DEBUG:colcon.colcon_parallel_executor.executor.parallel:run_until_complete finished with '0'
[1.000s] DEBUG:colcon.colcon_core.event_reactor:joining thread
[1.005s] INFO:colcon.colcon_core.plugin_system:Skipping extension 'colcon_notification.desktop_notification.terminal_notifier': Not used on non-Darwin systems
[1.005s] INFO:colcon.colcon_core.plugin_system:Skipping extension 'colcon_notification.desktop_notification.win32': Not used on non-Windows systems
[1.005s] INFO:colcon.colcon_notification.desktop_notification:Sending desktop notification using 'notify2'
[1.018s] DEBUG:colcon.colcon_core.event_reactor:joined thread
[1.019s] INFO:colcon.colcon_core.shell:Creating prefix script '/home/tianshu/ROS2Introduction/bot_description/install/local_setup.ps1'
[1.020s] INFO:colcon.colcon_core.shell:Creating prefix util module '/home/tianshu/ROS2Introduction/bot_description/install/_local_setup_util_ps1.py'
[1.021s] INFO:colcon.colcon_core.shell:Creating prefix chain script '/home/tianshu/ROS2Introduction/bot_description/install/setup.ps1'
[1.022s] INFO:colcon.colcon_core.shell:Creating prefix script '/home/tianshu/ROS2Introduction/bot_description/install/local_setup.sh'
[1.023s] INFO:colcon.colcon_core.shell:Creating prefix util module '/home/tianshu/ROS2Introduction/bot_description/install/_local_setup_util_sh.py'
[1.023s] INFO:colcon.colcon_core.shell:Creating prefix chain script '/home/tianshu/ROS2Introduction/bot_description/install/setup.sh'
[1.024s] INFO:colcon.colcon_core.shell:Creating prefix script '/home/tianshu/ROS2Introduction/bot_description/install/local_setup.bash'
[1.024s] INFO:colcon.colcon_core.shell:Creating prefix chain script '/home/tianshu/ROS2Introduction/bot_description/install/setup.bash'
[1.025s] INFO:colcon.colcon_core.shell:Creating prefix script '/home/tianshu/ROS2Introduction/bot_description/install/local_setup.zsh'
[1.025s] INFO:colcon.colcon_core.shell:Creating prefix chain script '/home/tianshu/ROS2Introduction/bot_description/install/setup.zsh'
