[0.083s] Invoking command in '/home/tianshu/ROS2Introduction/action_intro_ws_py/build/robot_control_interfaces': CMAKE_PREFIX_PATH=/opt/ros/humble CONDA_PROMPT_MODIFIER=(base) WSLENV=ELECTRON_RUN_AS_NODE/w: /home/tianshu/miniconda3/bin/cmake /home/tianshu/ROS2Introduction/action_intro_ws_py/src/robot_control_interfaces -DCMAKE_INSTALL_PREFIX=/home/tianshu/ROS2Introduction/action_intro_ws_py/install/robot_control_interfaces
[0.432s] -- The C compiler identification is GNU 10.4.0
[1.012s] -- The CXX compiler identification is GNU 10.4.0
[1.477s] -- Detecting C compiler ABI info
[1.701s] -- Detecting C compiler ABI info - done
[1.707s] -- Check for working C compiler: /usr/bin/cc - skipped
[1.709s] -- Detecting C compile features
[1.709s] -- Detecting C compile features - done
[1.713s] -- Detecting CXX compiler ABI info
[1.879s] -- Detecting CXX compiler ABI info - done
[1.885s] -- Check for working CXX compiler: /usr/bin/c++ - skipped
[1.885s] -- Detecting CXX compile features
[1.885s] -- Detecting CXX compile features - done
[1.892s] -- Found ament_cmake: 1.3.5 (/opt/ros/humble/share/ament_cmake/cmake)
[4.752s] -- Found Python3: /usr/bin/python3.10 (found version "3.10.6") found components: Interpreter 
[4.861s] -- Found rosidl_default_generators: 1.2.0 (/opt/ros/humble/share/rosidl_default_generators/cmake)
[4.865s] -- Using all available rosidl_typesupport_c: rosidl_typesupport_fastrtps_c;rosidl_typesupport_introspection_c
[4.874s] -- Found rosidl_adapter: 3.1.4 (/opt/ros/humble/share/rosidl_adapter/cmake)
[5.055s] -- Using all available rosidl_typesupport_cpp: rosidl_typesupport_fastrtps_cpp;rosidl_typesupport_introspection_cpp
[5.348s] -- Found ament_cmake_ros: 0.10.0 (/opt/ros/humble/share/ament_cmake_ros/cmake)
[5.434s] -- Using all available rosidl_typesupport_c: rosidl_typesupport_fastrtps_c;rosidl_typesupport_introspection_c
[5.543s] -- Using all available rosidl_typesupport_cpp: rosidl_typesupport_fastrtps_cpp;rosidl_typesupport_introspection_cpp
[5.661s] -- Found PythonInterp: /home/tianshu/miniconda3/bin/python3 (found suitable version "3.9.16", minimum required is "3.6") 
[5.663s] -- Found python_cmake_module: 0.10.0 (/opt/ros/humble/share/python_cmake_module/cmake)
[5.690s] -- Found PythonLibs: /home/tianshu/miniconda3/lib/libpython3.9.so (found suitable version "3.9.16", minimum required is "3.5") 
[5.691s] -- Using PYTHON_EXECUTABLE: /home/tianshu/miniconda3/bin/python3
[5.691s] -- Using PYTHON_INCLUDE_DIRS: /home/tianshu/miniconda3/include/python3.9
[5.691s] -- Using PYTHON_LIBRARIES: /home/tianshu/miniconda3/lib/libpython3.9.so
[5.714s] -- Found PythonExtra: .so  
[6.105s] -- Using numpy include directory: /home/tianshu/miniconda3/lib/python3.9/site-packages/numpy/core/include
[6.114s] -- Found ament_lint_auto: 0.12.6 (/opt/ros/humble/share/ament_lint_auto/cmake)
[6.146s] -- Added test 'lint_cmake' to check CMake code style
[6.148s] -- Added test 'xmllint' to check XML markup files
[6.150s] -- Configuring done (6.0s)
[6.182s] -- Generating done (0.0s)
[6.184s] -- Build files have been written to: /home/tianshu/ROS2Introduction/action_intro_ws_py/build/robot_control_interfaces
[6.191s] Invoked command in '/home/tianshu/ROS2Introduction/action_intro_ws_py/build/robot_control_interfaces' returned '0': CMAKE_PREFIX_PATH=/opt/ros/humble CONDA_PROMPT_MODIFIER=(base) WSLENV=ELECTRON_RUN_AS_NODE/w: /home/tianshu/miniconda3/bin/cmake /home/tianshu/ROS2Introduction/action_intro_ws_py/src/robot_control_interfaces -DCMAKE_INSTALL_PREFIX=/home/tianshu/ROS2Introduction/action_intro_ws_py/install/robot_control_interfaces
[6.193s] Invoking command in '/home/tianshu/ROS2Introduction/action_intro_ws_py/build/robot_control_interfaces': CMAKE_PREFIX_PATH=/opt/ros/humble CONDA_PROMPT_MODIFIER=(base) WSLENV=ELECTRON_RUN_AS_NODE/w: /home/tianshu/miniconda3/bin/cmake --build /home/tianshu/ROS2Introduction/action_intro_ws_py/build/robot_control_interfaces -- -j20 -l20
[6.259s] [  3%] [34m[1mGenerating C code for ROS interfaces[0m
[6.271s] [  6%] [34m[1mGenerating C++ code for ROS interfaces[0m
[6.274s] [  6%] Built target ament_cmake_python_copy_robot_control_interfaces
[6.454s] running egg_info
[6.455s] creating robot_control_interfaces.egg-info
[6.455s] writing robot_control_interfaces.egg-info/PKG-INFO
[6.455s] writing dependency_links to robot_control_interfaces.egg-info/dependency_links.txt
[6.455s] writing top-level names to robot_control_interfaces.egg-info/top_level.txt
[6.455s] writing manifest file 'robot_control_interfaces.egg-info/SOURCES.txt'
[6.459s] reading manifest file 'robot_control_interfaces.egg-info/SOURCES.txt'
[6.459s] writing manifest file 'robot_control_interfaces.egg-info/SOURCES.txt'
[6.487s] [  6%] Built target ament_cmake_python_build_robot_control_interfaces_egg
[6.585s] [  6%] Built target robot_control_interfaces__cpp
[6.598s] [  9%] [34m[1mGenerating C++ introspection for ROS interfaces[0m
[6.600s] [ 12%] [32mBuilding C object CMakeFiles/robot_control_interfaces__rosidl_generator_c.dir/rosidl_generator_c/robot_control_interfaces/action/detail/move_robot__functions.c.o[0m
[6.601s] [ 16%] [34m[1mGenerating C++ type support dispatch for ROS interfaces[0m
[6.603s] [ 19%] [34m[1mGenerating C++ type support for eProsima Fast-RTPS[0m
[6.728s] [ 22%] [32m[1mLinking C shared library librobot_control_interfaces__rosidl_generator_c.so[0m
[6.841s] [ 25%] [32mBuilding CXX object CMakeFiles/robot_control_interfaces__rosidl_typesupport_cpp.dir/rosidl_typesupport_cpp/robot_control_interfaces/action/move_robot__type_support.cpp.o[0m
[6.878s] [ 29%] [32mBuilding CXX object CMakeFiles/robot_control_interfaces__rosidl_typesupport_introspection_cpp.dir/rosidl_typesupport_introspection_cpp/robot_control_interfaces/action/detail/move_robot__type_support.cpp.o[0m
[6.901s] [ 32%] [32mBuilding CXX object CMakeFiles/robot_control_interfaces__rosidl_typesupport_fastrtps_cpp.dir/rosidl_typesupport_fastrtps_cpp/robot_control_interfaces/action/detail/dds_fastrtps/move_robot__type_support.cpp.o[0m
[6.902s] [ 32%] Built target robot_control_interfaces__rosidl_generator_c
[6.917s] [ 35%] [34m[1mGenerating C type support for eProsima Fast-RTPS[0m
[6.919s] [ 38%] [34m[1mGenerating C type support dispatch for ROS interfaces[0m
[6.920s] [ 41%] [34m[1mGenerating C introspection for ROS interfaces[0m
[7.188s] [ 45%] [32mBuilding CXX object CMakeFiles/robot_control_interfaces__rosidl_typesupport_c.dir/rosidl_typesupport_c/robot_control_interfaces/action/move_robot__type_support.cpp.o[0m
[7.232s] [ 48%] [32m[1mLinking CXX shared library librobot_control_interfaces__rosidl_typesupport_cpp.so[0m
[7.243s] [ 51%] [32m[1mLinking CXX shared library librobot_control_interfaces__rosidl_typesupport_c.so[0m
[7.249s] [ 54%] [32mBuilding C object CMakeFiles/robot_control_interfaces__rosidl_typesupport_introspection_c.dir/rosidl_typesupport_introspection_c/robot_control_interfaces/action/detail/move_robot__type_support.c.o[0m
[7.270s] [ 58%] [32mBuilding CXX object CMakeFiles/robot_control_interfaces__rosidl_typesupport_fastrtps_c.dir/rosidl_typesupport_fastrtps_c/robot_control_interfaces/action/detail/move_robot__type_support_c.cpp.o[0m
[7.300s] [ 61%] [32m[1mLinking C shared library librobot_control_interfaces__rosidl_typesupport_introspection_c.so[0m
[7.351s] [ 64%] [32m[1mLinking CXX shared library librobot_control_interfaces__rosidl_typesupport_fastrtps_cpp.so[0m
[7.382s] [ 67%] [32m[1mLinking CXX shared library librobot_control_interfaces__rosidl_typesupport_introspection_cpp.so[0m
[7.390s] [ 67%] Built target robot_control_interfaces__rosidl_typesupport_cpp
[7.396s] [ 67%] Built target robot_control_interfaces__rosidl_typesupport_c
[7.430s] [ 67%] Built target robot_control_interfaces__rosidl_typesupport_introspection_c
[7.555s] [ 70%] [32m[1mLinking CXX shared library librobot_control_interfaces__rosidl_typesupport_fastrtps_c.so[0m
[7.559s] [ 70%] Built target robot_control_interfaces__rosidl_typesupport_fastrtps_cpp
[7.567s] [ 70%] Built target robot_control_interfaces__rosidl_typesupport_introspection_cpp
[7.700s] [ 70%] Built target robot_control_interfaces__rosidl_typesupport_fastrtps_c
[7.724s] [ 70%] Built target robot_control_interfaces
[7.749s] [ 74%] [34m[1mGenerating Python code for ROS interfaces[0m
[8.233s] [ 74%] Built target robot_control_interfaces__py
[8.260s] [ 77%] [32mBuilding C object CMakeFiles/robot_control_interfaces__rosidl_generator_py.dir/rosidl_generator_py/robot_control_interfaces/action/_move_robot_s.c.o[0m
[8.408s] [ 80%] [32m[1mLinking C shared library rosidl_generator_py/robot_control_interfaces/librobot_control_interfaces__rosidl_generator_py.so[0m
[8.515s] [ 80%] Built target robot_control_interfaces__rosidl_generator_py
[8.543s] [ 83%] [32mBuilding C object CMakeFiles/robot_control_interfaces__rosidl_typesupport_fastrtps_c__pyext.dir/rosidl_generator_py/robot_control_interfaces/_robot_control_interfaces_s.ep.rosidl_typesupport_fastrtps_c.c.o[0m
[8.545s] [ 87%] [32mBuilding C object CMakeFiles/robot_control_interfaces__rosidl_typesupport_c__pyext.dir/rosidl_generator_py/robot_control_interfaces/_robot_control_interfaces_s.ep.rosidl_typesupport_c.c.o[0m
[8.547s] [ 90%] [32mBuilding C object CMakeFiles/robot_control_interfaces__rosidl_typesupport_introspection_c__pyext.dir/rosidl_generator_py/robot_control_interfaces/_robot_control_interfaces_s.ep.rosidl_typesupport_introspection_c.c.o[0m
[8.624s] [ 93%] [32m[1mLinking C shared library rosidl_generator_py/robot_control_interfaces/robot_control_interfaces_s__rosidl_typesupport_fastrtps_c.cpython-39-x86_64-linux-gnu.so[0m
[8.625s] [ 96%] [32m[1mLinking C shared library rosidl_generator_py/robot_control_interfaces/robot_control_interfaces_s__rosidl_typesupport_c.cpython-39-x86_64-linux-gnu.so[0m
[8.629s] [100%] [32m[1mLinking C shared library rosidl_generator_py/robot_control_interfaces/robot_control_interfaces_s__rosidl_typesupport_introspection_c.cpython-39-x86_64-linux-gnu.so[0m
[8.716s] [100%] Built target robot_control_interfaces__rosidl_typesupport_c__pyext
[8.716s] [100%] Built target robot_control_interfaces__rosidl_typesupport_fastrtps_c__pyext
[8.743s] [100%] Built target robot_control_interfaces__rosidl_typesupport_introspection_c__pyext
[8.753s] Invoked command in '/home/tianshu/ROS2Introduction/action_intro_ws_py/build/robot_control_interfaces' returned '0': CMAKE_PREFIX_PATH=/opt/ros/humble CONDA_PROMPT_MODIFIER=(base) WSLENV=ELECTRON_RUN_AS_NODE/w: /home/tianshu/miniconda3/bin/cmake --build /home/tianshu/ROS2Introduction/action_intro_ws_py/build/robot_control_interfaces -- -j20 -l20
[8.997s] Invoking command in '/home/tianshu/ROS2Introduction/action_intro_ws_py/build/robot_control_interfaces': CMAKE_PREFIX_PATH=/opt/ros/humble CONDA_PROMPT_MODIFIER=(base) WSLENV=ELECTRON_RUN_AS_NODE/w: /home/tianshu/miniconda3/bin/cmake --install /home/tianshu/ROS2Introduction/action_intro_ws_py/build/robot_control_interfaces
[9.023s] -- Install configuration: ""
[9.023s] -- Installing: /home/tianshu/ROS2Introduction/action_intro_ws_py/install/robot_control_interfaces/share/ament_index/resource_index/rosidl_interfaces/robot_control_interfaces
[9.023s] -- Installing: /home/tianshu/ROS2Introduction/action_intro_ws_py/install/robot_control_interfaces/include/robot_control_interfaces/robot_control_interfaces
[9.023s] -- Installing: /home/tianshu/ROS2Introduction/action_intro_ws_py/install/robot_control_interfaces/include/robot_control_interfaces/robot_control_interfaces/msg
[9.023s] -- Installing: /home/tianshu/ROS2Introduction/action_intro_ws_py/install/robot_control_interfaces/include/robot_control_interfaces/robot_control_interfaces/msg/rosidl_generator_c__visibility_control.h
[9.024s] -- Installing: /home/tianshu/ROS2Introduction/action_intro_ws_py/install/robot_control_interfaces/include/robot_control_interfaces/robot_control_interfaces/action
[9.024s] -- Installing: /home/tianshu/ROS2Introduction/action_intro_ws_py/install/robot_control_interfaces/include/robot_control_interfaces/robot_control_interfaces/action/move_robot.h
[9.024s] -- Installing: /home/tianshu/ROS2Introduction/action_intro_ws_py/install/robot_control_interfaces/include/robot_control_interfaces/robot_control_interfaces/action/detail
[9.024s] -- Installing: /home/tianshu/ROS2Introduction/action_intro_ws_py/install/robot_control_interfaces/include/robot_control_interfaces/robot_control_interfaces/action/detail/move_robot__type_support.h
[9.024s] -- Installing: /home/tianshu/ROS2Introduction/action_intro_ws_py/install/robot_control_interfaces/include/robot_control_interfaces/robot_control_interfaces/action/detail/move_robot__functions.c
[9.024s] -- Installing: /home/tianshu/ROS2Introduction/action_intro_ws_py/install/robot_control_interfaces/include/robot_control_interfaces/robot_control_interfaces/action/detail/move_robot__struct.h
[9.024s] -- Installing: /home/tianshu/ROS2Introduction/action_intro_ws_py/install/robot_control_interfaces/include/robot_control_interfaces/robot_control_interfaces/action/detail/move_robot__functions.h
[9.024s] -- Installing: /home/tianshu/ROS2Introduction/action_intro_ws_py/install/robot_control_interfaces/share/robot_control_interfaces/environment/library_path.sh
[9.024s] -- Installing: /home/tianshu/ROS2Introduction/action_intro_ws_py/install/robot_control_interfaces/share/robot_control_interfaces/environment/library_path.dsv
[9.024s] -- Installing: /home/tianshu/ROS2Introduction/action_intro_ws_py/install/robot_control_interfaces/lib/librobot_control_interfaces__rosidl_generator_c.so
[9.024s] -- Set runtime path of "/home/tianshu/ROS2Introduction/action_intro_ws_py/install/robot_control_interfaces/lib/librobot_control_interfaces__rosidl_generator_c.so" to ""
[9.025s] -- Up-to-date: /home/tianshu/ROS2Introduction/action_intro_ws_py/install/robot_control_interfaces/include/robot_control_interfaces/robot_control_interfaces
[9.025s] -- Up-to-date: /home/tianshu/ROS2Introduction/action_intro_ws_py/install/robot_control_interfaces/include/robot_control_interfaces/robot_control_interfaces/msg
[9.025s] -- Installing: /home/tianshu/ROS2Introduction/action_intro_ws_py/install/robot_control_interfaces/include/robot_control_interfaces/robot_control_interfaces/msg/rosidl_typesupport_fastrtps_c__visibility_control.h
[9.025s] -- Up-to-date: /home/tianshu/ROS2Introduction/action_intro_ws_py/install/robot_control_interfaces/include/robot_control_interfaces/robot_control_interfaces/action
[9.025s] -- Up-to-date: /home/tianshu/ROS2Introduction/action_intro_ws_py/install/robot_control_interfaces/include/robot_control_interfaces/robot_control_interfaces/action/detail
[9.025s] -- Installing: /home/tianshu/ROS2Introduction/action_intro_ws_py/install/robot_control_interfaces/include/robot_control_interfaces/robot_control_interfaces/action/detail/move_robot__rosidl_typesupport_fastrtps_c.h
[9.025s] -- Installing: /home/tianshu/ROS2Introduction/action_intro_ws_py/install/robot_control_interfaces/lib/librobot_control_interfaces__rosidl_typesupport_fastrtps_c.so
[9.025s] -- Set runtime path of "/home/tianshu/ROS2Introduction/action_intro_ws_py/install/robot_control_interfaces/lib/librobot_control_interfaces__rosidl_typesupport_fastrtps_c.so" to ""
[9.025s] -- Up-to-date: /home/tianshu/ROS2Introduction/action_intro_ws_py/install/robot_control_interfaces/include/robot_control_interfaces/robot_control_interfaces
[9.025s] -- Up-to-date: /home/tianshu/ROS2Introduction/action_intro_ws_py/install/robot_control_interfaces/include/robot_control_interfaces/robot_control_interfaces/msg
[9.025s] -- Installing: /home/tianshu/ROS2Introduction/action_intro_ws_py/install/robot_control_interfaces/include/robot_control_interfaces/robot_control_interfaces/msg/rosidl_typesupport_introspection_c__visibility_control.h
[9.025s] -- Up-to-date: /home/tianshu/ROS2Introduction/action_intro_ws_py/install/robot_control_interfaces/include/robot_control_interfaces/robot_control_interfaces/action
[9.025s] -- Up-to-date: /home/tianshu/ROS2Introduction/action_intro_ws_py/install/robot_control_interfaces/include/robot_control_interfaces/robot_control_interfaces/action/detail
[9.025s] -- Installing: /home/tianshu/ROS2Introduction/action_intro_ws_py/install/robot_control_interfaces/include/robot_control_interfaces/robot_control_interfaces/action/detail/move_robot__rosidl_typesupport_introspection_c.h
[9.025s] -- Installing: /home/tianshu/ROS2Introduction/action_intro_ws_py/install/robot_control_interfaces/include/robot_control_interfaces/robot_control_interfaces/action/detail/move_robot__type_support.c
[9.025s] -- Installing: /home/tianshu/ROS2Introduction/action_intro_ws_py/install/robot_control_interfaces/lib/librobot_control_interfaces__rosidl_typesupport_introspection_c.so
[9.025s] -- Set runtime path of "/home/tianshu/ROS2Introduction/action_intro_ws_py/install/robot_control_interfaces/lib/librobot_control_interfaces__rosidl_typesupport_introspection_c.so" to ""
[9.025s] -- Installing: /home/tianshu/ROS2Introduction/action_intro_ws_py/install/robot_control_interfaces/lib/librobot_control_interfaces__rosidl_typesupport_c.so
[9.026s] -- Set runtime path of "/home/tianshu/ROS2Introduction/action_intro_ws_py/install/robot_control_interfaces/lib/librobot_control_interfaces__rosidl_typesupport_c.so" to ""
[9.026s] -- Up-to-date: /home/tianshu/ROS2Introduction/action_intro_ws_py/install/robot_control_interfaces/include/robot_control_interfaces/robot_control_interfaces
[9.026s] -- Up-to-date: /home/tianshu/ROS2Introduction/action_intro_ws_py/install/robot_control_interfaces/include/robot_control_interfaces/robot_control_interfaces/action
[9.026s] -- Up-to-date: /home/tianshu/ROS2Introduction/action_intro_ws_py/install/robot_control_interfaces/include/robot_control_interfaces/robot_control_interfaces/action/detail
[9.026s] -- Installing: /home/tianshu/ROS2Introduction/action_intro_ws_py/install/robot_control_interfaces/include/robot_control_interfaces/robot_control_interfaces/action/detail/move_robot__struct.hpp
[9.026s] -- Installing: /home/tianshu/ROS2Introduction/action_intro_ws_py/install/robot_control_interfaces/include/robot_control_interfaces/robot_control_interfaces/action/detail/move_robot__builder.hpp
[9.026s] -- Installing: /home/tianshu/ROS2Introduction/action_intro_ws_py/install/robot_control_interfaces/include/robot_control_interfaces/robot_control_interfaces/action/detail/move_robot__traits.hpp
[9.026s] -- Installing: /home/tianshu/ROS2Introduction/action_intro_ws_py/install/robot_control_interfaces/include/robot_control_interfaces/robot_control_interfaces/action/move_robot.hpp
[9.026s] -- Up-to-date: /home/tianshu/ROS2Introduction/action_intro_ws_py/install/robot_control_interfaces/include/robot_control_interfaces/robot_control_interfaces
[9.026s] -- Up-to-date: /home/tianshu/ROS2Introduction/action_intro_ws_py/install/robot_control_interfaces/include/robot_control_interfaces/robot_control_interfaces/msg
[9.026s] -- Installing: /home/tianshu/ROS2Introduction/action_intro_ws_py/install/robot_control_interfaces/include/robot_control_interfaces/robot_control_interfaces/msg/rosidl_typesupport_fastrtps_cpp__visibility_control.h
[9.026s] -- Up-to-date: /home/tianshu/ROS2Introduction/action_intro_ws_py/install/robot_control_interfaces/include/robot_control_interfaces/robot_control_interfaces/action
[9.026s] -- Up-to-date: /home/tianshu/ROS2Introduction/action_intro_ws_py/install/robot_control_interfaces/include/robot_control_interfaces/robot_control_interfaces/action/detail
[9.026s] -- Installing: /home/tianshu/ROS2Introduction/action_intro_ws_py/install/robot_control_interfaces/include/robot_control_interfaces/robot_control_interfaces/action/detail/dds_fastrtps
[9.026s] -- Installing: /home/tianshu/ROS2Introduction/action_intro_ws_py/install/robot_control_interfaces/include/robot_control_interfaces/robot_control_interfaces/action/detail/move_robot__rosidl_typesupport_fastrtps_cpp.hpp
[9.026s] -- Installing: /home/tianshu/ROS2Introduction/action_intro_ws_py/install/robot_control_interfaces/lib/librobot_control_interfaces__rosidl_typesupport_fastrtps_cpp.so
[9.026s] -- Set runtime path of "/home/tianshu/ROS2Introduction/action_intro_ws_py/install/robot_control_interfaces/lib/librobot_control_interfaces__rosidl_typesupport_fastrtps_cpp.so" to ""
[9.026s] -- Up-to-date: /home/tianshu/ROS2Introduction/action_intro_ws_py/install/robot_control_interfaces/include/robot_control_interfaces/robot_control_interfaces
[9.026s] -- Up-to-date: /home/tianshu/ROS2Introduction/action_intro_ws_py/install/robot_control_interfaces/include/robot_control_interfaces/robot_control_interfaces/action
[9.026s] -- Up-to-date: /home/tianshu/ROS2Introduction/action_intro_ws_py/install/robot_control_interfaces/include/robot_control_interfaces/robot_control_interfaces/action/detail
[9.026s] -- Installing: /home/tianshu/ROS2Introduction/action_intro_ws_py/install/robot_control_interfaces/include/robot_control_interfaces/robot_control_interfaces/action/detail/move_robot__rosidl_typesupport_introspection_cpp.hpp
[9.026s] -- Installing: /home/tianshu/ROS2Introduction/action_intro_ws_py/install/robot_control_interfaces/include/robot_control_interfaces/robot_control_interfaces/action/detail/move_robot__type_support.cpp
[9.026s] -- Installing: /home/tianshu/ROS2Introduction/action_intro_ws_py/install/robot_control_interfaces/lib/librobot_control_interfaces__rosidl_typesupport_introspection_cpp.so
[9.026s] -- Set runtime path of "/home/tianshu/ROS2Introduction/action_intro_ws_py/install/robot_control_interfaces/lib/librobot_control_interfaces__rosidl_typesupport_introspection_cpp.so" to ""
[9.027s] -- Installing: /home/tianshu/ROS2Introduction/action_intro_ws_py/install/robot_control_interfaces/lib/librobot_control_interfaces__rosidl_typesupport_cpp.so
[9.027s] -- Set runtime path of "/home/tianshu/ROS2Introduction/action_intro_ws_py/install/robot_control_interfaces/lib/librobot_control_interfaces__rosidl_typesupport_cpp.so" to ""
[9.027s] -- Installing: /home/tianshu/ROS2Introduction/action_intro_ws_py/install/robot_control_interfaces/share/robot_control_interfaces/environment/pythonpath.sh
[9.027s] -- Installing: /home/tianshu/ROS2Introduction/action_intro_ws_py/install/robot_control_interfaces/share/robot_control_interfaces/environment/pythonpath.dsv
[9.027s] -- Installing: /home/tianshu/ROS2Introduction/action_intro_ws_py/install/robot_control_interfaces/local/lib/python3.10/dist-packages/robot_control_interfaces-0.0.0-py3.10.egg-info
[9.027s] -- Installing: /home/tianshu/ROS2Introduction/action_intro_ws_py/install/robot_control_interfaces/local/lib/python3.10/dist-packages/robot_control_interfaces-0.0.0-py3.10.egg-info/top_level.txt
[9.027s] -- Installing: /home/tianshu/ROS2Introduction/action_intro_ws_py/install/robot_control_interfaces/local/lib/python3.10/dist-packages/robot_control_interfaces-0.0.0-py3.10.egg-info/dependency_links.txt
[9.027s] -- Installing: /home/tianshu/ROS2Introduction/action_intro_ws_py/install/robot_control_interfaces/local/lib/python3.10/dist-packages/robot_control_interfaces-0.0.0-py3.10.egg-info/SOURCES.txt
[9.027s] -- Installing: /home/tianshu/ROS2Introduction/action_intro_ws_py/install/robot_control_interfaces/local/lib/python3.10/dist-packages/robot_control_interfaces-0.0.0-py3.10.egg-info/PKG-INFO
[9.027s] -- Installing: /home/tianshu/ROS2Introduction/action_intro_ws_py/install/robot_control_interfaces/local/lib/python3.10/dist-packages/robot_control_interfaces
[9.027s] -- Installing: /home/tianshu/ROS2Introduction/action_intro_ws_py/install/robot_control_interfaces/local/lib/python3.10/dist-packages/robot_control_interfaces/robot_control_interfaces_s__rosidl_typesupport_fastrtps_c.cpython-39-x86_64-linux-gnu.so
[9.027s] -- Installing: /home/tianshu/ROS2Introduction/action_intro_ws_py/install/robot_control_interfaces/local/lib/python3.10/dist-packages/robot_control_interfaces/_robot_control_interfaces_s.ep.rosidl_typesupport_fastrtps_c.c
[9.028s] -- Installing: /home/tianshu/ROS2Introduction/action_intro_ws_py/install/robot_control_interfaces/local/lib/python3.10/dist-packages/robot_control_interfaces/_robot_control_interfaces_s.ep.rosidl_typesupport_c.c
[9.028s] -- Installing: /home/tianshu/ROS2Introduction/action_intro_ws_py/install/robot_control_interfaces/local/lib/python3.10/dist-packages/robot_control_interfaces/librobot_control_interfaces__rosidl_generator_py.so
[9.028s] -- Installing: /home/tianshu/ROS2Introduction/action_intro_ws_py/install/robot_control_interfaces/local/lib/python3.10/dist-packages/robot_control_interfaces/__init__.py
[9.028s] -- Installing: /home/tianshu/ROS2Introduction/action_intro_ws_py/install/robot_control_interfaces/local/lib/python3.10/dist-packages/robot_control_interfaces/_robot_control_interfaces_s.ep.rosidl_typesupport_introspection_c.c
[9.028s] -- Installing: /home/tianshu/ROS2Introduction/action_intro_ws_py/install/robot_control_interfaces/local/lib/python3.10/dist-packages/robot_control_interfaces/robot_control_interfaces_s__rosidl_typesupport_c.cpython-39-x86_64-linux-gnu.so
[9.028s] -- Installing: /home/tianshu/ROS2Introduction/action_intro_ws_py/install/robot_control_interfaces/local/lib/python3.10/dist-packages/robot_control_interfaces/action
[9.028s] -- Installing: /home/tianshu/ROS2Introduction/action_intro_ws_py/install/robot_control_interfaces/local/lib/python3.10/dist-packages/robot_control_interfaces/action/_move_robot.py
[9.028s] -- Installing: /home/tianshu/ROS2Introduction/action_intro_ws_py/install/robot_control_interfaces/local/lib/python3.10/dist-packages/robot_control_interfaces/action/_move_robot_s.c
[9.028s] -- Installing: /home/tianshu/ROS2Introduction/action_intro_ws_py/install/robot_control_interfaces/local/lib/python3.10/dist-packages/robot_control_interfaces/action/__init__.py
[9.028s] -- Installing: /home/tianshu/ROS2Introduction/action_intro_ws_py/install/robot_control_interfaces/local/lib/python3.10/dist-packages/robot_control_interfaces/robot_control_interfaces_s__rosidl_typesupport_introspection_c.cpython-39-x86_64-linux-gnu.so
[9.060s] Listing '/home/tianshu/ROS2Introduction/action_intro_ws_py/install/robot_control_interfaces/local/lib/python3.10/dist-packages/robot_control_interfaces'...
[9.060s] Compiling '/home/tianshu/ROS2Introduction/action_intro_ws_py/install/robot_control_interfaces/local/lib/python3.10/dist-packages/robot_control_interfaces/__init__.py'...
[9.060s] Listing '/home/tianshu/ROS2Introduction/action_intro_ws_py/install/robot_control_interfaces/local/lib/python3.10/dist-packages/robot_control_interfaces/action'...
[9.060s] Compiling '/home/tianshu/ROS2Introduction/action_intro_ws_py/install/robot_control_interfaces/local/lib/python3.10/dist-packages/robot_control_interfaces/action/__init__.py'...
[9.060s] Compiling '/home/tianshu/ROS2Introduction/action_intro_ws_py/install/robot_control_interfaces/local/lib/python3.10/dist-packages/robot_control_interfaces/action/_move_robot.py'...
[9.064s] -- Installing: /home/tianshu/ROS2Introduction/action_intro_ws_py/install/robot_control_interfaces/local/lib/python3.10/dist-packages/robot_control_interfaces/robot_control_interfaces_s__rosidl_typesupport_fastrtps_c.cpython-39-x86_64-linux-gnu.so
[9.064s] -- Set runtime path of "/home/tianshu/ROS2Introduction/action_intro_ws_py/install/robot_control_interfaces/local/lib/python3.10/dist-packages/robot_control_interfaces/robot_control_interfaces_s__rosidl_typesupport_fastrtps_c.cpython-39-x86_64-linux-gnu.so" to ""
[9.064s] -- Installing: /home/tianshu/ROS2Introduction/action_intro_ws_py/install/robot_control_interfaces/local/lib/python3.10/dist-packages/robot_control_interfaces/robot_control_interfaces_s__rosidl_typesupport_introspection_c.cpython-39-x86_64-linux-gnu.so
[9.064s] -- Set runtime path of "/home/tianshu/ROS2Introduction/action_intro_ws_py/install/robot_control_interfaces/local/lib/python3.10/dist-packages/robot_control_interfaces/robot_control_interfaces_s__rosidl_typesupport_introspection_c.cpython-39-x86_64-linux-gnu.so" to ""
[9.064s] -- Installing: /home/tianshu/ROS2Introduction/action_intro_ws_py/install/robot_control_interfaces/local/lib/python3.10/dist-packages/robot_control_interfaces/robot_control_interfaces_s__rosidl_typesupport_c.cpython-39-x86_64-linux-gnu.so
[9.064s] -- Set runtime path of "/home/tianshu/ROS2Introduction/action_intro_ws_py/install/robot_control_interfaces/local/lib/python3.10/dist-packages/robot_control_interfaces/robot_control_interfaces_s__rosidl_typesupport_c.cpython-39-x86_64-linux-gnu.so" to ""
[9.064s] -- Installing: /home/tianshu/ROS2Introduction/action_intro_ws_py/install/robot_control_interfaces/lib/librobot_control_interfaces__rosidl_generator_py.so
[9.065s] -- Set runtime path of "/home/tianshu/ROS2Introduction/action_intro_ws_py/install/robot_control_interfaces/lib/librobot_control_interfaces__rosidl_generator_py.so" to ""
[9.065s] -- Installing: /home/tianshu/ROS2Introduction/action_intro_ws_py/install/robot_control_interfaces/share/robot_control_interfaces/action/MoveRobot.idl
[9.065s] -- Installing: /home/tianshu/ROS2Introduction/action_intro_ws_py/install/robot_control_interfaces/share/robot_control_interfaces/action/MoveRobot.action
[9.065s] -- Installing: /home/tianshu/ROS2Introduction/action_intro_ws_py/install/robot_control_interfaces/share/ament_index/resource_index/package_run_dependencies/robot_control_interfaces
[9.065s] -- Installing: /home/tianshu/ROS2Introduction/action_intro_ws_py/install/robot_control_interfaces/share/ament_index/resource_index/parent_prefix_path/robot_control_interfaces
[9.065s] -- Installing: /home/tianshu/ROS2Introduction/action_intro_ws_py/install/robot_control_interfaces/share/robot_control_interfaces/environment/ament_prefix_path.sh
[9.065s] -- Installing: /home/tianshu/ROS2Introduction/action_intro_ws_py/install/robot_control_interfaces/share/robot_control_interfaces/environment/ament_prefix_path.dsv
[9.066s] -- Installing: /home/tianshu/ROS2Introduction/action_intro_ws_py/install/robot_control_interfaces/share/robot_control_interfaces/environment/path.sh
[9.066s] -- Installing: /home/tianshu/ROS2Introduction/action_intro_ws_py/install/robot_control_interfaces/share/robot_control_interfaces/environment/path.dsv
[9.066s] -- Installing: /home/tianshu/ROS2Introduction/action_intro_ws_py/install/robot_control_interfaces/share/robot_control_interfaces/local_setup.bash
[9.066s] -- Installing: /home/tianshu/ROS2Introduction/action_intro_ws_py/install/robot_control_interfaces/share/robot_control_interfaces/local_setup.sh
[9.066s] -- Installing: /home/tianshu/ROS2Introduction/action_intro_ws_py/install/robot_control_interfaces/share/robot_control_interfaces/local_setup.zsh
[9.066s] -- Installing: /home/tianshu/ROS2Introduction/action_intro_ws_py/install/robot_control_interfaces/share/robot_control_interfaces/local_setup.dsv
[9.066s] -- Installing: /home/tianshu/ROS2Introduction/action_intro_ws_py/install/robot_control_interfaces/share/robot_control_interfaces/package.dsv
[9.066s] -- Installing: /home/tianshu/ROS2Introduction/action_intro_ws_py/install/robot_control_interfaces/share/ament_index/resource_index/packages/robot_control_interfaces
[9.066s] -- Installing: /home/tianshu/ROS2Introduction/action_intro_ws_py/install/robot_control_interfaces/share/robot_control_interfaces/cmake/export_robot_control_interfaces__rosidl_generator_cExport.cmake
[9.066s] -- Installing: /home/tianshu/ROS2Introduction/action_intro_ws_py/install/robot_control_interfaces/share/robot_control_interfaces/cmake/export_robot_control_interfaces__rosidl_generator_cExport-noconfig.cmake
[9.066s] -- Installing: /home/tianshu/ROS2Introduction/action_intro_ws_py/install/robot_control_interfaces/share/robot_control_interfaces/cmake/export_robot_control_interfaces__rosidl_typesupport_fastrtps_cExport.cmake
[9.066s] -- Installing: /home/tianshu/ROS2Introduction/action_intro_ws_py/install/robot_control_interfaces/share/robot_control_interfaces/cmake/export_robot_control_interfaces__rosidl_typesupport_fastrtps_cExport-noconfig.cmake
[9.067s] -- Installing: /home/tianshu/ROS2Introduction/action_intro_ws_py/install/robot_control_interfaces/share/robot_control_interfaces/cmake/robot_control_interfaces__rosidl_typesupport_introspection_cExport.cmake
[9.067s] -- Installing: /home/tianshu/ROS2Introduction/action_intro_ws_py/install/robot_control_interfaces/share/robot_control_interfaces/cmake/robot_control_interfaces__rosidl_typesupport_introspection_cExport-noconfig.cmake
[9.067s] -- Installing: /home/tianshu/ROS2Introduction/action_intro_ws_py/install/robot_control_interfaces/share/robot_control_interfaces/cmake/robot_control_interfaces__rosidl_typesupport_cExport.cmake
[9.067s] -- Installing: /home/tianshu/ROS2Introduction/action_intro_ws_py/install/robot_control_interfaces/share/robot_control_interfaces/cmake/robot_control_interfaces__rosidl_typesupport_cExport-noconfig.cmake
[9.067s] -- Installing: /home/tianshu/ROS2Introduction/action_intro_ws_py/install/robot_control_interfaces/share/robot_control_interfaces/cmake/export_robot_control_interfaces__rosidl_generator_cppExport.cmake
[9.067s] -- Installing: /home/tianshu/ROS2Introduction/action_intro_ws_py/install/robot_control_interfaces/share/robot_control_interfaces/cmake/export_robot_control_interfaces__rosidl_typesupport_fastrtps_cppExport.cmake
[9.067s] -- Installing: /home/tianshu/ROS2Introduction/action_intro_ws_py/install/robot_control_interfaces/share/robot_control_interfaces/cmake/export_robot_control_interfaces__rosidl_typesupport_fastrtps_cppExport-noconfig.cmake
[9.067s] -- Installing: /home/tianshu/ROS2Introduction/action_intro_ws_py/install/robot_control_interfaces/share/robot_control_interfaces/cmake/robot_control_interfaces__rosidl_typesupport_introspection_cppExport.cmake
[9.067s] -- Installing: /home/tianshu/ROS2Introduction/action_intro_ws_py/install/robot_control_interfaces/share/robot_control_interfaces/cmake/robot_control_interfaces__rosidl_typesupport_introspection_cppExport-noconfig.cmake
[9.067s] -- Installing: /home/tianshu/ROS2Introduction/action_intro_ws_py/install/robot_control_interfaces/share/robot_control_interfaces/cmake/robot_control_interfaces__rosidl_typesupport_cppExport.cmake
[9.067s] -- Installing: /home/tianshu/ROS2Introduction/action_intro_ws_py/install/robot_control_interfaces/share/robot_control_interfaces/cmake/robot_control_interfaces__rosidl_typesupport_cppExport-noconfig.cmake
[9.067s] -- Installing: /home/tianshu/ROS2Introduction/action_intro_ws_py/install/robot_control_interfaces/share/robot_control_interfaces/cmake/export_robot_control_interfaces__rosidl_generator_pyExport.cmake
[9.068s] -- Installing: /home/tianshu/ROS2Introduction/action_intro_ws_py/install/robot_control_interfaces/share/robot_control_interfaces/cmake/export_robot_control_interfaces__rosidl_generator_pyExport-noconfig.cmake
[9.068s] -- Installing: /home/tianshu/ROS2Introduction/action_intro_ws_py/install/robot_control_interfaces/share/robot_control_interfaces/cmake/rosidl_cmake-extras.cmake
[9.068s] -- Installing: /home/tianshu/ROS2Introduction/action_intro_ws_py/install/robot_control_interfaces/share/robot_control_interfaces/cmake/ament_cmake_export_dependencies-extras.cmake
[9.068s] -- Installing: /home/tianshu/ROS2Introduction/action_intro_ws_py/install/robot_control_interfaces/share/robot_control_interfaces/cmake/ament_cmake_export_include_directories-extras.cmake
[9.068s] -- Installing: /home/tianshu/ROS2Introduction/action_intro_ws_py/install/robot_control_interfaces/share/robot_control_interfaces/cmake/ament_cmake_export_libraries-extras.cmake
[9.068s] -- Installing: /home/tianshu/ROS2Introduction/action_intro_ws_py/install/robot_control_interfaces/share/robot_control_interfaces/cmake/ament_cmake_export_targets-extras.cmake
[9.068s] -- Installing: /home/tianshu/ROS2Introduction/action_intro_ws_py/install/robot_control_interfaces/share/robot_control_interfaces/cmake/rosidl_cmake_export_typesupport_targets-extras.cmake
[9.068s] -- Installing: /home/tianshu/ROS2Introduction/action_intro_ws_py/install/robot_control_interfaces/share/robot_control_interfaces/cmake/rosidl_cmake_export_typesupport_libraries-extras.cmake
[9.068s] -- Installing: /home/tianshu/ROS2Introduction/action_intro_ws_py/install/robot_control_interfaces/share/robot_control_interfaces/cmake/robot_control_interfacesConfig.cmake
[9.068s] -- Installing: /home/tianshu/ROS2Introduction/action_intro_ws_py/install/robot_control_interfaces/share/robot_control_interfaces/cmake/robot_control_interfacesConfig-version.cmake
[9.068s] -- Installing: /home/tianshu/ROS2Introduction/action_intro_ws_py/install/robot_control_interfaces/share/robot_control_interfaces/package.xml
[9.073s] Invoked command in '/home/tianshu/ROS2Introduction/action_intro_ws_py/build/robot_control_interfaces' returned '0': CMAKE_PREFIX_PATH=/opt/ros/humble CONDA_PROMPT_MODIFIER=(base) WSLENV=ELECTRON_RUN_AS_NODE/w: /home/tianshu/miniconda3/bin/cmake --install /home/tianshu/ROS2Introduction/action_intro_ws_py/build/robot_control_interfaces
