[0.055s] Invoking command in '/home/tianshu/ROS2Introduction/action_intro_ws/build/example_action_rclcpp': AMENT_PREFIX_PATH=/home/tianshu/ROS2Introduction/action_intro_ws/install/robot_control_interface:${AMENT_PREFIX_PATH} CMAKE_PREFIX_PATH=/home/tianshu/ROS2Introduction/action_intro_ws/install/robot_control_interface:/opt/ros/humble CONDA_PROMPT_MODIFIER=(base) LD_LIBRARY_PATH=/home/tianshu/ROS2Introduction/action_intro_ws/install/robot_control_interface/lib:/usr/lib/wsl/lib:/opt/ros/humble/opt/rviz_ogre_vendor/lib:/opt/ros/humble/lib/x86_64-linux-gnu:/opt/ros/humble/lib:/usr/lib/wsl/lib PYTHONPATH=/home/tianshu/ROS2Introduction/action_intro_ws/install/robot_control_interface/local/lib/python3.10/dist-packages:${PYTHONPATH} WSLENV=ELECTRON_RUN_AS_NODE/w:WT_SESSION::WT_PROFILE_ID /usr/bin/cmake --build /home/tianshu/ROS2Introduction/action_intro_ws/build/example_action_rclcpp -- -j20 -l20
[0.111s] [35m[1mConsolidate compiler generated dependencies of target action_robot_01[0m
[0.111s] [35m[1mConsolidate compiler generated dependencies of target action_control_01[0m
[0.139s] [ 20%] [32mBuilding CXX object CMakeFiles/action_control_01.dir/src/action_control_01.cpp.o[0m
[0.140s] [ 80%] Built target action_robot_01
[2.067s] [01m[K/home/tianshu/ROS2Introduction/action_intro_ws/src/example_action_rclcpp/src/action_control_01.cpp:[m[K In member function ‘[01m[Kvoid ActionControl01::result_callback(const rclcpp_action::ClientGoalHandle<robot_control_interface::action::MoveRobot>::WrappedResult&)[m[K’:
[2.068s] [01m[K/home/tianshu/ROS2Introduction/action_intro_ws/src/example_action_rclcpp/src/action_control_01.cpp:67:9:[m[K [01;35m[Kwarning: [m[Kthis statement may fall through [[01;35m[K]8;;https://gcc.gnu.org/onlinedocs/gcc/Warning-Options.html#index-Wimplicit-fallthrough=-Wimplicit-fallthrough=]8;;[m[K]
[2.068s]    67 |         [01;35m[K}[m[K
[2.068s]       |         [01;35m[K^[m[K
[2.068s] [01m[K/home/tianshu/ROS2Introduction/action_intro_ws/src/example_action_rclcpp/src/action_control_01.cpp:68:9:[m[K [01;36m[Knote: [m[Khere
[2.068s]    68 |         [01;36m[Kdefault[m[K:
[2.068s]       |         [01;36m[K^~~~~~~[m[K
[2.575s] [100%] [32m[1mLinking CXX executable action_control_01[0m
[2.724s] [100%] Built target action_control_01
[2.734s] Invoked command in '/home/tianshu/ROS2Introduction/action_intro_ws/build/example_action_rclcpp' returned '0': AMENT_PREFIX_PATH=/home/tianshu/ROS2Introduction/action_intro_ws/install/robot_control_interface:${AMENT_PREFIX_PATH} CMAKE_PREFIX_PATH=/home/tianshu/ROS2Introduction/action_intro_ws/install/robot_control_interface:/opt/ros/humble CONDA_PROMPT_MODIFIER=(base) LD_LIBRARY_PATH=/home/tianshu/ROS2Introduction/action_intro_ws/install/robot_control_interface/lib:/usr/lib/wsl/lib:/opt/ros/humble/opt/rviz_ogre_vendor/lib:/opt/ros/humble/lib/x86_64-linux-gnu:/opt/ros/humble/lib:/usr/lib/wsl/lib PYTHONPATH=/home/tianshu/ROS2Introduction/action_intro_ws/install/robot_control_interface/local/lib/python3.10/dist-packages:${PYTHONPATH} WSLENV=ELECTRON_RUN_AS_NODE/w:WT_SESSION::WT_PROFILE_ID /usr/bin/cmake --build /home/tianshu/ROS2Introduction/action_intro_ws/build/example_action_rclcpp -- -j20 -l20
[2.794s] Invoking command in '/home/tianshu/ROS2Introduction/action_intro_ws/build/example_action_rclcpp': AMENT_PREFIX_PATH=/home/tianshu/ROS2Introduction/action_intro_ws/install/robot_control_interface:${AMENT_PREFIX_PATH} CMAKE_PREFIX_PATH=/home/tianshu/ROS2Introduction/action_intro_ws/install/robot_control_interface:/opt/ros/humble CONDA_PROMPT_MODIFIER=(base) LD_LIBRARY_PATH=/home/tianshu/ROS2Introduction/action_intro_ws/install/robot_control_interface/lib:/usr/lib/wsl/lib:/opt/ros/humble/opt/rviz_ogre_vendor/lib:/opt/ros/humble/lib/x86_64-linux-gnu:/opt/ros/humble/lib:/usr/lib/wsl/lib PYTHONPATH=/home/tianshu/ROS2Introduction/action_intro_ws/install/robot_control_interface/local/lib/python3.10/dist-packages:${PYTHONPATH} WSLENV=ELECTRON_RUN_AS_NODE/w:WT_SESSION::WT_PROFILE_ID /usr/bin/cmake --install /home/tianshu/ROS2Introduction/action_intro_ws/build/example_action_rclcpp
[2.804s] -- Install configuration: ""
[2.804s] -- Up-to-date: /home/tianshu/ROS2Introduction/action_intro_ws/install/example_action_rclcpp/lib/example_action_rclcpp/action_robot_01
[2.804s] -- Up-to-date: /home/tianshu/ROS2Introduction/action_intro_ws/install/example_action_rclcpp/share/ament_index/resource_index/package_run_dependencies/example_action_rclcpp
[2.804s] -- Up-to-date: /home/tianshu/ROS2Introduction/action_intro_ws/install/example_action_rclcpp/share/ament_index/resource_index/parent_prefix_path/example_action_rclcpp
[2.804s] -- Up-to-date: /home/tianshu/ROS2Introduction/action_intro_ws/install/example_action_rclcpp/share/example_action_rclcpp/environment/ament_prefix_path.sh
[2.804s] -- Up-to-date: /home/tianshu/ROS2Introduction/action_intro_ws/install/example_action_rclcpp/share/example_action_rclcpp/environment/ament_prefix_path.dsv
[2.804s] -- Up-to-date: /home/tianshu/ROS2Introduction/action_intro_ws/install/example_action_rclcpp/share/example_action_rclcpp/environment/path.sh
[2.804s] -- Up-to-date: /home/tianshu/ROS2Introduction/action_intro_ws/install/example_action_rclcpp/share/example_action_rclcpp/environment/path.dsv
[2.804s] -- Up-to-date: /home/tianshu/ROS2Introduction/action_intro_ws/install/example_action_rclcpp/share/example_action_rclcpp/local_setup.bash
[2.804s] -- Up-to-date: /home/tianshu/ROS2Introduction/action_intro_ws/install/example_action_rclcpp/share/example_action_rclcpp/local_setup.sh
[2.804s] -- Up-to-date: /home/tianshu/ROS2Introduction/action_intro_ws/install/example_action_rclcpp/share/example_action_rclcpp/local_setup.zsh
[2.805s] -- Up-to-date: /home/tianshu/ROS2Introduction/action_intro_ws/install/example_action_rclcpp/share/example_action_rclcpp/local_setup.dsv
[2.805s] -- Installing: /home/tianshu/ROS2Introduction/action_intro_ws/install/example_action_rclcpp/share/example_action_rclcpp/package.dsv
[2.805s] -- Up-to-date: /home/tianshu/ROS2Introduction/action_intro_ws/install/example_action_rclcpp/share/ament_index/resource_index/packages/example_action_rclcpp
[2.805s] -- Up-to-date: /home/tianshu/ROS2Introduction/action_intro_ws/install/example_action_rclcpp/share/example_action_rclcpp/cmake/example_action_rclcppConfig.cmake
[2.805s] -- Up-to-date: /home/tianshu/ROS2Introduction/action_intro_ws/install/example_action_rclcpp/share/example_action_rclcpp/cmake/example_action_rclcppConfig-version.cmake
[2.806s] -- Up-to-date: /home/tianshu/ROS2Introduction/action_intro_ws/install/example_action_rclcpp/share/example_action_rclcpp/package.xml
[2.806s] Invoked command in '/home/tianshu/ROS2Introduction/action_intro_ws/build/example_action_rclcpp' returned '0': AMENT_PREFIX_PATH=/home/tianshu/ROS2Introduction/action_intro_ws/install/robot_control_interface:${AMENT_PREFIX_PATH} CMAKE_PREFIX_PATH=/home/tianshu/ROS2Introduction/action_intro_ws/install/robot_control_interface:/opt/ros/humble CONDA_PROMPT_MODIFIER=(base) LD_LIBRARY_PATH=/home/tianshu/ROS2Introduction/action_intro_ws/install/robot_control_interface/lib:/usr/lib/wsl/lib:/opt/ros/humble/opt/rviz_ogre_vendor/lib:/opt/ros/humble/lib/x86_64-linux-gnu:/opt/ros/humble/lib:/usr/lib/wsl/lib PYTHONPATH=/home/tianshu/ROS2Introduction/action_intro_ws/install/robot_control_interface/local/lib/python3.10/dist-packages:${PYTHONPATH} WSLENV=ELECTRON_RUN_AS_NODE/w:WT_SESSION::WT_PROFILE_ID /usr/bin/cmake --install /home/tianshu/ROS2Introduction/action_intro_ws/build/example_action_rclcpp
