[0.019s] Invoking command in '/home/tianshu/ROS2Introduction/para_intro_ws/build/example_parameters_rclcpp': CMAKE_PREFIX_PATH=/opt/ros/humble CONDA_PROMPT_MODIFIER=(base) WSLENV=ELECTRON_RUN_AS_NODE/w:WT_SESSION::WT_PROFILE_ID /usr/bin/cmake /home/tianshu/ROS2Introduction/para_intro_ws/src/example_parameters_rclcpp -DCMAKE_INSTALL_PREFIX=/home/tianshu/ROS2Introduction/para_intro_ws/install/example_parameters_rclcpp
[0.220s] -- The C compiler identification is GNU 11.3.0
[0.489s] -- The CXX compiler identification is GNU 11.3.0
[0.661s] -- Detecting C compiler ABI info
[0.827s] -- Detecting C compiler ABI info - done
[0.831s] -- Check for working C compiler: /usr/bin/cc - skipped
[0.833s] -- Detecting C compile features
[0.834s] -- Detecting C compile features - done
[0.837s] -- Detecting CXX compiler ABI info
[0.951s] -- Detecting CXX compiler ABI info - done
[0.955s] -- Check for working CXX compiler: /usr/bin/c++ - skipped
[0.955s] -- Detecting CXX compile features
[0.955s] -- Detecting CXX compile features - done
[0.960s] -- Found ament_cmake: 1.3.4 (/opt/ros/humble/share/ament_cmake/cmake)
[1.125s] -- Found Python3: /usr/bin/python3.10 (found version "3.10.6") found components: Interpreter 
[1.197s] -- Found rclcpp: 16.0.4 (/opt/ros/humble/share/rclcpp/cmake)
[1.301s] -- Found rosidl_generator_c: 3.1.4 (/opt/ros/humble/share/rosidl_generator_c/cmake)
[1.306s] -- Found rosidl_adapter: 3.1.4 (/opt/ros/humble/share/rosidl_adapter/cmake)
[1.316s] -- Found rosidl_generator_cpp: 3.1.4 (/opt/ros/humble/share/rosidl_generator_cpp/cmake)
[1.338s] -- Using all available rosidl_typesupport_c: rosidl_typesupport_fastrtps_c;rosidl_typesupport_introspection_c
[1.361s] -- Using all available rosidl_typesupport_cpp: rosidl_typesupport_fastrtps_cpp;rosidl_typesupport_introspection_cpp
[1.429s] -- Found rmw_implementation_cmake: 6.1.1 (/opt/ros/humble/share/rmw_implementation_cmake/cmake)
[1.433s] -- Found rmw_fastrtps_cpp: 6.2.2 (/opt/ros/humble/share/rmw_fastrtps_cpp/cmake)
[2.195s] -- Found OpenSSL: /usr/lib/x86_64-linux-gnu/libcrypto.so (found version "3.0.2")  
[2.869s] -- Found FastRTPS: /opt/ros/humble/include  
[4.064s] -- Using RMW implementation 'rmw_fastrtps_cpp' as default
[4.077s] -- Looking for pthread.h
[4.183s] -- Looking for pthread.h - found
[4.183s] -- Performing Test CMAKE_HAVE_LIBC_PTHREAD
[4.330s] -- Performing Test CMAKE_HAVE_LIBC_PTHREAD - Success
[4.331s] -- Found Threads: TRUE  
[4.457s] -- Found ament_lint_auto: 0.12.6 (/opt/ros/humble/share/ament_lint_auto/cmake)
[4.524s] -- Added test 'cppcheck' to perform static code analysis on C / C++ code
[4.524s] -- Configured cppcheck include dirs: $<BUILD_INTERFACE:/home/tianshu/ROS2Introduction/para_intro_ws/src/example_parameters_rclcpp/include>
[4.524s] -- Configured cppcheck exclude dirs and/or files: 
[4.526s] -- Added test 'lint_cmake' to check CMake code style
[4.527s] -- Added test 'uncrustify' to check C / C++ code style
[4.527s] -- Configured uncrustify additional arguments: 
[4.528s] -- Added test 'xmllint' to check XML markup files
[4.530s] -- Configuring done
[4.539s] -- Generating done
[4.540s] -- Build files have been written to: /home/tianshu/ROS2Introduction/para_intro_ws/build/example_parameters_rclcpp
[4.545s] Invoked command in '/home/tianshu/ROS2Introduction/para_intro_ws/build/example_parameters_rclcpp' returned '0': CMAKE_PREFIX_PATH=/opt/ros/humble CONDA_PROMPT_MODIFIER=(base) WSLENV=ELECTRON_RUN_AS_NODE/w:WT_SESSION::WT_PROFILE_ID /usr/bin/cmake /home/tianshu/ROS2Introduction/para_intro_ws/src/example_parameters_rclcpp -DCMAKE_INSTALL_PREFIX=/home/tianshu/ROS2Introduction/para_intro_ws/install/example_parameters_rclcpp
[4.547s] Invoking command in '/home/tianshu/ROS2Introduction/para_intro_ws/build/example_parameters_rclcpp': CMAKE_PREFIX_PATH=/opt/ros/humble CONDA_PROMPT_MODIFIER=(base) WSLENV=ELECTRON_RUN_AS_NODE/w:WT_SESSION::WT_PROFILE_ID /usr/bin/cmake --build /home/tianshu/ROS2Introduction/para_intro_ws/build/example_parameters_rclcpp -- -j20 -l20
[4.608s] [ 50%] [32mBuilding CXX object CMakeFiles/parameter_basic.dir/src/parameter_basic.cpp.o[0m
[6.359s] [100%] [32m[1mLinking CXX executable parameter_basic[0m
[6.540s] [100%] Built target parameter_basic
[6.551s] Invoked command in '/home/tianshu/ROS2Introduction/para_intro_ws/build/example_parameters_rclcpp' returned '0': CMAKE_PREFIX_PATH=/opt/ros/humble CONDA_PROMPT_MODIFIER=(base) WSLENV=ELECTRON_RUN_AS_NODE/w:WT_SESSION::WT_PROFILE_ID /usr/bin/cmake --build /home/tianshu/ROS2Introduction/para_intro_ws/build/example_parameters_rclcpp -- -j20 -l20
[6.616s] Invoking command in '/home/tianshu/ROS2Introduction/para_intro_ws/build/example_parameters_rclcpp': CMAKE_PREFIX_PATH=/opt/ros/humble CONDA_PROMPT_MODIFIER=(base) WSLENV=ELECTRON_RUN_AS_NODE/w:WT_SESSION::WT_PROFILE_ID /usr/bin/cmake --install /home/tianshu/ROS2Introduction/para_intro_ws/build/example_parameters_rclcpp
[6.626s] -- Install configuration: ""
[6.627s] -- Installing: /home/tianshu/ROS2Introduction/para_intro_ws/install/example_parameters_rclcpp/lib/example_parameters_rclcpp/parameter_basic
[6.627s] -- Set runtime path of "/home/tianshu/ROS2Introduction/para_intro_ws/install/example_parameters_rclcpp/lib/example_parameters_rclcpp/parameter_basic" to ""
[6.627s] -- Installing: /home/tianshu/ROS2Introduction/para_intro_ws/install/example_parameters_rclcpp/share/ament_index/resource_index/package_run_dependencies/example_parameters_rclcpp
[6.628s] -- Installing: /home/tianshu/ROS2Introduction/para_intro_ws/install/example_parameters_rclcpp/share/ament_index/resource_index/parent_prefix_path/example_parameters_rclcpp
[6.628s] -- Installing: /home/tianshu/ROS2Introduction/para_intro_ws/install/example_parameters_rclcpp/share/example_parameters_rclcpp/environment/ament_prefix_path.sh
[6.628s] -- Installing: /home/tianshu/ROS2Introduction/para_intro_ws/install/example_parameters_rclcpp/share/example_parameters_rclcpp/environment/ament_prefix_path.dsv
[6.628s] -- Installing: /home/tianshu/ROS2Introduction/para_intro_ws/install/example_parameters_rclcpp/share/example_parameters_rclcpp/environment/path.sh
[6.628s] -- Installing: /home/tianshu/ROS2Introduction/para_intro_ws/install/example_parameters_rclcpp/share/example_parameters_rclcpp/environment/path.dsv
[6.629s] -- Installing: /home/tianshu/ROS2Introduction/para_intro_ws/install/example_parameters_rclcpp/share/example_parameters_rclcpp/local_setup.bash
[6.629s] -- Installing: /home/tianshu/ROS2Introduction/para_intro_ws/install/example_parameters_rclcpp/share/example_parameters_rclcpp/local_setup.sh
[6.629s] -- Installing: /home/tianshu/ROS2Introduction/para_intro_ws/install/example_parameters_rclcpp/share/example_parameters_rclcpp/local_setup.zsh
[6.629s] -- Installing: /home/tianshu/ROS2Introduction/para_intro_ws/install/example_parameters_rclcpp/share/example_parameters_rclcpp/local_setup.dsv
[6.629s] -- Installing: /home/tianshu/ROS2Introduction/para_intro_ws/install/example_parameters_rclcpp/share/example_parameters_rclcpp/package.dsv
[6.629s] -- Installing: /home/tianshu/ROS2Introduction/para_intro_ws/install/example_parameters_rclcpp/share/ament_index/resource_index/packages/example_parameters_rclcpp
[6.629s] -- Installing: /home/tianshu/ROS2Introduction/para_intro_ws/install/example_parameters_rclcpp/share/example_parameters_rclcpp/cmake/example_parameters_rclcppConfig.cmake
[6.630s] -- Installing: /home/tianshu/ROS2Introduction/para_intro_ws/install/example_parameters_rclcpp/share/example_parameters_rclcpp/cmake/example_parameters_rclcppConfig-version.cmake
[6.630s] -- Installing: /home/tianshu/ROS2Introduction/para_intro_ws/install/example_parameters_rclcpp/share/example_parameters_rclcpp/package.xml
[6.631s] Invoked command in '/home/tianshu/ROS2Introduction/para_intro_ws/build/example_parameters_rclcpp' returned '0': CMAKE_PREFIX_PATH=/opt/ros/humble CONDA_PROMPT_MODIFIER=(base) WSLENV=ELECTRON_RUN_AS_NODE/w:WT_SESSION::WT_PROFILE_ID /usr/bin/cmake --install /home/tianshu/ROS2Introduction/para_intro_ws/build/example_parameters_rclcpp
