[0.044s] Invoking command in '/home/tianshu/ROS2Introduction/interface_intro_ws/build/example_interfaces_rclcpp': AMENT_PREFIX_PATH=/home/tianshu/ROS2Introduction/interface_intro_ws/install/example_ros2_interfaces:${AMENT_PREFIX_PATH} CMAKE_PREFIX_PATH=/home/tianshu/ROS2Introduction/interface_intro_ws/install/example_ros2_interfaces:/home/tianshu/ROS2Introduction/service_intro_ws/install/example_service_rclcpp:/opt/ros/humble CONDA_PROMPT_MODIFIER=(base) LD_LIBRARY_PATH=/home/tianshu/ROS2Introduction/interface_intro_ws/install/example_ros2_interfaces/lib:/usr/lib/wsl/lib:/opt/ros/humble/opt/rviz_ogre_vendor/lib:/opt/ros/humble/lib/x86_64-linux-gnu:/opt/ros/humble/lib:/usr/lib/wsl/lib PYTHONPATH=/home/tianshu/ROS2Introduction/interface_intro_ws/install/example_ros2_interfaces/local/lib/python3.10/dist-packages:${PYTHONPATH} WSLENV=ELECTRON_RUN_AS_NODE/w:WT_SESSION::WT_PROFILE_ID /usr/bin/cmake --build /home/tianshu/ROS2Introduction/interface_intro_ws/build/example_interfaces_rclcpp -- -j20 -l20
[0.112s] [ 25%] [32mBuilding CXX object CMakeFiles/example_interfaces_robot_01.dir/src/example_interfaces_robot_01.cpp.o[0m
[0.112s] [ 75%] Built target example_interfaces_control_01
[1.915s] [100%] [32m[1mLinking CXX executable example_interfaces_robot_01[0m
[2.031s] [100%] Built target example_interfaces_robot_01
[2.045s] Invoked command in '/home/tianshu/ROS2Introduction/interface_intro_ws/build/example_interfaces_rclcpp' returned '0': AMENT_PREFIX_PATH=/home/tianshu/ROS2Introduction/interface_intro_ws/install/example_ros2_interfaces:${AMENT_PREFIX_PATH} CMAKE_PREFIX_PATH=/home/tianshu/ROS2Introduction/interface_intro_ws/install/example_ros2_interfaces:/home/tianshu/ROS2Introduction/service_intro_ws/install/example_service_rclcpp:/opt/ros/humble CONDA_PROMPT_MODIFIER=(base) LD_LIBRARY_PATH=/home/tianshu/ROS2Introduction/interface_intro_ws/install/example_ros2_interfaces/lib:/usr/lib/wsl/lib:/opt/ros/humble/opt/rviz_ogre_vendor/lib:/opt/ros/humble/lib/x86_64-linux-gnu:/opt/ros/humble/lib:/usr/lib/wsl/lib PYTHONPATH=/home/tianshu/ROS2Introduction/interface_intro_ws/install/example_ros2_interfaces/local/lib/python3.10/dist-packages:${PYTHONPATH} WSLENV=ELECTRON_RUN_AS_NODE/w:WT_SESSION::WT_PROFILE_ID /usr/bin/cmake --build /home/tianshu/ROS2Introduction/interface_intro_ws/build/example_interfaces_rclcpp -- -j20 -l20
[2.099s] Invoking command in '/home/tianshu/ROS2Introduction/interface_intro_ws/build/example_interfaces_rclcpp': AMENT_PREFIX_PATH=/home/tianshu/ROS2Introduction/interface_intro_ws/install/example_ros2_interfaces:${AMENT_PREFIX_PATH} CMAKE_PREFIX_PATH=/home/tianshu/ROS2Introduction/interface_intro_ws/install/example_ros2_interfaces:/home/tianshu/ROS2Introduction/service_intro_ws/install/example_service_rclcpp:/opt/ros/humble CONDA_PROMPT_MODIFIER=(base) LD_LIBRARY_PATH=/home/tianshu/ROS2Introduction/interface_intro_ws/install/example_ros2_interfaces/lib:/usr/lib/wsl/lib:/opt/ros/humble/opt/rviz_ogre_vendor/lib:/opt/ros/humble/lib/x86_64-linux-gnu:/opt/ros/humble/lib:/usr/lib/wsl/lib PYTHONPATH=/home/tianshu/ROS2Introduction/interface_intro_ws/install/example_ros2_interfaces/local/lib/python3.10/dist-packages:${PYTHONPATH} WSLENV=ELECTRON_RUN_AS_NODE/w:WT_SESSION::WT_PROFILE_ID /usr/bin/cmake --install /home/tianshu/ROS2Introduction/interface_intro_ws/build/example_interfaces_rclcpp
[2.108s] -- Install configuration: ""
[2.108s] -- Installing: /home/tianshu/ROS2Introduction/interface_intro_ws/install/example_interfaces_rclcpp/lib/example_interfaces_rclcpp/example_interfaces_robot_01
[2.108s] -- Set runtime path of "/home/tianshu/ROS2Introduction/interface_intro_ws/install/example_interfaces_rclcpp/lib/example_interfaces_rclcpp/example_interfaces_robot_01" to ""
[2.108s] -- Up-to-date: /home/tianshu/ROS2Introduction/interface_intro_ws/install/example_interfaces_rclcpp/lib/example_interfaces_rclcpp/example_interfaces_robot_01
[2.108s] -- Up-to-date: /home/tianshu/ROS2Introduction/interface_intro_ws/install/example_interfaces_rclcpp/share/ament_index/resource_index/package_run_dependencies/example_interfaces_rclcpp
[2.108s] -- Up-to-date: /home/tianshu/ROS2Introduction/interface_intro_ws/install/example_interfaces_rclcpp/share/ament_index/resource_index/parent_prefix_path/example_interfaces_rclcpp
[2.109s] -- Up-to-date: /home/tianshu/ROS2Introduction/interface_intro_ws/install/example_interfaces_rclcpp/share/example_interfaces_rclcpp/environment/ament_prefix_path.sh
[2.109s] -- Up-to-date: /home/tianshu/ROS2Introduction/interface_intro_ws/install/example_interfaces_rclcpp/share/example_interfaces_rclcpp/environment/ament_prefix_path.dsv
[2.109s] -- Up-to-date: /home/tianshu/ROS2Introduction/interface_intro_ws/install/example_interfaces_rclcpp/share/example_interfaces_rclcpp/environment/path.sh
[2.109s] -- Up-to-date: /home/tianshu/ROS2Introduction/interface_intro_ws/install/example_interfaces_rclcpp/share/example_interfaces_rclcpp/environment/path.dsv
[2.109s] -- Up-to-date: /home/tianshu/ROS2Introduction/interface_intro_ws/install/example_interfaces_rclcpp/share/example_interfaces_rclcpp/local_setup.bash
[2.109s] -- Up-to-date: /home/tianshu/ROS2Introduction/interface_intro_ws/install/example_interfaces_rclcpp/share/example_interfaces_rclcpp/local_setup.sh
[2.109s] -- Up-to-date: /home/tianshu/ROS2Introduction/interface_intro_ws/install/example_interfaces_rclcpp/share/example_interfaces_rclcpp/local_setup.zsh
[2.109s] -- Up-to-date: /home/tianshu/ROS2Introduction/interface_intro_ws/install/example_interfaces_rclcpp/share/example_interfaces_rclcpp/local_setup.dsv
[2.109s] -- Installing: /home/tianshu/ROS2Introduction/interface_intro_ws/install/example_interfaces_rclcpp/share/example_interfaces_rclcpp/package.dsv
[2.109s] -- Up-to-date: /home/tianshu/ROS2Introduction/interface_intro_ws/install/example_interfaces_rclcpp/share/ament_index/resource_index/packages/example_interfaces_rclcpp
[2.109s] -- Up-to-date: /home/tianshu/ROS2Introduction/interface_intro_ws/install/example_interfaces_rclcpp/share/example_interfaces_rclcpp/cmake/example_interfaces_rclcppConfig.cmake
[2.109s] -- Up-to-date: /home/tianshu/ROS2Introduction/interface_intro_ws/install/example_interfaces_rclcpp/share/example_interfaces_rclcpp/cmake/example_interfaces_rclcppConfig-version.cmake
[2.109s] -- Up-to-date: /home/tianshu/ROS2Introduction/interface_intro_ws/install/example_interfaces_rclcpp/share/example_interfaces_rclcpp/package.xml
[2.111s] Invoked command in '/home/tianshu/ROS2Introduction/interface_intro_ws/build/example_interfaces_rclcpp' returned '0': AMENT_PREFIX_PATH=/home/tianshu/ROS2Introduction/interface_intro_ws/install/example_ros2_interfaces:${AMENT_PREFIX_PATH} CMAKE_PREFIX_PATH=/home/tianshu/ROS2Introduction/interface_intro_ws/install/example_ros2_interfaces:/home/tianshu/ROS2Introduction/service_intro_ws/install/example_service_rclcpp:/opt/ros/humble CONDA_PROMPT_MODIFIER=(base) LD_LIBRARY_PATH=/home/tianshu/ROS2Introduction/interface_intro_ws/install/example_ros2_interfaces/lib:/usr/lib/wsl/lib:/opt/ros/humble/opt/rviz_ogre_vendor/lib:/opt/ros/humble/lib/x86_64-linux-gnu:/opt/ros/humble/lib:/usr/lib/wsl/lib PYTHONPATH=/home/tianshu/ROS2Introduction/interface_intro_ws/install/example_ros2_interfaces/local/lib/python3.10/dist-packages:${PYTHONPATH} WSLENV=ELECTRON_RUN_AS_NODE/w:WT_SESSION::WT_PROFILE_ID /usr/bin/cmake --install /home/tianshu/ROS2Introduction/interface_intro_ws/build/example_interfaces_rclcpp
