[0.025s] Invoking command in '/home/tianshu/ROS2Introduction/launch_intro_ws/build/robot_startup': CMAKE_PREFIX_PATH=${CMAKE_PREFIX_PATH}:/opt/ros/humble CONDA_PROMPT_MODIFIER=(base) WSLENV=ELECTRON_RUN_AS_NODE/w:WT_SESSION::WT_PROFILE_ID /usr/bin/cmake --build /home/tianshu/ROS2Introduction/launch_intro_ws/build/robot_startup -- -j20 -l20
[0.055s] -- Found ament_cmake: 1.3.4 (/opt/ros/humble/share/ament_cmake/cmake)
[0.177s] -- Found ament_lint_auto: 0.12.6 (/opt/ros/humble/share/ament_lint_auto/cmake)
[0.229s] -- Added test 'flake8' to check Python code syntax and style conventions
[0.229s] -- Added test 'lint_cmake' to check CMake code style
[0.229s] -- Added test 'pep257' to check Python code against some of the docstring style conventions in PEP 257
[0.230s] -- Added test 'xmllint' to check XML markup files
[0.230s] -- Configuring done
[0.232s] -- Generating done
[0.232s] -- Build files have been written to: /home/tianshu/ROS2Introduction/launch_intro_ws/build/robot_startup
[0.262s] Invoked command in '/home/tianshu/ROS2Introduction/launch_intro_ws/build/robot_startup' returned '0': CMAKE_PREFIX_PATH=${CMAKE_PREFIX_PATH}:/opt/ros/humble CONDA_PROMPT_MODIFIER=(base) WSLENV=ELECTRON_RUN_AS_NODE/w:WT_SESSION::WT_PROFILE_ID /usr/bin/cmake --build /home/tianshu/ROS2Introduction/launch_intro_ws/build/robot_startup -- -j20 -l20
[0.319s] Invoking command in '/home/tianshu/ROS2Introduction/launch_intro_ws/build/robot_startup': CMAKE_PREFIX_PATH=${CMAKE_PREFIX_PATH}:/opt/ros/humble CONDA_PROMPT_MODIFIER=(base) WSLENV=ELECTRON_RUN_AS_NODE/w:WT_SESSION::WT_PROFILE_ID /usr/bin/cmake --install /home/tianshu/ROS2Introduction/launch_intro_ws/build/robot_startup
[0.329s] -- Install configuration: ""
[0.329s] -- Up-to-date: /home/tianshu/ROS2Introduction/launch_intro_ws/install/robot_startup/share/robot_startup/launch
[0.330s] -- Installing: /home/tianshu/ROS2Introduction/launch_intro_ws/install/robot_startup/share/robot_startup/launch/example_action.launch.py
[0.330s] -- Up-to-date: /home/tianshu/ROS2Introduction/launch_intro_ws/install/robot_startup/share/ament_index/resource_index/package_run_dependencies/robot_startup
[0.330s] -- Up-to-date: /home/tianshu/ROS2Introduction/launch_intro_ws/install/robot_startup/share/ament_index/resource_index/parent_prefix_path/robot_startup
[0.330s] -- Up-to-date: /home/tianshu/ROS2Introduction/launch_intro_ws/install/robot_startup/share/robot_startup/environment/ament_prefix_path.sh
[0.330s] -- Installing: /home/tianshu/ROS2Introduction/launch_intro_ws/install/robot_startup/share/robot_startup/environment/ament_prefix_path.dsv
[0.330s] -- Up-to-date: /home/tianshu/ROS2Introduction/launch_intro_ws/install/robot_startup/share/robot_startup/environment/path.sh
[0.330s] -- Installing: /home/tianshu/ROS2Introduction/launch_intro_ws/install/robot_startup/share/robot_startup/environment/path.dsv
[0.330s] -- Up-to-date: /home/tianshu/ROS2Introduction/launch_intro_ws/install/robot_startup/share/robot_startup/local_setup.bash
[0.330s] -- Up-to-date: /home/tianshu/ROS2Introduction/launch_intro_ws/install/robot_startup/share/robot_startup/local_setup.sh
[0.330s] -- Up-to-date: /home/tianshu/ROS2Introduction/launch_intro_ws/install/robot_startup/share/robot_startup/local_setup.zsh
[0.330s] -- Installing: /home/tianshu/ROS2Introduction/launch_intro_ws/install/robot_startup/share/robot_startup/local_setup.dsv
[0.330s] -- Installing: /home/tianshu/ROS2Introduction/launch_intro_ws/install/robot_startup/share/robot_startup/package.dsv
[0.330s] -- Up-to-date: /home/tianshu/ROS2Introduction/launch_intro_ws/install/robot_startup/share/ament_index/resource_index/packages/robot_startup
[0.330s] -- Up-to-date: /home/tianshu/ROS2Introduction/launch_intro_ws/install/robot_startup/share/robot_startup/cmake/robot_startupConfig.cmake
[0.330s] -- Up-to-date: /home/tianshu/ROS2Introduction/launch_intro_ws/install/robot_startup/share/robot_startup/cmake/robot_startupConfig-version.cmake
[0.330s] -- Up-to-date: /home/tianshu/ROS2Introduction/launch_intro_ws/install/robot_startup/share/robot_startup/package.xml
[0.331s] Invoked command in '/home/tianshu/ROS2Introduction/launch_intro_ws/build/robot_startup' returned '0': CMAKE_PREFIX_PATH=${CMAKE_PREFIX_PATH}:/opt/ros/humble CONDA_PROMPT_MODIFIER=(base) WSLENV=ELECTRON_RUN_AS_NODE/w:WT_SESSION::WT_PROFILE_ID /usr/bin/cmake --install /home/tianshu/ROS2Introduction/launch_intro_ws/build/robot_startup
