[0.704s] Invoking command in '/home/tianshu/ROS2Introduction/bot00_description': CONDA_PROMPT_MODIFIER=(base) PYTHONPATH=/home/tianshu/ROS2Introduction/bot00_description/build/bot00_description/prefix_override:/home/tianshu/ROS2Introduction/bot00_description/install/bot00_description/lib/python3.10/site-packages:${PYTHONPATH} WSLENV=ELECTRON_RUN_AS_NODE/w:WT_SESSION::WT_PROFILE_ID /usr/bin/python3 setup.py egg_info --egg-base build/bot00_description build --build-base /home/tianshu/ROS2Introduction/bot00_description/build/bot00_description/build install --record /home/tianshu/ROS2Introduction/bot00_description/build/bot00_description/install.log --single-version-externally-managed
[0.860s] running egg_info
[0.861s] creating build/bot00_description/bot00_description.egg-info
[0.861s] writing build/bot00_description/bot00_description.egg-info/PKG-INFO
[0.861s] writing dependency_links to build/bot00_description/bot00_description.egg-info/dependency_links.txt
[0.861s] writing entry points to build/bot00_description/bot00_description.egg-info/entry_points.txt
[0.861s] writing requirements to build/bot00_description/bot00_description.egg-info/requires.txt
[0.862s] writing top-level names to build/bot00_description/bot00_description.egg-info/top_level.txt
[0.862s] writing manifest file 'build/bot00_description/bot00_description.egg-info/SOURCES.txt'
[0.863s] reading manifest file 'build/bot00_description/bot00_description.egg-info/SOURCES.txt'
[0.864s] writing manifest file 'build/bot00_description/bot00_description.egg-info/SOURCES.txt'
[0.864s] running build
[0.864s] running build_py
[0.864s] creating /home/tianshu/ROS2Introduction/bot00_description/build/bot00_description/build
[0.864s] creating /home/tianshu/ROS2Introduction/bot00_description/build/bot00_description/build/lib
[0.865s] creating /home/tianshu/ROS2Introduction/bot00_description/build/bot00_description/build/lib/bot00_description
[0.865s] copying bot00_description/__init__.py -> /home/tianshu/ROS2Introduction/bot00_description/build/bot00_description/build/lib/bot00_description
[0.865s] running install
[0.865s] running install_lib
[0.866s] creating /home/tianshu/ROS2Introduction/bot00_description/install/bot00_description/lib/python3.10/site-packages/bot00_description
[0.866s] copying /home/tianshu/ROS2Introduction/bot00_description/build/bot00_description/build/lib/bot00_description/__init__.py -> /home/tianshu/ROS2Introduction/bot00_description/install/bot00_description/lib/python3.10/site-packages/bot00_description
[0.866s] byte-compiling /home/tianshu/ROS2Introduction/bot00_description/install/bot00_description/lib/python3.10/site-packages/bot00_description/__init__.py to __init__.cpython-310.pyc
[0.867s] running install_data
[0.867s] creating /home/tianshu/ROS2Introduction/bot00_description/install/bot00_description/share/ament_index
[0.867s] creating /home/tianshu/ROS2Introduction/bot00_description/install/bot00_description/share/ament_index/resource_index
[0.867s] creating /home/tianshu/ROS2Introduction/bot00_description/install/bot00_description/share/ament_index/resource_index/packages
[0.867s] copying resource/bot00_description -> /home/tianshu/ROS2Introduction/bot00_description/install/bot00_description/share/ament_index/resource_index/packages
[0.868s] copying package.xml -> /home/tianshu/ROS2Introduction/bot00_description/install/bot00_description/share/bot00_description
[0.868s] creating /home/tianshu/ROS2Introduction/bot00_description/install/bot00_description/share/bot00_description/launch
[0.868s] copying launch/display_rviz2.launch.py -> /home/tianshu/ROS2Introduction/bot00_description/install/bot00_description/share/bot00_description/launch
[0.868s] creating /home/tianshu/ROS2Introduction/bot00_description/install/bot00_description/share/bot00_description/urdf
[0.868s] copying urdf/urdf_intro.xml -> /home/tianshu/ROS2Introduction/bot00_description/install/bot00_description/share/bot00_description/urdf
[0.868s] running install_egg_info
[0.869s] Copying build/bot00_description/bot00_description.egg-info to /home/tianshu/ROS2Introduction/bot00_description/install/bot00_description/lib/python3.10/site-packages/bot00_description-0.0.0-py3.10.egg-info
[0.870s] running install_scripts
[0.885s] writing list of installed files to '/home/tianshu/ROS2Introduction/bot00_description/build/bot00_description/install.log'
[0.901s] Invoked command in '/home/tianshu/ROS2Introduction/bot00_description' returned '0': CONDA_PROMPT_MODIFIER=(base) PYTHONPATH=/home/tianshu/ROS2Introduction/bot00_description/build/bot00_description/prefix_override:/home/tianshu/ROS2Introduction/bot00_description/install/bot00_description/lib/python3.10/site-packages:${PYTHONPATH} WSLENV=ELECTRON_RUN_AS_NODE/w:WT_SESSION::WT_PROFILE_ID /usr/bin/python3 setup.py egg_info --egg-base build/bot00_description build --build-base /home/tianshu/ROS2Introduction/bot00_description/build/bot00_description/build install --record /home/tianshu/ROS2Introduction/bot00_description/build/bot00_description/install.log --single-version-externally-managed
