[0.024s] Invoking command in '/home/tianshu/ROS2Introduction/action_intro_ws/build/robot_control_interface': CMAKE_PREFIX_PATH=${CMAKE_PREFIX_PATH}:/opt/ros/humble CONDA_PROMPT_MODIFIER=(base) WSLENV=ELECTRON_RUN_AS_NODE/w:WT_SESSION::WT_PROFILE_ID /usr/bin/cmake --build /home/tianshu/ROS2Introduction/action_intro_ws/build/robot_control_interface -- -j20 -l20
[0.100s] [  3%] Built target robot_control_interface__cpp
[0.101s] [ 12%] Built target robot_control_interface__rosidl_generator_c
[0.125s] [ 12%] Built target ament_cmake_python_copy_robot_control_interface
[0.154s] [ 22%] Built target robot_control_interface__rosidl_typesupport_introspection_cpp
[0.154s] [ 32%] Built target robot_control_interface__rosidl_typesupport_introspection_c
[0.154s] [ 41%] Built target robot_control_interface__rosidl_typesupport_cpp
[0.155s] [ 51%] Built target robot_control_interface__rosidl_typesupport_fastrtps_cpp
[0.155s] [ 61%] Built target robot_control_interface__rosidl_typesupport_fastrtps_c
[0.160s] [ 70%] Built target robot_control_interface__rosidl_typesupport_c
[0.190s] [ 70%] Built target robot_control_interface
[0.218s] [ 74%] Built target robot_control_interface__py
[0.246s] [ 80%] Built target robot_control_interface__rosidl_generator_py
[0.278s] [ 87%] Built target robot_control_interface__rosidl_typesupport_fastrtps_c__pyext
[0.279s] [100%] Built target robot_control_interface__rosidl_typesupport_introspection_c__pyext
[0.279s] [100%] Built target robot_control_interface__rosidl_typesupport_c__pyext
[0.289s] running egg_info
[0.290s] writing robot_control_interface.egg-info/PKG-INFO
[0.290s] writing dependency_links to robot_control_interface.egg-info/dependency_links.txt
[0.290s] writing top-level names to robot_control_interface.egg-info/top_level.txt
[0.291s] reading manifest file 'robot_control_interface.egg-info/SOURCES.txt'
[0.291s] writing manifest file 'robot_control_interface.egg-info/SOURCES.txt'
[0.315s] [100%] Built target ament_cmake_python_build_robot_control_interface_egg
[0.326s] Invoked command in '/home/tianshu/ROS2Introduction/action_intro_ws/build/robot_control_interface' returned '0': CMAKE_PREFIX_PATH=${CMAKE_PREFIX_PATH}:/opt/ros/humble CONDA_PROMPT_MODIFIER=(base) WSLENV=ELECTRON_RUN_AS_NODE/w:WT_SESSION::WT_PROFILE_ID /usr/bin/cmake --build /home/tianshu/ROS2Introduction/action_intro_ws/build/robot_control_interface -- -j20 -l20
[0.474s] Invoking command in '/home/tianshu/ROS2Introduction/action_intro_ws/build/robot_control_interface': CMAKE_PREFIX_PATH=${CMAKE_PREFIX_PATH}:/opt/ros/humble CONDA_PROMPT_MODIFIER=(base) WSLENV=ELECTRON_RUN_AS_NODE/w:WT_SESSION::WT_PROFILE_ID /usr/bin/cmake --install /home/tianshu/ROS2Introduction/action_intro_ws/build/robot_control_interface
[0.484s] -- Install configuration: ""
[0.484s] -- Up-to-date: /home/tianshu/ROS2Introduction/action_intro_ws/install/robot_control_interface/share/ament_index/resource_index/rosidl_interfaces/robot_control_interface
[0.484s] -- Up-to-date: /home/tianshu/ROS2Introduction/action_intro_ws/install/robot_control_interface/include/robot_control_interface/robot_control_interface
[0.484s] -- Up-to-date: /home/tianshu/ROS2Introduction/action_intro_ws/install/robot_control_interface/include/robot_control_interface/robot_control_interface/msg
[0.484s] -- Up-to-date: /home/tianshu/ROS2Introduction/action_intro_ws/install/robot_control_interface/include/robot_control_interface/robot_control_interface/msg/rosidl_generator_c__visibility_control.h
[0.484s] -- Up-to-date: /home/tianshu/ROS2Introduction/action_intro_ws/install/robot_control_interface/include/robot_control_interface/robot_control_interface/action
[0.484s] -- Up-to-date: /home/tianshu/ROS2Introduction/action_intro_ws/install/robot_control_interface/include/robot_control_interface/robot_control_interface/action/move_robot.h
[0.484s] -- Up-to-date: /home/tianshu/ROS2Introduction/action_intro_ws/install/robot_control_interface/include/robot_control_interface/robot_control_interface/action/detail
[0.484s] -- Up-to-date: /home/tianshu/ROS2Introduction/action_intro_ws/install/robot_control_interface/include/robot_control_interface/robot_control_interface/action/detail/move_robot__type_support.h
[0.484s] -- Up-to-date: /home/tianshu/ROS2Introduction/action_intro_ws/install/robot_control_interface/include/robot_control_interface/robot_control_interface/action/detail/move_robot__functions.c
[0.484s] -- Up-to-date: /home/tianshu/ROS2Introduction/action_intro_ws/install/robot_control_interface/include/robot_control_interface/robot_control_interface/action/detail/move_robot__struct.h
[0.484s] -- Up-to-date: /home/tianshu/ROS2Introduction/action_intro_ws/install/robot_control_interface/include/robot_control_interface/robot_control_interface/action/detail/move_robot__functions.h
[0.484s] -- Up-to-date: /home/tianshu/ROS2Introduction/action_intro_ws/install/robot_control_interface/share/robot_control_interface/environment/library_path.sh
[0.484s] -- Up-to-date: /home/tianshu/ROS2Introduction/action_intro_ws/install/robot_control_interface/share/robot_control_interface/environment/library_path.dsv
[0.484s] -- Up-to-date: /home/tianshu/ROS2Introduction/action_intro_ws/install/robot_control_interface/lib/librobot_control_interface__rosidl_generator_c.so
[0.485s] -- Up-to-date: /home/tianshu/ROS2Introduction/action_intro_ws/install/robot_control_interface/include/robot_control_interface/robot_control_interface
[0.485s] -- Up-to-date: /home/tianshu/ROS2Introduction/action_intro_ws/install/robot_control_interface/include/robot_control_interface/robot_control_interface/msg
[0.485s] -- Up-to-date: /home/tianshu/ROS2Introduction/action_intro_ws/install/robot_control_interface/include/robot_control_interface/robot_control_interface/msg/rosidl_typesupport_fastrtps_c__visibility_control.h
[0.485s] -- Up-to-date: /home/tianshu/ROS2Introduction/action_intro_ws/install/robot_control_interface/include/robot_control_interface/robot_control_interface/action
[0.485s] -- Up-to-date: /home/tianshu/ROS2Introduction/action_intro_ws/install/robot_control_interface/include/robot_control_interface/robot_control_interface/action/detail
[0.485s] -- Up-to-date: /home/tianshu/ROS2Introduction/action_intro_ws/install/robot_control_interface/include/robot_control_interface/robot_control_interface/action/detail/move_robot__rosidl_typesupport_fastrtps_c.h
[0.485s] -- Up-to-date: /home/tianshu/ROS2Introduction/action_intro_ws/install/robot_control_interface/lib/librobot_control_interface__rosidl_typesupport_fastrtps_c.so
[0.485s] -- Up-to-date: /home/tianshu/ROS2Introduction/action_intro_ws/install/robot_control_interface/include/robot_control_interface/robot_control_interface
[0.485s] -- Up-to-date: /home/tianshu/ROS2Introduction/action_intro_ws/install/robot_control_interface/include/robot_control_interface/robot_control_interface/msg
[0.485s] -- Up-to-date: /home/tianshu/ROS2Introduction/action_intro_ws/install/robot_control_interface/include/robot_control_interface/robot_control_interface/msg/rosidl_typesupport_introspection_c__visibility_control.h
[0.485s] -- Up-to-date: /home/tianshu/ROS2Introduction/action_intro_ws/install/robot_control_interface/include/robot_control_interface/robot_control_interface/action
[0.485s] -- Up-to-date: /home/tianshu/ROS2Introduction/action_intro_ws/install/robot_control_interface/include/robot_control_interface/robot_control_interface/action/detail
[0.485s] -- Up-to-date: /home/tianshu/ROS2Introduction/action_intro_ws/install/robot_control_interface/include/robot_control_interface/robot_control_interface/action/detail/move_robot__rosidl_typesupport_introspection_c.h
[0.485s] -- Up-to-date: /home/tianshu/ROS2Introduction/action_intro_ws/install/robot_control_interface/include/robot_control_interface/robot_control_interface/action/detail/move_robot__type_support.c
[0.486s] -- Up-to-date: /home/tianshu/ROS2Introduction/action_intro_ws/install/robot_control_interface/lib/librobot_control_interface__rosidl_typesupport_introspection_c.so
[0.486s] -- Up-to-date: /home/tianshu/ROS2Introduction/action_intro_ws/install/robot_control_interface/lib/librobot_control_interface__rosidl_typesupport_c.so
[0.486s] -- Up-to-date: /home/tianshu/ROS2Introduction/action_intro_ws/install/robot_control_interface/include/robot_control_interface/robot_control_interface
[0.486s] -- Up-to-date: /home/tianshu/ROS2Introduction/action_intro_ws/install/robot_control_interface/include/robot_control_interface/robot_control_interface/action
[0.486s] -- Up-to-date: /home/tianshu/ROS2Introduction/action_intro_ws/install/robot_control_interface/include/robot_control_interface/robot_control_interface/action/detail
[0.486s] -- Up-to-date: /home/tianshu/ROS2Introduction/action_intro_ws/install/robot_control_interface/include/robot_control_interface/robot_control_interface/action/detail/move_robot__struct.hpp
[0.486s] -- Up-to-date: /home/tianshu/ROS2Introduction/action_intro_ws/install/robot_control_interface/include/robot_control_interface/robot_control_interface/action/detail/move_robot__builder.hpp
[0.486s] -- Up-to-date: /home/tianshu/ROS2Introduction/action_intro_ws/install/robot_control_interface/include/robot_control_interface/robot_control_interface/action/detail/move_robot__traits.hpp
[0.486s] -- Up-to-date: /home/tianshu/ROS2Introduction/action_intro_ws/install/robot_control_interface/include/robot_control_interface/robot_control_interface/action/move_robot.hpp
[0.486s] -- Up-to-date: /home/tianshu/ROS2Introduction/action_intro_ws/install/robot_control_interface/include/robot_control_interface/robot_control_interface
[0.487s] -- Up-to-date: /home/tianshu/ROS2Introduction/action_intro_ws/install/robot_control_interface/include/robot_control_interface/robot_control_interface/msg
[0.487s] -- Up-to-date: /home/tianshu/ROS2Introduction/action_intro_ws/install/robot_control_interface/include/robot_control_interface/robot_control_interface/msg/rosidl_typesupport_fastrtps_cpp__visibility_control.h
[0.487s] -- Up-to-date: /home/tianshu/ROS2Introduction/action_intro_ws/install/robot_control_interface/include/robot_control_interface/robot_control_interface/action
[0.487s] -- Up-to-date: /home/tianshu/ROS2Introduction/action_intro_ws/install/robot_control_interface/include/robot_control_interface/robot_control_interface/action/detail
[0.487s] -- Up-to-date: /home/tianshu/ROS2Introduction/action_intro_ws/install/robot_control_interface/include/robot_control_interface/robot_control_interface/action/detail/dds_fastrtps
[0.487s] -- Up-to-date: /home/tianshu/ROS2Introduction/action_intro_ws/install/robot_control_interface/include/robot_control_interface/robot_control_interface/action/detail/move_robot__rosidl_typesupport_fastrtps_cpp.hpp
[0.487s] -- Up-to-date: /home/tianshu/ROS2Introduction/action_intro_ws/install/robot_control_interface/lib/librobot_control_interface__rosidl_typesupport_fastrtps_cpp.so
[0.487s] -- Up-to-date: /home/tianshu/ROS2Introduction/action_intro_ws/install/robot_control_interface/include/robot_control_interface/robot_control_interface
[0.487s] -- Up-to-date: /home/tianshu/ROS2Introduction/action_intro_ws/install/robot_control_interface/include/robot_control_interface/robot_control_interface/action
[0.487s] -- Up-to-date: /home/tianshu/ROS2Introduction/action_intro_ws/install/robot_control_interface/include/robot_control_interface/robot_control_interface/action/detail
[0.487s] -- Up-to-date: /home/tianshu/ROS2Introduction/action_intro_ws/install/robot_control_interface/include/robot_control_interface/robot_control_interface/action/detail/move_robot__rosidl_typesupport_introspection_cpp.hpp
[0.487s] -- Up-to-date: /home/tianshu/ROS2Introduction/action_intro_ws/install/robot_control_interface/include/robot_control_interface/robot_control_interface/action/detail/move_robot__type_support.cpp
[0.487s] -- Up-to-date: /home/tianshu/ROS2Introduction/action_intro_ws/install/robot_control_interface/lib/librobot_control_interface__rosidl_typesupport_introspection_cpp.so
[0.487s] -- Up-to-date: /home/tianshu/ROS2Introduction/action_intro_ws/install/robot_control_interface/lib/librobot_control_interface__rosidl_typesupport_cpp.so
[0.487s] -- Up-to-date: /home/tianshu/ROS2Introduction/action_intro_ws/install/robot_control_interface/share/robot_control_interface/environment/pythonpath.sh
[0.487s] -- Up-to-date: /home/tianshu/ROS2Introduction/action_intro_ws/install/robot_control_interface/share/robot_control_interface/environment/pythonpath.dsv
[0.487s] -- Up-to-date: /home/tianshu/ROS2Introduction/action_intro_ws/install/robot_control_interface/local/lib/python3.10/dist-packages/robot_control_interface-0.0.0-py3.10.egg-info
[0.487s] -- Installing: /home/tianshu/ROS2Introduction/action_intro_ws/install/robot_control_interface/local/lib/python3.10/dist-packages/robot_control_interface-0.0.0-py3.10.egg-info/top_level.txt
[0.487s] -- Installing: /home/tianshu/ROS2Introduction/action_intro_ws/install/robot_control_interface/local/lib/python3.10/dist-packages/robot_control_interface-0.0.0-py3.10.egg-info/dependency_links.txt
[0.487s] -- Installing: /home/tianshu/ROS2Introduction/action_intro_ws/install/robot_control_interface/local/lib/python3.10/dist-packages/robot_control_interface-0.0.0-py3.10.egg-info/SOURCES.txt
[0.487s] -- Installing: /home/tianshu/ROS2Introduction/action_intro_ws/install/robot_control_interface/local/lib/python3.10/dist-packages/robot_control_interface-0.0.0-py3.10.egg-info/PKG-INFO
[0.487s] -- Up-to-date: /home/tianshu/ROS2Introduction/action_intro_ws/install/robot_control_interface/local/lib/python3.10/dist-packages/robot_control_interface
[0.487s] -- Up-to-date: /home/tianshu/ROS2Introduction/action_intro_ws/install/robot_control_interface/local/lib/python3.10/dist-packages/robot_control_interface/_robot_control_interface_s.ep.rosidl_typesupport_fastrtps_c.c
[0.487s] -- Up-to-date: /home/tianshu/ROS2Introduction/action_intro_ws/install/robot_control_interface/local/lib/python3.10/dist-packages/robot_control_interface/librobot_control_interface__rosidl_generator_py.so
[0.487s] -- Up-to-date: /home/tianshu/ROS2Introduction/action_intro_ws/install/robot_control_interface/local/lib/python3.10/dist-packages/robot_control_interface/_robot_control_interface_s.ep.rosidl_typesupport_introspection_c.c
[0.487s] -- Up-to-date: /home/tianshu/ROS2Introduction/action_intro_ws/install/robot_control_interface/local/lib/python3.10/dist-packages/robot_control_interface/robot_control_interface_s__rosidl_typesupport_c.cpython-39-x86_64-linux-gnu.so
[0.487s] -- Up-to-date: /home/tianshu/ROS2Introduction/action_intro_ws/install/robot_control_interface/local/lib/python3.10/dist-packages/robot_control_interface/robot_control_interface_s__rosidl_typesupport_introspection_c.cpython-39-x86_64-linux-gnu.so
[0.487s] -- Up-to-date: /home/tianshu/ROS2Introduction/action_intro_ws/install/robot_control_interface/local/lib/python3.10/dist-packages/robot_control_interface/_robot_control_interface_s.ep.rosidl_typesupport_c.c
[0.487s] -- Up-to-date: /home/tianshu/ROS2Introduction/action_intro_ws/install/robot_control_interface/local/lib/python3.10/dist-packages/robot_control_interface/robot_control_interface_s__rosidl_typesupport_fastrtps_c.cpython-39-x86_64-linux-gnu.so
[0.487s] -- Up-to-date: /home/tianshu/ROS2Introduction/action_intro_ws/install/robot_control_interface/local/lib/python3.10/dist-packages/robot_control_interface/__init__.py
[0.487s] -- Up-to-date: /home/tianshu/ROS2Introduction/action_intro_ws/install/robot_control_interface/local/lib/python3.10/dist-packages/robot_control_interface/action
[0.487s] -- Up-to-date: /home/tianshu/ROS2Introduction/action_intro_ws/install/robot_control_interface/local/lib/python3.10/dist-packages/robot_control_interface/action/_move_robot.py
[0.487s] -- Up-to-date: /home/tianshu/ROS2Introduction/action_intro_ws/install/robot_control_interface/local/lib/python3.10/dist-packages/robot_control_interface/action/_move_robot_s.c
[0.487s] -- Up-to-date: /home/tianshu/ROS2Introduction/action_intro_ws/install/robot_control_interface/local/lib/python3.10/dist-packages/robot_control_interface/action/__init__.py
[0.530s] Listing '/home/tianshu/ROS2Introduction/action_intro_ws/install/robot_control_interface/local/lib/python3.10/dist-packages/robot_control_interface'...
[0.531s] Listing '/home/tianshu/ROS2Introduction/action_intro_ws/install/robot_control_interface/local/lib/python3.10/dist-packages/robot_control_interface/action'...
[0.533s] -- Up-to-date: /home/tianshu/ROS2Introduction/action_intro_ws/install/robot_control_interface/local/lib/python3.10/dist-packages/robot_control_interface/robot_control_interface_s__rosidl_typesupport_fastrtps_c.cpython-39-x86_64-linux-gnu.so
[0.534s] -- Up-to-date: /home/tianshu/ROS2Introduction/action_intro_ws/install/robot_control_interface/local/lib/python3.10/dist-packages/robot_control_interface/robot_control_interface_s__rosidl_typesupport_introspection_c.cpython-39-x86_64-linux-gnu.so
[0.534s] -- Up-to-date: /home/tianshu/ROS2Introduction/action_intro_ws/install/robot_control_interface/local/lib/python3.10/dist-packages/robot_control_interface/robot_control_interface_s__rosidl_typesupport_c.cpython-39-x86_64-linux-gnu.so
[0.534s] -- Up-to-date: /home/tianshu/ROS2Introduction/action_intro_ws/install/robot_control_interface/lib/librobot_control_interface__rosidl_generator_py.so
[0.534s] -- Up-to-date: /home/tianshu/ROS2Introduction/action_intro_ws/install/robot_control_interface/share/robot_control_interface/action/MoveRobot.idl
[0.534s] -- Up-to-date: /home/tianshu/ROS2Introduction/action_intro_ws/install/robot_control_interface/share/robot_control_interface/action/MoveRobot.action
[0.534s] -- Up-to-date: /home/tianshu/ROS2Introduction/action_intro_ws/install/robot_control_interface/share/ament_index/resource_index/package_run_dependencies/robot_control_interface
[0.534s] -- Up-to-date: /home/tianshu/ROS2Introduction/action_intro_ws/install/robot_control_interface/share/ament_index/resource_index/parent_prefix_path/robot_control_interface
[0.534s] -- Up-to-date: /home/tianshu/ROS2Introduction/action_intro_ws/install/robot_control_interface/share/robot_control_interface/environment/ament_prefix_path.sh
[0.534s] -- Up-to-date: /home/tianshu/ROS2Introduction/action_intro_ws/install/robot_control_interface/share/robot_control_interface/environment/ament_prefix_path.dsv
[0.535s] -- Up-to-date: /home/tianshu/ROS2Introduction/action_intro_ws/install/robot_control_interface/share/robot_control_interface/environment/path.sh
[0.535s] -- Up-to-date: /home/tianshu/ROS2Introduction/action_intro_ws/install/robot_control_interface/share/robot_control_interface/environment/path.dsv
[0.535s] -- Up-to-date: /home/tianshu/ROS2Introduction/action_intro_ws/install/robot_control_interface/share/robot_control_interface/local_setup.bash
[0.535s] -- Up-to-date: /home/tianshu/ROS2Introduction/action_intro_ws/install/robot_control_interface/share/robot_control_interface/local_setup.sh
[0.535s] -- Up-to-date: /home/tianshu/ROS2Introduction/action_intro_ws/install/robot_control_interface/share/robot_control_interface/local_setup.zsh
[0.535s] -- Up-to-date: /home/tianshu/ROS2Introduction/action_intro_ws/install/robot_control_interface/share/robot_control_interface/local_setup.dsv
[0.535s] -- Installing: /home/tianshu/ROS2Introduction/action_intro_ws/install/robot_control_interface/share/robot_control_interface/package.dsv
[0.535s] -- Up-to-date: /home/tianshu/ROS2Introduction/action_intro_ws/install/robot_control_interface/share/ament_index/resource_index/packages/robot_control_interface
[0.535s] -- Up-to-date: /home/tianshu/ROS2Introduction/action_intro_ws/install/robot_control_interface/share/robot_control_interface/cmake/export_robot_control_interface__rosidl_generator_cExport.cmake
[0.535s] -- Up-to-date: /home/tianshu/ROS2Introduction/action_intro_ws/install/robot_control_interface/share/robot_control_interface/cmake/export_robot_control_interface__rosidl_generator_cExport-noconfig.cmake
[0.536s] -- Up-to-date: /home/tianshu/ROS2Introduction/action_intro_ws/install/robot_control_interface/share/robot_control_interface/cmake/export_robot_control_interface__rosidl_typesupport_fastrtps_cExport.cmake
[0.536s] -- Up-to-date: /home/tianshu/ROS2Introduction/action_intro_ws/install/robot_control_interface/share/robot_control_interface/cmake/export_robot_control_interface__rosidl_typesupport_fastrtps_cExport-noconfig.cmake
[0.536s] -- Up-to-date: /home/tianshu/ROS2Introduction/action_intro_ws/install/robot_control_interface/share/robot_control_interface/cmake/robot_control_interface__rosidl_typesupport_introspection_cExport.cmake
[0.536s] -- Up-to-date: /home/tianshu/ROS2Introduction/action_intro_ws/install/robot_control_interface/share/robot_control_interface/cmake/robot_control_interface__rosidl_typesupport_introspection_cExport-noconfig.cmake
[0.536s] -- Up-to-date: /home/tianshu/ROS2Introduction/action_intro_ws/install/robot_control_interface/share/robot_control_interface/cmake/robot_control_interface__rosidl_typesupport_cExport.cmake
[0.536s] -- Up-to-date: /home/tianshu/ROS2Introduction/action_intro_ws/install/robot_control_interface/share/robot_control_interface/cmake/robot_control_interface__rosidl_typesupport_cExport-noconfig.cmake
[0.536s] -- Up-to-date: /home/tianshu/ROS2Introduction/action_intro_ws/install/robot_control_interface/share/robot_control_interface/cmake/export_robot_control_interface__rosidl_generator_cppExport.cmake
[0.536s] -- Up-to-date: /home/tianshu/ROS2Introduction/action_intro_ws/install/robot_control_interface/share/robot_control_interface/cmake/export_robot_control_interface__rosidl_typesupport_fastrtps_cppExport.cmake
[0.536s] -- Up-to-date: /home/tianshu/ROS2Introduction/action_intro_ws/install/robot_control_interface/share/robot_control_interface/cmake/export_robot_control_interface__rosidl_typesupport_fastrtps_cppExport-noconfig.cmake
[0.536s] -- Up-to-date: /home/tianshu/ROS2Introduction/action_intro_ws/install/robot_control_interface/share/robot_control_interface/cmake/robot_control_interface__rosidl_typesupport_introspection_cppExport.cmake
[0.536s] -- Up-to-date: /home/tianshu/ROS2Introduction/action_intro_ws/install/robot_control_interface/share/robot_control_interface/cmake/robot_control_interface__rosidl_typesupport_introspection_cppExport-noconfig.cmake
[0.536s] -- Up-to-date: /home/tianshu/ROS2Introduction/action_intro_ws/install/robot_control_interface/share/robot_control_interface/cmake/robot_control_interface__rosidl_typesupport_cppExport.cmake
[0.536s] -- Up-to-date: /home/tianshu/ROS2Introduction/action_intro_ws/install/robot_control_interface/share/robot_control_interface/cmake/robot_control_interface__rosidl_typesupport_cppExport-noconfig.cmake
[0.536s] -- Up-to-date: /home/tianshu/ROS2Introduction/action_intro_ws/install/robot_control_interface/share/robot_control_interface/cmake/export_robot_control_interface__rosidl_generator_pyExport.cmake
[0.536s] -- Up-to-date: /home/tianshu/ROS2Introduction/action_intro_ws/install/robot_control_interface/share/robot_control_interface/cmake/export_robot_control_interface__rosidl_generator_pyExport-noconfig.cmake
[0.536s] -- Up-to-date: /home/tianshu/ROS2Introduction/action_intro_ws/install/robot_control_interface/share/robot_control_interface/cmake/rosidl_cmake-extras.cmake
[0.536s] -- Up-to-date: /home/tianshu/ROS2Introduction/action_intro_ws/install/robot_control_interface/share/robot_control_interface/cmake/ament_cmake_export_dependencies-extras.cmake
[0.536s] -- Up-to-date: /home/tianshu/ROS2Introduction/action_intro_ws/install/robot_control_interface/share/robot_control_interface/cmake/ament_cmake_export_include_directories-extras.cmake
[0.536s] -- Up-to-date: /home/tianshu/ROS2Introduction/action_intro_ws/install/robot_control_interface/share/robot_control_interface/cmake/ament_cmake_export_libraries-extras.cmake
[0.536s] -- Up-to-date: /home/tianshu/ROS2Introduction/action_intro_ws/install/robot_control_interface/share/robot_control_interface/cmake/ament_cmake_export_targets-extras.cmake
[0.536s] -- Up-to-date: /home/tianshu/ROS2Introduction/action_intro_ws/install/robot_control_interface/share/robot_control_interface/cmake/rosidl_cmake_export_typesupport_targets-extras.cmake
[0.536s] -- Up-to-date: /home/tianshu/ROS2Introduction/action_intro_ws/install/robot_control_interface/share/robot_control_interface/cmake/rosidl_cmake_export_typesupport_libraries-extras.cmake
[0.536s] -- Up-to-date: /home/tianshu/ROS2Introduction/action_intro_ws/install/robot_control_interface/share/robot_control_interface/cmake/robot_control_interfaceConfig.cmake
[0.537s] -- Up-to-date: /home/tianshu/ROS2Introduction/action_intro_ws/install/robot_control_interface/share/robot_control_interface/cmake/robot_control_interfaceConfig-version.cmake
[0.537s] -- Up-to-date: /home/tianshu/ROS2Introduction/action_intro_ws/install/robot_control_interface/share/robot_control_interface/package.xml
[0.537s] Invoked command in '/home/tianshu/ROS2Introduction/action_intro_ws/build/robot_control_interface' returned '0': CMAKE_PREFIX_PATH=${CMAKE_PREFIX_PATH}:/opt/ros/humble CONDA_PROMPT_MODIFIER=(base) WSLENV=ELECTRON_RUN_AS_NODE/w:WT_SESSION::WT_PROFILE_ID /usr/bin/cmake --install /home/tianshu/ROS2Introduction/action_intro_ws/build/robot_control_interface
