[0.453s] Invoking command in '/home/tianshu/ROS2Introduction/bot_description/src/bot00_description': PYTHONPATH=/home/tianshu/ROS2Introduction/bot_description/build/bot00_description/prefix_override:/home/tianshu/ROS2Introduction/bot_description/install/bot00_description/lib/python3.10/site-packages:${PYTHONPATH} /usr/bin/python3 setup.py egg_info --egg-base ../../build/bot00_description build --build-base /home/tianshu/ROS2Introduction/bot_description/build/bot00_description/build install --record /home/tianshu/ROS2Introduction/bot_description/build/bot00_description/install.log --single-version-externally-managed
[0.625s] running egg_info
[0.626s] writing ../../build/bot00_description/bot00_description.egg-info/PKG-INFO
[0.626s] writing dependency_links to ../../build/bot00_description/bot00_description.egg-info/dependency_links.txt
[0.627s] writing entry points to ../../build/bot00_description/bot00_description.egg-info/entry_points.txt
[0.627s] writing requirements to ../../build/bot00_description/bot00_description.egg-info/requires.txt
[0.627s] writing top-level names to ../../build/bot00_description/bot00_description.egg-info/top_level.txt
[0.628s] reading manifest file '../../build/bot00_description/bot00_description.egg-info/SOURCES.txt'
[0.629s] writing manifest file '../../build/bot00_description/bot00_description.egg-info/SOURCES.txt'
[0.629s] running build
[0.629s] running build_py
[0.629s] running install
[0.629s] running install_lib
[0.630s] running install_data
[0.631s] running install_egg_info
[0.633s] removing '/home/tianshu/ROS2Introduction/bot_description/install/bot00_description/lib/python3.10/site-packages/bot00_description-0.0.0-py3.10.egg-info' (and everything under it)
[0.633s] Copying ../../build/bot00_description/bot00_description.egg-info to /home/tianshu/ROS2Introduction/bot_description/install/bot00_description/lib/python3.10/site-packages/bot00_description-0.0.0-py3.10.egg-info
[0.633s] running install_scripts
[0.650s] Installing rotate_wheel script to /home/tianshu/ROS2Introduction/bot_description/install/bot00_description/lib/bot00_description
[0.650s] writing list of installed files to '/home/tianshu/ROS2Introduction/bot_description/build/bot00_description/install.log'
[0.668s] Invoked command in '/home/tianshu/ROS2Introduction/bot_description/src/bot00_description' returned '0': PYTHONPATH=/home/tianshu/ROS2Introduction/bot_description/build/bot00_description/prefix_override:/home/tianshu/ROS2Introduction/bot_description/install/bot00_description/lib/python3.10/site-packages:${PYTHONPATH} /usr/bin/python3 setup.py egg_info --egg-base ../../build/bot00_description build --build-base /home/tianshu/ROS2Introduction/bot_description/build/bot00_description/build install --record /home/tianshu/ROS2Introduction/bot_description/build/bot00_description/install.log --single-version-externally-managed
