[0.578s] Invoking command in '/home/tianshu/ROS2Introduction/para_intro_ws_py/src/example_parameters_rclpy': CONDA_PROMPT_MODIFIER=(base) PYTHONPATH=/home/tianshu/ROS2Introduction/para_intro_ws_py/build/example_parameters_rclpy/prefix_override:/home/tianshu/ROS2Introduction/para_intro_ws_py/install/example_parameters_rclpy/lib/python3.10/site-packages:${PYTHONPATH} /usr/bin/python3 setup.py egg_info --egg-base ../../build/example_parameters_rclpy build --build-base /home/tianshu/ROS2Introduction/para_intro_ws_py/build/example_parameters_rclpy/build install --record /home/tianshu/ROS2Introduction/para_intro_ws_py/build/example_parameters_rclpy/install.log --single-version-externally-managed
[0.795s] running egg_info
[0.795s] writing ../../build/example_parameters_rclpy/example_parameters_rclpy.egg-info/PKG-INFO
[0.795s] writing dependency_links to ../../build/example_parameters_rclpy/example_parameters_rclpy.egg-info/dependency_links.txt
[0.796s] writing entry points to ../../build/example_parameters_rclpy/example_parameters_rclpy.egg-info/entry_points.txt
[0.796s] writing requirements to ../../build/example_parameters_rclpy/example_parameters_rclpy.egg-info/requires.txt
[0.796s] writing top-level names to ../../build/example_parameters_rclpy/example_parameters_rclpy.egg-info/top_level.txt
[0.797s] reading manifest file '../../build/example_parameters_rclpy/example_parameters_rclpy.egg-info/SOURCES.txt'
[0.797s] writing manifest file '../../build/example_parameters_rclpy/example_parameters_rclpy.egg-info/SOURCES.txt'
[0.797s] running build
[0.797s] running build_py
[0.798s] copying example_parameters_rclpy/prameters_basic.py -> /home/tianshu/ROS2Introduction/para_intro_ws_py/build/example_parameters_rclpy/build/lib/example_parameters_rclpy
[0.798s] running install
[0.798s] running install_lib
[0.798s] copying /home/tianshu/ROS2Introduction/para_intro_ws_py/build/example_parameters_rclpy/build/lib/example_parameters_rclpy/prameters_basic.py -> /home/tianshu/ROS2Introduction/para_intro_ws_py/install/example_parameters_rclpy/lib/python3.10/site-packages/example_parameters_rclpy
[0.799s] byte-compiling /home/tianshu/ROS2Introduction/para_intro_ws_py/install/example_parameters_rclpy/lib/python3.10/site-packages/example_parameters_rclpy/prameters_basic.py to prameters_basic.cpython-310.pyc
[0.799s] running install_data
[0.799s] running install_egg_info
[0.801s] removing '/home/tianshu/ROS2Introduction/para_intro_ws_py/install/example_parameters_rclpy/lib/python3.10/site-packages/example_parameters_rclpy-0.0.0-py3.10.egg-info' (and everything under it)
[0.801s] Copying ../../build/example_parameters_rclpy/example_parameters_rclpy.egg-info to /home/tianshu/ROS2Introduction/para_intro_ws_py/install/example_parameters_rclpy/lib/python3.10/site-packages/example_parameters_rclpy-0.0.0-py3.10.egg-info
[0.801s] running install_scripts
[0.822s] Installing parameters_basic script to /home/tianshu/ROS2Introduction/para_intro_ws_py/install/example_parameters_rclpy/lib/example_parameters_rclpy
[0.823s] writing list of installed files to '/home/tianshu/ROS2Introduction/para_intro_ws_py/build/example_parameters_rclpy/install.log'
[0.842s] Invoked command in '/home/tianshu/ROS2Introduction/para_intro_ws_py/src/example_parameters_rclpy' returned '0': CONDA_PROMPT_MODIFIER=(base) PYTHONPATH=/home/tianshu/ROS2Introduction/para_intro_ws_py/build/example_parameters_rclpy/prefix_override:/home/tianshu/ROS2Introduction/para_intro_ws_py/install/example_parameters_rclpy/lib/python3.10/site-packages:${PYTHONPATH} /usr/bin/python3 setup.py egg_info --egg-base ../../build/example_parameters_rclpy build --build-base /home/tianshu/ROS2Introduction/para_intro_ws_py/build/example_parameters_rclpy/build install --record /home/tianshu/ROS2Introduction/para_intro_ws_py/build/example_parameters_rclpy/install.log --single-version-externally-managed
