[0.134s] Invoking command in '/home/tianshu/ROS2Introduction/action_intro_ws_cpp/build/example_action_rclcpp': AMENT_PREFIX_PATH=/home/tianshu/ROS2Introduction/action_intro_ws_cpp/install/robot_control_interface:${AMENT_PREFIX_PATH} CMAKE_PREFIX_PATH=/home/tianshu/ROS2Introduction/action_intro_ws_cpp/install/robot_control_interface:/opt/ros/humble CONDA_PROMPT_MODIFIER=(base) LD_LIBRARY_PATH=/home/tianshu/ROS2Introduction/action_intro_ws_cpp/install/robot_control_interface/lib:/usr/local/cuda/lib64:/usr/local/cuda-11/lib64:/usr/local/cuda-11.8/lib64:/usr/local/cuda-12/lib64:/usr/local/cuda-12.1/lib64:/usr/lib/wsl/lib:/usr/local/cuda/lib64:/usr/local/cuda-11/lib64:/usr/local/cuda-11.8/lib64:/usr/local/cuda-12/lib64:/usr/local/cuda-12.1/lib64:/usr/lib/x86_64-linux-gnu/gazebo-11/plugins:/opt/ros/humble/opt/rviz_ogre_vendor/lib:/opt/ros/humble/lib/x86_64-linux-gnu:/opt/ros/humble/lib:/usr/lib/wsl/lib PYTHONPATH=/home/tianshu/ROS2Introduction/action_intro_ws_cpp/install/robot_control_interface/local/lib/python3.10/dist-packages:${PYTHONPATH} WSLENV=ELECTRON_RUN_AS_NODE/w: /home/tianshu/miniconda3/bin/cmake /home/tianshu/ROS2Introduction/action_intro_ws_cpp/src/example_action_rclcpp -DCMAKE_INSTALL_PREFIX=/home/tianshu/ROS2Introduction/action_intro_ws_cpp/install/example_action_rclcpp
[0.367s] -- The C compiler identification is GNU 10.4.0
[1.054s] -- The CXX compiler identification is GNU 10.4.0
[1.547s] -- Detecting C compiler ABI info
[1.793s] -- Detecting C compiler ABI info - done
[1.803s] -- Check for working C compiler: /usr/bin/cc - skipped
[1.803s] -- Detecting C compile features
[1.804s] -- Detecting C compile features - done
[1.809s] -- Detecting CXX compiler ABI info
[2.063s] -- Detecting CXX compiler ABI info - done
[2.074s] -- Check for working CXX compiler: /usr/bin/c++ - skipped
[2.074s] -- Detecting CXX compile features
[2.074s] -- Detecting CXX compile features - done
[2.076s] -- Found ament_cmake: 1.3.5 (/opt/ros/humble/share/ament_cmake/cmake)
[5.334s] -- Found Python3: /usr/bin/python3.10 (found version "3.10.6") found components: Interpreter 
[5.440s] -- Found rclcpp: 16.0.4 (/opt/ros/humble/share/rclcpp/cmake)
[5.610s] -- Found rosidl_generator_c: 3.1.4 (/opt/ros/humble/share/rosidl_generator_c/cmake)
[5.613s] -- Found rosidl_adapter: 3.1.4 (/opt/ros/humble/share/rosidl_adapter/cmake)
[5.623s] -- Found rosidl_generator_cpp: 3.1.4 (/opt/ros/humble/share/rosidl_generator_cpp/cmake)
[5.636s] -- Using all available rosidl_typesupport_c: rosidl_typesupport_fastrtps_c;rosidl_typesupport_introspection_c
[5.653s] -- Using all available rosidl_typesupport_cpp: rosidl_typesupport_fastrtps_cpp;rosidl_typesupport_introspection_cpp
[5.761s] -- Found rmw_implementation_cmake: 6.1.1 (/opt/ros/humble/share/rmw_implementation_cmake/cmake)
[5.768s] -- Found rmw_fastrtps_cpp: 6.2.2 (/opt/ros/humble/share/rmw_fastrtps_cpp/cmake)
[7.259s] -- Found OpenSSL: /usr/lib/x86_64-linux-gnu/libcrypto.so (found version "3.0.2")  
[8.548s] -- Found FastRTPS: /opt/ros/humble/include  
[11.090s] -- Using RMW implementation 'rmw_fastrtps_cpp' as default
[11.107s] -- Performing Test CMAKE_HAVE_LIBC_PTHREAD
[11.359s] -- Performing Test CMAKE_HAVE_LIBC_PTHREAD - Success
[11.360s] -- Found Threads: TRUE  
[11.559s] -- Found rclcpp_action: 16.0.4 (/opt/ros/humble/share/rclcpp_action/cmake)
[11.654s] -- Found robot_control_interface: 0.0.0 (/home/tianshu/ROS2Introduction/action_intro_ws_cpp/install/robot_control_interface/share/robot_control_interface/cmake)
[11.704s] -- Found example_interfaces: 0.9.3 (/opt/ros/humble/share/example_interfaces/cmake)
[11.763s] -- Found ament_lint_auto: 0.12.6 (/opt/ros/humble/share/ament_lint_auto/cmake)
[11.853s] -- Added test 'cppcheck' to perform static code analysis on C / C++ code
[11.853s] -- Configured cppcheck include dirs: $<BUILD_INTERFACE:/home/tianshu/ROS2Introduction/action_intro_ws_cpp/src/example_action_rclcpp/include>
[11.853s] -- Configured cppcheck exclude dirs and/or files: 
[11.854s] -- Added test 'lint_cmake' to check CMake code style
[11.855s] -- Added test 'uncrustify' to check C / C++ code style
[11.855s] -- Configured uncrustify additional arguments: 
[11.856s] -- Added test 'xmllint' to check XML markup files
[11.857s] -- Configuring done (11.7s)
[11.873s] -- Generating done (0.0s)
[11.874s] -- Build files have been written to: /home/tianshu/ROS2Introduction/action_intro_ws_cpp/build/example_action_rclcpp
[11.889s] Invoked command in '/home/tianshu/ROS2Introduction/action_intro_ws_cpp/build/example_action_rclcpp' returned '0': AMENT_PREFIX_PATH=/home/tianshu/ROS2Introduction/action_intro_ws_cpp/install/robot_control_interface:${AMENT_PREFIX_PATH} CMAKE_PREFIX_PATH=/home/tianshu/ROS2Introduction/action_intro_ws_cpp/install/robot_control_interface:/opt/ros/humble CONDA_PROMPT_MODIFIER=(base) LD_LIBRARY_PATH=/home/tianshu/ROS2Introduction/action_intro_ws_cpp/install/robot_control_interface/lib:/usr/local/cuda/lib64:/usr/local/cuda-11/lib64:/usr/local/cuda-11.8/lib64:/usr/local/cuda-12/lib64:/usr/local/cuda-12.1/lib64:/usr/lib/wsl/lib:/usr/local/cuda/lib64:/usr/local/cuda-11/lib64:/usr/local/cuda-11.8/lib64:/usr/local/cuda-12/lib64:/usr/local/cuda-12.1/lib64:/usr/lib/x86_64-linux-gnu/gazebo-11/plugins:/opt/ros/humble/opt/rviz_ogre_vendor/lib:/opt/ros/humble/lib/x86_64-linux-gnu:/opt/ros/humble/lib:/usr/lib/wsl/lib PYTHONPATH=/home/tianshu/ROS2Introduction/action_intro_ws_cpp/install/robot_control_interface/local/lib/python3.10/dist-packages:${PYTHONPATH} WSLENV=ELECTRON_RUN_AS_NODE/w: /home/tianshu/miniconda3/bin/cmake /home/tianshu/ROS2Introduction/action_intro_ws_cpp/src/example_action_rclcpp -DCMAKE_INSTALL_PREFIX=/home/tianshu/ROS2Introduction/action_intro_ws_cpp/install/example_action_rclcpp
[11.891s] Invoking command in '/home/tianshu/ROS2Introduction/action_intro_ws_cpp/build/example_action_rclcpp': AMENT_PREFIX_PATH=/home/tianshu/ROS2Introduction/action_intro_ws_cpp/install/robot_control_interface:${AMENT_PREFIX_PATH} CMAKE_PREFIX_PATH=/home/tianshu/ROS2Introduction/action_intro_ws_cpp/install/robot_control_interface:/opt/ros/humble CONDA_PROMPT_MODIFIER=(base) LD_LIBRARY_PATH=/home/tianshu/ROS2Introduction/action_intro_ws_cpp/install/robot_control_interface/lib:/usr/local/cuda/lib64:/usr/local/cuda-11/lib64:/usr/local/cuda-11.8/lib64:/usr/local/cuda-12/lib64:/usr/local/cuda-12.1/lib64:/usr/lib/wsl/lib:/usr/local/cuda/lib64:/usr/local/cuda-11/lib64:/usr/local/cuda-11.8/lib64:/usr/local/cuda-12/lib64:/usr/local/cuda-12.1/lib64:/usr/lib/x86_64-linux-gnu/gazebo-11/plugins:/opt/ros/humble/opt/rviz_ogre_vendor/lib:/opt/ros/humble/lib/x86_64-linux-gnu:/opt/ros/humble/lib:/usr/lib/wsl/lib PYTHONPATH=/home/tianshu/ROS2Introduction/action_intro_ws_cpp/install/robot_control_interface/local/lib/python3.10/dist-packages:${PYTHONPATH} WSLENV=ELECTRON_RUN_AS_NODE/w: /home/tianshu/miniconda3/bin/cmake --build /home/tianshu/ROS2Introduction/action_intro_ws_cpp/build/example_action_rclcpp -- -j20 -l20
[12.010s] [ 20%] [32mBuilding CXX object CMakeFiles/action_robot_01.dir/src/robot.cpp.o[0m
[12.012s] [ 40%] [32mBuilding CXX object CMakeFiles/action_robot_01.dir/src/action_robot_01.cpp.o[0m
[12.014s] [ 60%] [32mBuilding CXX object CMakeFiles/action_control_01.dir/src/action_control_01.cpp.o[0m
[16.092s] [ 80%] [32m[1mLinking CXX executable action_robot_01[0m
[16.412s] [ 80%] Built target action_robot_01
[16.436s] [100%] [32m[1mLinking CXX executable action_control_01[0m
[16.741s] [100%] Built target action_control_01
[16.761s] Invoked command in '/home/tianshu/ROS2Introduction/action_intro_ws_cpp/build/example_action_rclcpp' returned '0': AMENT_PREFIX_PATH=/home/tianshu/ROS2Introduction/action_intro_ws_cpp/install/robot_control_interface:${AMENT_PREFIX_PATH} CMAKE_PREFIX_PATH=/home/tianshu/ROS2Introduction/action_intro_ws_cpp/install/robot_control_interface:/opt/ros/humble CONDA_PROMPT_MODIFIER=(base) LD_LIBRARY_PATH=/home/tianshu/ROS2Introduction/action_intro_ws_cpp/install/robot_control_interface/lib:/usr/local/cuda/lib64:/usr/local/cuda-11/lib64:/usr/local/cuda-11.8/lib64:/usr/local/cuda-12/lib64:/usr/local/cuda-12.1/lib64:/usr/lib/wsl/lib:/usr/local/cuda/lib64:/usr/local/cuda-11/lib64:/usr/local/cuda-11.8/lib64:/usr/local/cuda-12/lib64:/usr/local/cuda-12.1/lib64:/usr/lib/x86_64-linux-gnu/gazebo-11/plugins:/opt/ros/humble/opt/rviz_ogre_vendor/lib:/opt/ros/humble/lib/x86_64-linux-gnu:/opt/ros/humble/lib:/usr/lib/wsl/lib PYTHONPATH=/home/tianshu/ROS2Introduction/action_intro_ws_cpp/install/robot_control_interface/local/lib/python3.10/dist-packages:${PYTHONPATH} WSLENV=ELECTRON_RUN_AS_NODE/w: /home/tianshu/miniconda3/bin/cmake --build /home/tianshu/ROS2Introduction/action_intro_ws_cpp/build/example_action_rclcpp -- -j20 -l20
[16.946s] Invoking command in '/home/tianshu/ROS2Introduction/action_intro_ws_cpp/build/example_action_rclcpp': AMENT_PREFIX_PATH=/home/tianshu/ROS2Introduction/action_intro_ws_cpp/install/robot_control_interface:${AMENT_PREFIX_PATH} CMAKE_PREFIX_PATH=/home/tianshu/ROS2Introduction/action_intro_ws_cpp/install/robot_control_interface:/opt/ros/humble CONDA_PROMPT_MODIFIER=(base) LD_LIBRARY_PATH=/home/tianshu/ROS2Introduction/action_intro_ws_cpp/install/robot_control_interface/lib:/usr/local/cuda/lib64:/usr/local/cuda-11/lib64:/usr/local/cuda-11.8/lib64:/usr/local/cuda-12/lib64:/usr/local/cuda-12.1/lib64:/usr/lib/wsl/lib:/usr/local/cuda/lib64:/usr/local/cuda-11/lib64:/usr/local/cuda-11.8/lib64:/usr/local/cuda-12/lib64:/usr/local/cuda-12.1/lib64:/usr/lib/x86_64-linux-gnu/gazebo-11/plugins:/opt/ros/humble/opt/rviz_ogre_vendor/lib:/opt/ros/humble/lib/x86_64-linux-gnu:/opt/ros/humble/lib:/usr/lib/wsl/lib PYTHONPATH=/home/tianshu/ROS2Introduction/action_intro_ws_cpp/install/robot_control_interface/local/lib/python3.10/dist-packages:${PYTHONPATH} WSLENV=ELECTRON_RUN_AS_NODE/w: /home/tianshu/miniconda3/bin/cmake --install /home/tianshu/ROS2Introduction/action_intro_ws_cpp/build/example_action_rclcpp
[17.000s] -- Install configuration: ""
[17.001s] -- Installing: /home/tianshu/ROS2Introduction/action_intro_ws_cpp/install/example_action_rclcpp/lib/example_action_rclcpp/action_robot_01
[17.001s] -- Set runtime path of "/home/tianshu/ROS2Introduction/action_intro_ws_cpp/install/example_action_rclcpp/lib/example_action_rclcpp/action_robot_01" to ""
[17.001s] -- Installing: /home/tianshu/ROS2Introduction/action_intro_ws_cpp/install/example_action_rclcpp/lib/example_action_rclcpp/action_control_01
[17.002s] -- Set runtime path of "/home/tianshu/ROS2Introduction/action_intro_ws_cpp/install/example_action_rclcpp/lib/example_action_rclcpp/action_control_01" to ""
[17.003s] -- Installing: /home/tianshu/ROS2Introduction/action_intro_ws_cpp/install/example_action_rclcpp/share/ament_index/resource_index/package_run_dependencies/example_action_rclcpp
[17.003s] -- Installing: /home/tianshu/ROS2Introduction/action_intro_ws_cpp/install/example_action_rclcpp/share/ament_index/resource_index/parent_prefix_path/example_action_rclcpp
[17.003s] -- Installing: /home/tianshu/ROS2Introduction/action_intro_ws_cpp/install/example_action_rclcpp/share/example_action_rclcpp/environment/ament_prefix_path.sh
[17.003s] -- Installing: /home/tianshu/ROS2Introduction/action_intro_ws_cpp/install/example_action_rclcpp/share/example_action_rclcpp/environment/ament_prefix_path.dsv
[17.003s] -- Installing: /home/tianshu/ROS2Introduction/action_intro_ws_cpp/install/example_action_rclcpp/share/example_action_rclcpp/environment/path.sh
[17.003s] -- Installing: /home/tianshu/ROS2Introduction/action_intro_ws_cpp/install/example_action_rclcpp/share/example_action_rclcpp/environment/path.dsv
[17.004s] -- Installing: /home/tianshu/ROS2Introduction/action_intro_ws_cpp/install/example_action_rclcpp/share/example_action_rclcpp/local_setup.bash
[17.004s] -- Installing: /home/tianshu/ROS2Introduction/action_intro_ws_cpp/install/example_action_rclcpp/share/example_action_rclcpp/local_setup.sh
[17.004s] -- Installing: /home/tianshu/ROS2Introduction/action_intro_ws_cpp/install/example_action_rclcpp/share/example_action_rclcpp/local_setup.zsh
[17.004s] -- Installing: /home/tianshu/ROS2Introduction/action_intro_ws_cpp/install/example_action_rclcpp/share/example_action_rclcpp/local_setup.dsv
[17.004s] -- Installing: /home/tianshu/ROS2Introduction/action_intro_ws_cpp/install/example_action_rclcpp/share/example_action_rclcpp/package.dsv
[17.004s] -- Installing: /home/tianshu/ROS2Introduction/action_intro_ws_cpp/install/example_action_rclcpp/share/ament_index/resource_index/packages/example_action_rclcpp
[17.004s] -- Installing: /home/tianshu/ROS2Introduction/action_intro_ws_cpp/install/example_action_rclcpp/share/example_action_rclcpp/cmake/example_action_rclcppConfig.cmake
[17.005s] -- Installing: /home/tianshu/ROS2Introduction/action_intro_ws_cpp/install/example_action_rclcpp/share/example_action_rclcpp/cmake/example_action_rclcppConfig-version.cmake
[17.005s] -- Installing: /home/tianshu/ROS2Introduction/action_intro_ws_cpp/install/example_action_rclcpp/share/example_action_rclcpp/package.xml
[17.012s] Invoked command in '/home/tianshu/ROS2Introduction/action_intro_ws_cpp/build/example_action_rclcpp' returned '0': AMENT_PREFIX_PATH=/home/tianshu/ROS2Introduction/action_intro_ws_cpp/install/robot_control_interface:${AMENT_PREFIX_PATH} CMAKE_PREFIX_PATH=/home/tianshu/ROS2Introduction/action_intro_ws_cpp/install/robot_control_interface:/opt/ros/humble CONDA_PROMPT_MODIFIER=(base) LD_LIBRARY_PATH=/home/tianshu/ROS2Introduction/action_intro_ws_cpp/install/robot_control_interface/lib:/usr/local/cuda/lib64:/usr/local/cuda-11/lib64:/usr/local/cuda-11.8/lib64:/usr/local/cuda-12/lib64:/usr/local/cuda-12.1/lib64:/usr/lib/wsl/lib:/usr/local/cuda/lib64:/usr/local/cuda-11/lib64:/usr/local/cuda-11.8/lib64:/usr/local/cuda-12/lib64:/usr/local/cuda-12.1/lib64:/usr/lib/x86_64-linux-gnu/gazebo-11/plugins:/opt/ros/humble/opt/rviz_ogre_vendor/lib:/opt/ros/humble/lib/x86_64-linux-gnu:/opt/ros/humble/lib:/usr/lib/wsl/lib PYTHONPATH=/home/tianshu/ROS2Introduction/action_intro_ws_cpp/install/robot_control_interface/local/lib/python3.10/dist-packages:${PYTHONPATH} WSLENV=ELECTRON_RUN_AS_NODE/w: /home/tianshu/miniconda3/bin/cmake --install /home/tianshu/ROS2Introduction/action_intro_ws_cpp/build/example_action_rclcpp
