[0.307s] DEBUG:colcon:Command line arguments: ['/usr/bin/colcon', 'build', '--packages-up-to', 'example_action_rclcpp']
[0.307s] DEBUG:colcon:Parsed command line arguments: Namespace(log_base=None, log_level=None, verb_name='build', build_base='build', install_base='install', merge_install=False, symlink_install=False, test_result_base=None, continue_on_error=False, executor='parallel', parallel_workers=20, event_handlers=None, ignore_user_meta=False, metas=['./colcon.meta'], base_paths=['.'], packages_ignore=None, packages_ignore_regex=None, paths=None, packages_up_to=['example_action_rclcpp'], packages_up_to_regex=None, packages_above=None, packages_above_and_dependencies=None, packages_above_depth=None, packages_select_by_dep=None, packages_skip_by_dep=None, packages_skip_up_to=None, packages_select_build_failed=False, packages_skip_build_finished=False, packages_select_test_failures=False, packages_skip_test_passed=False, packages_select=None, packages_skip=None, packages_select_regex=None, packages_skip_regex=None, packages_start=None, packages_end=None, allow_overriding=[], cmake_args=None, cmake_target=None, cmake_target_skip_unavailable=False, cmake_clean_cache=False, cmake_clean_first=False, cmake_force_configure=False, ament_cmake_args=None, catkin_cmake_args=None, catkin_skip_building_tests=False, verb_parser=<colcon_defaults.argument_parser.defaults.DefaultArgumentsDecorator object at 0x7fbbca3f26b0>, verb_extension=<colcon_core.verb.build.BuildVerb object at 0x7fbbca3f2140>, main=<bound method BuildVerb.main of <colcon_core.verb.build.BuildVerb object at 0x7fbbca3f2140>>)
[0.327s] Level 1:colcon.colcon_core.package_discovery:discover_packages(colcon_meta) check parameters
[0.327s] Level 1:colcon.colcon_core.package_discovery:discover_packages(recursive) check parameters
[0.327s] Level 1:colcon.colcon_core.package_discovery:discover_packages(ignore) check parameters
[0.327s] Level 1:colcon.colcon_core.package_discovery:discover_packages(path) check parameters
[0.327s] Level 1:colcon.colcon_core.package_discovery:discover_packages(colcon_meta) discover
[0.327s] Level 1:colcon.colcon_core.package_discovery:discover_packages(recursive) discover
[0.327s] INFO:colcon.colcon_core.package_discovery:Crawling recursively for packages in '/home/tianshu/ROS2Introduction/action_intro_ws_cpp'
[0.327s] Level 1:colcon.colcon_core.package_identification:_identify(.) by extensions ['ignore', 'ignore_ament_install']
[0.327s] Level 1:colcon.colcon_core.package_identification:_identify(.) by extension 'ignore'
[0.327s] Level 1:colcon.colcon_core.package_identification:_identify(.) by extension 'ignore_ament_install'
[0.327s] Level 1:colcon.colcon_core.package_identification:_identify(.) by extensions ['colcon_pkg']
[0.327s] Level 1:colcon.colcon_core.package_identification:_identify(.) by extension 'colcon_pkg'
[0.327s] Level 1:colcon.colcon_core.package_identification:_identify(.) by extensions ['colcon_meta']
[0.327s] Level 1:colcon.colcon_core.package_identification:_identify(.) by extension 'colcon_meta'
[0.327s] Level 1:colcon.colcon_core.package_identification:_identify(.) by extensions ['ros']
[0.327s] Level 1:colcon.colcon_core.package_identification:_identify(.) by extension 'ros'
[0.337s] Level 1:colcon.colcon_core.package_identification:_identify(.) by extensions ['cmake', 'python']
[0.338s] Level 1:colcon.colcon_core.package_identification:_identify(.) by extension 'cmake'
[0.338s] Level 1:colcon.colcon_core.package_identification:_identify(.) by extension 'python'
[0.338s] Level 1:colcon.colcon_core.package_identification:_identify(.) by extensions ['python_setup_py']
[0.338s] Level 1:colcon.colcon_core.package_identification:_identify(.) by extension 'python_setup_py'
[0.338s] Level 1:colcon.colcon_core.package_identification:_identify(build) by extensions ['ignore', 'ignore_ament_install']
[0.338s] Level 1:colcon.colcon_core.package_identification:_identify(build) by extension 'ignore'
[0.338s] Level 1:colcon.colcon_core.package_identification:_identify(build) ignored
[0.338s] Level 1:colcon.colcon_core.package_identification:_identify(install) by extensions ['ignore', 'ignore_ament_install']
[0.338s] Level 1:colcon.colcon_core.package_identification:_identify(install) by extension 'ignore'
[0.338s] Level 1:colcon.colcon_core.package_identification:_identify(install) ignored
[0.338s] Level 1:colcon.colcon_core.package_identification:_identify(log) by extensions ['ignore', 'ignore_ament_install']
[0.338s] Level 1:colcon.colcon_core.package_identification:_identify(log) by extension 'ignore'
[0.338s] Level 1:colcon.colcon_core.package_identification:_identify(log) ignored
[0.339s] Level 1:colcon.colcon_core.package_identification:_identify(src) by extensions ['ignore', 'ignore_ament_install']
[0.339s] Level 1:colcon.colcon_core.package_identification:_identify(src) by extension 'ignore'
[0.339s] Level 1:colcon.colcon_core.package_identification:_identify(src) by extension 'ignore_ament_install'
[0.339s] Level 1:colcon.colcon_core.package_identification:_identify(src) by extensions ['colcon_pkg']
[0.339s] Level 1:colcon.colcon_core.package_identification:_identify(src) by extension 'colcon_pkg'
[0.339s] Level 1:colcon.colcon_core.package_identification:_identify(src) by extensions ['colcon_meta']
[0.339s] Level 1:colcon.colcon_core.package_identification:_identify(src) by extension 'colcon_meta'
[0.339s] Level 1:colcon.colcon_core.package_identification:_identify(src) by extensions ['ros']
[0.339s] Level 1:colcon.colcon_core.package_identification:_identify(src) by extension 'ros'
[0.339s] Level 1:colcon.colcon_core.package_identification:_identify(src) by extensions ['cmake', 'python']
[0.339s] Level 1:colcon.colcon_core.package_identification:_identify(src) by extension 'cmake'
[0.339s] Level 1:colcon.colcon_core.package_identification:_identify(src) by extension 'python'
[0.339s] Level 1:colcon.colcon_core.package_identification:_identify(src) by extensions ['python_setup_py']
[0.339s] Level 1:colcon.colcon_core.package_identification:_identify(src) by extension 'python_setup_py'
[0.339s] Level 1:colcon.colcon_core.package_identification:_identify(src/example_action_rclcpp) by extensions ['ignore', 'ignore_ament_install']
[0.339s] Level 1:colcon.colcon_core.package_identification:_identify(src/example_action_rclcpp) by extension 'ignore'
[0.339s] Level 1:colcon.colcon_core.package_identification:_identify(src/example_action_rclcpp) by extension 'ignore_ament_install'
[0.339s] Level 1:colcon.colcon_core.package_identification:_identify(src/example_action_rclcpp) by extensions ['colcon_pkg']
[0.339s] Level 1:colcon.colcon_core.package_identification:_identify(src/example_action_rclcpp) by extension 'colcon_pkg'
[0.339s] Level 1:colcon.colcon_core.package_identification:_identify(src/example_action_rclcpp) by extensions ['colcon_meta']
[0.339s] Level 1:colcon.colcon_core.package_identification:_identify(src/example_action_rclcpp) by extension 'colcon_meta'
[0.339s] Level 1:colcon.colcon_core.package_identification:_identify(src/example_action_rclcpp) by extensions ['ros']
[0.339s] Level 1:colcon.colcon_core.package_identification:_identify(src/example_action_rclcpp) by extension 'ros'
[0.341s] DEBUG:colcon.colcon_core.package_identification:Package 'src/example_action_rclcpp' with type 'ros.ament_cmake' and name 'example_action_rclcpp'
[0.342s] Level 1:colcon.colcon_core.package_identification:_identify(src/robot_control_interface) by extensions ['ignore', 'ignore_ament_install']
[0.342s] Level 1:colcon.colcon_core.package_identification:_identify(src/robot_control_interface) by extension 'ignore'
[0.342s] Level 1:colcon.colcon_core.package_identification:_identify(src/robot_control_interface) by extension 'ignore_ament_install'
[0.342s] Level 1:colcon.colcon_core.package_identification:_identify(src/robot_control_interface) by extensions ['colcon_pkg']
[0.342s] Level 1:colcon.colcon_core.package_identification:_identify(src/robot_control_interface) by extension 'colcon_pkg'
[0.342s] Level 1:colcon.colcon_core.package_identification:_identify(src/robot_control_interface) by extensions ['colcon_meta']
[0.342s] Level 1:colcon.colcon_core.package_identification:_identify(src/robot_control_interface) by extension 'colcon_meta'
[0.342s] Level 1:colcon.colcon_core.package_identification:_identify(src/robot_control_interface) by extensions ['ros']
[0.342s] Level 1:colcon.colcon_core.package_identification:_identify(src/robot_control_interface) by extension 'ros'
[0.343s] DEBUG:colcon.colcon_core.package_identification:Package 'src/robot_control_interface' with type 'ros.ament_cmake' and name 'robot_control_interface'
[0.343s] Level 1:colcon.colcon_core.package_discovery:discover_packages(recursive) using defaults
[0.343s] Level 1:colcon.colcon_core.package_discovery:discover_packages(ignore) discover
[0.343s] Level 1:colcon.colcon_core.package_discovery:discover_packages(ignore) using defaults
[0.343s] Level 1:colcon.colcon_core.package_discovery:discover_packages(path) discover
[0.343s] Level 1:colcon.colcon_core.package_discovery:discover_packages(path) using defaults
[0.364s] Level 1:colcon.colcon_core.package_discovery:discover_packages(prefix_path) check parameters
[0.364s] Level 1:colcon.colcon_core.package_discovery:discover_packages(prefix_path) discover
[0.367s] DEBUG:colcon.colcon_installed_package_information.package_discovery:Found 334 installed packages in /opt/ros/humble
[0.368s] Level 1:colcon.colcon_core.package_discovery:discover_packages(prefix_path) using defaults
[0.417s] Level 5:colcon.colcon_core.verb:set package 'robot_control_interface' build argument 'cmake_args' from command line to 'None'
[0.417s] Level 5:colcon.colcon_core.verb:set package 'robot_control_interface' build argument 'cmake_target' from command line to 'None'
[0.417s] Level 5:colcon.colcon_core.verb:set package 'robot_control_interface' build argument 'cmake_target_skip_unavailable' from command line to 'False'
[0.417s] Level 5:colcon.colcon_core.verb:set package 'robot_control_interface' build argument 'cmake_clean_cache' from command line to 'False'
[0.417s] Level 5:colcon.colcon_core.verb:set package 'robot_control_interface' build argument 'cmake_clean_first' from command line to 'False'
[0.417s] Level 5:colcon.colcon_core.verb:set package 'robot_control_interface' build argument 'cmake_force_configure' from command line to 'False'
[0.417s] Level 5:colcon.colcon_core.verb:set package 'robot_control_interface' build argument 'ament_cmake_args' from command line to 'None'
[0.417s] Level 5:colcon.colcon_core.verb:set package 'robot_control_interface' build argument 'catkin_cmake_args' from command line to 'None'
[0.417s] Level 5:colcon.colcon_core.verb:set package 'robot_control_interface' build argument 'catkin_skip_building_tests' from command line to 'False'
[0.417s] DEBUG:colcon.colcon_core.verb:Building package 'robot_control_interface' with the following arguments: {'ament_cmake_args': None, 'build_base': '/home/tianshu/ROS2Introduction/action_intro_ws_cpp/build/robot_control_interface', 'catkin_cmake_args': None, 'catkin_skip_building_tests': False, 'cmake_args': None, 'cmake_clean_cache': False, 'cmake_clean_first': False, 'cmake_force_configure': False, 'cmake_target': None, 'cmake_target_skip_unavailable': False, 'install_base': '/home/tianshu/ROS2Introduction/action_intro_ws_cpp/install/robot_control_interface', 'merge_install': False, 'path': '/home/tianshu/ROS2Introduction/action_intro_ws_cpp/src/robot_control_interface', 'symlink_install': False, 'test_result_base': None}
[0.418s] Level 5:colcon.colcon_core.verb:set package 'example_action_rclcpp' build argument 'cmake_args' from command line to 'None'
[0.418s] Level 5:colcon.colcon_core.verb:set package 'example_action_rclcpp' build argument 'cmake_target' from command line to 'None'
[0.418s] Level 5:colcon.colcon_core.verb:set package 'example_action_rclcpp' build argument 'cmake_target_skip_unavailable' from command line to 'False'
[0.418s] Level 5:colcon.colcon_core.verb:set package 'example_action_rclcpp' build argument 'cmake_clean_cache' from command line to 'False'
[0.418s] Level 5:colcon.colcon_core.verb:set package 'example_action_rclcpp' build argument 'cmake_clean_first' from command line to 'False'
[0.418s] Level 5:colcon.colcon_core.verb:set package 'example_action_rclcpp' build argument 'cmake_force_configure' from command line to 'False'
[0.418s] Level 5:colcon.colcon_core.verb:set package 'example_action_rclcpp' build argument 'ament_cmake_args' from command line to 'None'
[0.418s] Level 5:colcon.colcon_core.verb:set package 'example_action_rclcpp' build argument 'catkin_cmake_args' from command line to 'None'
[0.418s] Level 5:colcon.colcon_core.verb:set package 'example_action_rclcpp' build argument 'catkin_skip_building_tests' from command line to 'False'
[0.418s] DEBUG:colcon.colcon_core.verb:Building package 'example_action_rclcpp' with the following arguments: {'ament_cmake_args': None, 'build_base': '/home/tianshu/ROS2Introduction/action_intro_ws_cpp/build/example_action_rclcpp', 'catkin_cmake_args': None, 'catkin_skip_building_tests': False, 'cmake_args': None, 'cmake_clean_cache': False, 'cmake_clean_first': False, 'cmake_force_configure': False, 'cmake_target': None, 'cmake_target_skip_unavailable': False, 'install_base': '/home/tianshu/ROS2Introduction/action_intro_ws_cpp/install/example_action_rclcpp', 'merge_install': False, 'path': '/home/tianshu/ROS2Introduction/action_intro_ws_cpp/src/example_action_rclcpp', 'symlink_install': False, 'test_result_base': None}
[0.419s] INFO:colcon.colcon_core.executor:Executing jobs using 'parallel' executor
[0.421s] DEBUG:colcon.colcon_parallel_executor.executor.parallel:run_until_complete
[0.421s] INFO:colcon.colcon_ros.task.ament_cmake.build:Building ROS package in '/home/tianshu/ROS2Introduction/action_intro_ws_cpp/src/robot_control_interface' with build type 'ament_cmake'
[0.421s] INFO:colcon.colcon_cmake.task.cmake.build:Building CMake package in '/home/tianshu/ROS2Introduction/action_intro_ws_cpp/src/robot_control_interface'
[0.424s] INFO:colcon.colcon_core.plugin_system:Skipping extension 'colcon_core.shell.bat': Not used on non-Windows systems
[0.424s] INFO:colcon.colcon_core.shell:Skip shell extension 'powershell' for command environment: Not usable outside of PowerShell
[0.424s] DEBUG:colcon.colcon_core.shell:Skip shell extension 'dsv' for command environment
[0.441s] DEBUG:colcon.colcon_core.event_handler.log_command:Invoking command in '/home/tianshu/ROS2Introduction/action_intro_ws_cpp/build/robot_control_interface': CMAKE_PREFIX_PATH=/opt/ros/humble CONDA_PROMPT_MODIFIER=(base) WSLENV=ELECTRON_RUN_AS_NODE/w: /home/tianshu/miniconda3/bin/cmake /home/tianshu/ROS2Introduction/action_intro_ws_cpp/src/robot_control_interface -DCMAKE_INSTALL_PREFIX=/home/tianshu/ROS2Introduction/action_intro_ws_cpp/install/robot_control_interface
[7.688s] DEBUG:colcon.colcon_core.event_handler.log_command:Invoked command in '/home/tianshu/ROS2Introduction/action_intro_ws_cpp/build/robot_control_interface' returned '0': CMAKE_PREFIX_PATH=/opt/ros/humble CONDA_PROMPT_MODIFIER=(base) WSLENV=ELECTRON_RUN_AS_NODE/w: /home/tianshu/miniconda3/bin/cmake /home/tianshu/ROS2Introduction/action_intro_ws_cpp/src/robot_control_interface -DCMAKE_INSTALL_PREFIX=/home/tianshu/ROS2Introduction/action_intro_ws_cpp/install/robot_control_interface
[7.689s] DEBUG:colcon.colcon_core.event_handler.log_command:Invoking command in '/home/tianshu/ROS2Introduction/action_intro_ws_cpp/build/robot_control_interface': CMAKE_PREFIX_PATH=/opt/ros/humble CONDA_PROMPT_MODIFIER=(base) WSLENV=ELECTRON_RUN_AS_NODE/w: /home/tianshu/miniconda3/bin/cmake --build /home/tianshu/ROS2Introduction/action_intro_ws_cpp/build/robot_control_interface -- -j20 -l20
[11.199s] DEBUG:colcon.colcon_core.event_handler.log_command:Invoked command in '/home/tianshu/ROS2Introduction/action_intro_ws_cpp/build/robot_control_interface' returned '0': CMAKE_PREFIX_PATH=/opt/ros/humble CONDA_PROMPT_MODIFIER=(base) WSLENV=ELECTRON_RUN_AS_NODE/w: /home/tianshu/miniconda3/bin/cmake --build /home/tianshu/ROS2Introduction/action_intro_ws_cpp/build/robot_control_interface -- -j20 -l20
[11.749s] DEBUG:colcon.colcon_core.event_handler.log_command:Invoking command in '/home/tianshu/ROS2Introduction/action_intro_ws_cpp/build/robot_control_interface': CMAKE_PREFIX_PATH=/opt/ros/humble CONDA_PROMPT_MODIFIER=(base) WSLENV=ELECTRON_RUN_AS_NODE/w: /home/tianshu/miniconda3/bin/cmake --install /home/tianshu/ROS2Introduction/action_intro_ws_cpp/build/robot_control_interface
[11.870s] Level 1:colcon.colcon_core.environment:create_environment_scripts_only(robot_control_interface)
[11.873s] DEBUG:colcon.colcon_core.event_handler.log_command:Invoked command in '/home/tianshu/ROS2Introduction/action_intro_ws_cpp/build/robot_control_interface' returned '0': CMAKE_PREFIX_PATH=/opt/ros/humble CONDA_PROMPT_MODIFIER=(base) WSLENV=ELECTRON_RUN_AS_NODE/w: /home/tianshu/miniconda3/bin/cmake --install /home/tianshu/ROS2Introduction/action_intro_ws_cpp/build/robot_control_interface
[11.876s] Level 1:colcon.colcon_core.environment:checking '/home/tianshu/ROS2Introduction/action_intro_ws_cpp/install/robot_control_interface' for CMake module files
[11.876s] Level 1:colcon.colcon_core.environment:checking '/home/tianshu/ROS2Introduction/action_intro_ws_cpp/install/robot_control_interface' for CMake config files
[11.876s] Level 1:colcon.colcon_core.shell:create_environment_hook('robot_control_interface', 'cmake_prefix_path')
[11.877s] INFO:colcon.colcon_core.shell:Creating environment hook '/home/tianshu/ROS2Introduction/action_intro_ws_cpp/install/robot_control_interface/share/robot_control_interface/hook/cmake_prefix_path.ps1'
[11.878s] INFO:colcon.colcon_core.shell:Creating environment descriptor '/home/tianshu/ROS2Introduction/action_intro_ws_cpp/install/robot_control_interface/share/robot_control_interface/hook/cmake_prefix_path.dsv'
[11.879s] INFO:colcon.colcon_core.shell:Creating environment hook '/home/tianshu/ROS2Introduction/action_intro_ws_cpp/install/robot_control_interface/share/robot_control_interface/hook/cmake_prefix_path.sh'
[11.879s] Level 1:colcon.colcon_core.environment:checking '/home/tianshu/ROS2Introduction/action_intro_ws_cpp/install/robot_control_interface/lib'
[11.879s] Level 1:colcon.colcon_core.shell:create_environment_hook('robot_control_interface', 'ld_library_path_lib')
[11.881s] INFO:colcon.colcon_core.shell:Creating environment hook '/home/tianshu/ROS2Introduction/action_intro_ws_cpp/install/robot_control_interface/share/robot_control_interface/hook/ld_library_path_lib.ps1'
[11.881s] INFO:colcon.colcon_core.shell:Creating environment descriptor '/home/tianshu/ROS2Introduction/action_intro_ws_cpp/install/robot_control_interface/share/robot_control_interface/hook/ld_library_path_lib.dsv'
[11.882s] INFO:colcon.colcon_core.shell:Creating environment hook '/home/tianshu/ROS2Introduction/action_intro_ws_cpp/install/robot_control_interface/share/robot_control_interface/hook/ld_library_path_lib.sh'
[11.882s] Level 1:colcon.colcon_core.environment:checking '/home/tianshu/ROS2Introduction/action_intro_ws_cpp/install/robot_control_interface/bin'
[11.882s] Level 1:colcon.colcon_core.environment:checking '/home/tianshu/ROS2Introduction/action_intro_ws_cpp/install/robot_control_interface/lib/pkgconfig/robot_control_interface.pc'
[11.882s] Level 1:colcon.colcon_core.environment:checking '/home/tianshu/ROS2Introduction/action_intro_ws_cpp/install/robot_control_interface/lib/python3.10/site-packages'
[11.882s] Level 1:colcon.colcon_core.environment:checking '/home/tianshu/ROS2Introduction/action_intro_ws_cpp/install/robot_control_interface/bin'
[11.884s] INFO:colcon.colcon_core.shell:Creating package script '/home/tianshu/ROS2Introduction/action_intro_ws_cpp/install/robot_control_interface/share/robot_control_interface/package.ps1'
[11.884s] INFO:colcon.colcon_core.shell:Creating package descriptor '/home/tianshu/ROS2Introduction/action_intro_ws_cpp/install/robot_control_interface/share/robot_control_interface/package.dsv'
[11.885s] INFO:colcon.colcon_core.shell:Creating package script '/home/tianshu/ROS2Introduction/action_intro_ws_cpp/install/robot_control_interface/share/robot_control_interface/package.sh'
[11.885s] INFO:colcon.colcon_core.shell:Creating package script '/home/tianshu/ROS2Introduction/action_intro_ws_cpp/install/robot_control_interface/share/robot_control_interface/package.bash'
[11.886s] INFO:colcon.colcon_core.shell:Creating package script '/home/tianshu/ROS2Introduction/action_intro_ws_cpp/install/robot_control_interface/share/robot_control_interface/package.zsh'
[11.886s] Level 1:colcon.colcon_core.environment:create_file_with_runtime_dependencies(/home/tianshu/ROS2Introduction/action_intro_ws_cpp/install/robot_control_interface/share/colcon-core/packages/robot_control_interface)
[12.304s] Level 1:colcon.colcon_core.environment:create_environment_scripts_only(robot_control_interface)
[12.305s] Level 1:colcon.colcon_core.environment:checking '/home/tianshu/ROS2Introduction/action_intro_ws_cpp/install/robot_control_interface' for CMake module files
[12.306s] Level 1:colcon.colcon_core.environment:checking '/home/tianshu/ROS2Introduction/action_intro_ws_cpp/install/robot_control_interface' for CMake config files
[12.306s] Level 1:colcon.colcon_core.shell:create_environment_hook('robot_control_interface', 'cmake_prefix_path')
[12.307s] INFO:colcon.colcon_core.shell:Creating environment hook '/home/tianshu/ROS2Introduction/action_intro_ws_cpp/install/robot_control_interface/share/robot_control_interface/hook/cmake_prefix_path.ps1'
[12.307s] INFO:colcon.colcon_core.shell:Creating environment descriptor '/home/tianshu/ROS2Introduction/action_intro_ws_cpp/install/robot_control_interface/share/robot_control_interface/hook/cmake_prefix_path.dsv'
[12.307s] INFO:colcon.colcon_core.shell:Creating environment hook '/home/tianshu/ROS2Introduction/action_intro_ws_cpp/install/robot_control_interface/share/robot_control_interface/hook/cmake_prefix_path.sh'
[12.308s] Level 1:colcon.colcon_core.environment:checking '/home/tianshu/ROS2Introduction/action_intro_ws_cpp/install/robot_control_interface/lib'
[12.308s] Level 1:colcon.colcon_core.shell:create_environment_hook('robot_control_interface', 'ld_library_path_lib')
[12.309s] INFO:colcon.colcon_core.shell:Creating environment hook '/home/tianshu/ROS2Introduction/action_intro_ws_cpp/install/robot_control_interface/share/robot_control_interface/hook/ld_library_path_lib.ps1'
[12.309s] INFO:colcon.colcon_core.shell:Creating environment descriptor '/home/tianshu/ROS2Introduction/action_intro_ws_cpp/install/robot_control_interface/share/robot_control_interface/hook/ld_library_path_lib.dsv'
[12.309s] INFO:colcon.colcon_core.shell:Creating environment hook '/home/tianshu/ROS2Introduction/action_intro_ws_cpp/install/robot_control_interface/share/robot_control_interface/hook/ld_library_path_lib.sh'
[12.309s] Level 1:colcon.colcon_core.environment:checking '/home/tianshu/ROS2Introduction/action_intro_ws_cpp/install/robot_control_interface/bin'
[12.309s] Level 1:colcon.colcon_core.environment:checking '/home/tianshu/ROS2Introduction/action_intro_ws_cpp/install/robot_control_interface/lib/pkgconfig/robot_control_interface.pc'
[12.310s] Level 1:colcon.colcon_core.environment:checking '/home/tianshu/ROS2Introduction/action_intro_ws_cpp/install/robot_control_interface/lib/python3.10/site-packages'
[12.310s] Level 1:colcon.colcon_core.environment:checking '/home/tianshu/ROS2Introduction/action_intro_ws_cpp/install/robot_control_interface/bin'
[12.311s] INFO:colcon.colcon_core.shell:Creating package script '/home/tianshu/ROS2Introduction/action_intro_ws_cpp/install/robot_control_interface/share/robot_control_interface/package.ps1'
[12.311s] INFO:colcon.colcon_core.shell:Creating package descriptor '/home/tianshu/ROS2Introduction/action_intro_ws_cpp/install/robot_control_interface/share/robot_control_interface/package.dsv'
[12.311s] INFO:colcon.colcon_core.shell:Creating package script '/home/tianshu/ROS2Introduction/action_intro_ws_cpp/install/robot_control_interface/share/robot_control_interface/package.sh'
[12.312s] INFO:colcon.colcon_core.shell:Creating package script '/home/tianshu/ROS2Introduction/action_intro_ws_cpp/install/robot_control_interface/share/robot_control_interface/package.bash'
[12.312s] INFO:colcon.colcon_core.shell:Creating package script '/home/tianshu/ROS2Introduction/action_intro_ws_cpp/install/robot_control_interface/share/robot_control_interface/package.zsh'
[12.312s] Level 1:colcon.colcon_core.environment:create_file_with_runtime_dependencies(/home/tianshu/ROS2Introduction/action_intro_ws_cpp/install/robot_control_interface/share/colcon-core/packages/robot_control_interface)
[12.313s] INFO:colcon.colcon_ros.task.ament_cmake.build:Building ROS package in '/home/tianshu/ROS2Introduction/action_intro_ws_cpp/src/example_action_rclcpp' with build type 'ament_cmake'
[12.313s] INFO:colcon.colcon_cmake.task.cmake.build:Building CMake package in '/home/tianshu/ROS2Introduction/action_intro_ws_cpp/src/example_action_rclcpp'
[12.314s] INFO:colcon.colcon_core.shell:Skip shell extension 'powershell' for command environment: Not usable outside of PowerShell
[12.314s] DEBUG:colcon.colcon_core.shell:Skip shell extension 'dsv' for command environment
[12.449s] DEBUG:colcon.colcon_core.event_handler.log_command:Invoking command in '/home/tianshu/ROS2Introduction/action_intro_ws_cpp/build/example_action_rclcpp': AMENT_PREFIX_PATH=/home/tianshu/ROS2Introduction/action_intro_ws_cpp/install/robot_control_interface:${AMENT_PREFIX_PATH} CMAKE_PREFIX_PATH=/home/tianshu/ROS2Introduction/action_intro_ws_cpp/install/robot_control_interface:/opt/ros/humble CONDA_PROMPT_MODIFIER=(base) LD_LIBRARY_PATH=/home/tianshu/ROS2Introduction/action_intro_ws_cpp/install/robot_control_interface/lib:/usr/local/cuda/lib64:/usr/local/cuda-11/lib64:/usr/local/cuda-11.8/lib64:/usr/local/cuda-12/lib64:/usr/local/cuda-12.1/lib64:/usr/lib/wsl/lib:/usr/local/cuda/lib64:/usr/local/cuda-11/lib64:/usr/local/cuda-11.8/lib64:/usr/local/cuda-12/lib64:/usr/local/cuda-12.1/lib64:/usr/lib/x86_64-linux-gnu/gazebo-11/plugins:/opt/ros/humble/opt/rviz_ogre_vendor/lib:/opt/ros/humble/lib/x86_64-linux-gnu:/opt/ros/humble/lib:/usr/lib/wsl/lib PYTHONPATH=/home/tianshu/ROS2Introduction/action_intro_ws_cpp/install/robot_control_interface/local/lib/python3.10/dist-packages:${PYTHONPATH} WSLENV=ELECTRON_RUN_AS_NODE/w: /home/tianshu/miniconda3/bin/cmake /home/tianshu/ROS2Introduction/action_intro_ws_cpp/src/example_action_rclcpp -DCMAKE_INSTALL_PREFIX=/home/tianshu/ROS2Introduction/action_intro_ws_cpp/install/example_action_rclcpp
[24.204s] DEBUG:colcon.colcon_core.event_handler.log_command:Invoked command in '/home/tianshu/ROS2Introduction/action_intro_ws_cpp/build/example_action_rclcpp' returned '0': AMENT_PREFIX_PATH=/home/tianshu/ROS2Introduction/action_intro_ws_cpp/install/robot_control_interface:${AMENT_PREFIX_PATH} CMAKE_PREFIX_PATH=/home/tianshu/ROS2Introduction/action_intro_ws_cpp/install/robot_control_interface:/opt/ros/humble CONDA_PROMPT_MODIFIER=(base) LD_LIBRARY_PATH=/home/tianshu/ROS2Introduction/action_intro_ws_cpp/install/robot_control_interface/lib:/usr/local/cuda/lib64:/usr/local/cuda-11/lib64:/usr/local/cuda-11.8/lib64:/usr/local/cuda-12/lib64:/usr/local/cuda-12.1/lib64:/usr/lib/wsl/lib:/usr/local/cuda/lib64:/usr/local/cuda-11/lib64:/usr/local/cuda-11.8/lib64:/usr/local/cuda-12/lib64:/usr/local/cuda-12.1/lib64:/usr/lib/x86_64-linux-gnu/gazebo-11/plugins:/opt/ros/humble/opt/rviz_ogre_vendor/lib:/opt/ros/humble/lib/x86_64-linux-gnu:/opt/ros/humble/lib:/usr/lib/wsl/lib PYTHONPATH=/home/tianshu/ROS2Introduction/action_intro_ws_cpp/install/robot_control_interface/local/lib/python3.10/dist-packages:${PYTHONPATH} WSLENV=ELECTRON_RUN_AS_NODE/w: /home/tianshu/miniconda3/bin/cmake /home/tianshu/ROS2Introduction/action_intro_ws_cpp/src/example_action_rclcpp -DCMAKE_INSTALL_PREFIX=/home/tianshu/ROS2Introduction/action_intro_ws_cpp/install/example_action_rclcpp
[24.206s] DEBUG:colcon.colcon_core.event_handler.log_command:Invoking command in '/home/tianshu/ROS2Introduction/action_intro_ws_cpp/build/example_action_rclcpp': AMENT_PREFIX_PATH=/home/tianshu/ROS2Introduction/action_intro_ws_cpp/install/robot_control_interface:${AMENT_PREFIX_PATH} CMAKE_PREFIX_PATH=/home/tianshu/ROS2Introduction/action_intro_ws_cpp/install/robot_control_interface:/opt/ros/humble CONDA_PROMPT_MODIFIER=(base) LD_LIBRARY_PATH=/home/tianshu/ROS2Introduction/action_intro_ws_cpp/install/robot_control_interface/lib:/usr/local/cuda/lib64:/usr/local/cuda-11/lib64:/usr/local/cuda-11.8/lib64:/usr/local/cuda-12/lib64:/usr/local/cuda-12.1/lib64:/usr/lib/wsl/lib:/usr/local/cuda/lib64:/usr/local/cuda-11/lib64:/usr/local/cuda-11.8/lib64:/usr/local/cuda-12/lib64:/usr/local/cuda-12.1/lib64:/usr/lib/x86_64-linux-gnu/gazebo-11/plugins:/opt/ros/humble/opt/rviz_ogre_vendor/lib:/opt/ros/humble/lib/x86_64-linux-gnu:/opt/ros/humble/lib:/usr/lib/wsl/lib PYTHONPATH=/home/tianshu/ROS2Introduction/action_intro_ws_cpp/install/robot_control_interface/local/lib/python3.10/dist-packages:${PYTHONPATH} WSLENV=ELECTRON_RUN_AS_NODE/w: /home/tianshu/miniconda3/bin/cmake --build /home/tianshu/ROS2Introduction/action_intro_ws_cpp/build/example_action_rclcpp -- -j20 -l20
[29.076s] DEBUG:colcon.colcon_core.event_handler.log_command:Invoked command in '/home/tianshu/ROS2Introduction/action_intro_ws_cpp/build/example_action_rclcpp' returned '0': AMENT_PREFIX_PATH=/home/tianshu/ROS2Introduction/action_intro_ws_cpp/install/robot_control_interface:${AMENT_PREFIX_PATH} CMAKE_PREFIX_PATH=/home/tianshu/ROS2Introduction/action_intro_ws_cpp/install/robot_control_interface:/opt/ros/humble CONDA_PROMPT_MODIFIER=(base) LD_LIBRARY_PATH=/home/tianshu/ROS2Introduction/action_intro_ws_cpp/install/robot_control_interface/lib:/usr/local/cuda/lib64:/usr/local/cuda-11/lib64:/usr/local/cuda-11.8/lib64:/usr/local/cuda-12/lib64:/usr/local/cuda-12.1/lib64:/usr/lib/wsl/lib:/usr/local/cuda/lib64:/usr/local/cuda-11/lib64:/usr/local/cuda-11.8/lib64:/usr/local/cuda-12/lib64:/usr/local/cuda-12.1/lib64:/usr/lib/x86_64-linux-gnu/gazebo-11/plugins:/opt/ros/humble/opt/rviz_ogre_vendor/lib:/opt/ros/humble/lib/x86_64-linux-gnu:/opt/ros/humble/lib:/usr/lib/wsl/lib PYTHONPATH=/home/tianshu/ROS2Introduction/action_intro_ws_cpp/install/robot_control_interface/local/lib/python3.10/dist-packages:${PYTHONPATH} WSLENV=ELECTRON_RUN_AS_NODE/w: /home/tianshu/miniconda3/bin/cmake --build /home/tianshu/ROS2Introduction/action_intro_ws_cpp/build/example_action_rclcpp -- -j20 -l20
[29.261s] DEBUG:colcon.colcon_core.event_handler.log_command:Invoking command in '/home/tianshu/ROS2Introduction/action_intro_ws_cpp/build/example_action_rclcpp': AMENT_PREFIX_PATH=/home/tianshu/ROS2Introduction/action_intro_ws_cpp/install/robot_control_interface:${AMENT_PREFIX_PATH} CMAKE_PREFIX_PATH=/home/tianshu/ROS2Introduction/action_intro_ws_cpp/install/robot_control_interface:/opt/ros/humble CONDA_PROMPT_MODIFIER=(base) LD_LIBRARY_PATH=/home/tianshu/ROS2Introduction/action_intro_ws_cpp/install/robot_control_interface/lib:/usr/local/cuda/lib64:/usr/local/cuda-11/lib64:/usr/local/cuda-11.8/lib64:/usr/local/cuda-12/lib64:/usr/local/cuda-12.1/lib64:/usr/lib/wsl/lib:/usr/local/cuda/lib64:/usr/local/cuda-11/lib64:/usr/local/cuda-11.8/lib64:/usr/local/cuda-12/lib64:/usr/local/cuda-12.1/lib64:/usr/lib/x86_64-linux-gnu/gazebo-11/plugins:/opt/ros/humble/opt/rviz_ogre_vendor/lib:/opt/ros/humble/lib/x86_64-linux-gnu:/opt/ros/humble/lib:/usr/lib/wsl/lib PYTHONPATH=/home/tianshu/ROS2Introduction/action_intro_ws_cpp/install/robot_control_interface/local/lib/python3.10/dist-packages:${PYTHONPATH} WSLENV=ELECTRON_RUN_AS_NODE/w: /home/tianshu/miniconda3/bin/cmake --install /home/tianshu/ROS2Introduction/action_intro_ws_cpp/build/example_action_rclcpp
[29.325s] Level 1:colcon.colcon_core.environment:create_environment_scripts_only(example_action_rclcpp)
[29.327s] Level 1:colcon.colcon_core.environment:checking '/home/tianshu/ROS2Introduction/action_intro_ws_cpp/install/example_action_rclcpp' for CMake module files
[29.327s] DEBUG:colcon.colcon_core.event_handler.log_command:Invoked command in '/home/tianshu/ROS2Introduction/action_intro_ws_cpp/build/example_action_rclcpp' returned '0': AMENT_PREFIX_PATH=/home/tianshu/ROS2Introduction/action_intro_ws_cpp/install/robot_control_interface:${AMENT_PREFIX_PATH} CMAKE_PREFIX_PATH=/home/tianshu/ROS2Introduction/action_intro_ws_cpp/install/robot_control_interface:/opt/ros/humble CONDA_PROMPT_MODIFIER=(base) LD_LIBRARY_PATH=/home/tianshu/ROS2Introduction/action_intro_ws_cpp/install/robot_control_interface/lib:/usr/local/cuda/lib64:/usr/local/cuda-11/lib64:/usr/local/cuda-11.8/lib64:/usr/local/cuda-12/lib64:/usr/local/cuda-12.1/lib64:/usr/lib/wsl/lib:/usr/local/cuda/lib64:/usr/local/cuda-11/lib64:/usr/local/cuda-11.8/lib64:/usr/local/cuda-12/lib64:/usr/local/cuda-12.1/lib64:/usr/lib/x86_64-linux-gnu/gazebo-11/plugins:/opt/ros/humble/opt/rviz_ogre_vendor/lib:/opt/ros/humble/lib/x86_64-linux-gnu:/opt/ros/humble/lib:/usr/lib/wsl/lib PYTHONPATH=/home/tianshu/ROS2Introduction/action_intro_ws_cpp/install/robot_control_interface/local/lib/python3.10/dist-packages:${PYTHONPATH} WSLENV=ELECTRON_RUN_AS_NODE/w: /home/tianshu/miniconda3/bin/cmake --install /home/tianshu/ROS2Introduction/action_intro_ws_cpp/build/example_action_rclcpp
[29.328s] Level 1:colcon.colcon_core.environment:checking '/home/tianshu/ROS2Introduction/action_intro_ws_cpp/install/example_action_rclcpp' for CMake config files
[29.328s] Level 1:colcon.colcon_core.shell:create_environment_hook('example_action_rclcpp', 'cmake_prefix_path')
[29.329s] INFO:colcon.colcon_core.shell:Creating environment hook '/home/tianshu/ROS2Introduction/action_intro_ws_cpp/install/example_action_rclcpp/share/example_action_rclcpp/hook/cmake_prefix_path.ps1'
[29.330s] INFO:colcon.colcon_core.shell:Creating environment descriptor '/home/tianshu/ROS2Introduction/action_intro_ws_cpp/install/example_action_rclcpp/share/example_action_rclcpp/hook/cmake_prefix_path.dsv'
[29.330s] INFO:colcon.colcon_core.shell:Creating environment hook '/home/tianshu/ROS2Introduction/action_intro_ws_cpp/install/example_action_rclcpp/share/example_action_rclcpp/hook/cmake_prefix_path.sh'
[29.330s] Level 1:colcon.colcon_core.environment:checking '/home/tianshu/ROS2Introduction/action_intro_ws_cpp/install/example_action_rclcpp/lib'
[29.330s] Level 1:colcon.colcon_core.environment:checking '/home/tianshu/ROS2Introduction/action_intro_ws_cpp/install/example_action_rclcpp/bin'
[29.330s] Level 1:colcon.colcon_core.environment:checking '/home/tianshu/ROS2Introduction/action_intro_ws_cpp/install/example_action_rclcpp/lib/pkgconfig/example_action_rclcpp.pc'
[29.331s] Level 1:colcon.colcon_core.environment:checking '/home/tianshu/ROS2Introduction/action_intro_ws_cpp/install/example_action_rclcpp/lib/python3.10/site-packages'
[29.331s] Level 1:colcon.colcon_core.environment:checking '/home/tianshu/ROS2Introduction/action_intro_ws_cpp/install/example_action_rclcpp/bin'
[29.332s] INFO:colcon.colcon_core.shell:Creating package script '/home/tianshu/ROS2Introduction/action_intro_ws_cpp/install/example_action_rclcpp/share/example_action_rclcpp/package.ps1'
[29.332s] INFO:colcon.colcon_core.shell:Creating package descriptor '/home/tianshu/ROS2Introduction/action_intro_ws_cpp/install/example_action_rclcpp/share/example_action_rclcpp/package.dsv'
[29.332s] INFO:colcon.colcon_core.shell:Creating package script '/home/tianshu/ROS2Introduction/action_intro_ws_cpp/install/example_action_rclcpp/share/example_action_rclcpp/package.sh'
[29.333s] INFO:colcon.colcon_core.shell:Creating package script '/home/tianshu/ROS2Introduction/action_intro_ws_cpp/install/example_action_rclcpp/share/example_action_rclcpp/package.bash'
[29.333s] INFO:colcon.colcon_core.shell:Creating package script '/home/tianshu/ROS2Introduction/action_intro_ws_cpp/install/example_action_rclcpp/share/example_action_rclcpp/package.zsh'
[29.333s] Level 1:colcon.colcon_core.environment:create_file_with_runtime_dependencies(/home/tianshu/ROS2Introduction/action_intro_ws_cpp/install/example_action_rclcpp/share/colcon-core/packages/example_action_rclcpp)
[29.485s] Level 1:colcon.colcon_core.environment:create_environment_scripts_only(example_action_rclcpp)
[29.486s] Level 1:colcon.colcon_core.environment:checking '/home/tianshu/ROS2Introduction/action_intro_ws_cpp/install/example_action_rclcpp' for CMake module files
[29.487s] Level 1:colcon.colcon_core.environment:checking '/home/tianshu/ROS2Introduction/action_intro_ws_cpp/install/example_action_rclcpp' for CMake config files
[29.487s] Level 1:colcon.colcon_core.shell:create_environment_hook('example_action_rclcpp', 'cmake_prefix_path')
[29.488s] INFO:colcon.colcon_core.shell:Creating environment hook '/home/tianshu/ROS2Introduction/action_intro_ws_cpp/install/example_action_rclcpp/share/example_action_rclcpp/hook/cmake_prefix_path.ps1'
[29.488s] INFO:colcon.colcon_core.shell:Creating environment descriptor '/home/tianshu/ROS2Introduction/action_intro_ws_cpp/install/example_action_rclcpp/share/example_action_rclcpp/hook/cmake_prefix_path.dsv'
[29.488s] INFO:colcon.colcon_core.shell:Creating environment hook '/home/tianshu/ROS2Introduction/action_intro_ws_cpp/install/example_action_rclcpp/share/example_action_rclcpp/hook/cmake_prefix_path.sh'
[29.489s] Level 1:colcon.colcon_core.environment:checking '/home/tianshu/ROS2Introduction/action_intro_ws_cpp/install/example_action_rclcpp/lib'
[29.489s] Level 1:colcon.colcon_core.environment:checking '/home/tianshu/ROS2Introduction/action_intro_ws_cpp/install/example_action_rclcpp/bin'
[29.489s] Level 1:colcon.colcon_core.environment:checking '/home/tianshu/ROS2Introduction/action_intro_ws_cpp/install/example_action_rclcpp/lib/pkgconfig/example_action_rclcpp.pc'
[29.489s] Level 1:colcon.colcon_core.environment:checking '/home/tianshu/ROS2Introduction/action_intro_ws_cpp/install/example_action_rclcpp/lib/python3.10/site-packages'
[29.489s] Level 1:colcon.colcon_core.environment:checking '/home/tianshu/ROS2Introduction/action_intro_ws_cpp/install/example_action_rclcpp/bin'
[29.490s] INFO:colcon.colcon_core.shell:Creating package script '/home/tianshu/ROS2Introduction/action_intro_ws_cpp/install/example_action_rclcpp/share/example_action_rclcpp/package.ps1'
[29.490s] INFO:colcon.colcon_core.shell:Creating package descriptor '/home/tianshu/ROS2Introduction/action_intro_ws_cpp/install/example_action_rclcpp/share/example_action_rclcpp/package.dsv'
[29.491s] INFO:colcon.colcon_core.shell:Creating package script '/home/tianshu/ROS2Introduction/action_intro_ws_cpp/install/example_action_rclcpp/share/example_action_rclcpp/package.sh'
[29.491s] INFO:colcon.colcon_core.shell:Creating package script '/home/tianshu/ROS2Introduction/action_intro_ws_cpp/install/example_action_rclcpp/share/example_action_rclcpp/package.bash'
[29.491s] INFO:colcon.colcon_core.shell:Creating package script '/home/tianshu/ROS2Introduction/action_intro_ws_cpp/install/example_action_rclcpp/share/example_action_rclcpp/package.zsh'
[29.492s] Level 1:colcon.colcon_core.environment:create_file_with_runtime_dependencies(/home/tianshu/ROS2Introduction/action_intro_ws_cpp/install/example_action_rclcpp/share/colcon-core/packages/example_action_rclcpp)
[29.492s] DEBUG:colcon.colcon_parallel_executor.executor.parallel:closing loop
[29.492s] DEBUG:colcon.colcon_parallel_executor.executor.parallel:loop closed
[29.493s] DEBUG:colcon.colcon_parallel_executor.executor.parallel:run_until_complete finished with '0'
[29.493s] DEBUG:colcon.colcon_core.event_reactor:joining thread
[29.499s] INFO:colcon.colcon_core.plugin_system:Skipping extension 'colcon_notification.desktop_notification.terminal_notifier': Not used on non-Darwin systems
[29.499s] INFO:colcon.colcon_core.plugin_system:Skipping extension 'colcon_notification.desktop_notification.win32': Not used on non-Windows systems
[29.499s] INFO:colcon.colcon_notification.desktop_notification:Sending desktop notification using 'notify2'
[29.519s] DEBUG:colcon.colcon_core.event_reactor:joined thread
[29.521s] INFO:colcon.colcon_core.shell:Creating prefix script '/home/tianshu/ROS2Introduction/action_intro_ws_cpp/install/local_setup.ps1'
[29.522s] INFO:colcon.colcon_core.shell:Creating prefix util module '/home/tianshu/ROS2Introduction/action_intro_ws_cpp/install/_local_setup_util_ps1.py'
[29.523s] INFO:colcon.colcon_core.shell:Creating prefix chain script '/home/tianshu/ROS2Introduction/action_intro_ws_cpp/install/setup.ps1'
[29.525s] INFO:colcon.colcon_core.shell:Creating prefix script '/home/tianshu/ROS2Introduction/action_intro_ws_cpp/install/local_setup.sh'
[29.526s] INFO:colcon.colcon_core.shell:Creating prefix util module '/home/tianshu/ROS2Introduction/action_intro_ws_cpp/install/_local_setup_util_sh.py'
[29.526s] INFO:colcon.colcon_core.shell:Creating prefix chain script '/home/tianshu/ROS2Introduction/action_intro_ws_cpp/install/setup.sh'
[29.527s] INFO:colcon.colcon_core.shell:Creating prefix script '/home/tianshu/ROS2Introduction/action_intro_ws_cpp/install/local_setup.bash'
[29.528s] INFO:colcon.colcon_core.shell:Creating prefix chain script '/home/tianshu/ROS2Introduction/action_intro_ws_cpp/install/setup.bash'
[29.529s] INFO:colcon.colcon_core.shell:Creating prefix script '/home/tianshu/ROS2Introduction/action_intro_ws_cpp/install/local_setup.zsh'
[29.529s] INFO:colcon.colcon_core.shell:Creating prefix chain script '/home/tianshu/ROS2Introduction/action_intro_ws_cpp/install/setup.zsh'
