[0.014s] Invoking command in '/home/tianshu/ROS2Introduction/bot_description/build/bot_navigation2': CMAKE_PREFIX_PATH=/opt/ros/humble CONDA_PROMPT_MODIFIER=(base) /home/tianshu/miniconda3/bin/cmake /home/tianshu/ROS2Introduction/bot_description/src/bot_navigation2 -DCMAKE_INSTALL_PREFIX=/home/tianshu/ROS2Introduction/bot_description/install/bot_navigation2
[0.059s] -- Found ament_cmake: 1.3.5 (/opt/ros/humble/share/ament_cmake/cmake)
[0.156s] -- Found nav2_bringup: 1.1.9 (/opt/ros/humble/share/nav2_bringup/cmake)
[0.156s] -- Found ament_lint_auto: 0.12.6 (/opt/ros/humble/share/ament_lint_auto/cmake)
[0.221s] -- Added test 'flake8' to check Python code syntax and style conventions
[0.222s] -- Added test 'lint_cmake' to check CMake code style
[0.222s] -- Added test 'pep257' to check Python code against some of the docstring style conventions in PEP 257
[0.223s] -- Added test 'xmllint' to check XML markup files
[0.225s] [31mCMake Error at /opt/ros/humble/share/ament_cmake_core/cmake/environment_hooks/ament_environment_hooks.cmake:29 (message):
[0.225s]   ament_environment_hooks() must be called before
[0.226s]   ament_generate_package_environment() (which is invoked by ament_package())
[0.226s] Call Stack (most recent call first):
[0.226s]   /opt/ros/humble/share/ament_cmake_core/cmake/environment_hooks/ament_cmake_environment_hooks_package_hook.cmake:20 (ament_environment_hooks)
[0.226s]   /opt/ros/humble/share/ament_cmake_core/cmake/core/ament_execute_extensions.cmake:48 (include)
[0.226s]   /opt/ros/humble/share/ament_cmake_core/cmake/core/ament_package.cmake:66 (ament_execute_extensions)
[0.226s]   CMakeLists.txt:32 (ament_package)
[0.226s] 
[0.226s] [0m
[0.226s] -- Configuring incomplete, errors occurred!
[0.231s] Invoked command in '/home/tianshu/ROS2Introduction/bot_description/build/bot_navigation2' returned '1': CMAKE_PREFIX_PATH=/opt/ros/humble CONDA_PROMPT_MODIFIER=(base) /home/tianshu/miniconda3/bin/cmake /home/tianshu/ROS2Introduction/bot_description/src/bot_navigation2 -DCMAKE_INSTALL_PREFIX=/home/tianshu/ROS2Introduction/bot_description/install/bot_navigation2
