[0.015s] Invoking command in '/home/tianshu/ROS2Introduction/launch_intro_ws/build/robot_startup': CMAKE_PREFIX_PATH=${CMAKE_PREFIX_PATH}:/opt/ros/humble CONDA_PROMPT_MODIFIER=(base) WSLENV=ELECTRON_RUN_AS_NODE/w:WT_SESSION::WT_PROFILE_ID /usr/bin/cmake --build /home/tianshu/ROS2Introduction/launch_intro_ws/build/robot_startup -- -j20 -l20
[0.063s] Invoked command in '/home/tianshu/ROS2Introduction/launch_intro_ws/build/robot_startup' returned '0': CMAKE_PREFIX_PATH=${CMAKE_PREFIX_PATH}:/opt/ros/humble CONDA_PROMPT_MODIFIER=(base) WSLENV=ELECTRON_RUN_AS_NODE/w:WT_SESSION::WT_PROFILE_ID /usr/bin/cmake --build /home/tianshu/ROS2Introduction/launch_intro_ws/build/robot_startup -- -j20 -l20
[0.112s] Invoking command in '/home/tianshu/ROS2Introduction/launch_intro_ws/build/robot_startup': CMAKE_PREFIX_PATH=${CMAKE_PREFIX_PATH}:/opt/ros/humble CONDA_PROMPT_MODIFIER=(base) WSLENV=ELECTRON_RUN_AS_NODE/w:WT_SESSION::WT_PROFILE_ID /usr/bin/cmake --install /home/tianshu/ROS2Introduction/launch_intro_ws/build/robot_startup
[0.120s] -- Install configuration: ""
[0.120s] -- Up-to-date: /home/tianshu/ROS2Introduction/launch_intro_ws/install/robot_startup/share/robot_startup/launch
[0.121s] -- Up-to-date: /home/tianshu/ROS2Introduction/launch_intro_ws/install/robot_startup/share/robot_startup/launch/example_action.launch.py
[0.121s] -- Installing: /home/tianshu/ROS2Introduction/launch_intro_ws/install/robot_startup/share/robot_startup/launch/example_param_rclcpp.launch.py
[0.121s] -- Up-to-date: /home/tianshu/ROS2Introduction/launch_intro_ws/install/robot_startup/share/ament_index/resource_index/package_run_dependencies/robot_startup
[0.121s] -- Up-to-date: /home/tianshu/ROS2Introduction/launch_intro_ws/install/robot_startup/share/ament_index/resource_index/parent_prefix_path/robot_startup
[0.121s] -- Up-to-date: /home/tianshu/ROS2Introduction/launch_intro_ws/install/robot_startup/share/robot_startup/environment/ament_prefix_path.sh
[0.121s] -- Up-to-date: /home/tianshu/ROS2Introduction/launch_intro_ws/install/robot_startup/share/robot_startup/environment/ament_prefix_path.dsv
[0.121s] -- Up-to-date: /home/tianshu/ROS2Introduction/launch_intro_ws/install/robot_startup/share/robot_startup/environment/path.sh
[0.121s] -- Up-to-date: /home/tianshu/ROS2Introduction/launch_intro_ws/install/robot_startup/share/robot_startup/environment/path.dsv
[0.121s] -- Up-to-date: /home/tianshu/ROS2Introduction/launch_intro_ws/install/robot_startup/share/robot_startup/local_setup.bash
[0.121s] -- Up-to-date: /home/tianshu/ROS2Introduction/launch_intro_ws/install/robot_startup/share/robot_startup/local_setup.sh
[0.121s] -- Up-to-date: /home/tianshu/ROS2Introduction/launch_intro_ws/install/robot_startup/share/robot_startup/local_setup.zsh
[0.121s] -- Up-to-date: /home/tianshu/ROS2Introduction/launch_intro_ws/install/robot_startup/share/robot_startup/local_setup.dsv
[0.121s] -- Installing: /home/tianshu/ROS2Introduction/launch_intro_ws/install/robot_startup/share/robot_startup/package.dsv
[0.121s] -- Up-to-date: /home/tianshu/ROS2Introduction/launch_intro_ws/install/robot_startup/share/ament_index/resource_index/packages/robot_startup
[0.121s] -- Up-to-date: /home/tianshu/ROS2Introduction/launch_intro_ws/install/robot_startup/share/robot_startup/cmake/robot_startupConfig.cmake
[0.121s] -- Up-to-date: /home/tianshu/ROS2Introduction/launch_intro_ws/install/robot_startup/share/robot_startup/cmake/robot_startupConfig-version.cmake
[0.121s] -- Up-to-date: /home/tianshu/ROS2Introduction/launch_intro_ws/install/robot_startup/share/robot_startup/package.xml
[0.123s] Invoked command in '/home/tianshu/ROS2Introduction/launch_intro_ws/build/robot_startup' returned '0': CMAKE_PREFIX_PATH=${CMAKE_PREFIX_PATH}:/opt/ros/humble CONDA_PROMPT_MODIFIER=(base) WSLENV=ELECTRON_RUN_AS_NODE/w:WT_SESSION::WT_PROFILE_ID /usr/bin/cmake --install /home/tianshu/ROS2Introduction/launch_intro_ws/build/robot_startup
